# JRE version: OpenJDK Runtime Environment Temurin-21.0.9+10 (21.0.9+10) (build 21.0.9+10-LTS)
# Java VM: OpenJDK 64-Bit Server VM Temurin-21.0.9+10 (21.0.9+10-LTS, mixed mode, sharing, tiered, compressed oops, compressed class ptrs, parallel gc, windows-amd64)
GC Precious Log:
 CardTable entry size: 512
 CPUs: 20 total, 20 available
 Memory: 7911M
 Large Page Support: Disabled
 NUMA Support: Disabled
 Compressed Oops: Enabled (32-bit)
 Alignments: Space 512K, Generation 512K, Heap 2M
 Heap Min Capacity: 100M
 Heap Initial Capacity: 100M
 Heap Max Capacity: 2G
 Pre-touch: Disabled
 Parallel Workers: 15
Heap:
 PSYoungGen      total 9216K, used 5188K [0x00000000d5580000, 0x00000000d6300000, 0x0000000100000000)
  eden space 8704K, 54% used [0x00000000d5580000,0x00000000d5a19080,0x00000000d5e00000)
  from space 512K, 93% used [0x00000000d6200000,0x00000000d6278000,0x00000000d6280000)
  to   space 512K, 0% used [0x00000000d6280000,0x00000000d6280000,0x00000000d6300000)
 ParOldGen       total 450048K, used 449834K [0x0000000080000000, 0x000000009b780000, 0x00000000d5580000)
  object space 450048K, 99% used [0x0000000080000000,0x000000009b74a8f8,0x000000009b780000)
 Metaspace       used 79467K, committed 80768K, reserved 1179648K
  class space    used 8508K, committed 9088K, reserved 1048576K
GC Heap History (20 events):
Event: 5208.806 GC heap before
{Heap before GC invocations=1246 (full 4):
 PSYoungGen      total 9728K, used 9247K [0x00000000d5580000, 0x00000000d6480000, 0x0000000100000000)
  eden space 8704K, 100% used [0x00000000d5580000,0x00000000d5e00000,0x00000000d5e00000)
  from space 1024K, 53% used [0x00000000d6280000,0x00000000d6307c08,0x00000000d6380000)
  to   space 1024K, 0% used [0x00000000d6380000,0x00000000d6380000,0x00000000d6480000)
 ParOldGen       total 449024K, used 448526K [0x0000000080000000, 0x000000009b680000, 0x00000000d5580000)
  object space 449024K, 99% used [0x0000000080000000,0x000000009b603ac0,0x000000009b680000)
 Metaspace       used 79290K, committed 80640K, reserved 1179648K
  class space    used 8501K, committed 9088K, reserved 1048576K
}
Event: 5208.808 GC heap after
{Heap after GC invocations=1246 (full 4):
 PSYoungGen      total 9728K, used 638K [0x00000000d5580000, 0x00000000d6480000, 0x0000000100000000)
  eden space 8704K, 0% used [0x00000000d5580000,0x00000000d5580000,0x00000000d5e00000)
  from space 1024K, 62% used [0x00000000d6380000,0x00000000d641faf0,0x00000000d6480000)
  to   space 1024K, 0% used [0x00000000d6280000,0x00000000d6280000,0x00000000d6380000)
 ParOldGen       total 449024K, used 448574K [0x0000000080000000, 0x000000009b680000, 0x00000000d5580000)
  object space 449024K, 99% used [0x0000000080000000,0x000000009b60fac0,0x000000009b680000)
 Metaspace       used 79290K, committed 80640K, reserved 1179648K
  class space    used 8501K, committed 9088K, reserved 1048576K
}
Event: 5209.325 GC heap before
{Heap before GC invocations=1247 (full 4):
 PSYoungGen      total 9728K, used 9342K [0x00000000d5580000, 0x00000000d6480000, 0x0000000100000000)
  eden space 8704K, 100% used [0x00000000d5580000,0x00000000d5e00000,0x00000000d5e00000)
  from space 1024K, 62% used [0x00000000d6380000,0x00000000d641faf0,0x00000000d6480000)
  to   space 1024K, 0% used [0x00000000d6280000,0x00000000d6280000,0x00000000d6380000)
 ParOldGen       total 449024K, used 448574K [0x0000000080000000, 0x000000009b680000, 0x00000000d5580000)
  object space 449024K, 99% used [0x0000000080000000,0x000000009b60fac0,0x000000009b680000)
 Metaspace       used 79296K, committed 80640K, reserved 1179648K
  class space    used 8501K, committed 9088K, reserved 1048576K
}
Event: 5209.328 GC heap after
{Heap after GC invocations=1247 (full 4):
 PSYoungGen      total 9216K, used 512K [0x00000000d5580000, 0x00000000d6400000, 0x0000000100000000)
  eden space 8704K, 0% used [0x00000000d5580000,0x00000000d5580000,0x00000000d5e00000)
  from space 512K, 100% used [0x00000000d6280000,0x00000000d6300000,0x00000000d6300000)
  to   space 1024K, 0% used [0x00000000d6300000,0x00000000d6300000,0x00000000d6400000)
 ParOldGen       total 449024K, used 448614K [0x0000000080000000, 0x000000009b680000, 0x00000000d5580000)
  object space 449024K, 99% used [0x0000000080000000,0x000000009b619ac0,0x000000009b680000)
 Metaspace       used 79296K, committed 80640K, reserved 1179648K
  class space    used 8501K, committed 9088K, reserved 1048576K
}
Event: 5209.635 GC heap before
{Heap before GC invocations=1248 (full 4):
 PSYoungGen      total 9216K, used 9216K [0x00000000d5580000, 0x00000000d6400000, 0x0000000100000000)
  eden space 8704K, 100% used [0x00000000d5580000,0x00000000d5e00000,0x00000000d5e00000)
  from space 512K, 100% used [0x00000000d6280000,0x00000000d6300000,0x00000000d6300000)
  to   space 1024K, 0% used [0x00000000d6300000,0x00000000d6300000,0x00000000d6400000)
 ParOldGen       total 449024K, used 448614K [0x0000000080000000, 0x000000009b680000, 0x00000000d5580000)
  object space 449024K, 99% used [0x0000000080000000,0x000000009b619ac0,0x000000009b680000)
 Metaspace       used 79297K, committed 80640K, reserved 1179648K
  class space    used 8501K, committed 9088K, reserved 1048576K
}
Event: 5209.637 GC heap after
{Heap after GC invocations=1248 (full 4):
 PSYoungGen      total 9728K, used 672K [0x00000000d5580000, 0x00000000d6400000, 0x0000000100000000)
  eden space 8704K, 0% used [0x00000000d5580000,0x00000000d5580000,0x00000000d5e00000)
  from space 1024K, 65% used [0x00000000d6300000,0x00000000d63a8010,0x00000000d6400000)
  to   space 1024K, 0% used [0x00000000d6200000,0x00000000d6200000,0x00000000d6300000)
 ParOldGen       total 449024K, used 448654K [0x0000000080000000, 0x000000009b680000, 0x00000000d5580000)
  object space 449024K, 99% used [0x0000000080000000,0x000000009b623ac0,0x000000009b680000)
 Metaspace       used 79297K, committed 80640K, reserved 1179648K
  class space    used 8501K, committed 9088K, reserved 1048576K
}
Event: 5210.107 GC heap before
{Heap before GC invocations=1249 (full 4):
 PSYoungGen      total 9728K, used 9376K [0x00000000d5580000, 0x00000000d6400000, 0x0000000100000000)
  eden space 8704K, 100% used [0x00000000d5580000,0x00000000d5e00000,0x00000000d5e00000)
  from space 1024K, 65% used [0x00000000d6300000,0x00000000d63a8010,0x00000000d6400000)
  to   space 1024K, 0% used [0x00000000d6200000,0x00000000d6200000,0x00000000d6300000)
 ParOldGen       total 449024K, used 448654K [0x0000000080000000, 0x000000009b680000, 0x00000000d5580000)
  object space 449024K, 99% used [0x0000000080000000,0x000000009b623ac0,0x000000009b680000)
 Metaspace       used 79297K, committed 80640K, reserved 1179648K
  class space    used 8501K, committed 9088K, reserved 1048576K
}
Event: 5210.108 GC heap after
{Heap after GC invocations=1249 (full 4):
 PSYoungGen      total 9728K, used 637K [0x00000000d5580000, 0x00000000d6380000, 0x0000000100000000)
  eden space 8704K, 0% used [0x00000000d5580000,0x00000000d5580000,0x00000000d5e00000)
  from space 1024K, 62% used [0x00000000d6200000,0x00000000d629f658,0x00000000d6300000)
  to   space 512K, 0% used [0x00000000d6300000,0x00000000d6300000,0x00000000d6380000)
 ParOldGen       total 449024K, used 448718K [0x0000000080000000, 0x000000009b680000, 0x00000000d5580000)
  object space 449024K, 99% used [0x0000000080000000,0x000000009b633ac0,0x000000009b680000)
 Metaspace       used 79297K, committed 80640K, reserved 1179648K
  class space    used 8501K, committed 9088K, reserved 1048576K
}
Event: 5210.679 GC heap before
{Heap before GC invocations=1250 (full 4):
 PSYoungGen      total 9728K, used 9341K [0x00000000d5580000, 0x00000000d6380000, 0x0000000100000000)
  eden space 8704K, 100% used [0x00000000d5580000,0x00000000d5e00000,0x00000000d5e00000)
  from space 1024K, 62% used [0x00000000d6200000,0x00000000d629f658,0x00000000d6300000)
  to   space 512K, 0% used [0x00000000d6300000,0x00000000d6300000,0x00000000d6380000)
 ParOldGen       total 449024K, used 448718K [0x0000000080000000, 0x000000009b680000, 0x00000000d5580000)
  object space 449024K, 99% used [0x0000000080000000,0x000000009b633ac0,0x000000009b680000)
 Metaspace       used 79300K, committed 80640K, reserved 1179648K
  class space    used 8501K, committed 9088K, reserved 1048576K
}
Event: 5210.682 GC heap after
{Heap after GC invocations=1250 (full 4):
 PSYoungGen      total 9216K, used 512K [0x00000000d5580000, 0x00000000d6380000, 0x0000000100000000)
  eden space 8704K, 0% used [0x00000000d5580000,0x00000000d5580000,0x00000000d5e00000)
  from space 512K, 100% used [0x00000000d6300000,0x00000000d6380000,0x00000000d6380000)
  to   space 1024K, 0% used [0x00000000d6180000,0x00000000d6180000,0x00000000d6280000)
 ParOldGen       total 449024K, used 448774K [0x0000000080000000, 0x000000009b680000, 0x00000000d5580000)
  object space 449024K, 99% used [0x0000000080000000,0x000000009b641ac0,0x000000009b680000)
 Metaspace       used 79300K, committed 80640K, reserved 1179648K
  class space    used 8501K, committed 9088K, reserved 1048576K
}
Event: 5211.169 GC heap before
{Heap before GC invocations=1251 (full 4):
 PSYoungGen      total 9216K, used 9215K [0x00000000d5580000, 0x00000000d6380000, 0x0000000100000000)
  eden space 8704K, 99% used [0x00000000d5580000,0x00000000d5dffff8,0x00000000d5e00000)
  from space 512K, 100% used [0x00000000d6300000,0x00000000d6380000,0x00000000d6380000)
  to   space 1024K, 0% used [0x00000000d6180000,0x00000000d6180000,0x00000000d6280000)
 ParOldGen       total 449024K, used 448774K [0x0000000080000000, 0x000000009b680000, 0x00000000d5580000)
  object space 449024K, 99% used [0x0000000080000000,0x000000009b641ac0,0x000000009b680000)
 Metaspace       used 79309K, committed 80640K, reserved 1179648K
  class space    used 8501K, committed 9088K, reserved 1048576K
}
Event: 5211.172 GC heap after
{Heap after GC invocations=1251 (full 4):
 PSYoungGen      total 9728K, used 480K [0x00000000d5580000, 0x00000000d6380000, 0x0000000100000000)
  eden space 8704K, 0% used [0x00000000d5580000,0x00000000d5580000,0x00000000d5e00000)
  from space 1024K, 46% used [0x00000000d6180000,0x00000000d61f8000,0x00000000d6280000)
  to   space 512K, 0% used [0x00000000d6300000,0x00000000d6300000,0x00000000d6380000)
 ParOldGen       total 449536K, used 449030K [0x0000000080000000, 0x000000009b700000, 0x00000000d5580000)
  object space 449536K, 99% used [0x0000000080000000,0x000000009b681ac0,0x000000009b700000)
 Metaspace       used 79309K, committed 80640K, reserved 1179648K
  class space    used 8501K, committed 9088K, reserved 1048576K
}
Event: 5227.510 GC heap before
{Heap before GC invocations=1252 (full 4):
 PSYoungGen      total 9728K, used 9184K [0x00000000d5580000, 0x00000000d6380000, 0x0000000100000000)
  eden space 8704K, 100% used [0x00000000d5580000,0x00000000d5e00000,0x00000000d5e00000)
  from space 1024K, 46% used [0x00000000d6180000,0x00000000d61f8000,0x00000000d6280000)
  to   space 512K, 0% used [0x00000000d6300000,0x00000000d6300000,0x00000000d6380000)
 ParOldGen       total 449536K, used 449030K [0x0000000080000000, 0x000000009b700000, 0x00000000d5580000)
  object space 449536K, 99% used [0x0000000080000000,0x000000009b681ac0,0x000000009b700000)
 Metaspace       used 79342K, committed 80704K, reserved 1179648K
  class space    used 8502K, committed 9088K, reserved 1048576K
}
Event: 5227.513 GC heap after
{Heap after GC invocations=1252 (full 4):
 PSYoungGen      total 9216K, used 484K [0x00000000d5580000, 0x00000000d6380000, 0x0000000100000000)
  eden space 8704K, 0% used [0x00000000d5580000,0x00000000d5580000,0x00000000d5e00000)
  from space 512K, 94% used [0x00000000d6300000,0x00000000d6379028,0x00000000d6380000)
  to   space 1024K, 0% used [0x00000000d6180000,0x00000000d6180000,0x00000000d6280000)
 ParOldGen       total 449536K, used 449398K [0x0000000080000000, 0x000000009b700000, 0x00000000d5580000)
  object space 449536K, 99% used [0x0000000080000000,0x000000009b6ddae0,0x000000009b700000)
 Metaspace       used 79342K, committed 80704K, reserved 1179648K
  class space    used 8502K, committed 9088K, reserved 1048576K
}
Event: 5288.956 GC heap before
{Heap before GC invocations=1253 (full 4):
 PSYoungGen      total 9216K, used 9188K [0x00000000d5580000, 0x00000000d6380000, 0x0000000100000000)
  eden space 8704K, 100% used [0x00000000d5580000,0x00000000d5e00000,0x00000000d5e00000)
  from space 512K, 94% used [0x00000000d6300000,0x00000000d6379028,0x00000000d6380000)
  to   space 1024K, 0% used [0x00000000d6180000,0x00000000d6180000,0x00000000d6280000)
 ParOldGen       total 449536K, used 449398K [0x0000000080000000, 0x000000009b700000, 0x00000000d5580000)
  object space 449536K, 99% used [0x0000000080000000,0x000000009b6ddae0,0x000000009b700000)
 Metaspace       used 79367K, committed 80704K, reserved 1179648K
  class space    used 8505K, committed 9088K, reserved 1048576K
}
Event: 5289.006 GC heap after
{Heap after GC invocations=1253 (full 4):
 PSYoungGen      total 9728K, used 448K [0x00000000d5580000, 0x00000000d6380000, 0x0000000100000000)
  eden space 8704K, 0% used [0x00000000d5580000,0x00000000d5580000,0x00000000d5e00000)
  from space 1024K, 43% used [0x00000000d6180000,0x00000000d61f0000,0x00000000d6280000)
  to   space 1024K, 0% used [0x00000000d6280000,0x00000000d6280000,0x00000000d6380000)
 ParOldGen       total 450048K, used 449738K [0x0000000080000000, 0x000000009b780000, 0x00000000d5580000)
  object space 450048K, 99% used [0x0000000080000000,0x000000009b7328f8,0x000000009b780000)
 Metaspace       used 79367K, committed 80704K, reserved 1179648K
  class space    used 8505K, committed 9088K, reserved 1048576K
}
Event: 5316.502 GC heap before
{Heap before GC invocations=1254 (full 4):
 PSYoungGen      total 9728K, used 9152K [0x00000000d5580000, 0x00000000d6380000, 0x0000000100000000)
  eden space 8704K, 100% used [0x00000000d5580000,0x00000000d5e00000,0x00000000d5e00000)
  from space 1024K, 43% used [0x00000000d6180000,0x00000000d61f0000,0x00000000d6280000)
  to   space 1024K, 0% used [0x00000000d6280000,0x00000000d6280000,0x00000000d6380000)
 ParOldGen       total 450048K, used 449738K [0x0000000080000000, 0x000000009b780000, 0x00000000d5580000)
  object space 450048K, 99% used [0x0000000080000000,0x000000009b7328f8,0x000000009b780000)
 Metaspace       used 79396K, committed 80768K, reserved 1179648K
  class space    used 8505K, committed 9088K, reserved 1048576K
}
Event: 5316.510 GC heap after
{Heap after GC invocations=1254 (full 4):
 PSYoungGen      total 9216K, used 416K [0x00000000d5580000, 0x00000000d6300000, 0x0000000100000000)
  eden space 8704K, 0% used [0x00000000d5580000,0x00000000d5580000,0x00000000d5e00000)
  from space 512K, 81% used [0x00000000d6280000,0x00000000d62e8000,0x00000000d6300000)
  to   space 512K, 0% used [0x00000000d6200000,0x00000000d6200000,0x00000000d6280000)
 ParOldGen       total 450048K, used 449802K [0x0000000080000000, 0x000000009b780000, 0x00000000d5580000)
  object space 450048K, 99% used [0x0000000080000000,0x000000009b7428f8,0x000000009b780000)
 Metaspace       used 79396K, committed 80768K, reserved 1179648K
  class space    used 8505K, committed 9088K, reserved 1048576K
}
Event: 5335.418 GC heap before
{Heap before GC invocations=1255 (full 4):
 PSYoungGen      total 9216K, used 9120K [0x00000000d5580000, 0x00000000d6300000, 0x0000000100000000)
  eden space 8704K, 100% used [0x00000000d5580000,0x00000000d5e00000,0x00000000d5e00000)
  from space 512K, 81% used [0x00000000d6280000,0x00000000d62e8000,0x00000000d6300000)
  to   space 512K, 0% used [0x00000000d6200000,0x00000000d6200000,0x00000000d6280000)
 ParOldGen       total 450048K, used 449802K [0x0000000080000000, 0x000000009b780000, 0x00000000d5580000)
  object space 450048K, 99% used [0x0000000080000000,0x000000009b7428f8,0x000000009b780000)
 Metaspace       used 79412K, committed 80768K, reserved 1179648K
  class space    used 8508K, committed 9088K, reserved 1048576K
}
Event: 5335.422 GC heap after
{Heap after GC invocations=1255 (full 4):
 PSYoungGen      total 9216K, used 480K [0x00000000d5580000, 0x00000000d6300000, 0x0000000100000000)
  eden space 8704K, 0% used [0x00000000d5580000,0x00000000d5580000,0x00000000d5e00000)
  from space 512K, 93% used [0x00000000d6200000,0x00000000d6278000,0x00000000d6280000)
  to   space 512K, 0% used [0x00000000d6280000,0x00000000d6280000,0x00000000d6300000)
 ParOldGen       total 450048K, used 449834K [0x0000000080000000, 0x000000009b780000, 0x00000000d5580000)
  object space 450048K, 99% used [0x0000000080000000,0x000000009b74a8f8,0x000000009b780000)
 Metaspace       used 79412K, committed 80768K, reserved 1179648K
  class space    used 8508K, committed 9088K, reserved 1048576K
}

