# JRE version: OpenJDK Runtime Environment Temurin-21.0.10+7 (21.0.10+7) (build 21.0.10+7-LTS)
# Java VM: OpenJDK 64-Bit Server VM Temurin-21.0.10+7 (21.0.10+7-LTS, mixed mode, sharing, tiered, compressed oops, compressed class ptrs, parallel gc, windows-amd64)
GC Precious Log:
 CardTable entry size: 512
 CPUs: 20 total, 20 available
 Memory: 7911M
 Large Page Support: Disabled
 NUMA Support: Disabled
 Compressed Oops: Enabled (32-bit)
 Alignments: Space 512K, Generation 512K, Heap 2M
 Heap Min Capacity: 100M
 Heap Initial Capacity: 100M
 Heap Max Capacity: 2G
 Pre-touch: Disabled
 Parallel Workers: 15
Heap:
 PSYoungGen      total 31232K, used 17144K [0x00000000d5580000, 0x00000000d8500000, 0x0000000100000000)
  eden space 30720K, 54% used [0x00000000d5580000,0x00000000d65de0b8,0x00000000d7380000)
  from space 512K, 75% used [0x00000000d8480000,0x00000000d84e0000,0x00000000d8500000)
  to   space 512K, 0% used [0x00000000d8400000,0x00000000d8400000,0x00000000d8480000)
 ParOldGen       total 1279488K, used 1279343K [0x0000000080000000, 0x00000000ce180000, 0x00000000d5580000)
  object space 1279488K, 99% used [0x0000000080000000,0x00000000ce15be80,0x00000000ce180000)
 Metaspace       used 90311K, committed 92224K, reserved 1179648K
  class space    used 11350K, committed 12224K, reserved 1048576K
GC Heap History (20 events):
Event: 815.593 GC heap before
{Heap before GC invocations=1178 (full 3):
 PSYoungGen      total 37888K, used 37786K [0x00000000d5580000, 0x00000000d8500000, 0x0000000100000000)
  eden space 37376K, 99% used [0x00000000d5580000,0x00000000d79f6878,0x00000000d7a00000)
  from space 512K, 87% used [0x00000000d8480000,0x00000000d84f0000,0x00000000d8500000)
  to   space 512K, 0% used [0x00000000d8400000,0x00000000d8400000,0x00000000d8480000)
 ParOldGen       total 1278464K, used 1278100K [0x0000000080000000, 0x00000000ce080000, 0x00000000d5580000)
  object space 1278464K, 99% used [0x0000000080000000,0x00000000ce025380,0x00000000ce080000)
 Metaspace       used 90290K, committed 92160K, reserved 1179648K
  class space    used 11349K, committed 12224K, reserved 1048576K
}
Event: 815.594 GC heap after
{Heap after GC invocations=1178 (full 3):
 PSYoungGen      total 36864K, used 448K [0x00000000d5580000, 0x00000000d8500000, 0x0000000100000000)
  eden space 36352K, 0% used [0x00000000d5580000,0x00000000d5580000,0x00000000d7900000)
  from space 512K, 87% used [0x00000000d8400000,0x00000000d8470000,0x00000000d8480000)
  to   space 512K, 0% used [0x00000000d8480000,0x00000000d8480000,0x00000000d8500000)
 ParOldGen       total 1278464K, used 1278255K [0x0000000080000000, 0x00000000ce080000, 0x00000000d5580000)
  object space 1278464K, 99% used [0x0000000080000000,0x00000000ce04bdf0,0x00000000ce080000)
 Metaspace       used 90290K, committed 92160K, reserved 1179648K
  class space    used 11349K, committed 12224K, reserved 1048576K
}
Event: 815.639 GC heap before
{Heap before GC invocations=1179 (full 3):
 PSYoungGen      total 36864K, used 35068K [0x00000000d5580000, 0x00000000d8500000, 0x0000000100000000)
  eden space 36352K, 95% used [0x00000000d5580000,0x00000000d774f068,0x00000000d7900000)
  from space 512K, 87% used [0x00000000d8400000,0x00000000d8470000,0x00000000d8480000)
  to   space 512K, 0% used [0x00000000d8480000,0x00000000d8480000,0x00000000d8500000)
 ParOldGen       total 1278464K, used 1278255K [0x0000000080000000, 0x00000000ce080000, 0x00000000d5580000)
  object space 1278464K, 99% used [0x0000000080000000,0x00000000ce04bdf0,0x00000000ce080000)
 Metaspace       used 90290K, committed 92160K, reserved 1179648K
  class space    used 11349K, committed 12224K, reserved 1048576K
}
Event: 815.643 GC heap after
{Heap after GC invocations=1179 (full 3):
 PSYoungGen      total 35840K, used 416K [0x00000000d5580000, 0x00000000d8500000, 0x0000000100000000)
  eden space 35328K, 0% used [0x00000000d5580000,0x00000000d5580000,0x00000000d7800000)
  from space 512K, 81% used [0x00000000d8480000,0x00000000d84e8000,0x00000000d8500000)
  to   space 512K, 0% used [0x00000000d8400000,0x00000000d8400000,0x00000000d8480000)
 ParOldGen       total 1278464K, used 1278416K [0x0000000080000000, 0x00000000ce080000, 0x00000000d5580000)
  object space 1278464K, 99% used [0x0000000080000000,0x00000000ce0742a0,0x00000000ce080000)
 Metaspace       used 90290K, committed 92160K, reserved 1179648K
  class space    used 11349K, committed 12224K, reserved 1048576K
}
Event: 815.761 GC heap before
{Heap before GC invocations=1180 (full 3):
 PSYoungGen      total 35840K, used 35105K [0x00000000d5580000, 0x00000000d8500000, 0x0000000100000000)
  eden space 35328K, 98% used [0x00000000d5580000,0x00000000d7760680,0x00000000d7800000)
  from space 512K, 81% used [0x00000000d8480000,0x00000000d84e8000,0x00000000d8500000)
  to   space 512K, 0% used [0x00000000d8400000,0x00000000d8400000,0x00000000d8480000)
 ParOldGen       total 1278464K, used 1278416K [0x0000000080000000, 0x00000000ce080000, 0x00000000d5580000)
  object space 1278464K, 99% used [0x0000000080000000,0x00000000ce0742a0,0x00000000ce080000)
 Metaspace       used 90294K, committed 92160K, reserved 1179648K
  class space    used 11350K, committed 12224K, reserved 1048576K
}
Event: 815.763 GC heap after
{Heap after GC invocations=1180 (full 3):
 PSYoungGen      total 34816K, used 480K [0x00000000d5580000, 0x00000000d8500000, 0x0000000100000000)
  eden space 34304K, 0% used [0x00000000d5580000,0x00000000d5580000,0x00000000d7700000)
  from space 512K, 93% used [0x00000000d8400000,0x00000000d8478000,0x00000000d8480000)
  to   space 512K, 0% used [0x00000000d8480000,0x00000000d8480000,0x00000000d8500000)
 ParOldGen       total 1278976K, used 1278536K [0x0000000080000000, 0x00000000ce100000, 0x00000000d5580000)
  object space 1278976K, 99% used [0x0000000080000000,0x00000000ce0922a0,0x00000000ce100000)
 Metaspace       used 90294K, committed 92160K, reserved 1179648K
  class space    used 11350K, committed 12224K, reserved 1048576K
}
Event: 815.816 GC heap before
{Heap before GC invocations=1181 (full 3):
 PSYoungGen      total 34816K, used 34784K [0x00000000d5580000, 0x00000000d8500000, 0x0000000100000000)
  eden space 34304K, 100% used [0x00000000d5580000,0x00000000d7700000,0x00000000d7700000)
  from space 512K, 93% used [0x00000000d8400000,0x00000000d8478000,0x00000000d8480000)
  to   space 512K, 0% used [0x00000000d8480000,0x00000000d8480000,0x00000000d8500000)
 ParOldGen       total 1278976K, used 1278536K [0x0000000080000000, 0x00000000ce100000, 0x00000000d5580000)
  object space 1278976K, 99% used [0x0000000080000000,0x00000000ce0922a0,0x00000000ce100000)
 Metaspace       used 90294K, committed 92160K, reserved 1179648K
  class space    used 11350K, committed 12224K, reserved 1048576K
}
Event: 815.817 GC heap after
{Heap after GC invocations=1181 (full 3):
 PSYoungGen      total 34304K, used 384K [0x00000000d5580000, 0x00000000d8500000, 0x0000000100000000)
  eden space 33792K, 0% used [0x00000000d5580000,0x00000000d5580000,0x00000000d7680000)
  from space 512K, 75% used [0x00000000d8480000,0x00000000d84e0000,0x00000000d8500000)
  to   space 512K, 0% used [0x00000000d8400000,0x00000000d8400000,0x00000000d8480000)
 ParOldGen       total 1278976K, used 1278664K [0x0000000080000000, 0x00000000ce100000, 0x00000000d5580000)
  object space 1278976K, 99% used [0x0000000080000000,0x00000000ce0b22a0,0x00000000ce100000)
 Metaspace       used 90294K, committed 92160K, reserved 1179648K
  class space    used 11350K, committed 12224K, reserved 1048576K
}
Event: 815.853 GC heap before
{Heap before GC invocations=1182 (full 3):
 PSYoungGen      total 34304K, used 32627K [0x00000000d5580000, 0x00000000d8500000, 0x0000000100000000)
  eden space 33792K, 95% used [0x00000000d5580000,0x00000000d74fcf00,0x00000000d7680000)
  from space 512K, 75% used [0x00000000d8480000,0x00000000d84e0000,0x00000000d8500000)
  to   space 512K, 0% used [0x00000000d8400000,0x00000000d8400000,0x00000000d8480000)
 ParOldGen       total 1278976K, used 1278664K [0x0000000080000000, 0x00000000ce100000, 0x00000000d5580000)
  object space 1278976K, 99% used [0x0000000080000000,0x00000000ce0b22a0,0x00000000ce100000)
 Metaspace       used 90294K, committed 92160K, reserved 1179648K
  class space    used 11350K, committed 12224K, reserved 1048576K
}
Event: 815.854 GC heap after
{Heap after GC invocations=1182 (full 3):
 PSYoungGen      total 33792K, used 384K [0x00000000d5580000, 0x00000000d8500000, 0x0000000100000000)
  eden space 33280K, 0% used [0x00000000d5580000,0x00000000d5580000,0x00000000d7600000)
  from space 512K, 75% used [0x00000000d8400000,0x00000000d8460000,0x00000000d8480000)
  to   space 512K, 0% used [0x00000000d8480000,0x00000000d8480000,0x00000000d8500000)
 ParOldGen       total 1278976K, used 1278774K [0x0000000080000000, 0x00000000ce100000, 0x00000000d5580000)
  object space 1278976K, 99% used [0x0000000080000000,0x00000000ce0cdaa0,0x00000000ce100000)
 Metaspace       used 90294K, committed 92160K, reserved 1179648K
  class space    used 11350K, committed 12224K, reserved 1048576K
}
Event: 815.884 GC heap before
{Heap before GC invocations=1183 (full 3):
 PSYoungGen      total 33792K, used 32388K [0x00000000d5580000, 0x00000000d8500000, 0x0000000100000000)
  eden space 33280K, 96% used [0x00000000d5580000,0x00000000d74c1008,0x00000000d7600000)
  from space 512K, 75% used [0x00000000d8400000,0x00000000d8460000,0x00000000d8480000)
  to   space 512K, 0% used [0x00000000d8480000,0x00000000d8480000,0x00000000d8500000)
 ParOldGen       total 1278976K, used 1278774K [0x0000000080000000, 0x00000000ce100000, 0x00000000d5580000)
  object space 1278976K, 99% used [0x0000000080000000,0x00000000ce0cdaa0,0x00000000ce100000)
 Metaspace       used 90294K, committed 92160K, reserved 1179648K
  class space    used 11350K, committed 12224K, reserved 1048576K
}
Event: 815.886 GC heap after
{Heap after GC invocations=1183 (full 3):
 PSYoungGen      total 33280K, used 416K [0x00000000d5580000, 0x00000000d8500000, 0x0000000100000000)
  eden space 32768K, 0% used [0x00000000d5580000,0x00000000d5580000,0x00000000d7580000)
  from space 512K, 81% used [0x00000000d8480000,0x00000000d84e8000,0x00000000d8500000)
  to   space 512K, 0% used [0x00000000d8400000,0x00000000d8400000,0x00000000d8480000)
 ParOldGen       total 1278976K, used 1278878K [0x0000000080000000, 0x00000000ce100000, 0x00000000d5580000)
  object space 1278976K, 99% used [0x0000000080000000,0x00000000ce0e7aa0,0x00000000ce100000)
 Metaspace       used 90294K, committed 92160K, reserved 1179648K
  class space    used 11350K, committed 12224K, reserved 1048576K
}
Event: 815.918 GC heap before
{Heap before GC invocations=1184 (full 3):
 PSYoungGen      total 33280K, used 32245K [0x00000000d5580000, 0x00000000d8500000, 0x0000000100000000)
  eden space 32768K, 97% used [0x00000000d5580000,0x00000000d74956a8,0x00000000d7580000)
  from space 512K, 81% used [0x00000000d8480000,0x00000000d84e8000,0x00000000d8500000)
  to   space 512K, 0% used [0x00000000d8400000,0x00000000d8400000,0x00000000d8480000)
 ParOldGen       total 1278976K, used 1278878K [0x0000000080000000, 0x00000000ce100000, 0x00000000d5580000)
  object space 1278976K, 99% used [0x0000000080000000,0x00000000ce0e7aa0,0x00000000ce100000)
 Metaspace       used 90294K, committed 92160K, reserved 1179648K
  class space    used 11350K, committed 12224K, reserved 1048576K
}
Event: 815.922 GC heap after
{Heap after GC invocations=1184 (full 3):
 PSYoungGen      total 32768K, used 416K [0x00000000d5580000, 0x00000000d8500000, 0x0000000100000000)
  eden space 32256K, 0% used [0x00000000d5580000,0x00000000d5580000,0x00000000d7500000)
  from space 512K, 81% used [0x00000000d8400000,0x00000000d8468000,0x00000000d8480000)
  to   space 512K, 0% used [0x00000000d8480000,0x00000000d8480000,0x00000000d8500000)
 ParOldGen       total 1279488K, used 1279013K [0x0000000080000000, 0x00000000ce180000, 0x00000000d5580000)
  object space 1279488K, 99% used [0x0000000080000000,0x00000000ce1097e0,0x00000000ce180000)
 Metaspace       used 90294K, committed 92160K, reserved 1179648K
  class space    used 11350K, committed 12224K, reserved 1048576K
}
Event: 815.952 GC heap before
{Heap before GC invocations=1185 (full 3):
 PSYoungGen      total 32768K, used 31993K [0x00000000d5580000, 0x00000000d8500000, 0x0000000100000000)
  eden space 32256K, 97% used [0x00000000d5580000,0x00000000d7456458,0x00000000d7500000)
  from space 512K, 81% used [0x00000000d8400000,0x00000000d8468000,0x00000000d8480000)
  to   space 512K, 0% used [0x00000000d8480000,0x00000000d8480000,0x00000000d8500000)
 ParOldGen       total 1279488K, used 1279013K [0x0000000080000000, 0x00000000ce180000, 0x00000000d5580000)
  object space 1279488K, 99% used [0x0000000080000000,0x00000000ce1097e0,0x00000000ce180000)
 Metaspace       used 90294K, committed 92160K, reserved 1179648K
  class space    used 11350K, committed 12224K, reserved 1048576K
}
Event: 815.954 GC heap after
{Heap after GC invocations=1185 (full 3):
 PSYoungGen      total 32256K, used 352K [0x00000000d5580000, 0x00000000d8500000, 0x0000000100000000)
  eden space 31744K, 0% used [0x00000000d5580000,0x00000000d5580000,0x00000000d7480000)
  from space 512K, 68% used [0x00000000d8480000,0x00000000d84d8000,0x00000000d8500000)
  to   space 512K, 0% used [0x00000000d8400000,0x00000000d8400000,0x00000000d8480000)
 ParOldGen       total 1279488K, used 1279117K [0x0000000080000000, 0x00000000ce180000, 0x00000000d5580000)
  object space 1279488K, 99% used [0x0000000080000000,0x00000000ce1237f0,0x00000000ce180000)
 Metaspace       used 90294K, committed 92160K, reserved 1179648K
  class space    used 11350K, committed 12224K, reserved 1048576K
}
Event: 815.982 GC heap before
{Heap before GC invocations=1186 (full 3):
 PSYoungGen      total 32256K, used 30164K [0x00000000d5580000, 0x00000000d8500000, 0x0000000100000000)
  eden space 31744K, 93% used [0x00000000d5580000,0x00000000d729d308,0x00000000d7480000)
  from space 512K, 68% used [0x00000000d8480000,0x00000000d84d8000,0x00000000d8500000)
  to   space 512K, 0% used [0x00000000d8400000,0x00000000d8400000,0x00000000d8480000)
 ParOldGen       total 1279488K, used 1279117K [0x0000000080000000, 0x00000000ce180000, 0x00000000d5580000)
  object space 1279488K, 99% used [0x0000000080000000,0x00000000ce1237f0,0x00000000ce180000)
 Metaspace       used 90294K, committed 92160K, reserved 1179648K
  class space    used 11350K, committed 12224K, reserved 1048576K
}
Event: 815.985 GC heap after
{Heap after GC invocations=1186 (full 3):
 PSYoungGen      total 31744K, used 416K [0x00000000d5580000, 0x00000000d8500000, 0x0000000100000000)
  eden space 31232K, 0% used [0x00000000d5580000,0x00000000d5580000,0x00000000d7400000)
  from space 512K, 81% used [0x00000000d8400000,0x00000000d8468000,0x00000000d8480000)
  to   space 512K, 0% used [0x00000000d8480000,0x00000000d8480000,0x00000000d8500000)
 ParOldGen       total 1279488K, used 1279221K [0x0000000080000000, 0x00000000ce180000, 0x00000000d5580000)
  object space 1279488K, 99% used [0x0000000080000000,0x00000000ce13d7f0,0x00000000ce180000)
 Metaspace       used 90294K, committed 92160K, reserved 1179648K
  class space    used 11350K, committed 12224K, reserved 1048576K
}
Event: 816.014 GC heap before
{Heap before GC invocations=1187 (full 3):
 PSYoungGen      total 31744K, used 30228K [0x00000000d5580000, 0x00000000d8500000, 0x0000000100000000)
  eden space 31232K, 95% used [0x00000000d5580000,0x00000000d729d200,0x00000000d7400000)
  from space 512K, 81% used [0x00000000d8400000,0x00000000d8468000,0x00000000d8480000)
  to   space 512K, 0% used [0x00000000d8480000,0x00000000d8480000,0x00000000d8500000)
 ParOldGen       total 1279488K, used 1279221K [0x0000000080000000, 0x00000000ce180000, 0x00000000d5580000)
  object space 1279488K, 99% used [0x0000000080000000,0x00000000ce13d7f0,0x00000000ce180000)
 Metaspace       used 90294K, committed 92160K, reserved 1179648K
  class space    used 11350K, committed 12224K, reserved 1048576K
}
Event: 816.018 GC heap after
{Heap after GC invocations=1187 (full 3):
 PSYoungGen      total 31232K, used 384K [0x00000000d5580000, 0x00000000d8500000, 0x0000000100000000)
  eden space 30720K, 0% used [0x00000000d5580000,0x00000000d5580000,0x00000000d7380000)
  from space 512K, 75% used [0x00000000d8480000,0x00000000d84e0000,0x00000000d8500000)
  to   space 512K, 0% used [0x00000000d8400000,0x00000000d8400000,0x00000000d8480000)
 ParOldGen       total 1279488K, used 1279343K [0x0000000080000000, 0x00000000ce180000, 0x00000000d5580000)
  object space 1279488K, 99% used [0x0000000080000000,0x00000000ce15be80,0x00000000ce180000)
 Metaspace       used 90294K, committed 92160K, reserved 1179648K
  class space    used 11350K, committed 12224K, reserved 1048576K
}

