# JRE version: OpenJDK Runtime Environment Temurin-21.0.10+7 (21.0.10+7) (build 21.0.10+7-LTS)
# Java VM: OpenJDK 64-Bit Server VM Temurin-21.0.10+7 (21.0.10+7-LTS, mixed mode, sharing, tiered, compressed oops, compressed class ptrs, parallel gc, windows-amd64)
GC Precious Log:
 CardTable entry size: 512
 CPUs: 20 total, 20 available
 Memory: 7911M
 Large Page Support: Disabled
 NUMA Support: Disabled
 Compressed Oops: Enabled (32-bit)
 Alignments: Space 512K, Generation 512K, Heap 2M
 Heap Min Capacity: 100M
 Heap Initial Capacity: 100M
 Heap Max Capacity: 2G
 Pre-touch: Disabled
 Parallel Workers: 15
Heap:
 PSYoungGen      total 18432K, used 16538K [0x00000000d5580000, 0x00000000d7300000, 0x0000000100000000)
  eden space 16896K, 90% used [0x00000000d5580000,0x00000000d647c588,0x00000000d6600000)
  from space 1536K, 77% used [0x00000000d7000000,0x00000000d712a470,0x00000000d7180000)
  to   space 1536K, 0% used [0x00000000d7180000,0x00000000d7180000,0x00000000d7300000)
 ParOldGen       total 87552K, used 71132K [0x0000000080000000, 0x0000000085580000, 0x00000000d5580000)
  object space 87552K, 81% used [0x0000000080000000,0x0000000084577330,0x0000000085580000)
 Metaspace       used 64445K, committed 65856K, reserved 1114112K
  class space    used 7556K, committed 8192K, reserved 1048576K
GC Heap History (20 events):
Event: 14.483 GC heap before
{Heap before GC invocations=39 (full 2):
 PSYoungGen      total 17920K, used 17760K [0x00000000d5580000, 0x00000000d7680000, 0x0000000100000000)
  eden space 16896K, 100% used [0x00000000d5580000,0x00000000d6600000,0x00000000d6600000)
  from space 1024K, 84% used [0x00000000d7580000,0x00000000d7658000,0x00000000d7680000)
  to   space 4096K, 0% used [0x00000000d6e80000,0x00000000d6e80000,0x00000000d7280000)
 ParOldGen       total 78848K, used 78810K [0x0000000080000000, 0x0000000084d00000, 0x00000000d5580000)
  object space 78848K, 99% used [0x0000000080000000,0x0000000084cf68a8,0x0000000084d00000)
 Metaspace       used 53506K, committed 54720K, reserved 1114112K
  class space    used 5967K, committed 6464K, reserved 1048576K
}
Event: 14.485 GC heap after
{Heap after GC invocations=39 (full 2):
 PSYoungGen      total 20992K, used 640K [0x00000000d5580000, 0x00000000d7600000, 0x0000000100000000)
  eden space 16896K, 0% used [0x00000000d5580000,0x00000000d5580000,0x00000000d6600000)
  from space 4096K, 15% used [0x00000000d6e80000,0x00000000d6f20000,0x00000000d7280000)
  to   space 1536K, 0% used [0x00000000d7480000,0x00000000d7480000,0x00000000d7600000)
 ParOldGen       total 79872K, used 79462K [0x0000000080000000, 0x0000000084e00000, 0x00000000d5580000)
  object space 79872K, 99% used [0x0000000080000000,0x0000000084d998c8,0x0000000084e00000)
 Metaspace       used 53506K, committed 54720K, reserved 1114112K
  class space    used 5967K, committed 6464K, reserved 1048576K
}
Event: 14.747 GC heap before
{Heap before GC invocations=40 (full 2):
 PSYoungGen      total 20992K, used 17536K [0x00000000d5580000, 0x00000000d7600000, 0x0000000100000000)
  eden space 16896K, 100% used [0x00000000d5580000,0x00000000d6600000,0x00000000d6600000)
  from space 4096K, 15% used [0x00000000d6e80000,0x00000000d6f20000,0x00000000d7280000)
  to   space 1536K, 0% used [0x00000000d7480000,0x00000000d7480000,0x00000000d7600000)
 ParOldGen       total 79872K, used 79462K [0x0000000080000000, 0x0000000084e00000, 0x00000000d5580000)
  object space 79872K, 99% used [0x0000000080000000,0x0000000084d998c8,0x0000000084e00000)
 Metaspace       used 53526K, committed 54720K, reserved 1114112K
  class space    used 5968K, committed 6464K, reserved 1048576K
}
Event: 14.748 GC heap after
{Heap after GC invocations=40 (full 2):
 PSYoungGen      total 17920K, used 704K [0x00000000d5580000, 0x00000000d7580000, 0x0000000100000000)
  eden space 16896K, 0% used [0x00000000d5580000,0x00000000d5580000,0x00000000d6600000)
  from space 1024K, 68% used [0x00000000d7480000,0x00000000d7530000,0x00000000d7580000)
  to   space 1024K, 0% used [0x00000000d7380000,0x00000000d7380000,0x00000000d7480000)
 ParOldGen       total 79872K, used 79861K [0x0000000080000000, 0x0000000084e00000, 0x00000000d5580000)
  object space 79872K, 99% used [0x0000000080000000,0x0000000084dfd580,0x0000000084e00000)
 Metaspace       used 53526K, committed 54720K, reserved 1114112K
  class space    used 5968K, committed 6464K, reserved 1048576K
}
Event: 15.107 GC heap before
{Heap before GC invocations=41 (full 2):
 PSYoungGen      total 17920K, used 17600K [0x00000000d5580000, 0x00000000d7580000, 0x0000000100000000)
  eden space 16896K, 100% used [0x00000000d5580000,0x00000000d6600000,0x00000000d6600000)
  from space 1024K, 68% used [0x00000000d7480000,0x00000000d7530000,0x00000000d7580000)
  to   space 1024K, 0% used [0x00000000d7380000,0x00000000d7380000,0x00000000d7480000)
 ParOldGen       total 79872K, used 79861K [0x0000000080000000, 0x0000000084e00000, 0x00000000d5580000)
  object space 79872K, 99% used [0x0000000080000000,0x0000000084dfd580,0x0000000084e00000)
 Metaspace       used 53528K, committed 54720K, reserved 1114112K
  class space    used 5968K, committed 6464K, reserved 1048576K
}
Event: 15.111 GC heap after
{Heap after GC invocations=41 (full 2):
 PSYoungGen      total 17920K, used 800K [0x00000000d5580000, 0x00000000d7500000, 0x0000000100000000)
  eden space 16896K, 0% used [0x00000000d5580000,0x00000000d5580000,0x00000000d6600000)
  from space 1024K, 78% used [0x00000000d7380000,0x00000000d7448038,0x00000000d7480000)
  to   space 512K, 0% used [0x00000000d7480000,0x00000000d7480000,0x00000000d7500000)
 ParOldGen       total 80384K, used 80309K [0x0000000080000000, 0x0000000084e80000, 0x00000000d5580000)
  object space 80384K, 99% used [0x0000000080000000,0x0000000084e6d580,0x0000000084e80000)
 Metaspace       used 53528K, committed 54720K, reserved 1114112K
  class space    used 5968K, committed 6464K, reserved 1048576K
}
Event: 15.388 GC heap before
{Heap before GC invocations=42 (full 2):
 PSYoungGen      total 17920K, used 17696K [0x00000000d5580000, 0x00000000d7500000, 0x0000000100000000)
  eden space 16896K, 100% used [0x00000000d5580000,0x00000000d6600000,0x00000000d6600000)
  from space 1024K, 78% used [0x00000000d7380000,0x00000000d7448038,0x00000000d7480000)
  to   space 512K, 0% used [0x00000000d7480000,0x00000000d7480000,0x00000000d7500000)
 ParOldGen       total 80384K, used 80309K [0x0000000080000000, 0x0000000084e80000, 0x00000000d5580000)
  object space 80384K, 99% used [0x0000000080000000,0x0000000084e6d580,0x0000000084e80000)
 Metaspace       used 53729K, committed 54912K, reserved 1114112K
  class space    used 6012K, committed 6528K, reserved 1048576K
}
Event: 15.390 GC heap after
{Heap after GC invocations=42 (full 2):
 PSYoungGen      total 17408K, used 502K [0x00000000d5580000, 0x00000000d7500000, 0x0000000100000000)
  eden space 16896K, 0% used [0x00000000d5580000,0x00000000d5580000,0x00000000d6600000)
  from space 512K, 98% used [0x00000000d7480000,0x00000000d74fd940,0x00000000d7500000)
  to   space 5120K, 0% used [0x00000000d6b00000,0x00000000d6b00000,0x00000000d7000000)
 ParOldGen       total 84480K, used 84227K [0x0000000080000000, 0x0000000085280000, 0x00000000d5580000)
  object space 84480K, 99% used [0x0000000080000000,0x0000000085240ff8,0x0000000085280000)
 Metaspace       used 53729K, committed 54912K, reserved 1114112K
  class space    used 6012K, committed 6528K, reserved 1048576K
}
Event: 16.667 GC heap before
{Heap before GC invocations=43 (full 2):
 PSYoungGen      total 17408K, used 17398K [0x00000000d5580000, 0x00000000d7500000, 0x0000000100000000)
  eden space 16896K, 100% used [0x00000000d5580000,0x00000000d6600000,0x00000000d6600000)
  from space 512K, 98% used [0x00000000d7480000,0x00000000d74fd940,0x00000000d7500000)
  to   space 5120K, 0% used [0x00000000d6b00000,0x00000000d6b00000,0x00000000d7000000)
 ParOldGen       total 84480K, used 84227K [0x0000000080000000, 0x0000000085280000, 0x00000000d5580000)
  object space 84480K, 99% used [0x0000000080000000,0x0000000085240ff8,0x0000000085280000)
 Metaspace       used 55256K, committed 56512K, reserved 1114112K
  class space    used 6293K, committed 6848K, reserved 1048576K
}
Event: 16.669 GC heap after
{Heap after GC invocations=43 (full 2):
 PSYoungGen      total 22016K, used 1008K [0x00000000d5580000, 0x00000000d7500000, 0x0000000100000000)
  eden space 16896K, 0% used [0x00000000d5580000,0x00000000d5580000,0x00000000d6600000)
  from space 5120K, 19% used [0x00000000d6b00000,0x00000000d6bfc020,0x00000000d7000000)
  to   space 2560K, 0% used [0x00000000d7280000,0x00000000d7280000,0x00000000d7500000)
 ParOldGen       total 84992K, used 84783K [0x0000000080000000, 0x0000000085300000, 0x00000000d5580000)
  object space 84992K, 99% used [0x0000000080000000,0x00000000852cbc40,0x0000000085300000)
 Metaspace       used 55256K, committed 56512K, reserved 1114112K
  class space    used 6293K, committed 6848K, reserved 1048576K
}
Event: 16.980 GC heap before
{Heap before GC invocations=44 (full 2):
 PSYoungGen      total 22016K, used 17904K [0x00000000d5580000, 0x00000000d7500000, 0x0000000100000000)
  eden space 16896K, 100% used [0x00000000d5580000,0x00000000d6600000,0x00000000d6600000)
  from space 5120K, 19% used [0x00000000d6b00000,0x00000000d6bfc020,0x00000000d7000000)
  to   space 2560K, 0% used [0x00000000d7280000,0x00000000d7280000,0x00000000d7500000)
 ParOldGen       total 84992K, used 84783K [0x0000000080000000, 0x0000000085300000, 0x00000000d5580000)
  object space 84992K, 99% used [0x0000000080000000,0x00000000852cbc40,0x0000000085300000)
 Metaspace       used 57053K, committed 58368K, reserved 1114112K
  class space    used 6612K, committed 7168K, reserved 1048576K
}
Event: 16.981 GC heap after
{Heap after GC invocations=44 (full 2):
 PSYoungGen      total 17920K, used 672K [0x00000000d5580000, 0x00000000d7380000, 0x0000000100000000)
  eden space 16896K, 0% used [0x00000000d5580000,0x00000000d5580000,0x00000000d6600000)
  from space 1024K, 65% used [0x00000000d7280000,0x00000000d7328000,0x00000000d7380000)
  to   space 1024K, 0% used [0x00000000d7180000,0x00000000d7180000,0x00000000d7280000)
 ParOldGen       total 86016K, used 85631K [0x0000000080000000, 0x0000000085400000, 0x00000000d5580000)
  object space 86016K, 99% used [0x0000000080000000,0x000000008539fc70,0x0000000085400000)
 Metaspace       used 57053K, committed 58368K, reserved 1114112K
  class space    used 6612K, committed 7168K, reserved 1048576K
}
Event: 17.413 GC heap before
{Heap before GC invocations=45 (full 2):
 PSYoungGen      total 17920K, used 16818K [0x00000000d5580000, 0x00000000d7380000, 0x0000000100000000)
  eden space 16896K, 95% used [0x00000000d5580000,0x00000000d6544a60,0x00000000d6600000)
  from space 1024K, 65% used [0x00000000d7280000,0x00000000d7328000,0x00000000d7380000)
  to   space 1024K, 0% used [0x00000000d7180000,0x00000000d7180000,0x00000000d7280000)
 ParOldGen       total 86016K, used 85631K [0x0000000080000000, 0x0000000085400000, 0x00000000d5580000)
  object space 86016K, 99% used [0x0000000080000000,0x000000008539fc70,0x0000000085400000)
 Metaspace       used 58528K, committed 59776K, reserved 1114112K
  class space    used 6756K, committed 7296K, reserved 1048576K
}
Event: 17.416 GC heap after
{Heap after GC invocations=45 (full 2):
 PSYoungGen      total 17920K, used 1024K [0x00000000d5580000, 0x00000000d7300000, 0x0000000100000000)
  eden space 16896K, 0% used [0x00000000d5580000,0x00000000d5580000,0x00000000d6600000)
  from space 1024K, 100% used [0x00000000d7180000,0x00000000d7280000,0x00000000d7280000)
  to   space 512K, 0% used [0x00000000d7280000,0x00000000d7280000,0x00000000d7300000)
 ParOldGen       total 87552K, used 87533K [0x0000000080000000, 0x0000000085580000, 0x00000000d5580000)
  object space 87552K, 99% used [0x0000000080000000,0x000000008557b488,0x0000000085580000)
 Metaspace       used 58528K, committed 59776K, reserved 1114112K
  class space    used 6756K, committed 7296K, reserved 1048576K
}
Event: 17.416 GC heap before
{Heap before GC invocations=46 (full 3):
 PSYoungGen      total 17920K, used 1024K [0x00000000d5580000, 0x00000000d7300000, 0x0000000100000000)
  eden space 16896K, 0% used [0x00000000d5580000,0x00000000d5580000,0x00000000d6600000)
  from space 1024K, 100% used [0x00000000d7180000,0x00000000d7280000,0x00000000d7280000)
  to   space 512K, 0% used [0x00000000d7280000,0x00000000d7280000,0x00000000d7300000)
 ParOldGen       total 87552K, used 87533K [0x0000000080000000, 0x0000000085580000, 0x00000000d5580000)
  object space 87552K, 99% used [0x0000000080000000,0x000000008557b488,0x0000000085580000)
 Metaspace       used 58528K, committed 59776K, reserved 1114112K
  class space    used 6756K, committed 7296K, reserved 1048576K
}
Event: 17.572 GC heap after
{Heap after GC invocations=46 (full 3):
 PSYoungGen      total 17920K, used 0K [0x00000000d5580000, 0x00000000d7300000, 0x0000000100000000)
  eden space 16896K, 0% used [0x00000000d5580000,0x00000000d5580000,0x00000000d6600000)
  from space 1024K, 0% used [0x00000000d7180000,0x00000000d7180000,0x00000000d7280000)
  to   space 512K, 0% used [0x00000000d7280000,0x00000000d7280000,0x00000000d7300000)
 ParOldGen       total 87552K, used 70536K [0x0000000080000000, 0x0000000085580000, 0x00000000d5580000)
  object space 87552K, 80% used [0x0000000080000000,0x00000000844e2320,0x0000000085580000)
 Metaspace       used 58528K, committed 59776K, reserved 1114112K
  class space    used 6756K, committed 7296K, reserved 1048576K
}
Event: 18.686 GC heap before
{Heap before GC invocations=47 (full 3):
 PSYoungGen      total 17920K, used 16896K [0x00000000d5580000, 0x00000000d7300000, 0x0000000100000000)
  eden space 16896K, 100% used [0x00000000d5580000,0x00000000d6600000,0x00000000d6600000)
  from space 1024K, 0% used [0x00000000d7180000,0x00000000d7180000,0x00000000d7280000)
  to   space 512K, 0% used [0x00000000d7280000,0x00000000d7280000,0x00000000d7300000)
 ParOldGen       total 87552K, used 70536K [0x0000000080000000, 0x0000000085580000, 0x00000000d5580000)
  object space 87552K, 80% used [0x0000000080000000,0x00000000844e2320,0x0000000085580000)
 Metaspace       used 61112K, committed 62464K, reserved 1114112K
  class space    used 7106K, committed 7744K, reserved 1048576K
}
Event: 18.689 GC heap after
{Heap after GC invocations=47 (full 3):
 PSYoungGen      total 17408K, used 512K [0x00000000d5580000, 0x00000000d7300000, 0x0000000100000000)
  eden space 16896K, 0% used [0x00000000d5580000,0x00000000d5580000,0x00000000d6600000)
  from space 512K, 100% used [0x00000000d7280000,0x00000000d7300000,0x00000000d7300000)
  to   space 1536K, 0% used [0x00000000d7000000,0x00000000d7000000,0x00000000d7180000)
 ParOldGen       total 87552K, used 70680K [0x0000000080000000, 0x0000000085580000, 0x00000000d5580000)
  object space 87552K, 80% used [0x0000000080000000,0x0000000084506320,0x0000000085580000)
 Metaspace       used 61112K, committed 62464K, reserved 1114112K
  class space    used 7106K, committed 7744K, reserved 1048576K
}
Event: 19.110 GC heap before
{Heap before GC invocations=48 (full 3):
 PSYoungGen      total 17408K, used 17408K [0x00000000d5580000, 0x00000000d7300000, 0x0000000100000000)
  eden space 16896K, 100% used [0x00000000d5580000,0x00000000d6600000,0x00000000d6600000)
  from space 512K, 100% used [0x00000000d7280000,0x00000000d7300000,0x00000000d7300000)
  to   space 1536K, 0% used [0x00000000d7000000,0x00000000d7000000,0x00000000d7180000)
 ParOldGen       total 87552K, used 70680K [0x0000000080000000, 0x0000000085580000, 0x00000000d5580000)
  object space 87552K, 80% used [0x0000000080000000,0x0000000084506320,0x0000000085580000)
 Metaspace       used 62963K, committed 64320K, reserved 1114112K
  class space    used 7372K, committed 7936K, reserved 1048576K
}
Event: 19.112 GC heap after
{Heap after GC invocations=48 (full 3):
 PSYoungGen      total 18432K, used 1193K [0x00000000d5580000, 0x00000000d7300000, 0x0000000100000000)
  eden space 16896K, 0% used [0x00000000d5580000,0x00000000d5580000,0x00000000d6600000)
  from space 1536K, 77% used [0x00000000d7000000,0x00000000d712a470,0x00000000d7180000)
  to   space 1536K, 0% used [0x00000000d7180000,0x00000000d7180000,0x00000000d7300000)
 ParOldGen       total 87552K, used 71132K [0x0000000080000000, 0x0000000085580000, 0x00000000d5580000)
  object space 87552K, 81% used [0x0000000080000000,0x0000000084577330,0x0000000085580000)
 Metaspace       used 62963K, committed 64320K, reserved 1114112K
  class space    used 7372K, committed 7936K, reserved 1048576K
}

