# JRE version: OpenJDK Runtime Environment Temurin-21.0.10+7 (21.0.10+7) (build 21.0.10+7-LTS)
# Java VM: OpenJDK 64-Bit Server VM Temurin-21.0.10+7 (21.0.10+7-LTS, mixed mode, sharing, tiered, compressed oops, compressed class ptrs, parallel gc, windows-amd64)
GC Precious Log:
 CardTable entry size: 512
 CPUs: 20 total, 20 available
 Memory: 7911M
 Large Page Support: Disabled
 NUMA Support: Disabled
 Compressed Oops: Enabled (32-bit)
 Alignments: Space 512K, Generation 512K, Heap 2M
 Heap Min Capacity: 100M
 Heap Initial Capacity: 100M
 Heap Max Capacity: 2G
 Pre-touch: Disabled
 Parallel Workers: 15
Heap:
 PSYoungGen      total 8704K, used 6379K [0x00000000d5580000, 0x00000000d6200000, 0x0000000100000000)
  eden space 8192K, 72% used [0x00000000d5580000,0x00000000d5b4af98,0x00000000d5d80000)
  from space 512K, 87% used [0x00000000d6100000,0x00000000d6170000,0x00000000d6180000)
  to   space 512K, 0% used [0x00000000d6180000,0x00000000d6180000,0x00000000d6200000)
 ParOldGen       total 244224K, used 244201K [0x0000000080000000, 0x000000008ee80000, 0x00000000d5580000)
  object space 244224K, 99% used [0x0000000080000000,0x000000008ee7a640,0x000000008ee80000)
 Metaspace       used 81320K, committed 82880K, reserved 1179648K
  class space    used 8947K, committed 9600K, reserved 1048576K
GC Heap History (20 events):
Event: 16372.903 GC heap before
{Heap before GC invocations=381 (full 3):
 PSYoungGen      total 7168K, used 6979K [0x00000000d5580000, 0x00000000d5f80000, 0x0000000100000000)
  eden space 4096K, 100% used [0x00000000d5580000,0x00000000d5980000,0x00000000d5980000)
  from space 3072K, 93% used [0x00000000d5a00000,0x00000000d5cd0c40,0x00000000d5d00000)
  to   space 2560K, 0% used [0x00000000d5d00000,0x00000000d5d00000,0x00000000d5f80000)
 ParOldGen       total 221184K, used 221009K [0x0000000080000000, 0x000000008d800000, 0x00000000d5580000)
  object space 221184K, 99% used [0x0000000080000000,0x000000008d7d47d8,0x000000008d800000)
 Metaspace       used 80794K, committed 82432K, reserved 1179648K
  class space    used 8905K, committed 9600K, reserved 1048576K
}
Event: 16372.908 GC heap after
{Heap after GC invocations=381 (full 3):
 PSYoungGen      total 7168K, used 2490K [0x00000000d5580000, 0x00000000d6080000, 0x0000000100000000)
  eden space 4608K, 0% used [0x00000000d5580000,0x00000000d5580000,0x00000000d5a00000)
  from space 2560K, 97% used [0x00000000d5d00000,0x00000000d5f6eb80,0x00000000d5f80000)
  to   space 3072K, 0% used [0x00000000d5a00000,0x00000000d5a00000,0x00000000d5d00000)
 ParOldGen       total 223744K, used 223553K [0x0000000080000000, 0x000000008da80000, 0x00000000d5580000)
  object space 223744K, 99% used [0x0000000080000000,0x000000008da507d8,0x000000008da80000)
 Metaspace       used 80794K, committed 82432K, reserved 1179648K
  class space    used 8905K, committed 9600K, reserved 1048576K
}
Event: 16372.930 GC heap before
{Heap before GC invocations=382 (full 3):
 PSYoungGen      total 7168K, used 7098K [0x00000000d5580000, 0x00000000d6080000, 0x0000000100000000)
  eden space 4608K, 100% used [0x00000000d5580000,0x00000000d5a00000,0x00000000d5a00000)
  from space 2560K, 97% used [0x00000000d5d00000,0x00000000d5f6eb80,0x00000000d5f80000)
  to   space 3072K, 0% used [0x00000000d5a00000,0x00000000d5a00000,0x00000000d5d00000)
 ParOldGen       total 223744K, used 223553K [0x0000000080000000, 0x000000008da80000, 0x00000000d5580000)
  object space 223744K, 99% used [0x0000000080000000,0x000000008da507d8,0x000000008da80000)
 Metaspace       used 80848K, committed 82496K, reserved 1179648K
  class space    used 8907K, committed 9600K, reserved 1048576K
}
Event: 16372.934 GC heap after
{Heap after GC invocations=382 (full 3):
 PSYoungGen      total 7680K, used 3070K [0x00000000d5580000, 0x00000000d6700000, 0x0000000100000000)
  eden space 4608K, 0% used [0x00000000d5580000,0x00000000d5580000,0x00000000d5a00000)
  from space 3072K, 99% used [0x00000000d5a00000,0x00000000d5cffa30,0x00000000d5d00000)
  to   space 6144K, 0% used [0x00000000d6100000,0x00000000d6100000,0x00000000d6700000)
 ParOldGen       total 225792K, used 225761K [0x0000000080000000, 0x000000008dc80000, 0x00000000d5580000)
  object space 225792K, 99% used [0x0000000080000000,0x000000008dc784d8,0x000000008dc80000)
 Metaspace       used 80848K, committed 82496K, reserved 1179648K
  class space    used 8907K, committed 9600K, reserved 1048576K
}
Event: 16372.983 GC heap before
{Heap before GC invocations=383 (full 3):
 PSYoungGen      total 7680K, used 7678K [0x00000000d5580000, 0x00000000d6700000, 0x0000000100000000)
  eden space 4608K, 99% used [0x00000000d5580000,0x00000000d59fff70,0x00000000d5a00000)
  from space 3072K, 99% used [0x00000000d5a00000,0x00000000d5cffa30,0x00000000d5d00000)
  to   space 6144K, 0% used [0x00000000d6100000,0x00000000d6100000,0x00000000d6700000)
 ParOldGen       total 225792K, used 225761K [0x0000000080000000, 0x000000008dc80000, 0x00000000d5580000)
  object space 225792K, 99% used [0x0000000080000000,0x000000008dc784d8,0x000000008dc80000)
 Metaspace       used 80928K, committed 82560K, reserved 1179648K
  class space    used 8917K, committed 9600K, reserved 1048576K
}
Event: 16372.987 GC heap after
{Heap after GC invocations=383 (full 3):
 PSYoungGen      total 7680K, used 2001K [0x00000000d5580000, 0x00000000d6300000, 0x0000000100000000)
  eden space 5632K, 0% used [0x00000000d5580000,0x00000000d5580000,0x00000000d5b00000)
  from space 2048K, 97% used [0x00000000d6100000,0x00000000d62f47b0,0x00000000d6300000)
  to   space 3584K, 0% used [0x00000000d5c00000,0x00000000d5c00000,0x00000000d5f80000)
 ParOldGen       total 228864K, used 228447K [0x0000000080000000, 0x000000008df80000, 0x00000000d5580000)
  object space 228864K, 99% used [0x0000000080000000,0x000000008df17ef8,0x000000008df80000)
 Metaspace       used 80928K, committed 82560K, reserved 1179648K
  class space    used 8917K, committed 9600K, reserved 1048576K
}
Event: 16372.996 GC heap before
{Heap before GC invocations=384 (full 3):
 PSYoungGen      total 7680K, used 7633K [0x00000000d5580000, 0x00000000d6300000, 0x0000000100000000)
  eden space 5632K, 100% used [0x00000000d5580000,0x00000000d5b00000,0x00000000d5b00000)
  from space 2048K, 97% used [0x00000000d6100000,0x00000000d62f47b0,0x00000000d6300000)
  to   space 3584K, 0% used [0x00000000d5c00000,0x00000000d5c00000,0x00000000d5f80000)
 ParOldGen       total 228864K, used 228447K [0x0000000080000000, 0x000000008df80000, 0x00000000d5580000)
  object space 228864K, 99% used [0x0000000080000000,0x000000008df17ef8,0x000000008df80000)
 Metaspace       used 80928K, committed 82560K, reserved 1179648K
  class space    used 8917K, committed 9600K, reserved 1048576K
}
Event: 16372.999 GC heap after
{Heap after GC invocations=384 (full 3):
 PSYoungGen      total 10240K, used 3584K [0x00000000d5580000, 0x00000000d6d80000, 0x0000000100000000)
  eden space 6656K, 0% used [0x00000000d5580000,0x00000000d5580000,0x00000000d5c00000)
  from space 3584K, 100% used [0x00000000d5c00000,0x00000000d5f80000,0x00000000d5f80000)
  to   space 8704K, 0% used [0x00000000d6500000,0x00000000d6500000,0x00000000d6d80000)
 ParOldGen       total 232448K, used 232305K [0x0000000080000000, 0x000000008e300000, 0x00000000d5580000)
  object space 232448K, 99% used [0x0000000080000000,0x000000008e2dc6a8,0x000000008e300000)
 Metaspace       used 80928K, committed 82560K, reserved 1179648K
  class space    used 8917K, committed 9600K, reserved 1048576K
}
Event: 16373.024 GC heap before
{Heap before GC invocations=385 (full 3):
 PSYoungGen      total 10240K, used 10240K [0x00000000d5580000, 0x00000000d6d80000, 0x0000000100000000)
  eden space 6656K, 100% used [0x00000000d5580000,0x00000000d5c00000,0x00000000d5c00000)
  from space 3584K, 100% used [0x00000000d5c00000,0x00000000d5f80000,0x00000000d5f80000)
  to   space 8704K, 0% used [0x00000000d6500000,0x00000000d6500000,0x00000000d6d80000)
 ParOldGen       total 232448K, used 232305K [0x0000000080000000, 0x000000008e300000, 0x00000000d5580000)
  object space 232448K, 99% used [0x0000000080000000,0x000000008e2dc6a8,0x000000008e300000)
 Metaspace       used 80928K, committed 82560K, reserved 1179648K
  class space    used 8917K, committed 9600K, reserved 1048576K
}
Event: 16373.029 GC heap after
{Heap after GC invocations=385 (full 3):
 PSYoungGen      total 14336K, used 6122K [0x00000000d5580000, 0x00000000d6b00000, 0x0000000100000000)
  eden space 8192K, 0% used [0x00000000d5580000,0x00000000d5580000,0x00000000d5d80000)
  from space 6144K, 99% used [0x00000000d6500000,0x00000000d6afa800,0x00000000d6b00000)
  to   space 6656K, 0% used [0x00000000d5e00000,0x00000000d5e00000,0x00000000d6480000)
 ParOldGen       total 236032K, used 235977K [0x0000000080000000, 0x000000008e680000, 0x00000000d5580000)
  object space 236032K, 99% used [0x0000000080000000,0x000000008e6726a8,0x000000008e680000)
 Metaspace       used 80928K, committed 82560K, reserved 1179648K
  class space    used 8917K, committed 9600K, reserved 1048576K
}
Event: 16373.818 GC heap before
{Heap before GC invocations=386 (full 3):
 PSYoungGen      total 14336K, used 14314K [0x00000000d5580000, 0x00000000d6b00000, 0x0000000100000000)
  eden space 8192K, 100% used [0x00000000d5580000,0x00000000d5d80000,0x00000000d5d80000)
  from space 6144K, 99% used [0x00000000d6500000,0x00000000d6afa800,0x00000000d6b00000)
  to   space 6656K, 0% used [0x00000000d5e00000,0x00000000d5e00000,0x00000000d6480000)
 ParOldGen       total 236032K, used 235977K [0x0000000080000000, 0x000000008e680000, 0x00000000d5580000)
  object space 236032K, 99% used [0x0000000080000000,0x000000008e6726a8,0x000000008e680000)
 Metaspace       used 80942K, committed 82560K, reserved 1179648K
  class space    used 8917K, committed 9600K, reserved 1048576K
}
Event: 16373.823 GC heap after
{Heap after GC invocations=386 (full 3):
 PSYoungGen      total 11264K, used 2894K [0x00000000d5580000, 0x00000000d6680000, 0x0000000100000000)
  eden space 8192K, 0% used [0x00000000d5580000,0x00000000d5580000,0x00000000d5d80000)
  from space 3072K, 94% used [0x00000000d5e00000,0x00000000d60d3820,0x00000000d6100000)
  to   space 4608K, 0% used [0x00000000d6200000,0x00000000d6200000,0x00000000d6680000)
 ParOldGen       total 241664K, used 241273K [0x0000000080000000, 0x000000008ec00000, 0x00000000d5580000)
  object space 241664K, 99% used [0x0000000080000000,0x000000008eb9e6a8,0x000000008ec00000)
 Metaspace       used 80942K, committed 82560K, reserved 1179648K
  class space    used 8917K, committed 9600K, reserved 1048576K
}
Event: 16380.541 GC heap before
{Heap before GC invocations=387 (full 3):
 PSYoungGen      total 11264K, used 11086K [0x00000000d5580000, 0x00000000d6680000, 0x0000000100000000)
  eden space 8192K, 100% used [0x00000000d5580000,0x00000000d5d80000,0x00000000d5d80000)
  from space 3072K, 94% used [0x00000000d5e00000,0x00000000d60d3820,0x00000000d6100000)
  to   space 4608K, 0% used [0x00000000d6200000,0x00000000d6200000,0x00000000d6680000)
 ParOldGen       total 241664K, used 241273K [0x0000000080000000, 0x000000008ec00000, 0x00000000d5580000)
  object space 241664K, 99% used [0x0000000080000000,0x000000008eb9e6a8,0x000000008ec00000)
 Metaspace       used 80986K, committed 82624K, reserved 1179648K
  class space    used 8918K, committed 9600K, reserved 1048576K
}
Event: 16380.546 GC heap after
{Heap after GC invocations=387 (full 3):
 PSYoungGen      total 8704K, used 484K [0x00000000d5580000, 0x00000000d6280000, 0x0000000100000000)
  eden space 8192K, 0% used [0x00000000d5580000,0x00000000d5580000,0x00000000d5d80000)
  from space 512K, 94% used [0x00000000d6200000,0x00000000d6279008,0x00000000d6280000)
  to   space 2048K, 0% used [0x00000000d5e80000,0x00000000d5e80000,0x00000000d6080000)
 ParOldGen       total 244224K, used 243841K [0x0000000080000000, 0x000000008ee80000, 0x00000000d5580000)
  object space 244224K, 99% used [0x0000000080000000,0x000000008ee20430,0x000000008ee80000)
 Metaspace       used 80986K, committed 82624K, reserved 1179648K
  class space    used 8918K, committed 9600K, reserved 1048576K
}
Event: 16441.412 GC heap before
{Heap before GC invocations=388 (full 3):
 PSYoungGen      total 8704K, used 8674K [0x00000000d5580000, 0x00000000d6280000, 0x0000000100000000)
  eden space 8192K, 99% used [0x00000000d5580000,0x00000000d5d7fb60,0x00000000d5d80000)
  from space 512K, 94% used [0x00000000d6200000,0x00000000d6279008,0x00000000d6280000)
  to   space 2048K, 0% used [0x00000000d5e80000,0x00000000d5e80000,0x00000000d6080000)
 ParOldGen       total 244224K, used 243841K [0x0000000080000000, 0x000000008ee80000, 0x00000000d5580000)
  object space 244224K, 99% used [0x0000000080000000,0x000000008ee20430,0x000000008ee80000)
 Metaspace       used 81015K, committed 82624K, reserved 1179648K
  class space    used 8920K, committed 9600K, reserved 1048576K
}
Event: 16441.459 GC heap after
{Heap after GC invocations=388 (full 3):
 PSYoungGen      total 10240K, used 448K [0x00000000d5580000, 0x00000000d6280000, 0x0000000100000000)
  eden space 8192K, 0% used [0x00000000d5580000,0x00000000d5580000,0x00000000d5d80000)
  from space 2048K, 21% used [0x00000000d5e80000,0x00000000d5ef0000,0x00000000d6080000)
  to   space 1024K, 0% used [0x00000000d6180000,0x00000000d6180000,0x00000000d6280000)
 ParOldGen       total 244224K, used 244065K [0x0000000080000000, 0x000000008ee80000, 0x00000000d5580000)
  object space 244224K, 99% used [0x0000000080000000,0x000000008ee58640,0x000000008ee80000)
 Metaspace       used 81015K, committed 82624K, reserved 1179648K
  class space    used 8920K, committed 9600K, reserved 1048576K
}
Event: 16471.071 GC heap before
{Heap before GC invocations=389 (full 3):
 PSYoungGen      total 10240K, used 8640K [0x00000000d5580000, 0x00000000d6280000, 0x0000000100000000)
  eden space 8192K, 100% used [0x00000000d5580000,0x00000000d5d80000,0x00000000d5d80000)
  from space 2048K, 21% used [0x00000000d5e80000,0x00000000d5ef0000,0x00000000d6080000)
  to   space 1024K, 0% used [0x00000000d6180000,0x00000000d6180000,0x00000000d6280000)
 ParOldGen       total 244224K, used 244065K [0x0000000080000000, 0x000000008ee80000, 0x00000000d5580000)
  object space 244224K, 99% used [0x0000000080000000,0x000000008ee58640,0x000000008ee80000)
 Metaspace       used 81063K, committed 82688K, reserved 1179648K
  class space    used 8920K, committed 9600K, reserved 1048576K
}
Event: 16471.122 GC heap after
{Heap after GC invocations=389 (full 3):
 PSYoungGen      total 8704K, used 448K [0x00000000d5580000, 0x00000000d6200000, 0x0000000100000000)
  eden space 8192K, 0% used [0x00000000d5580000,0x00000000d5580000,0x00000000d5d80000)
  from space 512K, 87% used [0x00000000d6180000,0x00000000d61f0000,0x00000000d6200000)
  to   space 512K, 0% used [0x00000000d6100000,0x00000000d6100000,0x00000000d6180000)
 ParOldGen       total 244224K, used 244145K [0x0000000080000000, 0x000000008ee80000, 0x00000000d5580000)
  object space 244224K, 99% used [0x0000000080000000,0x000000008ee6c640,0x000000008ee80000)
 Metaspace       used 81063K, committed 82688K, reserved 1179648K
  class space    used 8920K, committed 9600K, reserved 1048576K
}
Event: 16486.335 GC heap before
{Heap before GC invocations=390 (full 3):
 PSYoungGen      total 8704K, used 8640K [0x00000000d5580000, 0x00000000d6200000, 0x0000000100000000)
  eden space 8192K, 100% used [0x00000000d5580000,0x00000000d5d80000,0x00000000d5d80000)
  from space 512K, 87% used [0x00000000d6180000,0x00000000d61f0000,0x00000000d6200000)
  to   space 512K, 0% used [0x00000000d6100000,0x00000000d6100000,0x00000000d6180000)
 ParOldGen       total 244224K, used 244145K [0x0000000080000000, 0x000000008ee80000, 0x00000000d5580000)
  object space 244224K, 99% used [0x0000000080000000,0x000000008ee6c640,0x000000008ee80000)
 Metaspace       used 81078K, committed 82688K, reserved 1179648K
  class space    used 8920K, committed 9600K, reserved 1048576K
}
Event: 16486.342 GC heap after
{Heap after GC invocations=390 (full 3):
 PSYoungGen      total 8704K, used 448K [0x00000000d5580000, 0x00000000d6200000, 0x0000000100000000)
  eden space 8192K, 0% used [0x00000000d5580000,0x00000000d5580000,0x00000000d5d80000)
  from space 512K, 87% used [0x00000000d6100000,0x00000000d6170000,0x00000000d6180000)
  to   space 512K, 0% used [0x00000000d6180000,0x00000000d6180000,0x00000000d6200000)
 ParOldGen       total 244224K, used 244201K [0x0000000080000000, 0x000000008ee80000, 0x00000000d5580000)
  object space 244224K, 99% used [0x0000000080000000,0x000000008ee7a640,0x000000008ee80000)
 Metaspace       used 81078K, committed 82688K, reserved 1179648K
  class space    used 8920K, committed 9600K, reserved 1048576K
}

