# JRE version: OpenJDK Runtime Environment Temurin-21.0.10+7 (21.0.10+7) (build 21.0.10+7-LTS)
# Java VM: OpenJDK 64-Bit Server VM Temurin-21.0.10+7 (21.0.10+7-LTS, mixed mode, sharing, tiered, compressed oops, compressed class ptrs, parallel gc, windows-amd64)
GC Precious Log:
 CardTable entry size: 512
 CPUs: 20 total, 20 available
 Memory: 7911M
 Large Page Support: Disabled
 NUMA Support: Disabled
 Compressed Oops: Enabled (32-bit)
 Alignments: Space 512K, Generation 512K, Heap 2M
 Heap Min Capacity: 100M
 Heap Initial Capacity: 100M
 Heap Max Capacity: 2G
 Pre-touch: Disabled
 Parallel Workers: 15
Heap:
 PSYoungGen      total 22528K, used 17723K [0x00000000d5580000, 0x00000000d7780000, 0x0000000100000000)
  eden space 22016K, 78% used [0x00000000d5580000,0x00000000d664eef8,0x00000000d6b00000)
  from space 512K, 100% used [0x00000000d7700000,0x00000000d7780000,0x00000000d7780000)
  to   space 1024K, 0% used [0x00000000d7580000,0x00000000d7580000,0x00000000d7680000)
 ParOldGen       total 977408K, used 977096K [0x0000000080000000, 0x00000000bba80000, 0x00000000d5580000)
  object space 977408K, 99% used [0x0000000080000000,0x00000000bba32230,0x00000000bba80000)
 Metaspace       used 94559K, committed 96448K, reserved 1179648K
  class space    used 11815K, committed 12672K, reserved 1048576K
GC Heap History (20 events):
Event: 2481.704 GC heap before
{Heap before GC invocations=1038 (full 4):
 PSYoungGen      total 22528K, used 21909K [0x00000000d5580000, 0x00000000d7800000, 0x0000000100000000)
  eden space 22016K, 97% used [0x00000000d5580000,0x00000000d6a75600,0x00000000d6b00000)
  from space 512K, 87% used [0x00000000d7780000,0x00000000d77f0000,0x00000000d7800000)
  to   space 512K, 0% used [0x00000000d7700000,0x00000000d7700000,0x00000000d7780000)
 ParOldGen       total 974336K, used 974314K [0x0000000080000000, 0x00000000bb780000, 0x00000000d5580000)
  object space 974336K, 99% used [0x0000000080000000,0x00000000bb77abf8,0x00000000bb780000)
 Metaspace       used 94551K, committed 96448K, reserved 1179648K
  class space    used 11815K, committed 12672K, reserved 1048576K
}
Event: 2481.706 GC heap after
{Heap after GC invocations=1038 (full 4):
 PSYoungGen      total 22528K, used 448K [0x00000000d5580000, 0x00000000d7800000, 0x0000000100000000)
  eden space 22016K, 0% used [0x00000000d5580000,0x00000000d5580000,0x00000000d6b00000)
  from space 512K, 87% used [0x00000000d7700000,0x00000000d7770000,0x00000000d7780000)
  to   space 512K, 0% used [0x00000000d7780000,0x00000000d7780000,0x00000000d7800000)
 ParOldGen       total 974848K, used 974426K [0x0000000080000000, 0x00000000bb800000, 0x00000000d5580000)
  object space 974848K, 99% used [0x0000000080000000,0x00000000bb796bf8,0x00000000bb800000)
 Metaspace       used 94551K, committed 96448K, reserved 1179648K
  class space    used 11815K, committed 12672K, reserved 1048576K
}
Event: 2481.728 GC heap before
{Heap before GC invocations=1039 (full 4):
 PSYoungGen      total 22528K, used 22425K [0x00000000d5580000, 0x00000000d7800000, 0x0000000100000000)
  eden space 22016K, 99% used [0x00000000d5580000,0x00000000d6af6598,0x00000000d6b00000)
  from space 512K, 87% used [0x00000000d7700000,0x00000000d7770000,0x00000000d7780000)
  to   space 512K, 0% used [0x00000000d7780000,0x00000000d7780000,0x00000000d7800000)
 ParOldGen       total 974848K, used 974426K [0x0000000080000000, 0x00000000bb800000, 0x00000000d5580000)
  object space 974848K, 99% used [0x0000000080000000,0x00000000bb796bf8,0x00000000bb800000)
 Metaspace       used 94551K, committed 96448K, reserved 1179648K
  class space    used 11815K, committed 12672K, reserved 1048576K
}
Event: 2481.729 GC heap after
{Heap after GC invocations=1039 (full 4):
 PSYoungGen      total 22528K, used 448K [0x00000000d5580000, 0x00000000d7800000, 0x0000000100000000)
  eden space 22016K, 0% used [0x00000000d5580000,0x00000000d5580000,0x00000000d6b00000)
  from space 512K, 87% used [0x00000000d7780000,0x00000000d77f0000,0x00000000d7800000)
  to   space 512K, 0% used [0x00000000d7700000,0x00000000d7700000,0x00000000d7780000)
 ParOldGen       total 974848K, used 974562K [0x0000000080000000, 0x00000000bb800000, 0x00000000d5580000)
  object space 974848K, 99% used [0x0000000080000000,0x00000000bb7b8bf8,0x00000000bb800000)
 Metaspace       used 94551K, committed 96448K, reserved 1179648K
  class space    used 11815K, committed 12672K, reserved 1048576K
}
Event: 2481.747 GC heap before
{Heap before GC invocations=1040 (full 4):
 PSYoungGen      total 22528K, used 22198K [0x00000000d5580000, 0x00000000d7800000, 0x0000000100000000)
  eden space 22016K, 98% used [0x00000000d5580000,0x00000000d6abdb88,0x00000000d6b00000)
  from space 512K, 87% used [0x00000000d7780000,0x00000000d77f0000,0x00000000d7800000)
  to   space 512K, 0% used [0x00000000d7700000,0x00000000d7700000,0x00000000d7780000)
 ParOldGen       total 974848K, used 974562K [0x0000000080000000, 0x00000000bb800000, 0x00000000d5580000)
  object space 974848K, 99% used [0x0000000080000000,0x00000000bb7b8bf8,0x00000000bb800000)
 Metaspace       used 94551K, committed 96448K, reserved 1179648K
  class space    used 11815K, committed 12672K, reserved 1048576K
}
Event: 2481.748 GC heap after
{Heap after GC invocations=1040 (full 4):
 PSYoungGen      total 22528K, used 448K [0x00000000d5580000, 0x00000000d7800000, 0x0000000100000000)
  eden space 22016K, 0% used [0x00000000d5580000,0x00000000d5580000,0x00000000d6b00000)
  from space 512K, 87% used [0x00000000d7700000,0x00000000d7770000,0x00000000d7780000)
  to   space 512K, 0% used [0x00000000d7780000,0x00000000d7780000,0x00000000d7800000)
 ParOldGen       total 974848K, used 974709K [0x0000000080000000, 0x00000000bb800000, 0x00000000d5580000)
  object space 974848K, 99% used [0x0000000080000000,0x00000000bb7dd7b8,0x00000000bb800000)
 Metaspace       used 94551K, committed 96448K, reserved 1179648K
  class space    used 11815K, committed 12672K, reserved 1048576K
}
Event: 2481.771 GC heap before
{Heap before GC invocations=1041 (full 4):
 PSYoungGen      total 22528K, used 21750K [0x00000000d5580000, 0x00000000d7800000, 0x0000000100000000)
  eden space 22016K, 96% used [0x00000000d5580000,0x00000000d6a4db80,0x00000000d6b00000)
  from space 512K, 87% used [0x00000000d7700000,0x00000000d7770000,0x00000000d7780000)
  to   space 512K, 0% used [0x00000000d7780000,0x00000000d7780000,0x00000000d7800000)
 ParOldGen       total 974848K, used 974709K [0x0000000080000000, 0x00000000bb800000, 0x00000000d5580000)
  object space 974848K, 99% used [0x0000000080000000,0x00000000bb7dd7b8,0x00000000bb800000)
 Metaspace       used 94551K, committed 96448K, reserved 1179648K
  class space    used 11815K, committed 12672K, reserved 1048576K
}
Event: 2481.772 GC heap after
{Heap after GC invocations=1041 (full 4):
 PSYoungGen      total 22528K, used 416K [0x00000000d5580000, 0x00000000d7800000, 0x0000000100000000)
  eden space 22016K, 0% used [0x00000000d5580000,0x00000000d5580000,0x00000000d6b00000)
  from space 512K, 81% used [0x00000000d7780000,0x00000000d77e8000,0x00000000d7800000)
  to   space 512K, 0% used [0x00000000d7700000,0x00000000d7700000,0x00000000d7780000)
 ParOldGen       total 974848K, used 974805K [0x0000000080000000, 0x00000000bb800000, 0x00000000d5580000)
  object space 974848K, 99% used [0x0000000080000000,0x00000000bb7f57b8,0x00000000bb800000)
 Metaspace       used 94551K, committed 96448K, reserved 1179648K
  class space    used 11815K, committed 12672K, reserved 1048576K
}
Event: 2481.838 GC heap before
{Heap before GC invocations=1042 (full 4):
 PSYoungGen      total 22528K, used 22432K [0x00000000d5580000, 0x00000000d7800000, 0x0000000100000000)
  eden space 22016K, 100% used [0x00000000d5580000,0x00000000d6b00000,0x00000000d6b00000)
  from space 512K, 81% used [0x00000000d7780000,0x00000000d77e8000,0x00000000d7800000)
  to   space 512K, 0% used [0x00000000d7700000,0x00000000d7700000,0x00000000d7780000)
 ParOldGen       total 974848K, used 974805K [0x0000000080000000, 0x00000000bb800000, 0x00000000d5580000)
  object space 974848K, 99% used [0x0000000080000000,0x00000000bb7f57b8,0x00000000bb800000)
 Metaspace       used 94551K, committed 96448K, reserved 1179648K
  class space    used 11815K, committed 12672K, reserved 1048576K
}
Event: 2481.842 GC heap after
{Heap after GC invocations=1042 (full 4):
 PSYoungGen      total 22528K, used 512K [0x00000000d5580000, 0x00000000d7800000, 0x0000000100000000)
  eden space 22016K, 0% used [0x00000000d5580000,0x00000000d5580000,0x00000000d6b00000)
  from space 512K, 100% used [0x00000000d7700000,0x00000000d7780000,0x00000000d7780000)
  to   space 512K, 0% used [0x00000000d7780000,0x00000000d7780000,0x00000000d7800000)
 ParOldGen       total 975360K, used 974949K [0x0000000080000000, 0x00000000bb880000, 0x00000000d5580000)
  object space 975360K, 99% used [0x0000000080000000,0x00000000bb819728,0x00000000bb880000)
 Metaspace       used 94551K, committed 96448K, reserved 1179648K
  class space    used 11815K, committed 12672K, reserved 1048576K
}
Event: 2481.904 GC heap before
{Heap before GC invocations=1043 (full 4):
 PSYoungGen      total 22528K, used 22474K [0x00000000d5580000, 0x00000000d7800000, 0x0000000100000000)
  eden space 22016K, 99% used [0x00000000d5580000,0x00000000d6af2b40,0x00000000d6b00000)
  from space 512K, 100% used [0x00000000d7700000,0x00000000d7780000,0x00000000d7780000)
  to   space 512K, 0% used [0x00000000d7780000,0x00000000d7780000,0x00000000d7800000)
 ParOldGen       total 975360K, used 974949K [0x0000000080000000, 0x00000000bb880000, 0x00000000d5580000)
  object space 975360K, 99% used [0x0000000080000000,0x00000000bb819728,0x00000000bb880000)
 Metaspace       used 94551K, committed 96448K, reserved 1179648K
  class space    used 11815K, committed 12672K, reserved 1048576K
}
Event: 2481.906 GC heap after
{Heap after GC invocations=1043 (full 4):
 PSYoungGen      total 22528K, used 512K [0x00000000d5580000, 0x00000000d7800000, 0x0000000100000000)
  eden space 22016K, 0% used [0x00000000d5580000,0x00000000d5580000,0x00000000d6b00000)
  from space 512K, 100% used [0x00000000d7780000,0x00000000d7800000,0x00000000d7800000)
  to   space 1536K, 0% used [0x00000000d7500000,0x00000000d7500000,0x00000000d7680000)
 ParOldGen       total 975872K, used 975453K [0x0000000080000000, 0x00000000bb900000, 0x00000000d5580000)
  object space 975872K, 99% used [0x0000000080000000,0x00000000bb897728,0x00000000bb900000)
 Metaspace       used 94551K, committed 96448K, reserved 1179648K
  class space    used 11815K, committed 12672K, reserved 1048576K
}
Event: 2481.982 GC heap before
{Heap before GC invocations=1044 (full 4):
 PSYoungGen      total 22528K, used 22528K [0x00000000d5580000, 0x00000000d7800000, 0x0000000100000000)
  eden space 22016K, 100% used [0x00000000d5580000,0x00000000d6b00000,0x00000000d6b00000)
  from space 512K, 100% used [0x00000000d7780000,0x00000000d7800000,0x00000000d7800000)
  to   space 1536K, 0% used [0x00000000d7500000,0x00000000d7500000,0x00000000d7680000)
 ParOldGen       total 975872K, used 975453K [0x0000000080000000, 0x00000000bb900000, 0x00000000d5580000)
  object space 975872K, 99% used [0x0000000080000000,0x00000000bb897728,0x00000000bb900000)
 Metaspace       used 94555K, committed 96448K, reserved 1179648K
  class space    used 11815K, committed 12672K, reserved 1048576K
}
Event: 2481.984 GC heap after
{Heap after GC invocations=1044 (full 4):
 PSYoungGen      total 23552K, used 971K [0x00000000d5580000, 0x00000000d7800000, 0x0000000100000000)
  eden space 22016K, 0% used [0x00000000d5580000,0x00000000d5580000,0x00000000d6b00000)
  from space 1536K, 63% used [0x00000000d7500000,0x00000000d75f2e18,0x00000000d7680000)
  to   space 1024K, 0% used [0x00000000d7700000,0x00000000d7700000,0x00000000d7800000)
 ParOldGen       total 976384K, used 975935K [0x0000000080000000, 0x00000000bb980000, 0x00000000d5580000)
  object space 976384K, 99% used [0x0000000080000000,0x00000000bb90ff50,0x00000000bb980000)
 Metaspace       used 94555K, committed 96448K, reserved 1179648K
  class space    used 11815K, committed 12672K, reserved 1048576K
}
Event: 2482.019 GC heap before
{Heap before GC invocations=1045 (full 4):
 PSYoungGen      total 23552K, used 22987K [0x00000000d5580000, 0x00000000d7800000, 0x0000000100000000)
  eden space 22016K, 100% used [0x00000000d5580000,0x00000000d6b00000,0x00000000d6b00000)
  from space 1536K, 63% used [0x00000000d7500000,0x00000000d75f2e18,0x00000000d7680000)
  to   space 1024K, 0% used [0x00000000d7700000,0x00000000d7700000,0x00000000d7800000)
 ParOldGen       total 976384K, used 975935K [0x0000000080000000, 0x00000000bb980000, 0x00000000d5580000)
  object space 976384K, 99% used [0x0000000080000000,0x00000000bb90ff50,0x00000000bb980000)
 Metaspace       used 94556K, committed 96448K, reserved 1179648K
  class space    used 11815K, committed 12672K, reserved 1048576K
}
Event: 2482.021 GC heap after
{Heap after GC invocations=1045 (full 4):
 PSYoungGen      total 23040K, used 608K [0x00000000d5580000, 0x00000000d7800000, 0x0000000100000000)
  eden space 22016K, 0% used [0x00000000d5580000,0x00000000d5580000,0x00000000d6b00000)
  from space 1024K, 59% used [0x00000000d7700000,0x00000000d7798000,0x00000000d7800000)
  to   space 1024K, 0% used [0x00000000d7600000,0x00000000d7600000,0x00000000d7700000)
 ParOldGen       total 976384K, used 976331K [0x0000000080000000, 0x00000000bb980000, 0x00000000d5580000)
  object space 976384K, 99% used [0x0000000080000000,0x00000000bb972ea0,0x00000000bb980000)
 Metaspace       used 94556K, committed 96448K, reserved 1179648K
  class space    used 11815K, committed 12672K, reserved 1048576K
}
Event: 2482.062 GC heap before
{Heap before GC invocations=1046 (full 4):
 PSYoungGen      total 23040K, used 22490K [0x00000000d5580000, 0x00000000d7800000, 0x0000000100000000)
  eden space 22016K, 99% used [0x00000000d5580000,0x00000000d6ade930,0x00000000d6b00000)
  from space 1024K, 59% used [0x00000000d7700000,0x00000000d7798000,0x00000000d7800000)
  to   space 1024K, 0% used [0x00000000d7600000,0x00000000d7600000,0x00000000d7700000)
 ParOldGen       total 976384K, used 976331K [0x0000000080000000, 0x00000000bb980000, 0x00000000d5580000)
  object space 976384K, 99% used [0x0000000080000000,0x00000000bb972ea0,0x00000000bb980000)
 Metaspace       used 94556K, committed 96448K, reserved 1179648K
  class space    used 11815K, committed 12672K, reserved 1048576K
}
Event: 2482.063 GC heap after
{Heap after GC invocations=1046 (full 4):
 PSYoungGen      total 23040K, used 544K [0x00000000d5580000, 0x00000000d7780000, 0x0000000100000000)
  eden space 22016K, 0% used [0x00000000d5580000,0x00000000d5580000,0x00000000d6b00000)
  from space 1024K, 53% used [0x00000000d7600000,0x00000000d7688000,0x00000000d7700000)
  to   space 512K, 0% used [0x00000000d7700000,0x00000000d7700000,0x00000000d7780000)
 ParOldGen       total 976896K, used 976722K [0x0000000080000000, 0x00000000bba00000, 0x00000000d5580000)
  object space 976896K, 99% used [0x0000000080000000,0x00000000bb9d48f8,0x00000000bba00000)
 Metaspace       used 94556K, committed 96448K, reserved 1179648K
  class space    used 11815K, committed 12672K, reserved 1048576K
}
Event: 2482.117 GC heap before
{Heap before GC invocations=1047 (full 4):
 PSYoungGen      total 23040K, used 22525K [0x00000000d5580000, 0x00000000d7780000, 0x0000000100000000)
  eden space 22016K, 99% used [0x00000000d5580000,0x00000000d6af7568,0x00000000d6b00000)
  from space 1024K, 53% used [0x00000000d7600000,0x00000000d7688000,0x00000000d7700000)
  to   space 512K, 0% used [0x00000000d7700000,0x00000000d7700000,0x00000000d7780000)
 ParOldGen       total 976896K, used 976722K [0x0000000080000000, 0x00000000bba00000, 0x00000000d5580000)
  object space 976896K, 99% used [0x0000000080000000,0x00000000bb9d48f8,0x00000000bba00000)
 Metaspace       used 94557K, committed 96448K, reserved 1179648K
  class space    used 11815K, committed 12672K, reserved 1048576K
}
Event: 2482.121 GC heap after
{Heap after GC invocations=1047 (full 4):
 PSYoungGen      total 22528K, used 512K [0x00000000d5580000, 0x00000000d7780000, 0x0000000100000000)
  eden space 22016K, 0% used [0x00000000d5580000,0x00000000d5580000,0x00000000d6b00000)
  from space 512K, 100% used [0x00000000d7700000,0x00000000d7780000,0x00000000d7780000)
  to   space 1024K, 0% used [0x00000000d7580000,0x00000000d7580000,0x00000000d7680000)
 ParOldGen       total 977408K, used 977096K [0x0000000080000000, 0x00000000bba80000, 0x00000000d5580000)
  object space 977408K, 99% used [0x0000000080000000,0x00000000bba32230,0x00000000bba80000)
 Metaspace       used 94557K, committed 96448K, reserved 1179648K
  class space    used 11815K, committed 12672K, reserved 1048576K
}

