# JRE version: OpenJDK Runtime Environment Temurin-21.0.10+7 (21.0.10+7) (build 21.0.10+7-LTS)
# Java VM: OpenJDK 64-Bit Server VM Temurin-21.0.10+7 (21.0.10+7-LTS, mixed mode, sharing, tiered, compressed oops, compressed class ptrs, parallel gc, windows-amd64)
GC Precious Log:
 CardTable entry size: 512
 CPUs: 20 total, 20 available
 Memory: 7911M
 Large Page Support: Disabled
 NUMA Support: Disabled
 Compressed Oops: Enabled (32-bit)
 Alignments: Space 512K, Generation 512K, Heap 2M
 Heap Min Capacity: 100M
 Heap Initial Capacity: 100M
 Heap Max Capacity: 2G
 Pre-touch: Disabled
 Parallel Workers: 15
Heap:
 PSYoungGen      total 3584K, used 784K [0x00000000d5580000, 0x00000000d5e80000, 0x0000000100000000)
  eden space 3072K, 9% used [0x00000000d5580000,0x00000000d55cc180,0x00000000d5880000)
  from space 512K, 93% used [0x00000000d5d80000,0x00000000d5df8000,0x00000000d5e00000)
  to   space 512K, 0% used [0x00000000d5e00000,0x00000000d5e00000,0x00000000d5e80000)
 ParOldGen       total 88064K, used 87649K [0x0000000080000000, 0x0000000085600000, 0x00000000d5580000)
  object space 88064K, 99% used [0x0000000080000000,0x0000000085598438,0x0000000085600000)
 Metaspace       used 54409K, committed 55616K, reserved 1114112K
  class space    used 6106K, committed 6656K, reserved 1048576K
GC Heap History (20 events):
Event: 60.982 GC heap before
{Heap before GC invocations=74 (full 2):
 PSYoungGen      total 3584K, used 3520K [0x00000000d5580000, 0x00000000d6100000, 0x0000000100000000)
  eden space 3072K, 100% used [0x00000000d5580000,0x00000000d5880000,0x00000000d5880000)
  from space 512K, 87% used [0x00000000d6000000,0x00000000d6070000,0x00000000d6080000)
  to   space 512K, 0% used [0x00000000d6080000,0x00000000d6080000,0x00000000d6100000)
 ParOldGen       total 82432K, used 82384K [0x0000000080000000, 0x0000000085080000, 0x00000000d5580000)
  object space 82432K, 99% used [0x0000000080000000,0x00000000850741f0,0x0000000085080000)
 Metaspace       used 53856K, committed 55040K, reserved 1114112K
  class space    used 5986K, committed 6464K, reserved 1048576K
}
Event: 60.983 GC heap after
{Heap after GC invocations=74 (full 2):
 PSYoungGen      total 3584K, used 416K [0x00000000d5580000, 0x00000000d6100000, 0x0000000100000000)
  eden space 3072K, 0% used [0x00000000d5580000,0x00000000d5580000,0x00000000d5880000)
  from space 512K, 81% used [0x00000000d6080000,0x00000000d60e8000,0x00000000d6100000)
  to   space 512K, 0% used [0x00000000d6000000,0x00000000d6000000,0x00000000d6080000)
 ParOldGen       total 82944K, used 82552K [0x0000000080000000, 0x0000000085100000, 0x00000000d5580000)
  object space 82944K, 99% used [0x0000000080000000,0x000000008509e1f0,0x0000000085100000)
 Metaspace       used 53856K, committed 55040K, reserved 1114112K
  class space    used 5986K, committed 6464K, reserved 1048576K
}
Event: 62.110 GC heap before
{Heap before GC invocations=75 (full 2):
 PSYoungGen      total 3584K, used 3488K [0x00000000d5580000, 0x00000000d6100000, 0x0000000100000000)
  eden space 3072K, 100% used [0x00000000d5580000,0x00000000d5880000,0x00000000d5880000)
  from space 512K, 81% used [0x00000000d6080000,0x00000000d60e8000,0x00000000d6100000)
  to   space 512K, 0% used [0x00000000d6000000,0x00000000d6000000,0x00000000d6080000)
 ParOldGen       total 82944K, used 82552K [0x0000000080000000, 0x0000000085100000, 0x00000000d5580000)
  object space 82944K, 99% used [0x0000000080000000,0x000000008509e1f0,0x0000000085100000)
 Metaspace       used 53856K, committed 55040K, reserved 1114112K
  class space    used 5986K, committed 6464K, reserved 1048576K
}
Event: 62.112 GC heap after
{Heap after GC invocations=75 (full 2):
 PSYoungGen      total 3584K, used 320K [0x00000000d5580000, 0x00000000d6100000, 0x0000000100000000)
  eden space 3072K, 0% used [0x00000000d5580000,0x00000000d5580000,0x00000000d5880000)
  from space 512K, 62% used [0x00000000d6000000,0x00000000d6050000,0x00000000d6080000)
  to   space 512K, 0% used [0x00000000d6080000,0x00000000d6080000,0x00000000d6100000)
 ParOldGen       total 82944K, used 82696K [0x0000000080000000, 0x0000000085100000, 0x00000000d5580000)
  object space 82944K, 99% used [0x0000000080000000,0x00000000850c21f0,0x0000000085100000)
 Metaspace       used 53856K, committed 55040K, reserved 1114112K
  class space    used 5986K, committed 6464K, reserved 1048576K
}
Event: 63.164 GC heap before
{Heap before GC invocations=76 (full 2):
 PSYoungGen      total 3584K, used 3391K [0x00000000d5580000, 0x00000000d6100000, 0x0000000100000000)
  eden space 3072K, 99% used [0x00000000d5580000,0x00000000d587ffe0,0x00000000d5880000)
  from space 512K, 62% used [0x00000000d6000000,0x00000000d6050000,0x00000000d6080000)
  to   space 512K, 0% used [0x00000000d6080000,0x00000000d6080000,0x00000000d6100000)
 ParOldGen       total 82944K, used 82696K [0x0000000080000000, 0x0000000085100000, 0x00000000d5580000)
  object space 82944K, 99% used [0x0000000080000000,0x00000000850c21f0,0x0000000085100000)
 Metaspace       used 53856K, committed 55040K, reserved 1114112K
  class space    used 5986K, committed 6464K, reserved 1048576K
}
Event: 63.165 GC heap after
{Heap after GC invocations=76 (full 2):
 PSYoungGen      total 3584K, used 448K [0x00000000d5580000, 0x00000000d6100000, 0x0000000100000000)
  eden space 3072K, 0% used [0x00000000d5580000,0x00000000d5580000,0x00000000d5880000)
  from space 512K, 87% used [0x00000000d6080000,0x00000000d60f0000,0x00000000d6100000)
  to   space 512K, 0% used [0x00000000d6000000,0x00000000d6000000,0x00000000d6080000)
 ParOldGen       total 82944K, used 82832K [0x0000000080000000, 0x0000000085100000, 0x00000000d5580000)
  object space 82944K, 99% used [0x0000000080000000,0x00000000850e41f0,0x0000000085100000)
 Metaspace       used 53856K, committed 55040K, reserved 1114112K
  class space    used 5986K, committed 6464K, reserved 1048576K
}
Event: 64.502 GC heap before
{Heap before GC invocations=77 (full 2):
 PSYoungGen      total 3584K, used 3520K [0x00000000d5580000, 0x00000000d6100000, 0x0000000100000000)
  eden space 3072K, 100% used [0x00000000d5580000,0x00000000d5880000,0x00000000d5880000)
  from space 512K, 87% used [0x00000000d6080000,0x00000000d60f0000,0x00000000d6100000)
  to   space 512K, 0% used [0x00000000d6000000,0x00000000d6000000,0x00000000d6080000)
 ParOldGen       total 82944K, used 82832K [0x0000000080000000, 0x0000000085100000, 0x00000000d5580000)
  object space 82944K, 99% used [0x0000000080000000,0x00000000850e41f0,0x0000000085100000)
 Metaspace       used 53857K, committed 55040K, reserved 1114112K
  class space    used 5986K, committed 6464K, reserved 1048576K
}
Event: 64.504 GC heap after
{Heap after GC invocations=77 (full 2):
 PSYoungGen      total 3584K, used 448K [0x00000000d5580000, 0x00000000d6100000, 0x0000000100000000)
  eden space 3072K, 0% used [0x00000000d5580000,0x00000000d5580000,0x00000000d5880000)
  from space 512K, 87% used [0x00000000d6000000,0x00000000d6070000,0x00000000d6080000)
  to   space 512K, 0% used [0x00000000d6080000,0x00000000d6080000,0x00000000d6100000)
 ParOldGen       total 83456K, used 82968K [0x0000000080000000, 0x0000000085180000, 0x00000000d5580000)
  object space 83456K, 99% used [0x0000000080000000,0x00000000851061f0,0x0000000085180000)
 Metaspace       used 53857K, committed 55040K, reserved 1114112K
  class space    used 5986K, committed 6464K, reserved 1048576K
}
Event: 66.246 GC heap before
{Heap before GC invocations=78 (full 2):
 PSYoungGen      total 3584K, used 3505K [0x00000000d5580000, 0x00000000d6100000, 0x0000000100000000)
  eden space 3072K, 99% used [0x00000000d5580000,0x00000000d587c6a0,0x00000000d5880000)
  from space 512K, 87% used [0x00000000d6000000,0x00000000d6070000,0x00000000d6080000)
  to   space 512K, 0% used [0x00000000d6080000,0x00000000d6080000,0x00000000d6100000)
 ParOldGen       total 83456K, used 82968K [0x0000000080000000, 0x0000000085180000, 0x00000000d5580000)
  object space 83456K, 99% used [0x0000000080000000,0x00000000851061f0,0x0000000085180000)
 Metaspace       used 53858K, committed 55040K, reserved 1114112K
  class space    used 5986K, committed 6464K, reserved 1048576K
}
Event: 66.248 GC heap after
{Heap after GC invocations=78 (full 2):
 PSYoungGen      total 3584K, used 503K [0x00000000d5580000, 0x00000000d6100000, 0x0000000100000000)
  eden space 3072K, 0% used [0x00000000d5580000,0x00000000d5580000,0x00000000d5880000)
  from space 512K, 98% used [0x00000000d6080000,0x00000000d60fdfa8,0x00000000d6100000)
  to   space 1536K, 0% used [0x00000000d5e00000,0x00000000d5e00000,0x00000000d5f80000)
 ParOldGen       total 83968K, used 83559K [0x0000000080000000, 0x0000000085200000, 0x00000000d5580000)
  object space 83968K, 99% used [0x0000000080000000,0x0000000085199d48,0x0000000085200000)
 Metaspace       used 53858K, committed 55040K, reserved 1114112K
  class space    used 5986K, committed 6464K, reserved 1048576K
}
Event: 66.491 GC heap before
{Heap before GC invocations=79 (full 2):
 PSYoungGen      total 3584K, used 3575K [0x00000000d5580000, 0x00000000d6100000, 0x0000000100000000)
  eden space 3072K, 99% used [0x00000000d5580000,0x00000000d587ff58,0x00000000d5880000)
  from space 512K, 98% used [0x00000000d6080000,0x00000000d60fdfa8,0x00000000d6100000)
  to   space 1536K, 0% used [0x00000000d5e00000,0x00000000d5e00000,0x00000000d5f80000)
 ParOldGen       total 83968K, used 83559K [0x0000000080000000, 0x0000000085200000, 0x00000000d5580000)
  object space 83968K, 99% used [0x0000000080000000,0x0000000085199d48,0x0000000085200000)
 Metaspace       used 53863K, committed 55040K, reserved 1114112K
  class space    used 5986K, committed 6464K, reserved 1048576K
}
Event: 66.495 GC heap after
{Heap after GC invocations=79 (full 2):
 PSYoungGen      total 4608K, used 1375K [0x00000000d5580000, 0x00000000d6100000, 0x0000000100000000)
  eden space 3072K, 0% used [0x00000000d5580000,0x00000000d5580000,0x00000000d5880000)
  from space 1536K, 89% used [0x00000000d5e00000,0x00000000d5f57df0,0x00000000d5f80000)
  to   space 1536K, 0% used [0x00000000d5f80000,0x00000000d5f80000,0x00000000d6100000)
 ParOldGen       total 83968K, used 83931K [0x0000000080000000, 0x0000000085200000, 0x00000000d5580000)
  object space 83968K, 99% used [0x0000000080000000,0x00000000851f6f70,0x0000000085200000)
 Metaspace       used 53863K, committed 55040K, reserved 1114112K
  class space    used 5986K, committed 6464K, reserved 1048576K
}
Event: 68.809 GC heap before
{Heap before GC invocations=80 (full 2):
 PSYoungGen      total 4608K, used 4390K [0x00000000d5580000, 0x00000000d6100000, 0x0000000100000000)
  eden space 3072K, 98% used [0x00000000d5580000,0x00000000d5871be8,0x00000000d5880000)
  from space 1536K, 89% used [0x00000000d5e00000,0x00000000d5f57df0,0x00000000d5f80000)
  to   space 1536K, 0% used [0x00000000d5f80000,0x00000000d5f80000,0x00000000d6100000)
 ParOldGen       total 83968K, used 83931K [0x0000000080000000, 0x0000000085200000, 0x00000000d5580000)
  object space 83968K, 99% used [0x0000000080000000,0x00000000851f6f70,0x0000000085200000)
 Metaspace       used 53869K, committed 55040K, reserved 1114112K
  class space    used 5986K, committed 6464K, reserved 1048576K
}
Event: 68.821 GC heap after
{Heap after GC invocations=80 (full 2):
 PSYoungGen      total 4608K, used 1528K [0x00000000d5580000, 0x00000000d6100000, 0x0000000100000000)
  eden space 3072K, 0% used [0x00000000d5580000,0x00000000d5580000,0x00000000d5880000)
  from space 1536K, 99% used [0x00000000d5f80000,0x00000000d60fe3c8,0x00000000d6100000)
  to   space 3584K, 0% used [0x00000000d5a00000,0x00000000d5a00000,0x00000000d5d80000)
 ParOldGen       total 86016K, used 85555K [0x0000000080000000, 0x0000000085400000, 0x00000000d5580000)
  object space 86016K, 99% used [0x0000000080000000,0x000000008538ced8,0x0000000085400000)
 Metaspace       used 53869K, committed 55040K, reserved 1114112K
  class space    used 5986K, committed 6464K, reserved 1048576K
}
Event: 68.840 GC heap before
{Heap before GC invocations=81 (full 2):
 PSYoungGen      total 4608K, used 4600K [0x00000000d5580000, 0x00000000d6100000, 0x0000000100000000)
  eden space 3072K, 100% used [0x00000000d5580000,0x00000000d5880000,0x00000000d5880000)
  from space 1536K, 99% used [0x00000000d5f80000,0x00000000d60fe3c8,0x00000000d6100000)
  to   space 3584K, 0% used [0x00000000d5a00000,0x00000000d5a00000,0x00000000d5d80000)
 ParOldGen       total 86016K, used 85555K [0x0000000080000000, 0x0000000085400000, 0x00000000d5580000)
  object space 86016K, 99% used [0x0000000080000000,0x000000008538ced8,0x0000000085400000)
 Metaspace       used 53871K, committed 55040K, reserved 1114112K
  class space    used 5987K, committed 6464K, reserved 1048576K
}
Event: 68.849 GC heap after
{Heap after GC invocations=81 (full 2):
 PSYoungGen      total 6656K, used 654K [0x00000000d5580000, 0x00000000d6000000, 0x0000000100000000)
  eden space 3072K, 0% used [0x00000000d5580000,0x00000000d5580000,0x00000000d5880000)
  from space 3584K, 18% used [0x00000000d5a00000,0x00000000d5aa39b8,0x00000000d5d80000)
  to   space 2048K, 0% used [0x00000000d5e00000,0x00000000d5e00000,0x00000000d6000000)
 ParOldGen       total 87040K, used 86848K [0x0000000080000000, 0x0000000085500000, 0x00000000d5580000)
  object space 87040K, 99% used [0x0000000080000000,0x00000000854d03e0,0x0000000085500000)
 Metaspace       used 53871K, committed 55040K, reserved 1114112K
  class space    used 5987K, committed 6464K, reserved 1048576K
}
Event: 68.974 GC heap before
{Heap before GC invocations=82 (full 2):
 PSYoungGen      total 6656K, used 3726K [0x00000000d5580000, 0x00000000d6000000, 0x0000000100000000)
  eden space 3072K, 100% used [0x00000000d5580000,0x00000000d5880000,0x00000000d5880000)
  from space 3584K, 18% used [0x00000000d5a00000,0x00000000d5aa39b8,0x00000000d5d80000)
  to   space 2048K, 0% used [0x00000000d5e00000,0x00000000d5e00000,0x00000000d6000000)
 ParOldGen       total 87040K, used 86848K [0x0000000080000000, 0x0000000085500000, 0x00000000d5580000)
  object space 87040K, 99% used [0x0000000080000000,0x00000000854d03e0,0x0000000085500000)
 Metaspace       used 53934K, committed 55168K, reserved 1114112K
  class space    used 5995K, committed 6528K, reserved 1048576K
}
Event: 68.977 GC heap after
{Heap after GC invocations=82 (full 2):
 PSYoungGen      total 3584K, used 448K [0x00000000d5580000, 0x00000000d5e80000, 0x0000000100000000)
  eden space 3072K, 0% used [0x00000000d5580000,0x00000000d5580000,0x00000000d5880000)
  from space 512K, 87% used [0x00000000d5e00000,0x00000000d5e70000,0x00000000d5e80000)
  to   space 1024K, 0% used [0x00000000d5c80000,0x00000000d5c80000,0x00000000d5d80000)
 ParOldGen       total 87552K, used 87161K [0x0000000080000000, 0x0000000085580000, 0x00000000d5580000)
  object space 87552K, 99% used [0x0000000080000000,0x000000008551e428,0x0000000085580000)
 Metaspace       used 53934K, committed 55168K, reserved 1114112K
  class space    used 5995K, committed 6528K, reserved 1048576K
}
Event: 69.120 GC heap before
{Heap before GC invocations=83 (full 2):
 PSYoungGen      total 3584K, used 3520K [0x00000000d5580000, 0x00000000d5e80000, 0x0000000100000000)
  eden space 3072K, 100% used [0x00000000d5580000,0x00000000d5880000,0x00000000d5880000)
  from space 512K, 87% used [0x00000000d5e00000,0x00000000d5e70000,0x00000000d5e80000)
  to   space 1024K, 0% used [0x00000000d5c80000,0x00000000d5c80000,0x00000000d5d80000)
 ParOldGen       total 87552K, used 87161K [0x0000000080000000, 0x0000000085580000, 0x00000000d5580000)
  object space 87552K, 99% used [0x0000000080000000,0x000000008551e428,0x0000000085580000)
 Metaspace       used 54042K, committed 55232K, reserved 1114112K
  class space    used 6025K, committed 6528K, reserved 1048576K
}
Event: 69.123 GC heap after
{Heap after GC invocations=83 (full 2):
 PSYoungGen      total 4096K, used 448K [0x00000000d5580000, 0x00000000d5e80000, 0x0000000100000000)
  eden space 3072K, 0% used [0x00000000d5580000,0x00000000d5580000,0x00000000d5880000)
  from space 1024K, 43% used [0x00000000d5c80000,0x00000000d5cf0000,0x00000000d5d80000)
  to   space 512K, 0% used [0x00000000d5e00000,0x00000000d5e00000,0x00000000d5e80000)
 ParOldGen       total 87552K, used 87297K [0x0000000080000000, 0x0000000085580000, 0x00000000d5580000)
  object space 87552K, 99% used [0x0000000080000000,0x0000000085540428,0x0000000085580000)
 Metaspace       used 54042K, committed 55232K, reserved 1114112K
  class space    used 6025K, committed 6528K, reserved 1048576K
}

