# JRE version: OpenJDK Runtime Environment Temurin-21.0.10+7 (21.0.10+7) (build 21.0.10+7-LTS)
# Java VM: OpenJDK 64-Bit Server VM Temurin-21.0.10+7 (21.0.10+7-LTS, mixed mode, sharing, tiered, compressed oops, compressed class ptrs, parallel gc, windows-amd64)
GC Precious Log:
 CardTable entry size: 512
 CPUs: 20 total, 20 available
 Memory: 7911M
 Large Page Support: Disabled
 NUMA Support: Disabled
 Compressed Oops: Enabled (32-bit)
 Alignments: Space 512K, Generation 512K, Heap 2M
 Heap Min Capacity: 100M
 Heap Initial Capacity: 100M
 Heap Max Capacity: 2G
 Pre-touch: Disabled
 Parallel Workers: 15
Heap:
 PSYoungGen      total 23552K, used 12215K [0x00000000d5580000, 0x00000000d7100000, 0x0000000100000000)
  eden space 20480K, 46% used [0x00000000d5580000,0x00000000d5ebe9f8,0x00000000d6980000)
  from space 3072K, 89% used [0x00000000d6c00000,0x00000000d6eaf2e0,0x00000000d6f00000)
  to   space 2048K, 0% used [0x00000000d6f00000,0x00000000d6f00000,0x00000000d7100000)
 ParOldGen       total 312832K, used 312639K [0x0000000080000000, 0x0000000093180000, 0x00000000d5580000)
  object space 312832K, 99% used [0x0000000080000000,0x000000009314fd90,0x0000000093180000)
 Metaspace       used 70357K, committed 71808K, reserved 1114112K
  class space    used 8140K, committed 8832K, reserved 1048576K
GC Heap History (20 events):
Event: 41.692 GC heap before
{Heap before GC invocations=448 (full 3):
 PSYoungGen      total 18432K, used 18136K [0x00000000d5580000, 0x00000000d6d80000, 0x0000000100000000)
  eden space 14336K, 99% used [0x00000000d5580000,0x00000000d637f408,0x00000000d6380000)
  from space 4096K, 92% used [0x00000000d6980000,0x00000000d6d36c20,0x00000000d6d80000)
  to   space 4608K, 0% used [0x00000000d6480000,0x00000000d6480000,0x00000000d6900000)
 ParOldGen       total 285184K, used 285098K [0x0000000080000000, 0x0000000091680000, 0x00000000d5580000)
  object space 285184K, 99% used [0x0000000080000000,0x000000009166a978,0x0000000091680000)
 Metaspace       used 70220K, committed 71680K, reserved 1114112K
  class space    used 8136K, committed 8768K, reserved 1048576K
}
Event: 41.696 GC heap after
{Heap after GC invocations=448 (full 3):
 PSYoungGen      total 19968K, used 4608K [0x00000000d5580000, 0x00000000d7880000, 0x0000000100000000)
  eden space 15360K, 0% used [0x00000000d5580000,0x00000000d5580000,0x00000000d6480000)
  from space 4608K, 100% used [0x00000000d6480000,0x00000000d6900000,0x00000000d6900000)
  to   space 9216K, 0% used [0x00000000d6f80000,0x00000000d6f80000,0x00000000d7880000)
 ParOldGen       total 288768K, used 288606K [0x0000000080000000, 0x0000000091a00000, 0x00000000d5580000)
  object space 288768K, 99% used [0x0000000080000000,0x00000000919d79e0,0x0000000091a00000)
 Metaspace       used 70220K, committed 71680K, reserved 1114112K
  class space    used 8136K, committed 8768K, reserved 1048576K
}
Event: 41.705 GC heap before
{Heap before GC invocations=449 (full 3):
 PSYoungGen      total 19968K, used 19968K [0x00000000d5580000, 0x00000000d7880000, 0x0000000100000000)
  eden space 15360K, 100% used [0x00000000d5580000,0x00000000d6480000,0x00000000d6480000)
  from space 4608K, 100% used [0x00000000d6480000,0x00000000d6900000,0x00000000d6900000)
  to   space 9216K, 0% used [0x00000000d6f80000,0x00000000d6f80000,0x00000000d7880000)
 ParOldGen       total 288768K, used 288606K [0x0000000080000000, 0x0000000091a00000, 0x00000000d5580000)
  object space 288768K, 99% used [0x0000000080000000,0x00000000919d79e0,0x0000000091a00000)
 Metaspace       used 70223K, committed 71680K, reserved 1114112K
  class space    used 8136K, committed 8768K, reserved 1048576K
}
Event: 41.709 GC heap after
{Heap after GC invocations=449 (full 3):
 PSYoungGen      total 22528K, used 3827K [0x00000000d5580000, 0x00000000d7380000, 0x0000000100000000)
  eden space 18432K, 0% used [0x00000000d5580000,0x00000000d5580000,0x00000000d6780000)
  from space 4096K, 93% used [0x00000000d6f80000,0x00000000d733cd40,0x00000000d7380000)
  to   space 5632K, 0% used [0x00000000d6880000,0x00000000d6880000,0x00000000d6e00000)
 ParOldGen       total 293376K, used 292883K [0x0000000080000000, 0x0000000091e80000, 0x00000000d5580000)
  object space 293376K, 99% used [0x0000000080000000,0x0000000091e04c18,0x0000000091e80000)
 Metaspace       used 70223K, committed 71680K, reserved 1114112K
  class space    used 8136K, committed 8768K, reserved 1048576K
}
Event: 41.724 GC heap before
{Heap before GC invocations=450 (full 3):
 PSYoungGen      total 22528K, used 22259K [0x00000000d5580000, 0x00000000d7380000, 0x0000000100000000)
  eden space 18432K, 100% used [0x00000000d5580000,0x00000000d6780000,0x00000000d6780000)
  from space 4096K, 93% used [0x00000000d6f80000,0x00000000d733cd40,0x00000000d7380000)
  to   space 5632K, 0% used [0x00000000d6880000,0x00000000d6880000,0x00000000d6e00000)
 ParOldGen       total 293376K, used 292883K [0x0000000080000000, 0x0000000091e80000, 0x00000000d5580000)
  object space 293376K, 99% used [0x0000000080000000,0x0000000091e04c18,0x0000000091e80000)
 Metaspace       used 70223K, committed 71680K, reserved 1114112K
  class space    used 8136K, committed 8768K, reserved 1048576K
}
Event: 41.727 GC heap after
{Heap after GC invocations=450 (full 3):
 PSYoungGen      total 25088K, used 1596K [0x00000000d5580000, 0x00000000d7180000, 0x0000000100000000)
  eden space 19456K, 0% used [0x00000000d5580000,0x00000000d5580000,0x00000000d6880000)
  from space 5632K, 28% used [0x00000000d6880000,0x00000000d6a0f1f8,0x00000000d6e00000)
  to   space 3072K, 0% used [0x00000000d6e80000,0x00000000d6e80000,0x00000000d7180000)
 ParOldGen       total 295424K, used 295349K [0x0000000080000000, 0x0000000092080000, 0x00000000d5580000)
  object space 295424K, 99% used [0x0000000080000000,0x000000009206d6e8,0x0000000092080000)
 Metaspace       used 70223K, committed 71680K, reserved 1114112K
  class space    used 8136K, committed 8768K, reserved 1048576K
}
Event: 41.739 GC heap before
{Heap before GC invocations=451 (full 3):
 PSYoungGen      total 25088K, used 21052K [0x00000000d5580000, 0x00000000d7180000, 0x0000000100000000)
  eden space 19456K, 100% used [0x00000000d5580000,0x00000000d6880000,0x00000000d6880000)
  from space 5632K, 28% used [0x00000000d6880000,0x00000000d6a0f1f8,0x00000000d6e00000)
  to   space 3072K, 0% used [0x00000000d6e80000,0x00000000d6e80000,0x00000000d7180000)
 ParOldGen       total 295424K, used 295349K [0x0000000080000000, 0x0000000092080000, 0x00000000d5580000)
  object space 295424K, 99% used [0x0000000080000000,0x000000009206d6e8,0x0000000092080000)
 Metaspace       used 70229K, committed 71680K, reserved 1114112K
  class space    used 8136K, committed 8768K, reserved 1048576K
}
Event: 41.741 GC heap after
{Heap after GC invocations=451 (full 3):
 PSYoungGen      total 23552K, used 3067K [0x00000000d5580000, 0x00000000d7680000, 0x0000000100000000)
  eden space 20480K, 0% used [0x00000000d5580000,0x00000000d5580000,0x00000000d6980000)
  from space 3072K, 99% used [0x00000000d6e80000,0x00000000d717eee0,0x00000000d7180000)
  to   space 5120K, 0% used [0x00000000d6980000,0x00000000d6980000,0x00000000d6e80000)
 ParOldGen       total 296960K, used 296474K [0x0000000080000000, 0x0000000092200000, 0x00000000d5580000)
  object space 296960K, 99% used [0x0000000080000000,0x0000000092186888,0x0000000092200000)
 Metaspace       used 70229K, committed 71680K, reserved 1114112K
  class space    used 8136K, committed 8768K, reserved 1048576K
}
Event: 41.757 GC heap before
{Heap before GC invocations=452 (full 3):
 PSYoungGen      total 23552K, used 23547K [0x00000000d5580000, 0x00000000d7680000, 0x0000000100000000)
  eden space 20480K, 100% used [0x00000000d5580000,0x00000000d6980000,0x00000000d6980000)
  from space 3072K, 99% used [0x00000000d6e80000,0x00000000d717eee0,0x00000000d7180000)
  to   space 5120K, 0% used [0x00000000d6980000,0x00000000d6980000,0x00000000d6e80000)
 ParOldGen       total 296960K, used 296474K [0x0000000080000000, 0x0000000092200000, 0x00000000d5580000)
  object space 296960K, 99% used [0x0000000080000000,0x0000000092186888,0x0000000092200000)
 Metaspace       used 70238K, committed 71680K, reserved 1114112K
  class space    used 8136K, committed 8768K, reserved 1048576K
}
Event: 41.760 GC heap after
{Heap after GC invocations=452 (full 3):
 PSYoungGen      total 25600K, used 5097K [0x00000000d5580000, 0x00000000d7d80000, 0x0000000100000000)
  eden space 20480K, 0% used [0x00000000d5580000,0x00000000d5580000,0x00000000d6980000)
  from space 5120K, 99% used [0x00000000d6980000,0x00000000d6e7a588,0x00000000d6e80000)
  to   space 8192K, 0% used [0x00000000d7580000,0x00000000d7580000,0x00000000d7d80000)
 ParOldGen       total 299008K, used 298534K [0x0000000080000000, 0x0000000092400000, 0x00000000d5580000)
  object space 299008K, 99% used [0x0000000080000000,0x00000000923899e8,0x0000000092400000)
 Metaspace       used 70238K, committed 71680K, reserved 1114112K
  class space    used 8136K, committed 8768K, reserved 1048576K
}
Event: 41.773 GC heap before
{Heap before GC invocations=453 (full 3):
 PSYoungGen      total 25600K, used 25577K [0x00000000d5580000, 0x00000000d7d80000, 0x0000000100000000)
  eden space 20480K, 100% used [0x00000000d5580000,0x00000000d6980000,0x00000000d6980000)
  from space 5120K, 99% used [0x00000000d6980000,0x00000000d6e7a588,0x00000000d6e80000)
  to   space 8192K, 0% used [0x00000000d7580000,0x00000000d7580000,0x00000000d7d80000)
 ParOldGen       total 299008K, used 298534K [0x0000000080000000, 0x0000000092400000, 0x00000000d5580000)
  object space 299008K, 99% used [0x0000000080000000,0x00000000923899e8,0x0000000092400000)
 Metaspace       used 70240K, committed 71680K, reserved 1114112K
  class space    used 8136K, committed 8768K, reserved 1048576K
}
Event: 41.776 GC heap after
{Heap after GC invocations=453 (full 3):
 PSYoungGen      total 22016K, used 1239K [0x00000000d5580000, 0x00000000d7700000, 0x0000000100000000)
  eden space 20480K, 0% used [0x00000000d5580000,0x00000000d5580000,0x00000000d6980000)
  from space 1536K, 80% used [0x00000000d7580000,0x00000000d76b5e90,0x00000000d7700000)
  to   space 3584K, 0% used [0x00000000d7000000,0x00000000d7000000,0x00000000d7380000)
 ParOldGen       total 303616K, used 303185K [0x0000000080000000, 0x0000000092880000, 0x00000000d5580000)
  object space 303616K, 99% used [0x0000000080000000,0x00000000928144e0,0x0000000092880000)
 Metaspace       used 70240K, committed 71680K, reserved 1114112K
  class space    used 8136K, committed 8768K, reserved 1048576K
}
Event: 41.965 GC heap before
{Heap before GC invocations=454 (full 3):
 PSYoungGen      total 22016K, used 21719K [0x00000000d5580000, 0x00000000d7700000, 0x0000000100000000)
  eden space 20480K, 100% used [0x00000000d5580000,0x00000000d6980000,0x00000000d6980000)
  from space 1536K, 80% used [0x00000000d7580000,0x00000000d76b5e90,0x00000000d7700000)
  to   space 3584K, 0% used [0x00000000d7000000,0x00000000d7000000,0x00000000d7380000)
 ParOldGen       total 303616K, used 303185K [0x0000000080000000, 0x0000000092880000, 0x00000000d5580000)
  object space 303616K, 99% used [0x0000000080000000,0x00000000928144e0,0x0000000092880000)
 Metaspace       used 70325K, committed 71744K, reserved 1114112K
  class space    used 8136K, committed 8768K, reserved 1048576K
}
Event: 41.967 GC heap after
{Heap after GC invocations=454 (full 3):
 PSYoungGen      total 24064K, used 1964K [0x00000000d5580000, 0x00000000d7600000, 0x0000000100000000)
  eden space 20480K, 0% used [0x00000000d5580000,0x00000000d5580000,0x00000000d6980000)
  from space 3584K, 54% used [0x00000000d7000000,0x00000000d71eb390,0x00000000d7380000)
  to   space 2560K, 0% used [0x00000000d7380000,0x00000000d7380000,0x00000000d7600000)
 ParOldGen       total 303616K, used 303491K [0x0000000080000000, 0x0000000092880000, 0x00000000d5580000)
  object space 303616K, 99% used [0x0000000080000000,0x0000000092860c68,0x0000000092880000)
 Metaspace       used 70325K, committed 71744K, reserved 1114112K
  class space    used 8136K, committed 8768K, reserved 1048576K
}
Event: 42.052 GC heap before
{Heap before GC invocations=455 (full 3):
 PSYoungGen      total 24064K, used 22444K [0x00000000d5580000, 0x00000000d7600000, 0x0000000100000000)
  eden space 20480K, 100% used [0x00000000d5580000,0x00000000d6980000,0x00000000d6980000)
  from space 3584K, 54% used [0x00000000d7000000,0x00000000d71eb390,0x00000000d7380000)
  to   space 2560K, 0% used [0x00000000d7380000,0x00000000d7380000,0x00000000d7600000)
 ParOldGen       total 303616K, used 303491K [0x0000000080000000, 0x0000000092880000, 0x00000000d5580000)
  object space 303616K, 99% used [0x0000000080000000,0x0000000092860c68,0x0000000092880000)
 Metaspace       used 70342K, committed 71808K, reserved 1114112K
  class space    used 8140K, committed 8832K, reserved 1048576K
}
Event: 42.054 GC heap after
{Heap after GC invocations=455 (full 3):
 PSYoungGen      total 23040K, used 2550K [0x00000000d5580000, 0x00000000d7600000, 0x0000000100000000)
  eden space 20480K, 0% used [0x00000000d5580000,0x00000000d5580000,0x00000000d6980000)
  from space 2560K, 99% used [0x00000000d7380000,0x00000000d75fdb78,0x00000000d7600000)
  to   space 5120K, 0% used [0x00000000d6c00000,0x00000000d6c00000,0x00000000d7100000)
 ParOldGen       total 305664K, used 305188K [0x0000000080000000, 0x0000000092a80000, 0x00000000d5580000)
  object space 305664K, 99% used [0x0000000080000000,0x0000000092a091c8,0x0000000092a80000)
 Metaspace       used 70342K, committed 71808K, reserved 1114112K
  class space    used 8140K, committed 8832K, reserved 1048576K
}
Event: 42.126 GC heap before
{Heap before GC invocations=456 (full 3):
 PSYoungGen      total 23040K, used 23003K [0x00000000d5580000, 0x00000000d7600000, 0x0000000100000000)
  eden space 20480K, 99% used [0x00000000d5580000,0x00000000d6979440,0x00000000d6980000)
  from space 2560K, 99% used [0x00000000d7380000,0x00000000d75fdb78,0x00000000d7600000)
  to   space 5120K, 0% used [0x00000000d6c00000,0x00000000d6c00000,0x00000000d7100000)
 ParOldGen       total 305664K, used 305188K [0x0000000080000000, 0x0000000092a80000, 0x00000000d5580000)
  object space 305664K, 99% used [0x0000000080000000,0x0000000092a091c8,0x0000000092a80000)
 Metaspace       used 70343K, committed 71808K, reserved 1114112K
  class space    used 8140K, committed 8832K, reserved 1048576K
}
Event: 42.128 GC heap after
{Heap after GC invocations=456 (full 3):
 PSYoungGen      total 23552K, used 2702K [0x00000000d5580000, 0x00000000d7400000, 0x0000000100000000)
  eden space 20480K, 0% used [0x00000000d5580000,0x00000000d5580000,0x00000000d6980000)
  from space 3072K, 87% used [0x00000000d6c00000,0x00000000d6ea38c8,0x00000000d6f00000)
  to   space 3584K, 0% used [0x00000000d7080000,0x00000000d7080000,0x00000000d7400000)
 ParOldGen       total 307712K, used 307664K [0x0000000080000000, 0x0000000092c80000, 0x00000000d5580000)
  object space 307712K, 99% used [0x0000000080000000,0x0000000092c743c0,0x0000000092c80000)
 Metaspace       used 70343K, committed 71808K, reserved 1114112K
  class space    used 8140K, committed 8832K, reserved 1048576K
}
Event: 42.197 GC heap before
{Heap before GC invocations=457 (full 3):
 PSYoungGen      total 23552K, used 23182K [0x00000000d5580000, 0x00000000d7400000, 0x0000000100000000)
  eden space 20480K, 100% used [0x00000000d5580000,0x00000000d6980000,0x00000000d6980000)
  from space 3072K, 87% used [0x00000000d6c00000,0x00000000d6ea38c8,0x00000000d6f00000)
  to   space 3584K, 0% used [0x00000000d7080000,0x00000000d7080000,0x00000000d7400000)
 ParOldGen       total 307712K, used 307664K [0x0000000080000000, 0x0000000092c80000, 0x00000000d5580000)
  object space 307712K, 99% used [0x0000000080000000,0x0000000092c743c0,0x0000000092c80000)
 Metaspace       used 70343K, committed 71808K, reserved 1114112K
  class space    used 8140K, committed 8832K, reserved 1048576K
}
Event: 42.200 GC heap after
{Heap after GC invocations=457 (full 3):
 PSYoungGen      total 23552K, used 2664K [0x00000000d5580000, 0x00000000d7380000, 0x0000000100000000)
  eden space 20480K, 0% used [0x00000000d5580000,0x00000000d5580000,0x00000000d6980000)
  from space 3072K, 86% used [0x00000000d7080000,0x00000000d731a028,0x00000000d7380000)
  to   space 3072K, 0% used [0x00000000d6c00000,0x00000000d6c00000,0x00000000d6f00000)
 ParOldGen       total 310272K, used 310195K [0x0000000080000000, 0x0000000092f00000, 0x00000000d5580000)
  object space 310272K, 99% used [0x0000000080000000,0x0000000092eecd30,0x0000000092f00000)
 Metaspace       used 70343K, committed 71808K, reserved 1114112K
  class space    used 8140K, committed 8832K, reserved 1048576K
}

