# JRE version: OpenJDK Runtime Environment Temurin-21.0.10+7 (21.0.10+7) (build 21.0.10+7-LTS)
# Java VM: OpenJDK 64-Bit Server VM Temurin-21.0.10+7 (21.0.10+7-LTS, mixed mode, sharing, tiered, compressed oops, compressed class ptrs, parallel gc, windows-amd64)
GC Precious Log:
 CardTable entry size: 512
 CPUs: 20 total, 20 available
 Memory: 7911M
 Large Page Support: Disabled
 NUMA Support: Disabled
 Compressed Oops: Enabled (32-bit)
 Alignments: Space 512K, Generation 512K, Heap 2M
 Heap Min Capacity: 100M
 Heap Initial Capacity: 100M
 Heap Max Capacity: 2G
 Pre-touch: Disabled
 Parallel Workers: 15
Heap:
 PSYoungGen      total 8704K, used 4147K [0x00000000d5580000, 0x00000000d5f00000, 0x0000000100000000)
  eden space 7680K, 48% used [0x00000000d5580000,0x00000000d591cf90,0x00000000d5d00000)
  from space 1024K, 43% used [0x00000000d5d00000,0x00000000d5d70000,0x00000000d5e00000)
  to   space 1024K, 0% used [0x00000000d5e00000,0x00000000d5e00000,0x00000000d5f00000)
 ParOldGen       total 78336K, used 77841K [0x0000000080000000, 0x0000000084c80000, 0x00000000d5580000)
  object space 78336K, 99% used [0x0000000080000000,0x0000000084c04518,0x0000000084c80000)
 Metaspace       used 66338K, committed 67840K, reserved 1114112K
  class space    used 7797K, committed 8448K, reserved 1048576K
GC Heap History (20 events):
Event: 104.522 GC heap before
{Heap before GC invocations=75 (full 3):
 PSYoungGen      total 9216K, used 8672K [0x00000000d5580000, 0x00000000d6000000, 0x0000000100000000)
  eden space 7680K, 100% used [0x00000000d5580000,0x00000000d5d00000,0x00000000d5d00000)
  from space 1536K, 64% used [0x00000000d5d00000,0x00000000d5df8000,0x00000000d5e80000)
  to   space 1536K, 0% used [0x00000000d5e80000,0x00000000d5e80000,0x00000000d6000000)
 ParOldGen       total 70656K, used 70249K [0x0000000080000000, 0x0000000084500000, 0x00000000d5580000)
  object space 70656K, 99% used [0x0000000080000000,0x000000008449a4c8,0x0000000084500000)
 Metaspace       used 65639K, committed 67072K, reserved 1114112K
  class space    used 7748K, committed 8384K, reserved 1048576K
}
Event: 104.525 GC heap after
{Heap after GC invocations=75 (full 3):
 PSYoungGen      total 9216K, used 1252K [0x00000000d5580000, 0x00000000d6000000, 0x0000000100000000)
  eden space 7680K, 0% used [0x00000000d5580000,0x00000000d5580000,0x00000000d5d00000)
  from space 1536K, 81% used [0x00000000d5e80000,0x00000000d5fb9000,0x00000000d6000000)
  to   space 1536K, 0% used [0x00000000d5d00000,0x00000000d5d00000,0x00000000d5e80000)
 ParOldGen       total 71168K, used 70961K [0x0000000080000000, 0x0000000084580000, 0x00000000d5580000)
  object space 71168K, 99% used [0x0000000080000000,0x000000008454c4c8,0x0000000084580000)
 Metaspace       used 65639K, committed 67072K, reserved 1114112K
  class space    used 7748K, committed 8384K, reserved 1048576K
}
Event: 104.551 GC heap before
{Heap before GC invocations=76 (full 3):
 PSYoungGen      total 9216K, used 8932K [0x00000000d5580000, 0x00000000d6000000, 0x0000000100000000)
  eden space 7680K, 100% used [0x00000000d5580000,0x00000000d5d00000,0x00000000d5d00000)
  from space 1536K, 81% used [0x00000000d5e80000,0x00000000d5fb9000,0x00000000d6000000)
  to   space 1536K, 0% used [0x00000000d5d00000,0x00000000d5d00000,0x00000000d5e80000)
 ParOldGen       total 71168K, used 70961K [0x0000000080000000, 0x0000000084580000, 0x00000000d5580000)
  object space 71168K, 99% used [0x0000000080000000,0x000000008454c4c8,0x0000000084580000)
 Metaspace       used 65641K, committed 67072K, reserved 1114112K
  class space    used 7748K, committed 8384K, reserved 1048576K
}
Event: 104.553 GC heap after
{Heap after GC invocations=76 (full 3):
 PSYoungGen      total 9216K, used 1056K [0x00000000d5580000, 0x00000000d6000000, 0x0000000100000000)
  eden space 7680K, 0% used [0x00000000d5580000,0x00000000d5580000,0x00000000d5d00000)
  from space 1536K, 68% used [0x00000000d5d00000,0x00000000d5e08000,0x00000000d5e80000)
  to   space 1536K, 0% used [0x00000000d5e80000,0x00000000d5e80000,0x00000000d6000000)
 ParOldGen       total 72192K, used 71966K [0x0000000080000000, 0x0000000084680000, 0x00000000d5580000)
  object space 72192K, 99% used [0x0000000080000000,0x0000000084647af0,0x0000000084680000)
 Metaspace       used 65641K, committed 67072K, reserved 1114112K
  class space    used 7748K, committed 8384K, reserved 1048576K
}
Event: 104.576 GC heap before
{Heap before GC invocations=77 (full 3):
 PSYoungGen      total 9216K, used 8736K [0x00000000d5580000, 0x00000000d6000000, 0x0000000100000000)
  eden space 7680K, 100% used [0x00000000d5580000,0x00000000d5d00000,0x00000000d5d00000)
  from space 1536K, 68% used [0x00000000d5d00000,0x00000000d5e08000,0x00000000d5e80000)
  to   space 1536K, 0% used [0x00000000d5e80000,0x00000000d5e80000,0x00000000d6000000)
 ParOldGen       total 72192K, used 71966K [0x0000000080000000, 0x0000000084680000, 0x00000000d5580000)
  object space 72192K, 99% used [0x0000000080000000,0x0000000084647af0,0x0000000084680000)
 Metaspace       used 65644K, committed 67072K, reserved 1114112K
  class space    used 7748K, committed 8384K, reserved 1048576K
}
Event: 104.578 GC heap after
{Heap after GC invocations=77 (full 3):
 PSYoungGen      total 9216K, used 1024K [0x00000000d5580000, 0x00000000d6000000, 0x0000000100000000)
  eden space 7680K, 0% used [0x00000000d5580000,0x00000000d5580000,0x00000000d5d00000)
  from space 1536K, 66% used [0x00000000d5e80000,0x00000000d5f80000,0x00000000d6000000)
  to   space 1536K, 0% used [0x00000000d5d00000,0x00000000d5d00000,0x00000000d5e80000)
 ParOldGen       total 73216K, used 72766K [0x0000000080000000, 0x0000000084780000, 0x00000000d5580000)
  object space 73216K, 99% used [0x0000000080000000,0x000000008470faf0,0x0000000084780000)
 Metaspace       used 65644K, committed 67072K, reserved 1114112K
  class space    used 7748K, committed 8384K, reserved 1048576K
}
Event: 104.617 GC heap before
{Heap before GC invocations=78 (full 3):
 PSYoungGen      total 9216K, used 8704K [0x00000000d5580000, 0x00000000d6000000, 0x0000000100000000)
  eden space 7680K, 100% used [0x00000000d5580000,0x00000000d5d00000,0x00000000d5d00000)
  from space 1536K, 66% used [0x00000000d5e80000,0x00000000d5f80000,0x00000000d6000000)
  to   space 1536K, 0% used [0x00000000d5d00000,0x00000000d5d00000,0x00000000d5e80000)
 ParOldGen       total 73216K, used 72766K [0x0000000080000000, 0x0000000084780000, 0x00000000d5580000)
  object space 73216K, 99% used [0x0000000080000000,0x000000008470faf0,0x0000000084780000)
 Metaspace       used 65654K, committed 67200K, reserved 1114112K
  class space    used 7748K, committed 8448K, reserved 1048576K
}
Event: 104.619 GC heap after
{Heap after GC invocations=78 (full 3):
 PSYoungGen      total 9216K, used 1024K [0x00000000d5580000, 0x00000000d6000000, 0x0000000100000000)
  eden space 7680K, 0% used [0x00000000d5580000,0x00000000d5580000,0x00000000d5d00000)
  from space 1536K, 66% used [0x00000000d5d00000,0x00000000d5e00000,0x00000000d5e80000)
  to   space 1536K, 0% used [0x00000000d5e80000,0x00000000d5e80000,0x00000000d6000000)
 ParOldGen       total 73728K, used 73582K [0x0000000080000000, 0x0000000084800000, 0x00000000d5580000)
  object space 73728K, 99% used [0x0000000080000000,0x00000000847dbaf0,0x0000000084800000)
 Metaspace       used 65654K, committed 67200K, reserved 1114112K
  class space    used 7748K, committed 8448K, reserved 1048576K
}
Event: 104.662 GC heap before
{Heap before GC invocations=79 (full 3):
 PSYoungGen      total 9216K, used 8704K [0x00000000d5580000, 0x00000000d6000000, 0x0000000100000000)
  eden space 7680K, 100% used [0x00000000d5580000,0x00000000d5d00000,0x00000000d5d00000)
  from space 1536K, 66% used [0x00000000d5d00000,0x00000000d5e00000,0x00000000d5e80000)
  to   space 1536K, 0% used [0x00000000d5e80000,0x00000000d5e80000,0x00000000d6000000)
 ParOldGen       total 73728K, used 73582K [0x0000000080000000, 0x0000000084800000, 0x00000000d5580000)
  object space 73728K, 99% used [0x0000000080000000,0x00000000847dbaf0,0x0000000084800000)
 Metaspace       used 65664K, committed 67200K, reserved 1114112K
  class space    used 7748K, committed 8448K, reserved 1048576K
}
Event: 104.664 GC heap after
{Heap after GC invocations=79 (full 3):
 PSYoungGen      total 9216K, used 1216K [0x00000000d5580000, 0x00000000d6000000, 0x0000000100000000)
  eden space 7680K, 0% used [0x00000000d5580000,0x00000000d5580000,0x00000000d5d00000)
  from space 1536K, 79% used [0x00000000d5e80000,0x00000000d5fb0010,0x00000000d6000000)
  to   space 1536K, 0% used [0x00000000d5d00000,0x00000000d5d00000,0x00000000d5e80000)
 ParOldGen       total 74752K, used 74358K [0x0000000080000000, 0x0000000084900000, 0x00000000d5580000)
  object space 74752K, 99% used [0x0000000080000000,0x000000008489daf0,0x0000000084900000)
 Metaspace       used 65664K, committed 67200K, reserved 1114112K
  class space    used 7748K, committed 8448K, reserved 1048576K
}
Event: 104.703 GC heap before
{Heap before GC invocations=80 (full 3):
 PSYoungGen      total 9216K, used 8896K [0x00000000d5580000, 0x00000000d6000000, 0x0000000100000000)
  eden space 7680K, 100% used [0x00000000d5580000,0x00000000d5d00000,0x00000000d5d00000)
  from space 1536K, 79% used [0x00000000d5e80000,0x00000000d5fb0010,0x00000000d6000000)
  to   space 1536K, 0% used [0x00000000d5d00000,0x00000000d5d00000,0x00000000d5e80000)
 ParOldGen       total 74752K, used 74358K [0x0000000080000000, 0x0000000084900000, 0x00000000d5580000)
  object space 74752K, 99% used [0x0000000080000000,0x000000008489daf0,0x0000000084900000)
 Metaspace       used 65668K, committed 67200K, reserved 1114112K
  class space    used 7748K, committed 8448K, reserved 1048576K
}
Event: 104.705 GC heap after
{Heap after GC invocations=80 (full 3):
 PSYoungGen      total 9216K, used 1056K [0x00000000d5580000, 0x00000000d6000000, 0x0000000100000000)
  eden space 7680K, 0% used [0x00000000d5580000,0x00000000d5580000,0x00000000d5d00000)
  from space 1536K, 68% used [0x00000000d5d00000,0x00000000d5e08000,0x00000000d5e80000)
  to   space 1536K, 0% used [0x00000000d5e80000,0x00000000d5e80000,0x00000000d6000000)
 ParOldGen       total 75776K, used 75358K [0x0000000080000000, 0x0000000084a00000, 0x00000000d5580000)
  object space 75776K, 99% used [0x0000000080000000,0x0000000084997b00,0x0000000084a00000)
 Metaspace       used 65668K, committed 67200K, reserved 1114112K
  class space    used 7748K, committed 8448K, reserved 1048576K
}
Event: 104.782 GC heap before
{Heap before GC invocations=81 (full 3):
 PSYoungGen      total 9216K, used 8736K [0x00000000d5580000, 0x00000000d6000000, 0x0000000100000000)
  eden space 7680K, 100% used [0x00000000d5580000,0x00000000d5d00000,0x00000000d5d00000)
  from space 1536K, 68% used [0x00000000d5d00000,0x00000000d5e08000,0x00000000d5e80000)
  to   space 1536K, 0% used [0x00000000d5e80000,0x00000000d5e80000,0x00000000d6000000)
 ParOldGen       total 75776K, used 75358K [0x0000000080000000, 0x0000000084a00000, 0x00000000d5580000)
  object space 75776K, 99% used [0x0000000080000000,0x0000000084997b00,0x0000000084a00000)
 Metaspace       used 65681K, committed 67200K, reserved 1114112K
  class space    used 7748K, committed 8448K, reserved 1048576K
}
Event: 104.784 GC heap after
{Heap after GC invocations=81 (full 3):
 PSYoungGen      total 9216K, used 1048K [0x00000000d5580000, 0x00000000d6000000, 0x0000000100000000)
  eden space 7680K, 0% used [0x00000000d5580000,0x00000000d5580000,0x00000000d5d00000)
  from space 1536K, 68% used [0x00000000d5e80000,0x00000000d5f86200,0x00000000d6000000)
  to   space 1536K, 0% used [0x00000000d5d00000,0x00000000d5d00000,0x00000000d5e80000)
 ParOldGen       total 76288K, used 76150K [0x0000000080000000, 0x0000000084a80000, 0x00000000d5580000)
  object space 76288K, 99% used [0x0000000080000000,0x0000000084a5db00,0x0000000084a80000)
 Metaspace       used 65681K, committed 67200K, reserved 1114112K
  class space    used 7748K, committed 8448K, reserved 1048576K
}
Event: 104.916 GC heap before
{Heap before GC invocations=82 (full 3):
 PSYoungGen      total 9216K, used 8728K [0x00000000d5580000, 0x00000000d6000000, 0x0000000100000000)
  eden space 7680K, 100% used [0x00000000d5580000,0x00000000d5d00000,0x00000000d5d00000)
  from space 1536K, 68% used [0x00000000d5e80000,0x00000000d5f86200,0x00000000d6000000)
  to   space 1536K, 0% used [0x00000000d5d00000,0x00000000d5d00000,0x00000000d5e80000)
 ParOldGen       total 76288K, used 76150K [0x0000000080000000, 0x0000000084a80000, 0x00000000d5580000)
  object space 76288K, 99% used [0x0000000080000000,0x0000000084a5db00,0x0000000084a80000)
 Metaspace       used 66069K, committed 67520K, reserved 1114112K
  class space    used 7785K, committed 8448K, reserved 1048576K
}
Event: 104.919 GC heap after
{Heap after GC invocations=82 (full 3):
 PSYoungGen      total 8704K, used 928K [0x00000000d5580000, 0x00000000d5f00000, 0x0000000100000000)
  eden space 7680K, 0% used [0x00000000d5580000,0x00000000d5580000,0x00000000d5d00000)
  from space 1024K, 90% used [0x00000000d5d00000,0x00000000d5de8020,0x00000000d5e00000)
  to   space 1024K, 0% used [0x00000000d5e00000,0x00000000d5e00000,0x00000000d5f00000)
 ParOldGen       total 77312K, used 76919K [0x0000000080000000, 0x0000000084b80000, 0x00000000d5580000)
  object space 77312K, 99% used [0x0000000080000000,0x0000000084b1dd00,0x0000000084b80000)
 Metaspace       used 66069K, committed 67520K, reserved 1114112K
  class space    used 7785K, committed 8448K, reserved 1048576K
}
Event: 13811.678 GC heap before
{Heap before GC invocations=83 (full 3):
 PSYoungGen      total 8704K, used 8608K [0x00000000d5580000, 0x00000000d5f00000, 0x0000000100000000)
  eden space 7680K, 100% used [0x00000000d5580000,0x00000000d5d00000,0x00000000d5d00000)
  from space 1024K, 90% used [0x00000000d5d00000,0x00000000d5de8020,0x00000000d5e00000)
  to   space 1024K, 0% used [0x00000000d5e00000,0x00000000d5e00000,0x00000000d5f00000)
 ParOldGen       total 77312K, used 76919K [0x0000000080000000, 0x0000000084b80000, 0x00000000d5580000)
  object space 77312K, 99% used [0x0000000080000000,0x0000000084b1dd00,0x0000000084b80000)
 Metaspace       used 66239K, committed 67712K, reserved 1114112K
  class space    used 7792K, committed 8448K, reserved 1048576K
}
Event: 13811.762 GC heap after
{Heap after GC invocations=83 (full 3):
 PSYoungGen      total 8704K, used 736K [0x00000000d5580000, 0x00000000d5f00000, 0x0000000100000000)
  eden space 7680K, 0% used [0x00000000d5580000,0x00000000d5580000,0x00000000d5d00000)
  from space 1024K, 71% used [0x00000000d5e00000,0x00000000d5eb8010,0x00000000d5f00000)
  to   space 1024K, 0% used [0x00000000d5d00000,0x00000000d5d00000,0x00000000d5e00000)
 ParOldGen       total 77824K, used 77585K [0x0000000080000000, 0x0000000084c00000, 0x00000000d5580000)
  object space 77824K, 99% used [0x0000000080000000,0x0000000084bc4518,0x0000000084c00000)
 Metaspace       used 66239K, committed 67712K, reserved 1114112K
  class space    used 7792K, committed 8448K, reserved 1048576K
}
Event: 38252.105 GC heap before
{Heap before GC invocations=84 (full 3):
 PSYoungGen      total 8704K, used 8416K [0x00000000d5580000, 0x00000000d5f00000, 0x0000000100000000)
  eden space 7680K, 100% used [0x00000000d5580000,0x00000000d5d00000,0x00000000d5d00000)
  from space 1024K, 71% used [0x00000000d5e00000,0x00000000d5eb8010,0x00000000d5f00000)
  to   space 1024K, 0% used [0x00000000d5d00000,0x00000000d5d00000,0x00000000d5e00000)
 ParOldGen       total 77824K, used 77585K [0x0000000080000000, 0x0000000084c00000, 0x00000000d5580000)
  object space 77824K, 99% used [0x0000000080000000,0x0000000084bc4518,0x0000000084c00000)
 Metaspace       used 66316K, committed 67776K, reserved 1114112K
  class space    used 7797K, committed 8448K, reserved 1048576K
}
Event: 38252.140 GC heap after
{Heap after GC invocations=84 (full 3):
 PSYoungGen      total 8704K, used 448K [0x00000000d5580000, 0x00000000d5f00000, 0x0000000100000000)
  eden space 7680K, 0% used [0x00000000d5580000,0x00000000d5580000,0x00000000d5d00000)
  from space 1024K, 43% used [0x00000000d5d00000,0x00000000d5d70000,0x00000000d5e00000)
  to   space 1024K, 0% used [0x00000000d5e00000,0x00000000d5e00000,0x00000000d5f00000)
 ParOldGen       total 78336K, used 77841K [0x0000000080000000, 0x0000000084c80000, 0x00000000d5580000)
  object space 78336K, 99% used [0x0000000080000000,0x0000000084c04518,0x0000000084c80000)
 Metaspace       used 66316K, committed 67776K, reserved 1114112K
  class space    used 7797K, committed 8448K, reserved 1048576K
}

