# JRE version: OpenJDK Runtime Environment Temurin-21.0.10+7 (21.0.10+7) (build 21.0.10+7-LTS)
# Java VM: OpenJDK 64-Bit Server VM Temurin-21.0.10+7 (21.0.10+7-LTS, mixed mode, sharing, tiered, compressed oops, compressed class ptrs, g1 gc, windows-amd64)
GC Precious Log:
 CardTable entry size: 512
 Card Set container configuration: InlinePtr #cards 5 size 8 Array Of Cards #cards 12 size 40 Howl #buckets 4 coarsen threshold 1843 Howl Bitmap #cards 512 size 80 coarsen threshold 460 Card regions per heap region 1 cards per card region 2048
 CPUs: 20 total, 20 available
 Memory: 7911M
 Large Page Support: Disabled
 NUMA Support: Disabled
 Compressed Oops: Enabled (32-bit)
 Heap Region Size: 1M
 Heap Min Capacity: 8M
 Heap Initial Capacity: 124M
 Heap Max Capacity: 2G
 Pre-touch: Disabled
 Parallel Workers: 15
 Concurrent Workers: 4
 Concurrent Refinement Workers: 15
 Periodic GC: Disabled
Heap:
 garbage-first heap   total 92160K, used 47724K [0x0000000080000000, 0x0000000100000000)
  region size 1024K, 15 young (15360K), 5 survivors (5120K)
 Metaspace       used 47439K, committed 49280K, reserved 491520K
  class space    used 7037K, committed 7936K, reserved 425984K
GC Heap History (20 events):
Event: 1.072 GC heap before
{Heap before GC invocations=1 (full 0):
 garbage-first heap   total 126976K, used 40960K [0x0000000080000000, 0x0000000100000000)
  region size 1024K, 38 young (38912K), 2 survivors (2048K)
 Metaspace       used 4609K, committed 4800K, reserved 491520K
  class space    used 584K, committed 704K, reserved 425984K
}
Event: 1.078 GC heap after
{Heap after GC invocations=2 (full 0):
 garbage-first heap   total 126976K, used 10545K [0x0000000080000000, 0x0000000100000000)
  region size 1024K, 5 young (5120K), 5 survivors (5120K)
 Metaspace       used 4609K, committed 4800K, reserved 491520K
  class space    used 584K, committed 704K, reserved 425984K
}
Event: 1.701 GC heap before
{Heap before GC invocations=2 (full 0):
 garbage-first heap   total 126976K, used 64817K [0x0000000080000000, 0x0000000100000000)
  region size 1024K, 56 young (57344K), 5 survivors (5120K)
 Metaspace       used 6149K, committed 6336K, reserved 491520K
  class space    used 823K, committed 896K, reserved 425984K
}
Event: 1.711 GC heap after
{Heap after GC invocations=3 (full 0):
 garbage-first heap   total 126976K, used 17677K [0x0000000080000000, 0x0000000100000000)
  region size 1024K, 6 young (6144K), 6 survivors (6144K)
 Metaspace       used 6149K, committed 6336K, reserved 491520K
  class space    used 823K, committed 896K, reserved 425984K
}
Event: 4.133 GC heap before
{Heap before GC invocations=3 (full 0):
 garbage-first heap   total 126976K, used 86285K [0x0000000080000000, 0x0000000100000000)
  region size 1024K, 74 young (75776K), 6 survivors (6144K)
 Metaspace       used 18561K, committed 19136K, reserved 491520K
  class space    used 2624K, committed 2880K, reserved 425984K
}
Event: 4.140 GC heap after
{Heap after GC invocations=4 (full 0):
 garbage-first heap   total 126976K, used 23502K [0x0000000080000000, 0x0000000100000000)
  region size 1024K, 6 young (6144K), 6 survivors (6144K)
 Metaspace       used 18561K, committed 19136K, reserved 491520K
  class space    used 2624K, committed 2880K, reserved 425984K
}
Event: 4.323 GC heap before
{Heap before GC invocations=4 (full 0):
 garbage-first heap   total 126976K, used 37838K [0x0000000080000000, 0x0000000100000000)
  region size 1024K, 20 young (20480K), 6 survivors (6144K)
 Metaspace       used 20909K, committed 21504K, reserved 491520K
  class space    used 2917K, committed 3200K, reserved 425984K
}
Event: 4.327 GC heap after
{Heap after GC invocations=5 (full 0):
 garbage-first heap   total 126976K, used 23795K [0x0000000080000000, 0x0000000100000000)
  region size 1024K, 6 young (6144K), 6 survivors (6144K)
 Metaspace       used 20909K, committed 21504K, reserved 491520K
  class space    used 2917K, committed 3200K, reserved 425984K
}
Event: 7.368 GC heap before
{Heap before GC invocations=6 (full 0):
 garbage-first heap   total 81920K, used 81139K [0x0000000080000000, 0x0000000100000000)
  region size 1024K, 62 young (63488K), 6 survivors (6144K)
 Metaspace       used 28211K, committed 29184K, reserved 491520K
  class space    used 4101K, committed 4544K, reserved 425984K
}
Event: 7.373 GC heap after
{Heap after GC invocations=7 (full 0):
 garbage-first heap   total 92160K, used 26979K [0x0000000080000000, 0x0000000100000000)
  region size 1024K, 5 young (5120K), 5 survivors (5120K)
 Metaspace       used 28211K, committed 29184K, reserved 491520K
  class space    used 4101K, committed 4544K, reserved 425984K
}
Event: 7.986 GC heap before
{Heap before GC invocations=7 (full 0):
 garbage-first heap   total 92160K, used 71011K [0x0000000080000000, 0x0000000100000000)
  region size 1024K, 50 young (51200K), 5 survivors (5120K)
 Metaspace       used 34632K, committed 35968K, reserved 491520K
  class space    used 4960K, committed 5568K, reserved 425984K
}
Event: 7.991 GC heap after
{Heap after GC invocations=8 (full 0):
 garbage-first heap   total 92160K, used 30413K [0x0000000080000000, 0x0000000100000000)
  region size 1024K, 7 young (7168K), 7 survivors (7168K)
 Metaspace       used 34632K, committed 35968K, reserved 491520K
  class space    used 4960K, committed 5568K, reserved 425984K
}
Event: 8.025 GC heap before
{Heap before GC invocations=8 (full 0):
 garbage-first heap   total 92160K, used 31437K [0x0000000080000000, 0x0000000100000000)
  region size 1024K, 9 young (9216K), 7 survivors (7168K)
 Metaspace       used 34972K, committed 36288K, reserved 491520K
  class space    used 5009K, committed 5632K, reserved 425984K
}
Event: 8.028 GC heap after
{Heap after GC invocations=9 (full 0):
 garbage-first heap   total 92160K, used 30801K [0x0000000080000000, 0x0000000100000000)
  region size 1024K, 4 young (4096K), 4 survivors (4096K)
 Metaspace       used 34972K, committed 36288K, reserved 491520K
  class space    used 5009K, committed 5632K, reserved 425984K
}
Event: 8.771 GC heap before
{Heap before GC invocations=10 (full 0):
 garbage-first heap   total 92160K, used 74833K [0x0000000080000000, 0x0000000100000000)
  region size 1024K, 47 young (48128K), 4 survivors (4096K)
 Metaspace       used 39513K, committed 41152K, reserved 491520K
  class space    used 5784K, committed 6592K, reserved 425984K
}
Event: 8.775 GC heap after
{Heap after GC invocations=11 (full 0):
 garbage-first heap   total 92160K, used 33689K [0x0000000080000000, 0x0000000100000000)
  region size 1024K, 4 young (4096K), 4 survivors (4096K)
 Metaspace       used 39513K, committed 41152K, reserved 491520K
  class space    used 5784K, committed 6592K, reserved 425984K
}
Event: 9.197 GC heap before
{Heap before GC invocations=11 (full 0):
 garbage-first heap   total 92160K, used 76697K [0x0000000080000000, 0x0000000100000000)
  region size 1024K, 46 young (47104K), 4 survivors (4096K)
 Metaspace       used 41899K, committed 43648K, reserved 491520K
  class space    used 6192K, committed 7040K, reserved 425984K
}
Event: 9.200 GC heap after
{Heap after GC invocations=12 (full 0):
 garbage-first heap   total 92160K, used 35476K [0x0000000080000000, 0x0000000100000000)
  region size 1024K, 6 young (6144K), 6 survivors (6144K)
 Metaspace       used 41899K, committed 43648K, reserved 491520K
  class space    used 6192K, committed 7040K, reserved 425984K
}
Event: 10.024 GC heap before
{Heap before GC invocations=12 (full 0):
 garbage-first heap   total 92160K, used 78484K [0x0000000080000000, 0x0000000100000000)
  region size 1024K, 48 young (49152K), 6 survivors (6144K)
 Metaspace       used 46342K, committed 48128K, reserved 491520K
  class space    used 6887K, committed 7744K, reserved 425984K
}
Event: 10.028 GC heap after
{Heap after GC invocations=13 (full 0):
 garbage-first heap   total 92160K, used 38508K [0x0000000080000000, 0x0000000100000000)
  region size 1024K, 5 young (5120K), 5 survivors (5120K)
 Metaspace       used 46342K, committed 48128K, reserved 491520K
  class space    used 6887K, committed 7744K, reserved 425984K
}

