# JRE version: OpenJDK Runtime Environment Temurin-21.0.10+7 (21.0.10+7) (build 21.0.10+7-LTS)
# Java VM: OpenJDK 64-Bit Server VM Temurin-21.0.10+7 (21.0.10+7-LTS, mixed mode, sharing, tiered, compressed oops, compressed class ptrs, parallel gc, windows-amd64)
GC Precious Log:
 CardTable entry size: 512
 CPUs: 20 total, 20 available
 Memory: 7911M
 Large Page Support: Disabled
 NUMA Support: Disabled
 Compressed Oops: Enabled (32-bit)
 Alignments: Space 512K, Generation 512K, Heap 2M
 Heap Min Capacity: 100M
 Heap Initial Capacity: 100M
 Heap Max Capacity: 2G
 Pre-touch: Disabled
 Parallel Workers: 15
Heap:
 PSYoungGen      total 35328K, used 18479K [0x00000000d5580000, 0x00000000d9c80000, 0x0000000100000000)
  eden space 31744K, 46% used [0x00000000d5580000,0x00000000d6411730,0x00000000d7480000)
  from space 3584K, 99% used [0x00000000d7480000,0x00000000d77fa568,0x00000000d7800000)
  to   space 17920K, 0% used [0x00000000d8b00000,0x00000000d8b00000,0x00000000d9c80000)
 ParOldGen       total 1206272K, used 1206129K [0x0000000080000000, 0x00000000c9a00000, 0x00000000d5580000)
  object space 1206272K, 99% used [0x0000000080000000,0x00000000c99dc4a0,0x00000000c9a00000)
 Metaspace       used 94135K, committed 96064K, reserved 1179648K
  class space    used 11765K, committed 12672K, reserved 1048576K
GC Heap History (20 events):
Event: 2505.071 GC heap before
{Heap before GC invocations=8521 (full 10):
 PSYoungGen      total 25088K, used 24951K [0x00000000d5580000, 0x00000000d7c80000, 0x0000000100000000)
  eden space 20992K, 99% used [0x00000000d5580000,0x00000000d69fffe8,0x00000000d6a00000)
  from space 4096K, 96% used [0x00000000d6a00000,0x00000000d6ddde90,0x00000000d6e00000)
  to   space 7168K, 0% used [0x00000000d7580000,0x00000000d7580000,0x00000000d7c80000)
 ParOldGen       total 1160704K, used 1160578K [0x0000000080000000, 0x00000000c6d80000, 0x00000000d5580000)
  object space 1160704K, 99% used [0x0000000080000000,0x00000000c6d60898,0x00000000c6d80000)
 Metaspace       used 94135K, committed 96064K, reserved 1179648K
  class space    used 11765K, committed 12672K, reserved 1048576K
}
Event: 2505.074 GC heap after
{Heap after GC invocations=8521 (full 10):
 PSYoungGen      total 25088K, used 3904K [0x00000000d5580000, 0x00000000d7980000, 0x0000000100000000)
  eden space 20992K, 0% used [0x00000000d5580000,0x00000000d5580000,0x00000000d6a00000)
  from space 4096K, 95% used [0x00000000d7580000,0x00000000d7950320,0x00000000d7980000)
  to   space 4608K, 0% used [0x00000000d7080000,0x00000000d7080000,0x00000000d7500000)
 ParOldGen       total 1164288K, used 1164178K [0x0000000080000000, 0x00000000c7100000, 0x00000000d5580000)
  object space 1164288K, 99% used [0x0000000080000000,0x00000000c70e4898,0x00000000c7100000)
 Metaspace       used 94135K, committed 96064K, reserved 1179648K
  class space    used 11765K, committed 12672K, reserved 1048576K
}
Event: 2505.078 GC heap before
{Heap before GC invocations=8522 (full 10):
 PSYoungGen      total 25088K, used 24896K [0x00000000d5580000, 0x00000000d7980000, 0x0000000100000000)
  eden space 20992K, 100% used [0x00000000d5580000,0x00000000d6a00000,0x00000000d6a00000)
  from space 4096K, 95% used [0x00000000d7580000,0x00000000d7950320,0x00000000d7980000)
  to   space 4608K, 0% used [0x00000000d7080000,0x00000000d7080000,0x00000000d7500000)
 ParOldGen       total 1164288K, used 1164178K [0x0000000080000000, 0x00000000c7100000, 0x00000000d5580000)
  object space 1164288K, 99% used [0x0000000080000000,0x00000000c70e4898,0x00000000c7100000)
 Metaspace       used 94135K, committed 96064K, reserved 1179648K
  class space    used 11765K, committed 12672K, reserved 1048576K
}
Event: 2505.082 GC heap after
{Heap after GC invocations=8522 (full 10):
 PSYoungGen      total 30208K, used 4606K [0x00000000d5580000, 0x00000000d8180000, 0x0000000100000000)
  eden space 25600K, 0% used [0x00000000d5580000,0x00000000d5580000,0x00000000d6e80000)
  from space 4608K, 99% used [0x00000000d7080000,0x00000000d74ffa60,0x00000000d7500000)
  to   space 9728K, 0% used [0x00000000d7800000,0x00000000d7800000,0x00000000d8180000)
 ParOldGen       total 1168384K, used 1168247K [0x0000000080000000, 0x00000000c7500000, 0x00000000d5580000)
  object space 1168384K, 99% used [0x0000000080000000,0x00000000c74ddd80,0x00000000c7500000)
 Metaspace       used 94135K, committed 96064K, reserved 1179648K
  class space    used 11765K, committed 12672K, reserved 1048576K
}
Event: 2505.091 GC heap before
{Heap before GC invocations=8523 (full 10):
 PSYoungGen      total 30208K, used 30206K [0x00000000d5580000, 0x00000000d8180000, 0x0000000100000000)
  eden space 25600K, 100% used [0x00000000d5580000,0x00000000d6e80000,0x00000000d6e80000)
  from space 4608K, 99% used [0x00000000d7080000,0x00000000d74ffa60,0x00000000d7500000)
  to   space 9728K, 0% used [0x00000000d7800000,0x00000000d7800000,0x00000000d8180000)
 ParOldGen       total 1168384K, used 1168247K [0x0000000080000000, 0x00000000c7500000, 0x00000000d5580000)
  object space 1168384K, 99% used [0x0000000080000000,0x00000000c74ddd80,0x00000000c7500000)
 Metaspace       used 94135K, committed 96064K, reserved 1179648K
  class space    used 11765K, committed 12672K, reserved 1048576K
}
Event: 2505.095 GC heap after
{Heap after GC invocations=8523 (full 10):
 PSYoungGen      total 36352K, used 3520K [0x00000000d5580000, 0x00000000d7e80000, 0x0000000100000000)
  eden space 29696K, 0% used [0x00000000d5580000,0x00000000d5580000,0x00000000d7280000)
  from space 6656K, 52% used [0x00000000d7800000,0x00000000d7b70000,0x00000000d7e80000)
  to   space 5632K, 0% used [0x00000000d7280000,0x00000000d7280000,0x00000000d7800000)
 ParOldGen       total 1172992K, used 1172621K [0x0000000080000000, 0x00000000c7980000, 0x00000000d5580000)
  object space 1172992K, 99% used [0x0000000080000000,0x00000000c79237d0,0x00000000c7980000)
 Metaspace       used 94135K, committed 96064K, reserved 1179648K
  class space    used 11765K, committed 12672K, reserved 1048576K
}
Event: 2505.107 GC heap before
{Heap before GC invocations=8524 (full 10):
 PSYoungGen      total 36352K, used 33216K [0x00000000d5580000, 0x00000000d7e80000, 0x0000000100000000)
  eden space 29696K, 100% used [0x00000000d5580000,0x00000000d7280000,0x00000000d7280000)
  from space 6656K, 52% used [0x00000000d7800000,0x00000000d7b70000,0x00000000d7e80000)
  to   space 5632K, 0% used [0x00000000d7280000,0x00000000d7280000,0x00000000d7800000)
 ParOldGen       total 1172992K, used 1172621K [0x0000000080000000, 0x00000000c7980000, 0x00000000d5580000)
  object space 1172992K, 99% used [0x0000000080000000,0x00000000c79237d0,0x00000000c7980000)
 Metaspace       used 94135K, committed 96064K, reserved 1179648K
  class space    used 11765K, committed 12672K, reserved 1048576K
}
Event: 2505.110 GC heap after
{Heap after GC invocations=8524 (full 10):
 PSYoungGen      total 35328K, used 2098K [0x00000000d5580000, 0x00000000d7e80000, 0x0000000100000000)
  eden space 29696K, 0% used [0x00000000d5580000,0x00000000d5580000,0x00000000d7280000)
  from space 5632K, 37% used [0x00000000d7280000,0x00000000d748cad0,0x00000000d7800000)
  to   space 3072K, 0% used [0x00000000d7b80000,0x00000000d7b80000,0x00000000d7e80000)
 ParOldGen       total 1173504K, used 1173341K [0x0000000080000000, 0x00000000c7a00000, 0x00000000d5580000)
  object space 1173504K, 99% used [0x0000000080000000,0x00000000c79d77d0,0x00000000c7a00000)
 Metaspace       used 94135K, committed 96064K, reserved 1179648K
  class space    used 11765K, committed 12672K, reserved 1048576K
}
Event: 2505.131 GC heap before
{Heap before GC invocations=8525 (full 10):
 PSYoungGen      total 35328K, used 31794K [0x00000000d5580000, 0x00000000d7e80000, 0x0000000100000000)
  eden space 29696K, 100% used [0x00000000d5580000,0x00000000d7280000,0x00000000d7280000)
  from space 5632K, 37% used [0x00000000d7280000,0x00000000d748cad0,0x00000000d7800000)
  to   space 3072K, 0% used [0x00000000d7b80000,0x00000000d7b80000,0x00000000d7e80000)
 ParOldGen       total 1173504K, used 1173341K [0x0000000080000000, 0x00000000c7a00000, 0x00000000d5580000)
  object space 1173504K, 99% used [0x0000000080000000,0x00000000c79d77d0,0x00000000c7a00000)
 Metaspace       used 94135K, committed 96064K, reserved 1179648K
  class space    used 11765K, committed 12672K, reserved 1048576K
}
Event: 2505.495 GC heap after
{Heap after GC invocations=8525 (full 10):
 PSYoungGen      total 24064K, used 3063K [0x00000000d5580000, 0x00000000d9b80000, 0x0000000100000000)
  eden space 20992K, 0% used [0x00000000d5580000,0x00000000d5580000,0x00000000d6a00000)
  from space 3072K, 99% used [0x00000000d7b80000,0x00000000d7e7de90,0x00000000d7e80000)
  to   space 17920K, 0% used [0x00000000d6a00000,0x00000000d6a00000,0x00000000d7b80000)
 ParOldGen       total 1186304K, used 1185856K [0x0000000080000000, 0x00000000c8680000, 0x00000000d5580000)
  object space 1186304K, 99% used [0x0000000080000000,0x00000000c86102a0,0x00000000c8680000)
 Metaspace       used 94135K, committed 96064K, reserved 1179648K
  class space    used 11765K, committed 12672K, reserved 1048576K
}
Event: 2505.516 GC heap before
{Heap before GC invocations=8526 (full 10):
 PSYoungGen      total 24064K, used 24055K [0x00000000d5580000, 0x00000000d9b80000, 0x0000000100000000)
  eden space 20992K, 100% used [0x00000000d5580000,0x00000000d6a00000,0x00000000d6a00000)
  from space 3072K, 99% used [0x00000000d7b80000,0x00000000d7e7de90,0x00000000d7e80000)
  to   space 17920K, 0% used [0x00000000d6a00000,0x00000000d6a00000,0x00000000d7b80000)
 ParOldGen       total 1186304K, used 1185856K [0x0000000080000000, 0x00000000c8680000, 0x00000000d5580000)
  object space 1186304K, 99% used [0x0000000080000000,0x00000000c86102a0,0x00000000c8680000)
 Metaspace       used 94135K, committed 96064K, reserved 1179648K
  class space    used 11765K, committed 12672K, reserved 1048576K
}
Event: 2505.521 GC heap after
{Heap after GC invocations=8526 (full 10):
 PSYoungGen      total 24576K, used 3134K [0x00000000d5580000, 0x00000000d7d80000, 0x0000000100000000)
  eden space 20992K, 0% used [0x00000000d5580000,0x00000000d5580000,0x00000000d6a00000)
  from space 3584K, 87% used [0x00000000d6a00000,0x00000000d6d0f840,0x00000000d6d80000)
  to   space 7680K, 0% used [0x00000000d7600000,0x00000000d7600000,0x00000000d7d80000)
 ParOldGen       total 1186304K, used 1186168K [0x0000000080000000, 0x00000000c8680000, 0x00000000d5580000)
  object space 1186304K, 99% used [0x0000000080000000,0x00000000c865e2a0,0x00000000c8680000)
 Metaspace       used 94135K, committed 96064K, reserved 1179648K
  class space    used 11765K, committed 12672K, reserved 1048576K
}
Event: 2505.525 GC heap before
{Heap before GC invocations=8527 (full 10):
 PSYoungGen      total 24576K, used 24126K [0x00000000d5580000, 0x00000000d7d80000, 0x0000000100000000)
  eden space 20992K, 100% used [0x00000000d5580000,0x00000000d6a00000,0x00000000d6a00000)
  from space 3584K, 87% used [0x00000000d6a00000,0x00000000d6d0f840,0x00000000d6d80000)
  to   space 7680K, 0% used [0x00000000d7600000,0x00000000d7600000,0x00000000d7d80000)
 ParOldGen       total 1186304K, used 1186168K [0x0000000080000000, 0x00000000c8680000, 0x00000000d5580000)
  object space 1186304K, 99% used [0x0000000080000000,0x00000000c865e2a0,0x00000000c8680000)
 Metaspace       used 94135K, committed 96064K, reserved 1179648K
  class space    used 11765K, committed 12672K, reserved 1048576K
}
Event: 2505.527 GC heap after
{Heap after GC invocations=8527 (full 10):
 PSYoungGen      total 31232K, used 5612K [0x00000000d5580000, 0x00000000d7b80000, 0x0000000100000000)
  eden space 25600K, 0% used [0x00000000d5580000,0x00000000d5580000,0x00000000d6e80000)
  from space 5632K, 99% used [0x00000000d7600000,0x00000000d7b7b078,0x00000000d7b80000)
  to   space 6656K, 0% used [0x00000000d6e80000,0x00000000d6e80000,0x00000000d7500000)
 ParOldGen       total 1187840K, used 1187814K [0x0000000080000000, 0x00000000c8800000, 0x00000000d5580000)
  object space 1187840K, 99% used [0x0000000080000000,0x00000000c87f9a18,0x00000000c8800000)
 Metaspace       used 94135K, committed 96064K, reserved 1179648K
  class space    used 11765K, committed 12672K, reserved 1048576K
}
Event: 2505.534 GC heap before
{Heap before GC invocations=8528 (full 10):
 PSYoungGen      total 31232K, used 31212K [0x00000000d5580000, 0x00000000d7b80000, 0x0000000100000000)
  eden space 25600K, 100% used [0x00000000d5580000,0x00000000d6e80000,0x00000000d6e80000)
  from space 5632K, 99% used [0x00000000d7600000,0x00000000d7b7b078,0x00000000d7b80000)
  to   space 6656K, 0% used [0x00000000d6e80000,0x00000000d6e80000,0x00000000d7500000)
 ParOldGen       total 1187840K, used 1187814K [0x0000000080000000, 0x00000000c8800000, 0x00000000d5580000)
  object space 1187840K, 99% used [0x0000000080000000,0x00000000c87f9a18,0x00000000c8800000)
 Metaspace       used 94135K, committed 96064K, reserved 1179648K
  class space    used 11765K, committed 12672K, reserved 1048576K
}
Event: 2505.543 GC heap after
{Heap after GC invocations=8528 (full 10):
 PSYoungGen      total 32256K, used 4192K [0x00000000d5580000, 0x00000000d7d80000, 0x0000000100000000)
  eden space 25600K, 0% used [0x00000000d5580000,0x00000000d5580000,0x00000000d6e80000)
  from space 6656K, 62% used [0x00000000d6e80000,0x00000000d7298000,0x00000000d7500000)
  to   space 5120K, 0% used [0x00000000d7880000,0x00000000d7880000,0x00000000d7d80000)
 ParOldGen       total 1193472K, used 1192981K [0x0000000080000000, 0x00000000c8d80000, 0x00000000d5580000)
  object space 1193472K, 99% used [0x0000000080000000,0x00000000c8d05468,0x00000000c8d80000)
 Metaspace       used 94135K, committed 96064K, reserved 1179648K
  class space    used 11765K, committed 12672K, reserved 1048576K
}
Event: 2505.555 GC heap before
{Heap before GC invocations=8529 (full 10):
 PSYoungGen      total 32256K, used 29792K [0x00000000d5580000, 0x00000000d7d80000, 0x0000000100000000)
  eden space 25600K, 100% used [0x00000000d5580000,0x00000000d6e80000,0x00000000d6e80000)
  from space 6656K, 62% used [0x00000000d6e80000,0x00000000d7298000,0x00000000d7500000)
  to   space 5120K, 0% used [0x00000000d7880000,0x00000000d7880000,0x00000000d7d80000)
 ParOldGen       total 1193472K, used 1192981K [0x0000000080000000, 0x00000000c8d80000, 0x00000000d5580000)
  object space 1193472K, 99% used [0x0000000080000000,0x00000000c8d05468,0x00000000c8d80000)
 Metaspace       used 94135K, committed 96064K, reserved 1179648K
  class space    used 11765K, committed 12672K, reserved 1048576K
}
Event: 2505.558 GC heap after
{Heap after GC invocations=8529 (full 10):
 PSYoungGen      total 33792K, used 2864K [0x00000000d5580000, 0x00000000d7b80000, 0x0000000100000000)
  eden space 30720K, 0% used [0x00000000d5580000,0x00000000d5580000,0x00000000d7380000)
  from space 3072K, 93% used [0x00000000d7880000,0x00000000d7b4c240,0x00000000d7b80000)
  to   space 3584K, 0% used [0x00000000d7480000,0x00000000d7480000,0x00000000d7800000)
 ParOldGen       total 1194496K, used 1194093K [0x0000000080000000, 0x00000000c8e80000, 0x00000000d5580000)
  object space 1194496K, 99% used [0x0000000080000000,0x00000000c8e1b468,0x00000000c8e80000)
 Metaspace       used 94135K, committed 96064K, reserved 1179648K
  class space    used 11765K, committed 12672K, reserved 1048576K
}
Event: 2505.575 GC heap before
{Heap before GC invocations=8530 (full 10):
 PSYoungGen      total 33792K, used 33584K [0x00000000d5580000, 0x00000000d7b80000, 0x0000000100000000)
  eden space 30720K, 100% used [0x00000000d5580000,0x00000000d7380000,0x00000000d7380000)
  from space 3072K, 93% used [0x00000000d7880000,0x00000000d7b4c240,0x00000000d7b80000)
  to   space 3584K, 0% used [0x00000000d7480000,0x00000000d7480000,0x00000000d7800000)
 ParOldGen       total 1194496K, used 1194093K [0x0000000080000000, 0x00000000c8e80000, 0x00000000d5580000)
  object space 1194496K, 99% used [0x0000000080000000,0x00000000c8e1b468,0x00000000c8e80000)
 Metaspace       used 94135K, committed 96064K, reserved 1179648K
  class space    used 11765K, committed 12672K, reserved 1048576K
}
Event: 2505.582 GC heap after
{Heap after GC invocations=8530 (full 10):
 PSYoungGen      total 35328K, used 3561K [0x00000000d5580000, 0x00000000d9c80000, 0x0000000100000000)
  eden space 31744K, 0% used [0x00000000d5580000,0x00000000d5580000,0x00000000d7480000)
  from space 3584K, 99% used [0x00000000d7480000,0x00000000d77fa568,0x00000000d7800000)
  to   space 17920K, 0% used [0x00000000d8b00000,0x00000000d8b00000,0x00000000d9c80000)
 ParOldGen       total 1206272K, used 1206129K [0x0000000080000000, 0x00000000c9a00000, 0x00000000d5580000)
  object space 1206272K, 99% used [0x0000000080000000,0x00000000c99dc4a0,0x00000000c9a00000)
 Metaspace       used 94135K, committed 96064K, reserved 1179648K
  class space    used 11765K, committed 12672K, reserved 1048576K
}

