# JRE version: OpenJDK Runtime Environment Temurin-21.0.10+7 (21.0.10+7) (build 21.0.10+7-LTS)
# Java VM: OpenJDK 64-Bit Server VM Temurin-21.0.10+7 (21.0.10+7-LTS, mixed mode, sharing, tiered, compressed oops, compressed class ptrs, parallel gc, windows-amd64)
GC Precious Log:
 CardTable entry size: 512
 CPUs: 20 total, 20 available
 Memory: 7911M
 Large Page Support: Disabled
 NUMA Support: Disabled
 Compressed Oops: Enabled (32-bit)
 Alignments: Space 512K, Generation 512K, Heap 2M
 Heap Min Capacity: 100M
 Heap Initial Capacity: 100M
 Heap Max Capacity: 2G
 Pre-touch: Disabled
 Parallel Workers: 15
Heap:
 PSYoungGen      total 8192K, used 6920K [0x00000000d5580000, 0x00000000d5f80000, 0x0000000100000000)
  eden space 7680K, 83% used [0x00000000d5580000,0x00000000d5bca278,0x00000000d5d00000)
  from space 512K, 93% used [0x00000000d5e80000,0x00000000d5ef8000,0x00000000d5f00000)
  to   space 512K, 0% used [0x00000000d5f00000,0x00000000d5f00000,0x00000000d5f80000)
 ParOldGen       total 96256K, used 69979K [0x0000000080000000, 0x0000000085e00000, 0x00000000d5580000)
  object space 96256K, 72% used [0x0000000080000000,0x0000000084456f48,0x0000000085e00000)
 Metaspace       used 61302K, committed 62656K, reserved 1114112K
  class space    used 7099K, committed 7680K, reserved 1048576K
GC Heap History (20 events):
Event: 26.315 GC heap before
{Heap before GC invocations=84 (full 3):
 PSYoungGen      total 8192K, used 8160K [0x00000000d5580000, 0x00000000d5f80000, 0x0000000100000000)
  eden space 7680K, 100% used [0x00000000d5580000,0x00000000d5d00000,0x00000000d5d00000)
  from space 512K, 93% used [0x00000000d5f00000,0x00000000d5f78000,0x00000000d5f80000)
  to   space 1024K, 0% used [0x00000000d5d80000,0x00000000d5d80000,0x00000000d5e80000)
 ParOldGen       total 96256K, used 68751K [0x0000000080000000, 0x0000000085e00000, 0x00000000d5580000)
  object space 96256K, 71% used [0x0000000080000000,0x0000000084323d18,0x0000000085e00000)
 Metaspace       used 59599K, committed 60864K, reserved 1114112K
  class space    used 6877K, committed 7424K, reserved 1048576K
}
Event: 26.317 GC heap after
{Heap after GC invocations=84 (full 3):
 PSYoungGen      total 8704K, used 448K [0x00000000d5580000, 0x00000000d5f80000, 0x0000000100000000)
  eden space 7680K, 0% used [0x00000000d5580000,0x00000000d5580000,0x00000000d5d00000)
  from space 1024K, 43% used [0x00000000d5d80000,0x00000000d5df0000,0x00000000d5e80000)
  to   space 512K, 0% used [0x00000000d5f00000,0x00000000d5f00000,0x00000000d5f80000)
 ParOldGen       total 96256K, used 68975K [0x0000000080000000, 0x0000000085e00000, 0x00000000d5580000)
  object space 96256K, 71% used [0x0000000080000000,0x000000008435bd18,0x0000000085e00000)
 Metaspace       used 59599K, committed 60864K, reserved 1114112K
  class space    used 6877K, committed 7424K, reserved 1048576K
}
Event: 26.364 GC heap before
{Heap before GC invocations=85 (full 3):
 PSYoungGen      total 8704K, used 8128K [0x00000000d5580000, 0x00000000d5f80000, 0x0000000100000000)
  eden space 7680K, 100% used [0x00000000d5580000,0x00000000d5d00000,0x00000000d5d00000)
  from space 1024K, 43% used [0x00000000d5d80000,0x00000000d5df0000,0x00000000d5e80000)
  to   space 512K, 0% used [0x00000000d5f00000,0x00000000d5f00000,0x00000000d5f80000)
 ParOldGen       total 96256K, used 68975K [0x0000000080000000, 0x0000000085e00000, 0x00000000d5580000)
  object space 96256K, 71% used [0x0000000080000000,0x000000008435bd18,0x0000000085e00000)
 Metaspace       used 59698K, committed 60992K, reserved 1114112K
  class space    used 6888K, committed 7424K, reserved 1048576K
}
Event: 26.364 GC heap after
{Heap after GC invocations=85 (full 3):
 PSYoungGen      total 8192K, used 416K [0x00000000d5580000, 0x00000000d5f80000, 0x0000000100000000)
  eden space 7680K, 0% used [0x00000000d5580000,0x00000000d5580000,0x00000000d5d00000)
  from space 512K, 81% used [0x00000000d5f00000,0x00000000d5f68000,0x00000000d5f80000)
  to   space 512K, 0% used [0x00000000d5e80000,0x00000000d5e80000,0x00000000d5f00000)
 ParOldGen       total 96256K, used 69079K [0x0000000080000000, 0x0000000085e00000, 0x00000000d5580000)
  object space 96256K, 71% used [0x0000000080000000,0x0000000084375d18,0x0000000085e00000)
 Metaspace       used 59698K, committed 60992K, reserved 1114112K
  class space    used 6888K, committed 7424K, reserved 1048576K
}
Event: 26.413 GC heap before
{Heap before GC invocations=86 (full 3):
 PSYoungGen      total 8192K, used 8096K [0x00000000d5580000, 0x00000000d5f80000, 0x0000000100000000)
  eden space 7680K, 100% used [0x00000000d5580000,0x00000000d5d00000,0x00000000d5d00000)
  from space 512K, 81% used [0x00000000d5f00000,0x00000000d5f68000,0x00000000d5f80000)
  to   space 512K, 0% used [0x00000000d5e80000,0x00000000d5e80000,0x00000000d5f00000)
 ParOldGen       total 96256K, used 69079K [0x0000000080000000, 0x0000000085e00000, 0x00000000d5580000)
  object space 96256K, 71% used [0x0000000080000000,0x0000000084375d18,0x0000000085e00000)
 Metaspace       used 59703K, committed 60992K, reserved 1114112K
  class space    used 6890K, committed 7424K, reserved 1048576K
}
Event: 26.415 GC heap after
{Heap after GC invocations=86 (full 3):
 PSYoungGen      total 8192K, used 352K [0x00000000d5580000, 0x00000000d5f80000, 0x0000000100000000)
  eden space 7680K, 0% used [0x00000000d5580000,0x00000000d5580000,0x00000000d5d00000)
  from space 512K, 68% used [0x00000000d5e80000,0x00000000d5ed8000,0x00000000d5f00000)
  to   space 512K, 0% used [0x00000000d5f00000,0x00000000d5f00000,0x00000000d5f80000)
 ParOldGen       total 96256K, used 69175K [0x0000000080000000, 0x0000000085e00000, 0x00000000d5580000)
  object space 96256K, 71% used [0x0000000080000000,0x000000008438dd18,0x0000000085e00000)
 Metaspace       used 59703K, committed 60992K, reserved 1114112K
  class space    used 6890K, committed 7424K, reserved 1048576K
}
Event: 26.457 GC heap before
{Heap before GC invocations=87 (full 3):
 PSYoungGen      total 8192K, used 8032K [0x00000000d5580000, 0x00000000d5f80000, 0x0000000100000000)
  eden space 7680K, 100% used [0x00000000d5580000,0x00000000d5d00000,0x00000000d5d00000)
  from space 512K, 68% used [0x00000000d5e80000,0x00000000d5ed8000,0x00000000d5f00000)
  to   space 512K, 0% used [0x00000000d5f00000,0x00000000d5f00000,0x00000000d5f80000)
 ParOldGen       total 96256K, used 69175K [0x0000000080000000, 0x0000000085e00000, 0x00000000d5580000)
  object space 96256K, 71% used [0x0000000080000000,0x000000008438dd18,0x0000000085e00000)
 Metaspace       used 59812K, committed 61056K, reserved 1114112K
  class space    used 6906K, committed 7424K, reserved 1048576K
}
Event: 26.459 GC heap after
{Heap after GC invocations=87 (full 3):
 PSYoungGen      total 8192K, used 460K [0x00000000d5580000, 0x00000000d5f80000, 0x0000000100000000)
  eden space 7680K, 0% used [0x00000000d5580000,0x00000000d5580000,0x00000000d5d00000)
  from space 512K, 90% used [0x00000000d5f00000,0x00000000d5f733e0,0x00000000d5f80000)
  to   space 512K, 0% used [0x00000000d5e80000,0x00000000d5e80000,0x00000000d5f00000)
 ParOldGen       total 96256K, used 69311K [0x0000000080000000, 0x0000000085e00000, 0x00000000d5580000)
  object space 96256K, 72% used [0x0000000080000000,0x00000000843afc90,0x0000000085e00000)
 Metaspace       used 59812K, committed 61056K, reserved 1114112K
  class space    used 6906K, committed 7424K, reserved 1048576K
}
Event: 26.488 GC heap before
{Heap before GC invocations=88 (full 3):
 PSYoungGen      total 8192K, used 8140K [0x00000000d5580000, 0x00000000d5f80000, 0x0000000100000000)
  eden space 7680K, 99% used [0x00000000d5580000,0x00000000d5cffff8,0x00000000d5d00000)
  from space 512K, 90% used [0x00000000d5f00000,0x00000000d5f733e0,0x00000000d5f80000)
  to   space 512K, 0% used [0x00000000d5e80000,0x00000000d5e80000,0x00000000d5f00000)
 ParOldGen       total 96256K, used 69311K [0x0000000080000000, 0x0000000085e00000, 0x00000000d5580000)
  object space 96256K, 72% used [0x0000000080000000,0x00000000843afc90,0x0000000085e00000)
 Metaspace       used 60377K, committed 61696K, reserved 1114112K
  class space    used 6998K, committed 7552K, reserved 1048576K
}
Event: 26.489 GC heap after
{Heap after GC invocations=88 (full 3):
 PSYoungGen      total 8192K, used 448K [0x00000000d5580000, 0x00000000d5f80000, 0x0000000100000000)
  eden space 7680K, 0% used [0x00000000d5580000,0x00000000d5580000,0x00000000d5d00000)
  from space 512K, 87% used [0x00000000d5e80000,0x00000000d5ef0000,0x00000000d5f00000)
  to   space 512K, 0% used [0x00000000d5f00000,0x00000000d5f00000,0x00000000d5f80000)
 ParOldGen       total 96256K, used 69547K [0x0000000080000000, 0x0000000085e00000, 0x00000000d5580000)
  object space 96256K, 72% used [0x0000000080000000,0x00000000843eaf48,0x0000000085e00000)
 Metaspace       used 60377K, committed 61696K, reserved 1114112K
  class space    used 6998K, committed 7552K, reserved 1048576K
}
Event: 26.528 GC heap before
{Heap before GC invocations=89 (full 3):
 PSYoungGen      total 8192K, used 8128K [0x00000000d5580000, 0x00000000d5f80000, 0x0000000100000000)
  eden space 7680K, 100% used [0x00000000d5580000,0x00000000d5d00000,0x00000000d5d00000)
  from space 512K, 87% used [0x00000000d5e80000,0x00000000d5ef0000,0x00000000d5f00000)
  to   space 512K, 0% used [0x00000000d5f00000,0x00000000d5f00000,0x00000000d5f80000)
 ParOldGen       total 96256K, used 69547K [0x0000000080000000, 0x0000000085e00000, 0x00000000d5580000)
  object space 96256K, 72% used [0x0000000080000000,0x00000000843eaf48,0x0000000085e00000)
 Metaspace       used 60748K, committed 61952K, reserved 1114112K
  class space    used 7045K, committed 7552K, reserved 1048576K
}
Event: 26.529 GC heap after
{Heap after GC invocations=89 (full 3):
 PSYoungGen      total 8192K, used 448K [0x00000000d5580000, 0x00000000d5f80000, 0x0000000100000000)
  eden space 7680K, 0% used [0x00000000d5580000,0x00000000d5580000,0x00000000d5d00000)
  from space 512K, 87% used [0x00000000d5f00000,0x00000000d5f70000,0x00000000d5f80000)
  to   space 512K, 0% used [0x00000000d5e80000,0x00000000d5e80000,0x00000000d5f00000)
 ParOldGen       total 96256K, used 69683K [0x0000000080000000, 0x0000000085e00000, 0x00000000d5580000)
  object space 96256K, 72% used [0x0000000080000000,0x000000008440cf48,0x0000000085e00000)
 Metaspace       used 60748K, committed 61952K, reserved 1114112K
  class space    used 7045K, committed 7552K, reserved 1048576K
}
Event: 26.569 GC heap before
{Heap before GC invocations=90 (full 3):
 PSYoungGen      total 8192K, used 8128K [0x00000000d5580000, 0x00000000d5f80000, 0x0000000100000000)
  eden space 7680K, 100% used [0x00000000d5580000,0x00000000d5d00000,0x00000000d5d00000)
  from space 512K, 87% used [0x00000000d5f00000,0x00000000d5f70000,0x00000000d5f80000)
  to   space 512K, 0% used [0x00000000d5e80000,0x00000000d5e80000,0x00000000d5f00000)
 ParOldGen       total 96256K, used 69683K [0x0000000080000000, 0x0000000085e00000, 0x00000000d5580000)
  object space 96256K, 72% used [0x0000000080000000,0x000000008440cf48,0x0000000085e00000)
 Metaspace       used 60769K, committed 61952K, reserved 1114112K
  class space    used 7047K, committed 7552K, reserved 1048576K
}
Event: 26.571 GC heap after
{Heap after GC invocations=90 (full 3):
 PSYoungGen      total 8192K, used 416K [0x00000000d5580000, 0x00000000d5f80000, 0x0000000100000000)
  eden space 7680K, 0% used [0x00000000d5580000,0x00000000d5580000,0x00000000d5d00000)
  from space 512K, 81% used [0x00000000d5e80000,0x00000000d5ee8000,0x00000000d5f00000)
  to   space 512K, 0% used [0x00000000d5f00000,0x00000000d5f00000,0x00000000d5f80000)
 ParOldGen       total 96256K, used 69803K [0x0000000080000000, 0x0000000085e00000, 0x00000000d5580000)
  object space 96256K, 72% used [0x0000000080000000,0x000000008442af48,0x0000000085e00000)
 Metaspace       used 60769K, committed 61952K, reserved 1114112K
  class space    used 7047K, committed 7552K, reserved 1048576K
}
Event: 26.618 GC heap before
{Heap before GC invocations=91 (full 3):
 PSYoungGen      total 8192K, used 8096K [0x00000000d5580000, 0x00000000d5f80000, 0x0000000100000000)
  eden space 7680K, 100% used [0x00000000d5580000,0x00000000d5d00000,0x00000000d5d00000)
  from space 512K, 81% used [0x00000000d5e80000,0x00000000d5ee8000,0x00000000d5f00000)
  to   space 512K, 0% used [0x00000000d5f00000,0x00000000d5f00000,0x00000000d5f80000)
 ParOldGen       total 96256K, used 69803K [0x0000000080000000, 0x0000000085e00000, 0x00000000d5580000)
  object space 96256K, 72% used [0x0000000080000000,0x000000008442af48,0x0000000085e00000)
 Metaspace       used 60769K, committed 61952K, reserved 1114112K
  class space    used 7047K, committed 7552K, reserved 1048576K
}
Event: 26.619 GC heap after
{Heap after GC invocations=91 (full 3):
 PSYoungGen      total 8192K, used 160K [0x00000000d5580000, 0x00000000d5f80000, 0x0000000100000000)
  eden space 7680K, 0% used [0x00000000d5580000,0x00000000d5580000,0x00000000d5d00000)
  from space 512K, 31% used [0x00000000d5f00000,0x00000000d5f28000,0x00000000d5f80000)
  to   space 512K, 0% used [0x00000000d5e80000,0x00000000d5e80000,0x00000000d5f00000)
 ParOldGen       total 96256K, used 69899K [0x0000000080000000, 0x0000000085e00000, 0x00000000d5580000)
  object space 96256K, 72% used [0x0000000080000000,0x0000000084442f48,0x0000000085e00000)
 Metaspace       used 60769K, committed 61952K, reserved 1114112K
  class space    used 7047K, committed 7552K, reserved 1048576K
}
Event: 27.629 GC heap before
{Heap before GC invocations=92 (full 3):
 PSYoungGen      total 8192K, used 7840K [0x00000000d5580000, 0x00000000d5f80000, 0x0000000100000000)
  eden space 7680K, 100% used [0x00000000d5580000,0x00000000d5d00000,0x00000000d5d00000)
  from space 512K, 31% used [0x00000000d5f00000,0x00000000d5f28000,0x00000000d5f80000)
  to   space 512K, 0% used [0x00000000d5e80000,0x00000000d5e80000,0x00000000d5f00000)
 ParOldGen       total 96256K, used 69899K [0x0000000080000000, 0x0000000085e00000, 0x00000000d5580000)
  object space 96256K, 72% used [0x0000000080000000,0x0000000084442f48,0x0000000085e00000)
 Metaspace       used 60776K, committed 61952K, reserved 1114112K
  class space    used 7049K, committed 7552K, reserved 1048576K
}
Event: 27.630 GC heap after
{Heap after GC invocations=92 (full 3):
 PSYoungGen      total 8192K, used 416K [0x00000000d5580000, 0x00000000d5f80000, 0x0000000100000000)
  eden space 7680K, 0% used [0x00000000d5580000,0x00000000d5580000,0x00000000d5d00000)
  from space 512K, 81% used [0x00000000d5e80000,0x00000000d5ee8000,0x00000000d5f00000)
  to   space 512K, 0% used [0x00000000d5f00000,0x00000000d5f00000,0x00000000d5f80000)
 ParOldGen       total 96256K, used 69899K [0x0000000080000000, 0x0000000085e00000, 0x00000000d5580000)
  object space 96256K, 72% used [0x0000000080000000,0x0000000084442f48,0x0000000085e00000)
 Metaspace       used 60776K, committed 61952K, reserved 1114112K
  class space    used 7049K, committed 7552K, reserved 1048576K
}
Event: 28.642 GC heap before
{Heap before GC invocations=93 (full 3):
 PSYoungGen      total 8192K, used 8096K [0x00000000d5580000, 0x00000000d5f80000, 0x0000000100000000)
  eden space 7680K, 100% used [0x00000000d5580000,0x00000000d5d00000,0x00000000d5d00000)
  from space 512K, 81% used [0x00000000d5e80000,0x00000000d5ee8000,0x00000000d5f00000)
  to   space 512K, 0% used [0x00000000d5f00000,0x00000000d5f00000,0x00000000d5f80000)
 ParOldGen       total 96256K, used 69899K [0x0000000080000000, 0x0000000085e00000, 0x00000000d5580000)
  object space 96256K, 72% used [0x0000000080000000,0x0000000084442f48,0x0000000085e00000)
 Metaspace       used 60786K, committed 62016K, reserved 1114112K
  class space    used 7050K, committed 7552K, reserved 1048576K
}
Event: 28.643 GC heap after
{Heap after GC invocations=93 (full 3):
 PSYoungGen      total 8192K, used 448K [0x00000000d5580000, 0x00000000d5f80000, 0x0000000100000000)
  eden space 7680K, 0% used [0x00000000d5580000,0x00000000d5580000,0x00000000d5d00000)
  from space 512K, 87% used [0x00000000d5f00000,0x00000000d5f70000,0x00000000d5f80000)
  to   space 512K, 0% used [0x00000000d5e80000,0x00000000d5e80000,0x00000000d5f00000)
 ParOldGen       total 96256K, used 69931K [0x0000000080000000, 0x0000000085e00000, 0x00000000d5580000)
  object space 96256K, 72% used [0x0000000080000000,0x000000008444af48,0x0000000085e00000)
 Metaspace       used 60786K, committed 62016K, reserved 1114112K
  class space    used 7050K, committed 7552K, reserved 1048576K
}

