# JRE version: OpenJDK Runtime Environment Temurin-21.0.9+10 (21.0.9+10) (build 21.0.9+10-LTS)
# Java VM: OpenJDK 64-Bit Server VM Temurin-21.0.9+10 (21.0.9+10-LTS, mixed mode, sharing, tiered, compressed oops, compressed class ptrs, parallel gc, windows-amd64)
GC Precious Log:
 CardTable entry size: 512
 CPUs: 20 total, 20 available
 Memory: 7911M
 Large Page Support: Disabled
 NUMA Support: Disabled
 Compressed Oops: Enabled (32-bit)
 Alignments: Space 512K, Generation 512K, Heap 2M
 Heap Min Capacity: 100M
 Heap Initial Capacity: 100M
 Heap Max Capacity: 2G
 Pre-touch: Disabled
 Parallel Workers: 15
Heap:
 PSYoungGen      total 28672K, used 20578K [0x00000000d5580000, 0x00000000d7700000, 0x0000000100000000)
  eden space 21504K, 88% used [0x00000000d5580000,0x00000000d681f908,0x00000000d6a80000)
  from space 7168K, 21% used [0x00000000d6a80000,0x00000000d6bf9080,0x00000000d7180000)
  to   space 3584K, 0% used [0x00000000d7380000,0x00000000d7380000,0x00000000d7700000)
 ParOldGen       total 68608K, used 32713K [0x0000000080000000, 0x0000000084300000, 0x00000000d5580000)
  object space 68608K, 47% used [0x0000000080000000,0x0000000081ff2798,0x0000000084300000)
 Metaspace       used 19783K, committed 20544K, reserved 1114112K
  class space    used 2065K, committed 2368K, reserved 1048576K
GC Heap History (20 events):
Event: 3.034 GC heap before
{Heap before GC invocations=8 (full 0):
 PSYoungGen      total 26112K, used 25410K [0x00000000d5580000, 0x00000000d7980000, 0x0000000100000000)
  eden space 19456K, 98% used [0x00000000d5580000,0x00000000d68325e8,0x00000000d6880000)
  from space 6656K, 94% used [0x00000000d6880000,0x00000000d6e9e378,0x00000000d6f00000)
  to   space 8704K, 0% used [0x00000000d7100000,0x00000000d7100000,0x00000000d7980000)
 ParOldGen       total 68608K, used 14782K [0x0000000080000000, 0x0000000084300000, 0x00000000d5580000)
  object space 68608K, 21% used [0x0000000080000000,0x0000000080e6f9c8,0x0000000084300000)
 Metaspace       used 15793K, committed 16384K, reserved 1114112K
  class space    used 1629K, committed 1920K, reserved 1048576K
}
Event: 3.038 GC heap after
{Heap after GC invocations=8 (full 0):
 PSYoungGen      total 24064K, used 4387K [0x00000000d5580000, 0x00000000d7580000, 0x0000000100000000)
  eden space 19456K, 0% used [0x00000000d5580000,0x00000000d5580000,0x00000000d6880000)
  from space 4608K, 95% used [0x00000000d7100000,0x00000000d7548ed0,0x00000000d7580000)
  to   space 5632K, 0% used [0x00000000d6a80000,0x00000000d6a80000,0x00000000d7000000)
 ParOldGen       total 68608K, used 16822K [0x0000000080000000, 0x0000000084300000, 0x00000000d5580000)
  object space 68608K, 24% used [0x0000000080000000,0x000000008106d840,0x0000000084300000)
 Metaspace       used 15793K, committed 16384K, reserved 1114112K
  class space    used 1629K, committed 1920K, reserved 1048576K
}
Event: 3.043 GC heap before
{Heap before GC invocations=9 (full 0):
 PSYoungGen      total 24064K, used 23383K [0x00000000d5580000, 0x00000000d7580000, 0x0000000100000000)
  eden space 19456K, 97% used [0x00000000d5580000,0x00000000d680d088,0x00000000d6880000)
  from space 4608K, 95% used [0x00000000d7100000,0x00000000d7548ed0,0x00000000d7580000)
  to   space 5632K, 0% used [0x00000000d6a80000,0x00000000d6a80000,0x00000000d7000000)
 ParOldGen       total 68608K, used 16822K [0x0000000080000000, 0x0000000084300000, 0x00000000d5580000)
  object space 68608K, 24% used [0x0000000080000000,0x000000008106d840,0x0000000084300000)
 Metaspace       used 15793K, committed 16384K, reserved 1114112K
  class space    used 1629K, committed 1920K, reserved 1048576K
}
Event: 3.047 GC heap after
{Heap after GC invocations=9 (full 0):
 PSYoungGen      total 27136K, used 1040K [0x00000000d5580000, 0x00000000d7900000, 0x0000000100000000)
  eden space 21504K, 0% used [0x00000000d5580000,0x00000000d5580000,0x00000000d6a80000)
  from space 5632K, 18% used [0x00000000d6a80000,0x00000000d6b84000,0x00000000d7000000)
  to   space 2560K, 0% used [0x00000000d7680000,0x00000000d7680000,0x00000000d7900000)
 ParOldGen       total 68608K, used 20309K [0x0000000080000000, 0x0000000084300000, 0x00000000d5580000)
  object space 68608K, 29% used [0x0000000080000000,0x00000000813d5470,0x0000000084300000)
 Metaspace       used 15793K, committed 16384K, reserved 1114112K
  class space    used 1629K, committed 1920K, reserved 1048576K
}
Event: 3.053 GC heap before
{Heap before GC invocations=10 (full 0):
 PSYoungGen      total 27136K, used 22113K [0x00000000d5580000, 0x00000000d7900000, 0x0000000100000000)
  eden space 21504K, 98% used [0x00000000d5580000,0x00000000d6a147e0,0x00000000d6a80000)
  from space 5632K, 18% used [0x00000000d6a80000,0x00000000d6b84000,0x00000000d7000000)
  to   space 2560K, 0% used [0x00000000d7680000,0x00000000d7680000,0x00000000d7900000)
 ParOldGen       total 68608K, used 20309K [0x0000000080000000, 0x0000000084300000, 0x00000000d5580000)
  object space 68608K, 29% used [0x0000000080000000,0x00000000813d5470,0x0000000084300000)
 Metaspace       used 15793K, committed 16384K, reserved 1114112K
  class space    used 1629K, committed 1920K, reserved 1048576K
}
Event: 3.054 GC heap after
{Heap after GC invocations=10 (full 0):
 PSYoungGen      total 23040K, used 1160K [0x00000000d5580000, 0x00000000d7800000, 0x0000000100000000)
  eden space 21504K, 0% used [0x00000000d5580000,0x00000000d5580000,0x00000000d6a80000)
  from space 1536K, 75% used [0x00000000d7680000,0x00000000d77a2000,0x00000000d7800000)
  to   space 1536K, 0% used [0x00000000d7500000,0x00000000d7500000,0x00000000d7680000)
 ParOldGen       total 68608K, used 20317K [0x0000000080000000, 0x0000000084300000, 0x00000000d5580000)
  object space 68608K, 29% used [0x0000000080000000,0x00000000813d7470,0x0000000084300000)
 Metaspace       used 15793K, committed 16384K, reserved 1114112K
  class space    used 1629K, committed 1920K, reserved 1048576K
}
Event: 3.061 GC heap before
{Heap before GC invocations=11 (full 0):
 PSYoungGen      total 23040K, used 22511K [0x00000000d5580000, 0x00000000d7800000, 0x0000000100000000)
  eden space 21504K, 99% used [0x00000000d5580000,0x00000000d6a59f30,0x00000000d6a80000)
  from space 1536K, 75% used [0x00000000d7680000,0x00000000d77a2000,0x00000000d7800000)
  to   space 1536K, 0% used [0x00000000d7500000,0x00000000d7500000,0x00000000d7680000)
 ParOldGen       total 68608K, used 20317K [0x0000000080000000, 0x0000000084300000, 0x00000000d5580000)
  object space 68608K, 29% used [0x0000000080000000,0x00000000813d7470,0x0000000084300000)
 Metaspace       used 15793K, committed 16384K, reserved 1114112K
  class space    used 1629K, committed 1920K, reserved 1048576K
}
Event: 3.061 GC heap after
{Heap after GC invocations=11 (full 0):
 PSYoungGen      total 23040K, used 1296K [0x00000000d5580000, 0x00000000d7700000, 0x0000000100000000)
  eden space 21504K, 0% used [0x00000000d5580000,0x00000000d5580000,0x00000000d6a80000)
  from space 1536K, 84% used [0x00000000d7500000,0x00000000d7644000,0x00000000d7680000)
  to   space 512K, 0% used [0x00000000d7680000,0x00000000d7680000,0x00000000d7700000)
 ParOldGen       total 68608K, used 20317K [0x0000000080000000, 0x0000000084300000, 0x00000000d5580000)
  object space 68608K, 29% used [0x0000000080000000,0x00000000813d7470,0x0000000084300000)
 Metaspace       used 15793K, committed 16384K, reserved 1114112K
  class space    used 1629K, committed 1920K, reserved 1048576K
}
Event: 3.067 GC heap before
{Heap before GC invocations=12 (full 0):
 PSYoungGen      total 23040K, used 22107K [0x00000000d5580000, 0x00000000d7700000, 0x0000000100000000)
  eden space 21504K, 96% used [0x00000000d5580000,0x00000000d69d2e98,0x00000000d6a80000)
  from space 1536K, 84% used [0x00000000d7500000,0x00000000d7644000,0x00000000d7680000)
  to   space 512K, 0% used [0x00000000d7680000,0x00000000d7680000,0x00000000d7700000)
 ParOldGen       total 68608K, used 20317K [0x0000000080000000, 0x0000000084300000, 0x00000000d5580000)
  object space 68608K, 29% used [0x0000000080000000,0x00000000813d7470,0x0000000084300000)
 Metaspace       used 15794K, committed 16384K, reserved 1114112K
  class space    used 1629K, committed 1920K, reserved 1048576K
}
Event: 3.068 GC heap after
{Heap after GC invocations=12 (full 0):
 PSYoungGen      total 22016K, used 0K [0x00000000d5580000, 0x00000000d7700000, 0x0000000100000000)
  eden space 21504K, 0% used [0x00000000d5580000,0x00000000d5580000,0x00000000d6a80000)
  from space 512K, 0% used [0x00000000d7680000,0x00000000d7680000,0x00000000d7700000)
  to   space 512K, 0% used [0x00000000d7600000,0x00000000d7600000,0x00000000d7680000)
 ParOldGen       total 68608K, used 21733K [0x0000000080000000, 0x0000000084300000, 0x00000000d5580000)
  object space 68608K, 31% used [0x0000000080000000,0x0000000081539470,0x0000000084300000)
 Metaspace       used 15794K, committed 16384K, reserved 1114112K
  class space    used 1629K, committed 1920K, reserved 1048576K
}
Event: 3.073 GC heap before
{Heap before GC invocations=13 (full 0):
 PSYoungGen      total 22016K, used 21126K [0x00000000d5580000, 0x00000000d7700000, 0x0000000100000000)
  eden space 21504K, 98% used [0x00000000d5580000,0x00000000d6a21be8,0x00000000d6a80000)
  from space 512K, 0% used [0x00000000d7680000,0x00000000d7680000,0x00000000d7700000)
  to   space 512K, 0% used [0x00000000d7600000,0x00000000d7600000,0x00000000d7680000)
 ParOldGen       total 68608K, used 21733K [0x0000000080000000, 0x0000000084300000, 0x00000000d5580000)
  object space 68608K, 31% used [0x0000000080000000,0x0000000081539470,0x0000000084300000)
 Metaspace       used 15794K, committed 16384K, reserved 1114112K
  class space    used 1629K, committed 1920K, reserved 1048576K
}
Event: 3.074 GC heap after
{Heap after GC invocations=13 (full 0):
 PSYoungGen      total 22016K, used 32K [0x00000000d5580000, 0x00000000d7700000, 0x0000000100000000)
  eden space 21504K, 0% used [0x00000000d5580000,0x00000000d5580000,0x00000000d6a80000)
  from space 512K, 6% used [0x00000000d7600000,0x00000000d7608000,0x00000000d7680000)
  to   space 512K, 0% used [0x00000000d7680000,0x00000000d7680000,0x00000000d7700000)
 ParOldGen       total 68608K, used 23261K [0x0000000080000000, 0x0000000084300000, 0x00000000d5580000)
  object space 68608K, 33% used [0x0000000080000000,0x00000000816b7470,0x0000000084300000)
 Metaspace       used 15794K, committed 16384K, reserved 1114112K
  class space    used 1629K, committed 1920K, reserved 1048576K
}
Event: 3.079 GC heap before
{Heap before GC invocations=14 (full 0):
 PSYoungGen      total 22016K, used 21039K [0x00000000d5580000, 0x00000000d7700000, 0x0000000100000000)
  eden space 21504K, 97% used [0x00000000d5580000,0x00000000d6a03e40,0x00000000d6a80000)
  from space 512K, 6% used [0x00000000d7600000,0x00000000d7608000,0x00000000d7680000)
  to   space 512K, 0% used [0x00000000d7680000,0x00000000d7680000,0x00000000d7700000)
 ParOldGen       total 68608K, used 23261K [0x0000000080000000, 0x0000000084300000, 0x00000000d5580000)
  object space 68608K, 33% used [0x0000000080000000,0x00000000816b7470,0x0000000084300000)
 Metaspace       used 15794K, committed 16384K, reserved 1114112K
  class space    used 1629K, committed 1920K, reserved 1048576K
}
Event: 3.080 GC heap after
{Heap after GC invocations=14 (full 0):
 PSYoungGen      total 22016K, used 0K [0x00000000d5580000, 0x00000000d7700000, 0x0000000100000000)
  eden space 21504K, 0% used [0x00000000d5580000,0x00000000d5580000,0x00000000d6a80000)
  from space 512K, 0% used [0x00000000d7680000,0x00000000d7680000,0x00000000d7700000)
  to   space 512K, 0% used [0x00000000d7600000,0x00000000d7600000,0x00000000d7680000)
 ParOldGen       total 68608K, used 24901K [0x0000000080000000, 0x0000000084300000, 0x00000000d5580000)
  object space 68608K, 36% used [0x0000000080000000,0x0000000081851470,0x0000000084300000)
 Metaspace       used 15794K, committed 16384K, reserved 1114112K
  class space    used 1629K, committed 1920K, reserved 1048576K
}
Event: 3.084 GC heap before
{Heap before GC invocations=15 (full 0):
 PSYoungGen      total 22016K, used 20624K [0x00000000d5580000, 0x00000000d7700000, 0x0000000100000000)
  eden space 21504K, 95% used [0x00000000d5580000,0x00000000d69a4370,0x00000000d6a80000)
  from space 512K, 0% used [0x00000000d7680000,0x00000000d7680000,0x00000000d7700000)
  to   space 512K, 0% used [0x00000000d7600000,0x00000000d7600000,0x00000000d7680000)
 ParOldGen       total 68608K, used 24901K [0x0000000080000000, 0x0000000084300000, 0x00000000d5580000)
  object space 68608K, 36% used [0x0000000080000000,0x0000000081851470,0x0000000084300000)
 Metaspace       used 15794K, committed 16384K, reserved 1114112K
  class space    used 1629K, committed 1920K, reserved 1048576K
}
Event: 3.085 GC heap after
{Heap after GC invocations=15 (full 0):
 PSYoungGen      total 22016K, used 0K [0x00000000d5580000, 0x00000000d7700000, 0x0000000100000000)
  eden space 21504K, 0% used [0x00000000d5580000,0x00000000d5580000,0x00000000d6a80000)
  from space 512K, 0% used [0x00000000d7600000,0x00000000d7600000,0x00000000d7680000)
  to   space 512K, 0% used [0x00000000d7680000,0x00000000d7680000,0x00000000d7700000)
 ParOldGen       total 68608K, used 26629K [0x0000000080000000, 0x0000000084300000, 0x00000000d5580000)
  object space 68608K, 38% used [0x0000000080000000,0x0000000081a01470,0x0000000084300000)
 Metaspace       used 15794K, committed 16384K, reserved 1114112K
  class space    used 1629K, committed 1920K, reserved 1048576K
}
Event: 3.143 GC heap before
{Heap before GC invocations=16 (full 0):
 PSYoungGen      total 22016K, used 21504K [0x00000000d5580000, 0x00000000d7700000, 0x0000000100000000)
  eden space 21504K, 100% used [0x00000000d5580000,0x00000000d6a80000,0x00000000d6a80000)
  from space 512K, 0% used [0x00000000d7600000,0x00000000d7600000,0x00000000d7680000)
  to   space 512K, 0% used [0x00000000d7680000,0x00000000d7680000,0x00000000d7700000)
 ParOldGen       total 68608K, used 26629K [0x0000000080000000, 0x0000000084300000, 0x00000000d5580000)
  object space 68608K, 38% used [0x0000000080000000,0x0000000081a01470,0x0000000084300000)
 Metaspace       used 15882K, committed 16448K, reserved 1114112K
  class space    used 1635K, committed 1920K, reserved 1048576K
}
Event: 3.148 GC heap after
{Heap after GC invocations=16 (full 0):
 PSYoungGen      total 22016K, used 512K [0x00000000d5580000, 0x00000000d7880000, 0x0000000100000000)
  eden space 21504K, 0% used [0x00000000d5580000,0x00000000d5580000,0x00000000d6a80000)
  from space 512K, 100% used [0x00000000d7680000,0x00000000d7700000,0x00000000d7700000)
  to   space 7168K, 0% used [0x00000000d6a80000,0x00000000d6a80000,0x00000000d7180000)
 ParOldGen       total 68608K, used 32161K [0x0000000080000000, 0x0000000084300000, 0x00000000d5580000)
  object space 68608K, 46% used [0x0000000080000000,0x0000000081f68798,0x0000000084300000)
 Metaspace       used 15882K, committed 16448K, reserved 1114112K
  class space    used 1635K, committed 1920K, reserved 1048576K
}
Event: 5.738 GC heap before
{Heap before GC invocations=17 (full 0):
 PSYoungGen      total 22016K, used 22016K [0x00000000d5580000, 0x00000000d7880000, 0x0000000100000000)
  eden space 21504K, 100% used [0x00000000d5580000,0x00000000d6a80000,0x00000000d6a80000)
  from space 512K, 100% used [0x00000000d7680000,0x00000000d7700000,0x00000000d7700000)
  to   space 7168K, 0% used [0x00000000d6a80000,0x00000000d6a80000,0x00000000d7180000)
 ParOldGen       total 68608K, used 32161K [0x0000000080000000, 0x0000000084300000, 0x00000000d5580000)
  object space 68608K, 46% used [0x0000000080000000,0x0000000081f68798,0x0000000084300000)
 Metaspace       used 18380K, committed 19072K, reserved 1114112K
  class space    used 1898K, committed 2176K, reserved 1048576K
}
Event: 5.742 GC heap after
{Heap after GC invocations=17 (full 0):
 PSYoungGen      total 28672K, used 1508K [0x00000000d5580000, 0x00000000d7700000, 0x0000000100000000)
  eden space 21504K, 0% used [0x00000000d5580000,0x00000000d5580000,0x00000000d6a80000)
  from space 7168K, 21% used [0x00000000d6a80000,0x00000000d6bf9080,0x00000000d7180000)
  to   space 3584K, 0% used [0x00000000d7380000,0x00000000d7380000,0x00000000d7700000)
 ParOldGen       total 68608K, used 32713K [0x0000000080000000, 0x0000000084300000, 0x00000000d5580000)
  object space 68608K, 47% used [0x0000000080000000,0x0000000081ff2798,0x0000000084300000)
 Metaspace       used 18380K, committed 19072K, reserved 1114112K
  class space    used 1898K, committed 2176K, reserved 1048576K
}

