# JRE version: OpenJDK Runtime Environment Temurin-21.0.10+7 (21.0.10+7) (build 21.0.10+7-LTS)
# Java VM: OpenJDK 64-Bit Server VM Temurin-21.0.10+7 (21.0.10+7-LTS, mixed mode, sharing, tiered, compressed oops, compressed class ptrs, g1 gc, windows-amd64)
GC Precious Log:
 CardTable entry size: 512
 Card Set container configuration: InlinePtr #cards 5 size 8 Array Of Cards #cards 12 size 40 Howl #buckets 4 coarsen threshold 1843 Howl Bitmap #cards 512 size 80 coarsen threshold 460 Card regions per heap region 1 cards per card region 2048
 CPUs: 20 total, 20 available
 Memory: 7911M
 Large Page Support: Disabled
 NUMA Support: Disabled
 Compressed Oops: Enabled (32-bit)
 Heap Region Size: 1M
 Heap Min Capacity: 8M
 Heap Initial Capacity: 124M
 Heap Max Capacity: 2G
 Pre-touch: Disabled
 Parallel Workers: 15
 Concurrent Workers: 4
 Concurrent Refinement Workers: 15
 Periodic GC: Disabled
Heap:
 garbage-first heap   total 111616K, used 59072K [0x0000000080000000, 0x0000000100000000)
  region size 1024K, 6 young (6144K), 5 survivors (5120K)
 Metaspace       used 64782K, committed 66944K, reserved 491520K
  class space    used 9571K, committed 10624K, reserved 425984K
GC Heap History (20 events):
Event: 5.667 GC heap before
{Heap before GC invocations=6 (full 0):
 garbage-first heap   total 86016K, used 84635K [0x0000000080000000, 0x0000000100000000)
  region size 1024K, 61 young (62464K), 2 survivors (2048K)
 Metaspace       used 28286K, committed 29376K, reserved 491520K
  class space    used 4129K, committed 4672K, reserved 425984K
}
Event: 5.670 GC heap after
{Heap after GC invocations=7 (full 0):
 garbage-first heap   total 109568K, used 26802K [0x0000000080000000, 0x0000000100000000)
  region size 1024K, 5 young (5120K), 5 survivors (5120K)
 Metaspace       used 28286K, committed 29376K, reserved 491520K
  class space    used 4129K, committed 4672K, reserved 425984K
}
Event: 6.353 GC heap before
{Heap before GC invocations=7 (full 0):
 garbage-first heap   total 109568K, used 69810K [0x0000000080000000, 0x0000000100000000)
  region size 1024K, 49 young (50176K), 5 survivors (5120K)
 Metaspace       used 34680K, committed 35968K, reserved 491520K
  class space    used 4972K, committed 5632K, reserved 425984K
}
Event: 6.356 GC heap after
{Heap after GC invocations=8 (full 0):
 garbage-first heap   total 109568K, used 30445K [0x0000000080000000, 0x0000000100000000)
  region size 1024K, 8 young (8192K), 8 survivors (8192K)
 Metaspace       used 34680K, committed 35968K, reserved 491520K
  class space    used 4972K, committed 5632K, reserved 425984K
}
Event: 6.390 GC heap before
{Heap before GC invocations=8 (full 0):
 garbage-first heap   total 109568K, used 31469K [0x0000000080000000, 0x0000000100000000)
  region size 1024K, 10 young (10240K), 8 survivors (8192K)
 Metaspace       used 35004K, committed 36288K, reserved 491520K
  class space    used 5018K, committed 5632K, reserved 425984K
}
Event: 6.393 GC heap after
{Heap after GC invocations=9 (full 0):
 garbage-first heap   total 109568K, used 30768K [0x0000000080000000, 0x0000000100000000)
  region size 1024K, 4 young (4096K), 4 survivors (4096K)
 Metaspace       used 35004K, committed 36288K, reserved 491520K
  class space    used 5018K, committed 5632K, reserved 425984K
}
Event: 7.323 GC heap before
{Heap before GC invocations=10 (full 0):
 garbage-first heap   total 106496K, used 88112K [0x0000000080000000, 0x0000000100000000)
  region size 1024K, 60 young (61440K), 4 survivors (4096K)
 Metaspace       used 39454K, committed 41152K, reserved 491520K
  class space    used 5778K, committed 6592K, reserved 425984K
}
Event: 7.327 GC heap after
{Heap after GC invocations=11 (full 0):
 garbage-first heap   total 106496K, used 33873K [0x0000000080000000, 0x0000000100000000)
  region size 1024K, 7 young (7168K), 7 survivors (7168K)
 Metaspace       used 39454K, committed 41152K, reserved 491520K
  class space    used 5778K, committed 6592K, reserved 425984K
}
Event: 8.457 GC heap before
{Heap before GC invocations=11 (full 0):
 garbage-first heap   total 106496K, used 88145K [0x0000000080000000, 0x0000000100000000)
  region size 1024K, 60 young (61440K), 7 survivors (7168K)
 Metaspace       used 44355K, committed 46144K, reserved 491520K
  class space    used 6592K, committed 7488K, reserved 425984K
}
Event: 8.462 GC heap after
{Heap after GC invocations=12 (full 0):
 garbage-first heap   total 106496K, used 36407K [0x0000000080000000, 0x0000000100000000)
  region size 1024K, 7 young (7168K), 7 survivors (7168K)
 Metaspace       used 44355K, committed 46144K, reserved 491520K
  class space    used 6592K, committed 7488K, reserved 425984K
}
Event: 9.888 GC heap before
{Heap before GC invocations=12 (full 0):
 garbage-first heap   total 106496K, used 89655K [0x0000000080000000, 0x0000000100000000)
  region size 1024K, 59 young (60416K), 7 survivors (7168K)
 Metaspace       used 50351K, committed 52160K, reserved 491520K
  class space    used 7439K, committed 8320K, reserved 425984K
}
Event: 9.894 GC heap after
{Heap after GC invocations=13 (full 0):
 garbage-first heap   total 106496K, used 40330K [0x0000000080000000, 0x0000000100000000)
  region size 1024K, 7 young (7168K), 7 survivors (7168K)
 Metaspace       used 50351K, committed 52160K, reserved 491520K
  class space    used 7439K, committed 8320K, reserved 425984K
}
Event: 11.286 GC heap before
{Heap before GC invocations=13 (full 0):
 garbage-first heap   total 106496K, used 92554K [0x0000000080000000, 0x0000000100000000)
  region size 1024K, 58 young (59392K), 7 survivors (7168K)
 Metaspace       used 54508K, committed 56512K, reserved 491520K
  class space    used 8067K, committed 9024K, reserved 425984K
}
Event: 11.299 GC heap after
{Heap after GC invocations=14 (full 0):
 garbage-first heap   total 106496K, used 44643K [0x0000000080000000, 0x0000000100000000)
  region size 1024K, 8 young (8192K), 8 survivors (8192K)
 Metaspace       used 54508K, committed 56512K, reserved 491520K
  class space    used 8067K, committed 9024K, reserved 425984K
}
Event: 12.920 GC heap before
{Heap before GC invocations=14 (full 0):
 garbage-first heap   total 106496K, used 97891K [0x0000000080000000, 0x0000000100000000)
  region size 1024K, 54 young (55296K), 8 survivors (8192K)
 Metaspace       used 56725K, committed 58688K, reserved 491520K
  class space    used 8343K, committed 9280K, reserved 425984K
}
Event: 12.928 GC heap after
{Heap after GC invocations=15 (full 0):
 garbage-first heap   total 111616K, used 55365K [0x0000000080000000, 0x0000000100000000)
  region size 1024K, 7 young (7168K), 7 survivors (7168K)
 Metaspace       used 56725K, committed 58688K, reserved 491520K
  class space    used 8343K, committed 9280K, reserved 425984K
}
Event: 13.358 GC heap before
{Heap before GC invocations=15 (full 0):
 garbage-first heap   total 111616K, used 68677K [0x0000000080000000, 0x0000000100000000)
  region size 1024K, 21 young (21504K), 7 survivors (7168K)
 Metaspace       used 58667K, committed 60608K, reserved 491520K
  class space    used 8584K, committed 9536K, reserved 425984K
}
Event: 13.362 GC heap after
{Heap after GC invocations=16 (full 0):
 garbage-first heap   total 111616K, used 56588K [0x0000000080000000, 0x0000000100000000)
  region size 1024K, 2 young (2048K), 2 survivors (2048K)
 Metaspace       used 58667K, committed 60608K, reserved 491520K
  class space    used 8584K, committed 9536K, reserved 425984K
}
Event: 14.333 GC heap before
{Heap before GC invocations=17 (full 0):
 garbage-first heap   total 111616K, used 98572K [0x0000000080000000, 0x0000000100000000)
  region size 1024K, 43 young (44032K), 2 survivors (2048K)
 Metaspace       used 61385K, committed 63424K, reserved 491520K
  class space    used 8984K, committed 9984K, reserved 425984K
}
Event: 14.335 GC heap after
{Heap after GC invocations=18 (full 0):
 garbage-first heap   total 111616K, used 57933K [0x0000000080000000, 0x0000000100000000)
  region size 1024K, 3 young (3072K), 3 survivors (3072K)
 Metaspace       used 61385K, committed 63424K, reserved 491520K
  class space    used 8984K, committed 9984K, reserved 425984K
}

