# JRE version: OpenJDK Runtime Environment Temurin-21.0.10+7 (21.0.10+7) (build 21.0.10+7-LTS)
# Java VM: OpenJDK 64-Bit Server VM Temurin-21.0.10+7 (21.0.10+7-LTS, mixed mode, sharing, tiered, compressed oops, compressed class ptrs, parallel gc, windows-amd64)
GC Precious Log:
 CardTable entry size: 512
 CPUs: 20 total, 20 available
 Memory: 7911M
 Large Page Support: Disabled
 NUMA Support: Disabled
 Compressed Oops: Enabled (32-bit)
 Alignments: Space 512K, Generation 512K, Heap 2M
 Heap Min Capacity: 100M
 Heap Initial Capacity: 100M
 Heap Max Capacity: 2G
 Pre-touch: Disabled
 Parallel Workers: 15
Heap:
 PSYoungGen      total 5632K, used 4077K [0x00000000d5580000, 0x00000000d5d00000, 0x0000000100000000)
  eden space 4608K, 66% used [0x00000000d5580000,0x00000000d587b4f8,0x00000000d5a00000)
  from space 1024K, 100% used [0x00000000d5a80000,0x00000000d5b80000,0x00000000d5b80000)
  to   space 1536K, 0% used [0x00000000d5b80000,0x00000000d5b80000,0x00000000d5d00000)
 ParOldGen       total 333312K, used 333256K [0x0000000080000000, 0x0000000094580000, 0x00000000d5580000)
  object space 333312K, 99% used [0x0000000080000000,0x0000000094572018,0x0000000094580000)
 Metaspace       used 75352K, committed 76864K, reserved 1179648K
  class space    used 8639K, committed 9344K, reserved 1048576K
GC Heap History (20 events):
Event: 39.084 GC heap before
{Heap before GC invocations=755 (full 3):
 PSYoungGen      total 6144K, used 5568K [0x00000000d5580000, 0x00000000d5c80000, 0x0000000100000000)
  eden space 5120K, 100% used [0x00000000d5580000,0x00000000d5a80000,0x00000000d5a80000)
  from space 1024K, 43% used [0x00000000d5a80000,0x00000000d5af0000,0x00000000d5b80000)
  to   space 512K, 0% used [0x00000000d5c00000,0x00000000d5c00000,0x00000000d5c80000)
 ParOldGen       total 324096K, used 323698K [0x0000000080000000, 0x0000000093c80000, 0x00000000d5580000)
  object space 324096K, 99% used [0x0000000080000000,0x0000000093c1c820,0x0000000093c80000)
 Metaspace       used 73140K, committed 74624K, reserved 1179648K
  class space    used 8417K, committed 9088K, reserved 1048576K
}
Event: 39.085 GC heap after
{Heap after GC invocations=755 (full 3):
 PSYoungGen      total 5632K, used 320K [0x00000000d5580000, 0x00000000d5c80000, 0x0000000100000000)
  eden space 5120K, 0% used [0x00000000d5580000,0x00000000d5580000,0x00000000d5a80000)
  from space 512K, 62% used [0x00000000d5c00000,0x00000000d5c50000,0x00000000d5c80000)
  to   space 512K, 0% used [0x00000000d5b80000,0x00000000d5b80000,0x00000000d5c00000)
 ParOldGen       total 324096K, used 323786K [0x0000000080000000, 0x0000000093c80000, 0x00000000d5580000)
  object space 324096K, 99% used [0x0000000080000000,0x0000000093c32820,0x0000000093c80000)
 Metaspace       used 73140K, committed 74624K, reserved 1179648K
  class space    used 8417K, committed 9088K, reserved 1048576K
}
Event: 39.235 GC heap before
{Heap before GC invocations=756 (full 3):
 PSYoungGen      total 5632K, used 5440K [0x00000000d5580000, 0x00000000d5c80000, 0x0000000100000000)
  eden space 5120K, 100% used [0x00000000d5580000,0x00000000d5a80000,0x00000000d5a80000)
  from space 512K, 62% used [0x00000000d5c00000,0x00000000d5c50000,0x00000000d5c80000)
  to   space 512K, 0% used [0x00000000d5b80000,0x00000000d5b80000,0x00000000d5c00000)
 ParOldGen       total 324096K, used 323786K [0x0000000080000000, 0x0000000093c80000, 0x00000000d5580000)
  object space 324096K, 99% used [0x0000000080000000,0x0000000093c32820,0x0000000093c80000)
 Metaspace       used 73143K, committed 74624K, reserved 1179648K
  class space    used 8418K, committed 9088K, reserved 1048576K
}
Event: 39.237 GC heap after
{Heap after GC invocations=756 (full 3):
 PSYoungGen      total 5632K, used 512K [0x00000000d5580000, 0x00000000d6180000, 0x0000000100000000)
  eden space 5120K, 0% used [0x00000000d5580000,0x00000000d5580000,0x00000000d5a80000)
  from space 512K, 100% used [0x00000000d5b80000,0x00000000d5c00000,0x00000000d5c00000)
  to   space 3584K, 0% used [0x00000000d5e00000,0x00000000d5e00000,0x00000000d6180000)
 ParOldGen       total 326144K, used 326002K [0x0000000080000000, 0x0000000093e80000, 0x00000000d5580000)
  object space 326144K, 99% used [0x0000000080000000,0x0000000093e5c820,0x0000000093e80000)
 Metaspace       used 73143K, committed 74624K, reserved 1179648K
  class space    used 8418K, committed 9088K, reserved 1048576K
}
Event: 39.285 GC heap before
{Heap before GC invocations=757 (full 3):
 PSYoungGen      total 5632K, used 5632K [0x00000000d5580000, 0x00000000d6180000, 0x0000000100000000)
  eden space 5120K, 100% used [0x00000000d5580000,0x00000000d5a80000,0x00000000d5a80000)
  from space 512K, 100% used [0x00000000d5b80000,0x00000000d5c00000,0x00000000d5c00000)
  to   space 3584K, 0% used [0x00000000d5e00000,0x00000000d5e00000,0x00000000d6180000)
 ParOldGen       total 326144K, used 326002K [0x0000000080000000, 0x0000000093e80000, 0x00000000d5580000)
  object space 326144K, 99% used [0x0000000080000000,0x0000000093e5c820,0x0000000093e80000)
 Metaspace       used 73204K, committed 74688K, reserved 1179648K
  class space    used 8428K, committed 9088K, reserved 1048576K
}
Event: 39.288 GC heap after
{Heap after GC invocations=757 (full 3):
 PSYoungGen      total 8192K, used 3582K [0x00000000d5580000, 0x00000000d6280000, 0x0000000100000000)
  eden space 4608K, 0% used [0x00000000d5580000,0x00000000d5580000,0x00000000d5a00000)
  from space 3584K, 99% used [0x00000000d5e00000,0x00000000d617f908,0x00000000d6180000)
  to   space 4096K, 0% used [0x00000000d5a00000,0x00000000d5a00000,0x00000000d5e00000)
 ParOldGen       total 326656K, used 326162K [0x0000000080000000, 0x0000000093f00000, 0x00000000d5580000)
  object space 326656K, 99% used [0x0000000080000000,0x0000000093e84820,0x0000000093f00000)
 Metaspace       used 73204K, committed 74688K, reserved 1179648K
  class space    used 8428K, committed 9088K, reserved 1048576K
}
Event: 39.308 GC heap before
{Heap before GC invocations=758 (full 3):
 PSYoungGen      total 8192K, used 8190K [0x00000000d5580000, 0x00000000d6280000, 0x0000000100000000)
  eden space 4608K, 100% used [0x00000000d5580000,0x00000000d5a00000,0x00000000d5a00000)
  from space 3584K, 99% used [0x00000000d5e00000,0x00000000d617f908,0x00000000d6180000)
  to   space 4096K, 0% used [0x00000000d5a00000,0x00000000d5a00000,0x00000000d5e00000)
 ParOldGen       total 326656K, used 326162K [0x0000000080000000, 0x0000000093f00000, 0x00000000d5580000)
  object space 326656K, 99% used [0x0000000080000000,0x0000000093e84820,0x0000000093f00000)
 Metaspace       used 73219K, committed 74688K, reserved 1179648K
  class space    used 8429K, committed 9088K, reserved 1048576K
}
Event: 39.310 GC heap after
{Heap after GC invocations=758 (full 3):
 PSYoungGen      total 6144K, used 1504K [0x00000000d5580000, 0x00000000d5f00000, 0x0000000100000000)
  eden space 4608K, 0% used [0x00000000d5580000,0x00000000d5580000,0x00000000d5a00000)
  from space 1536K, 97% used [0x00000000d5a00000,0x00000000d5b78008,0x00000000d5b80000)
  to   space 2560K, 0% used [0x00000000d5c80000,0x00000000d5c80000,0x00000000d5f00000)
 ParOldGen       total 329216K, used 329120K [0x0000000080000000, 0x0000000094180000, 0x00000000d5580000)
  object space 329216K, 99% used [0x0000000080000000,0x0000000094168128,0x0000000094180000)
 Metaspace       used 73219K, committed 74688K, reserved 1179648K
  class space    used 8429K, committed 9088K, reserved 1048576K
}
Event: 39.373 GC heap before
{Heap before GC invocations=759 (full 3):
 PSYoungGen      total 6144K, used 6112K [0x00000000d5580000, 0x00000000d5f00000, 0x0000000100000000)
  eden space 4608K, 100% used [0x00000000d5580000,0x00000000d5a00000,0x00000000d5a00000)
  from space 1536K, 97% used [0x00000000d5a00000,0x00000000d5b78008,0x00000000d5b80000)
  to   space 2560K, 0% used [0x00000000d5c80000,0x00000000d5c80000,0x00000000d5f00000)
 ParOldGen       total 329216K, used 329120K [0x0000000080000000, 0x0000000094180000, 0x00000000d5580000)
  object space 329216K, 99% used [0x0000000080000000,0x0000000094168128,0x0000000094180000)
 Metaspace       used 73442K, committed 74944K, reserved 1179648K
  class space    used 8452K, committed 9152K, reserved 1048576K
}
Event: 39.375 GC heap after
{Heap after GC invocations=759 (full 3):
 PSYoungGen      total 6656K, used 1760K [0x00000000d5580000, 0x00000000d5e80000, 0x0000000100000000)
  eden space 4608K, 0% used [0x00000000d5580000,0x00000000d5580000,0x00000000d5a00000)
  from space 2048K, 85% used [0x00000000d5c80000,0x00000000d5e38008,0x00000000d5e80000)
  to   space 2048K, 0% used [0x00000000d5a80000,0x00000000d5a80000,0x00000000d5c80000)
 ParOldGen       total 330752K, used 330320K [0x0000000080000000, 0x0000000094300000, 0x00000000d5580000)
  object space 330752K, 99% used [0x0000000080000000,0x0000000094294130,0x0000000094300000)
 Metaspace       used 73442K, committed 74944K, reserved 1179648K
  class space    used 8452K, committed 9152K, reserved 1048576K
}
Event: 39.448 GC heap before
{Heap before GC invocations=760 (full 3):
 PSYoungGen      total 6656K, used 6368K [0x00000000d5580000, 0x00000000d5e80000, 0x0000000100000000)
  eden space 4608K, 100% used [0x00000000d5580000,0x00000000d5a00000,0x00000000d5a00000)
  from space 2048K, 85% used [0x00000000d5c80000,0x00000000d5e38008,0x00000000d5e80000)
  to   space 2048K, 0% used [0x00000000d5a80000,0x00000000d5a80000,0x00000000d5c80000)
 ParOldGen       total 330752K, used 330320K [0x0000000080000000, 0x0000000094300000, 0x00000000d5580000)
  object space 330752K, 99% used [0x0000000080000000,0x0000000094294130,0x0000000094300000)
 Metaspace       used 73670K, committed 75200K, reserved 1179648K
  class space    used 8468K, committed 9152K, reserved 1048576K
}
Event: 39.449 GC heap after
{Heap after GC invocations=760 (full 3):
 PSYoungGen      total 5120K, used 448K [0x00000000d5580000, 0x00000000d5d00000, 0x0000000100000000)
  eden space 4608K, 0% used [0x00000000d5580000,0x00000000d5580000,0x00000000d5a00000)
  from space 512K, 87% used [0x00000000d5a80000,0x00000000d5af0000,0x00000000d5b00000)
  to   space 1024K, 0% used [0x00000000d5c00000,0x00000000d5c00000,0x00000000d5d00000)
 ParOldGen       total 332288K, used 331913K [0x0000000080000000, 0x0000000094480000, 0x00000000d5580000)
  object space 332288K, 99% used [0x0000000080000000,0x00000000944225a8,0x0000000094480000)
 Metaspace       used 73670K, committed 75200K, reserved 1179648K
  class space    used 8468K, committed 9152K, reserved 1048576K
}
Event: 39.589 GC heap before
{Heap before GC invocations=761 (full 3):
 PSYoungGen      total 5120K, used 5036K [0x00000000d5580000, 0x00000000d5d00000, 0x0000000100000000)
  eden space 4608K, 99% used [0x00000000d5580000,0x00000000d59fb270,0x00000000d5a00000)
  from space 512K, 87% used [0x00000000d5a80000,0x00000000d5af0000,0x00000000d5b00000)
  to   space 1024K, 0% used [0x00000000d5c00000,0x00000000d5c00000,0x00000000d5d00000)
 ParOldGen       total 332288K, used 331913K [0x0000000080000000, 0x0000000094480000, 0x00000000d5580000)
  object space 332288K, 99% used [0x0000000080000000,0x00000000944225a8,0x0000000094480000)
 Metaspace       used 74092K, committed 75648K, reserved 1179648K
  class space    used 8495K, committed 9216K, reserved 1048576K
}
Event: 39.591 GC heap after
{Heap after GC invocations=761 (full 3):
 PSYoungGen      total 5120K, used 480K [0x00000000d5580000, 0x00000000d5c80000, 0x0000000100000000)
  eden space 4608K, 0% used [0x00000000d5580000,0x00000000d5580000,0x00000000d5a00000)
  from space 512K, 93% used [0x00000000d5c00000,0x00000000d5c78000,0x00000000d5c80000)
  to   space 1024K, 0% used [0x00000000d5a80000,0x00000000d5a80000,0x00000000d5b80000)
 ParOldGen       total 332288K, used 332121K [0x0000000080000000, 0x0000000094480000, 0x00000000d5580000)
  object space 332288K, 99% used [0x0000000080000000,0x00000000944565b8,0x0000000094480000)
 Metaspace       used 74092K, committed 75648K, reserved 1179648K
  class space    used 8495K, committed 9216K, reserved 1048576K
}
Event: 39.742 GC heap before
{Heap before GC invocations=762 (full 3):
 PSYoungGen      total 5120K, used 5088K [0x00000000d5580000, 0x00000000d5c80000, 0x0000000100000000)
  eden space 4608K, 100% used [0x00000000d5580000,0x00000000d5a00000,0x00000000d5a00000)
  from space 512K, 93% used [0x00000000d5c00000,0x00000000d5c78000,0x00000000d5c80000)
  to   space 1024K, 0% used [0x00000000d5a80000,0x00000000d5a80000,0x00000000d5b80000)
 ParOldGen       total 332288K, used 332121K [0x0000000080000000, 0x0000000094480000, 0x00000000d5580000)
  object space 332288K, 99% used [0x0000000080000000,0x00000000944565b8,0x0000000094480000)
 Metaspace       used 74581K, committed 76032K, reserved 1179648K
  class space    used 8558K, committed 9216K, reserved 1048576K
}
Event: 39.744 GC heap after
{Heap after GC invocations=762 (full 3):
 PSYoungGen      total 5632K, used 800K [0x00000000d5580000, 0x00000000d5c80000, 0x0000000100000000)
  eden space 4608K, 0% used [0x00000000d5580000,0x00000000d5580000,0x00000000d5a00000)
  from space 1024K, 78% used [0x00000000d5a80000,0x00000000d5b48000,0x00000000d5b80000)
  to   space 1024K, 0% used [0x00000000d5b80000,0x00000000d5b80000,0x00000000d5c80000)
 ParOldGen       total 332800K, used 332289K [0x0000000080000000, 0x0000000094500000, 0x00000000d5580000)
  object space 332800K, 99% used [0x0000000080000000,0x00000000944805b8,0x0000000094500000)
 Metaspace       used 74581K, committed 76032K, reserved 1179648K
  class space    used 8558K, committed 9216K, reserved 1048576K
}
Event: 39.840 GC heap before
{Heap before GC invocations=763 (full 3):
 PSYoungGen      total 5632K, used 5408K [0x00000000d5580000, 0x00000000d5c80000, 0x0000000100000000)
  eden space 4608K, 100% used [0x00000000d5580000,0x00000000d5a00000,0x00000000d5a00000)
  from space 1024K, 78% used [0x00000000d5a80000,0x00000000d5b48000,0x00000000d5b80000)
  to   space 1024K, 0% used [0x00000000d5b80000,0x00000000d5b80000,0x00000000d5c80000)
 ParOldGen       total 332800K, used 332289K [0x0000000080000000, 0x0000000094500000, 0x00000000d5580000)
  object space 332800K, 99% used [0x0000000080000000,0x00000000944805b8,0x0000000094500000)
 Metaspace       used 75200K, committed 76736K, reserved 1179648K
  class space    used 8630K, committed 9344K, reserved 1048576K
}
Event: 39.841 GC heap after
{Heap after GC invocations=763 (full 3):
 PSYoungGen      total 5632K, used 686K [0x00000000d5580000, 0x00000000d5c80000, 0x0000000100000000)
  eden space 4608K, 0% used [0x00000000d5580000,0x00000000d5580000,0x00000000d5a00000)
  from space 1024K, 67% used [0x00000000d5b80000,0x00000000d5c2ba60,0x00000000d5c80000)
  to   space 1024K, 0% used [0x00000000d5a80000,0x00000000d5a80000,0x00000000d5b80000)
 ParOldGen       total 332800K, used 332785K [0x0000000080000000, 0x0000000094500000, 0x00000000d5580000)
  object space 332800K, 99% used [0x0000000080000000,0x00000000944fc5b8,0x0000000094500000)
 Metaspace       used 75200K, committed 76736K, reserved 1179648K
  class space    used 8630K, committed 9344K, reserved 1048576K
}
Event: 40.066 GC heap before
{Heap before GC invocations=764 (full 3):
 PSYoungGen      total 5632K, used 5294K [0x00000000d5580000, 0x00000000d5c80000, 0x0000000100000000)
  eden space 4608K, 100% used [0x00000000d5580000,0x00000000d5a00000,0x00000000d5a00000)
  from space 1024K, 67% used [0x00000000d5b80000,0x00000000d5c2ba60,0x00000000d5c80000)
  to   space 1024K, 0% used [0x00000000d5a80000,0x00000000d5a80000,0x00000000d5b80000)
 ParOldGen       total 332800K, used 332785K [0x0000000080000000, 0x0000000094500000, 0x00000000d5580000)
  object space 332800K, 99% used [0x0000000080000000,0x00000000944fc5b8,0x0000000094500000)
 Metaspace       used 75342K, committed 76864K, reserved 1179648K
  class space    used 8639K, committed 9344K, reserved 1048576K
}
Event: 40.067 GC heap after
{Heap after GC invocations=764 (full 3):
 PSYoungGen      total 5632K, used 1024K [0x00000000d5580000, 0x00000000d5d00000, 0x0000000100000000)
  eden space 4608K, 0% used [0x00000000d5580000,0x00000000d5580000,0x00000000d5a00000)
  from space 1024K, 100% used [0x00000000d5a80000,0x00000000d5b80000,0x00000000d5b80000)
  to   space 1536K, 0% used [0x00000000d5b80000,0x00000000d5b80000,0x00000000d5d00000)
 ParOldGen       total 333312K, used 333256K [0x0000000080000000, 0x0000000094580000, 0x00000000d5580000)
  object space 333312K, 99% used [0x0000000080000000,0x0000000094572018,0x0000000094580000)
 Metaspace       used 75342K, committed 76864K, reserved 1179648K
  class space    used 8639K, committed 9344K, reserved 1048576K
}

