# JRE version: OpenJDK Runtime Environment Temurin-21.0.10+7 (21.0.10+7) (build 21.0.10+7-LTS)
# Java VM: OpenJDK 64-Bit Server VM Temurin-21.0.10+7 (21.0.10+7-LTS, mixed mode, sharing, tiered, compressed oops, compressed class ptrs, parallel gc, windows-amd64)
GC Precious Log:
 CardTable entry size: 512
 CPUs: 20 total, 20 available
 Memory: 7911M
 Large Page Support: Disabled
 NUMA Support: Disabled
 Compressed Oops: Enabled (32-bit)
 Alignments: Space 512K, Generation 512K, Heap 2M
 Heap Min Capacity: 100M
 Heap Initial Capacity: 100M
 Heap Max Capacity: 2G
 Pre-touch: Disabled
 Parallel Workers: 15
Heap:
 PSYoungGen      total 5120K, used 5120K [0x00000000d5580000, 0x00000000d6500000, 0x0000000100000000)
  eden space 3584K, 100% used [0x00000000d5580000,0x00000000d5900000,0x00000000d5900000)
  from space 1536K, 100% used [0x00000000d5d00000,0x00000000d5e80000,0x00000000d5e80000)
  to   space 4096K, 17% used [0x00000000d5900000,0x00000000d59b8000,0x00000000d5d00000)
 ParOldGen       total 182784K, used 182782K [0x0000000080000000, 0x000000008b280000, 0x00000000d5580000)
  object space 182784K, 99% used [0x0000000080000000,0x000000008b27fb78,0x000000008b280000)
 Metaspace       used 77804K, committed 79296K, reserved 1179648K
  class space    used 8683K, committed 9344K, reserved 1048576K
GC Heap History (20 events):
Event: 15.163 GC heap after
{Heap after GC invocations=135 (full 3):
 PSYoungGen      total 7680K, used 1344K [0x00000000d5580000, 0x00000000d6180000, 0x0000000100000000)
  eden space 6144K, 0% used [0x00000000d5580000,0x00000000d5580000,0x00000000d5b80000)
  from space 1536K, 87% used [0x00000000d6000000,0x00000000d6150000,0x00000000d6180000)
  to   space 2560K, 0% used [0x00000000d5c80000,0x00000000d5c80000,0x00000000d5f00000)
 ParOldGen       total 166912K, used 166314K [0x0000000080000000, 0x000000008a300000, 0x00000000d5580000)
  object space 166912K, 99% used [0x0000000080000000,0x000000008a26aab8,0x000000008a300000)
 Metaspace       used 77043K, committed 78528K, reserved 1179648K
  class space    used 8664K, committed 9344K, reserved 1048576K
}
Event: 15.206 GC heap before
{Heap before GC invocations=136 (full 3):
 PSYoungGen      total 7680K, used 7488K [0x00000000d5580000, 0x00000000d6180000, 0x0000000100000000)
  eden space 6144K, 100% used [0x00000000d5580000,0x00000000d5b80000,0x00000000d5b80000)
  from space 1536K, 87% used [0x00000000d6000000,0x00000000d6150000,0x00000000d6180000)
  to   space 2560K, 0% used [0x00000000d5c80000,0x00000000d5c80000,0x00000000d5f00000)
 ParOldGen       total 166912K, used 166314K [0x0000000080000000, 0x000000008a300000, 0x00000000d5580000)
  object space 166912K, 99% used [0x0000000080000000,0x000000008a26aab8,0x000000008a300000)
 Metaspace       used 77313K, committed 78784K, reserved 1179648K
  class space    used 8677K, committed 9344K, reserved 1048576K
}
Event: 15.207 GC heap after
{Heap after GC invocations=136 (full 3):
 PSYoungGen      total 8704K, used 928K [0x00000000d5580000, 0x00000000d6080000, 0x0000000100000000)
  eden space 6144K, 0% used [0x00000000d5580000,0x00000000d5580000,0x00000000d5b80000)
  from space 2560K, 36% used [0x00000000d5c80000,0x00000000d5d68000,0x00000000d5f00000)
  to   space 1536K, 0% used [0x00000000d5f00000,0x00000000d5f00000,0x00000000d6080000)
 ParOldGen       total 167424K, used 167399K [0x0000000080000000, 0x000000008a380000, 0x00000000d5580000)
  object space 167424K, 99% used [0x0000000080000000,0x000000008a379e90,0x000000008a380000)
 Metaspace       used 77313K, committed 78784K, reserved 1179648K
  class space    used 8677K, committed 9344K, reserved 1048576K
}
Event: 15.246 GC heap before
{Heap before GC invocations=137 (full 3):
 PSYoungGen      total 8704K, used 7072K [0x00000000d5580000, 0x00000000d6080000, 0x0000000100000000)
  eden space 6144K, 100% used [0x00000000d5580000,0x00000000d5b80000,0x00000000d5b80000)
  from space 2560K, 36% used [0x00000000d5c80000,0x00000000d5d68000,0x00000000d5f00000)
  to   space 1536K, 0% used [0x00000000d5f00000,0x00000000d5f00000,0x00000000d6080000)
 ParOldGen       total 167424K, used 167399K [0x0000000080000000, 0x000000008a380000, 0x00000000d5580000)
  object space 167424K, 99% used [0x0000000080000000,0x000000008a379e90,0x000000008a380000)
 Metaspace       used 77431K, committed 78912K, reserved 1179648K
  class space    used 8679K, committed 9344K, reserved 1048576K
}
Event: 15.247 GC heap after
{Heap after GC invocations=137 (full 3):
 PSYoungGen      total 7680K, used 1511K [0x00000000d5580000, 0x00000000d6180000, 0x0000000100000000)
  eden space 6144K, 0% used [0x00000000d5580000,0x00000000d5580000,0x00000000d5b80000)
  from space 1536K, 98% used [0x00000000d5f00000,0x00000000d6079e20,0x00000000d6080000)
  to   space 3072K, 0% used [0x00000000d5b80000,0x00000000d5b80000,0x00000000d5e80000)
 ParOldGen       total 168448K, used 168380K [0x0000000080000000, 0x000000008a480000, 0x00000000d5580000)
  object space 168448K, 99% used [0x0000000080000000,0x000000008a46f060,0x000000008a480000)
 Metaspace       used 77431K, committed 78912K, reserved 1179648K
  class space    used 8679K, committed 9344K, reserved 1048576K
}
Event: 15.273 GC heap before
{Heap before GC invocations=138 (full 3):
 PSYoungGen      total 7680K, used 7655K [0x00000000d5580000, 0x00000000d6180000, 0x0000000100000000)
  eden space 6144K, 100% used [0x00000000d5580000,0x00000000d5b80000,0x00000000d5b80000)
  from space 1536K, 98% used [0x00000000d5f00000,0x00000000d6079e20,0x00000000d6080000)
  to   space 3072K, 0% used [0x00000000d5b80000,0x00000000d5b80000,0x00000000d5e80000)
 ParOldGen       total 168448K, used 168380K [0x0000000080000000, 0x000000008a480000, 0x00000000d5580000)
  object space 168448K, 99% used [0x0000000080000000,0x000000008a46f060,0x000000008a480000)
 Metaspace       used 77495K, committed 78976K, reserved 1179648K
  class space    used 8679K, committed 9344K, reserved 1048576K
}
Event: 15.275 GC heap after
{Heap after GC invocations=138 (full 3):
 PSYoungGen      total 8704K, used 2446K [0x00000000d5580000, 0x00000000d6080000, 0x0000000100000000)
  eden space 6144K, 0% used [0x00000000d5580000,0x00000000d5580000,0x00000000d5b80000)
  from space 2560K, 95% used [0x00000000d5b80000,0x00000000d5de3940,0x00000000d5e00000)
  to   space 2560K, 0% used [0x00000000d5e00000,0x00000000d5e00000,0x00000000d6080000)
 ParOldGen       total 169984K, used 169847K [0x0000000080000000, 0x000000008a600000, 0x00000000d5580000)
  object space 169984K, 99% used [0x0000000080000000,0x000000008a5ddf60,0x000000008a600000)
 Metaspace       used 77495K, committed 78976K, reserved 1179648K
  class space    used 8679K, committed 9344K, reserved 1048576K
}
Event: 15.295 GC heap before
{Heap before GC invocations=139 (full 3):
 PSYoungGen      total 8704K, used 8590K [0x00000000d5580000, 0x00000000d6080000, 0x0000000100000000)
  eden space 6144K, 100% used [0x00000000d5580000,0x00000000d5b80000,0x00000000d5b80000)
  from space 2560K, 95% used [0x00000000d5b80000,0x00000000d5de3940,0x00000000d5e00000)
  to   space 2560K, 0% used [0x00000000d5e00000,0x00000000d5e00000,0x00000000d6080000)
 ParOldGen       total 169984K, used 169847K [0x0000000080000000, 0x000000008a600000, 0x00000000d5580000)
  object space 169984K, 99% used [0x0000000080000000,0x000000008a5ddf60,0x000000008a600000)
 Metaspace       used 77525K, committed 78976K, reserved 1179648K
  class space    used 8680K, committed 9344K, reserved 1048576K
}
Event: 15.297 GC heap after
{Heap after GC invocations=139 (full 3):
 PSYoungGen      total 8704K, used 2400K [0x00000000d5580000, 0x00000000d6080000, 0x0000000100000000)
  eden space 6144K, 0% used [0x00000000d5580000,0x00000000d5580000,0x00000000d5b80000)
  from space 2560K, 93% used [0x00000000d5e00000,0x00000000d6058040,0x00000000d6080000)
  to   space 2560K, 0% used [0x00000000d5b80000,0x00000000d5b80000,0x00000000d5e00000)
 ParOldGen       total 172544K, used 172068K [0x0000000080000000, 0x000000008a880000, 0x00000000d5580000)
  object space 172544K, 99% used [0x0000000080000000,0x000000008a8090d8,0x000000008a880000)
 Metaspace       used 77525K, committed 78976K, reserved 1179648K
  class space    used 8680K, committed 9344K, reserved 1048576K
}
Event: 15.324 GC heap before
{Heap before GC invocations=140 (full 3):
 PSYoungGen      total 8704K, used 8544K [0x00000000d5580000, 0x00000000d6080000, 0x0000000100000000)
  eden space 6144K, 100% used [0x00000000d5580000,0x00000000d5b80000,0x00000000d5b80000)
  from space 2560K, 93% used [0x00000000d5e00000,0x00000000d6058040,0x00000000d6080000)
  to   space 2560K, 0% used [0x00000000d5b80000,0x00000000d5b80000,0x00000000d5e00000)
 ParOldGen       total 172544K, used 172068K [0x0000000080000000, 0x000000008a880000, 0x00000000d5580000)
  object space 172544K, 99% used [0x0000000080000000,0x000000008a8090d8,0x000000008a880000)
 Metaspace       used 77581K, committed 79104K, reserved 1179648K
  class space    used 8680K, committed 9344K, reserved 1048576K
}
Event: 15.326 GC heap after
{Heap after GC invocations=140 (full 3):
 PSYoungGen      total 8192K, used 1632K [0x00000000d5580000, 0x00000000d5f80000, 0x0000000100000000)
  eden space 6144K, 0% used [0x00000000d5580000,0x00000000d5580000,0x00000000d5b80000)
  from space 2048K, 79% used [0x00000000d5b80000,0x00000000d5d18000,0x00000000d5d80000)
  to   space 2048K, 0% used [0x00000000d5d80000,0x00000000d5d80000,0x00000000d5f80000)
 ParOldGen       total 174080K, used 173904K [0x0000000080000000, 0x000000008aa00000, 0x00000000d5580000)
  object space 174080K, 99% used [0x0000000080000000,0x000000008a9d4178,0x000000008aa00000)
 Metaspace       used 77581K, committed 79104K, reserved 1179648K
  class space    used 8680K, committed 9344K, reserved 1048576K
}
Event: 15.353 GC heap before
{Heap before GC invocations=141 (full 3):
 PSYoungGen      total 8192K, used 7776K [0x00000000d5580000, 0x00000000d5f80000, 0x0000000100000000)
  eden space 6144K, 100% used [0x00000000d5580000,0x00000000d5b80000,0x00000000d5b80000)
  from space 2048K, 79% used [0x00000000d5b80000,0x00000000d5d18000,0x00000000d5d80000)
  to   space 2048K, 0% used [0x00000000d5d80000,0x00000000d5d80000,0x00000000d5f80000)
 ParOldGen       total 174080K, used 173904K [0x0000000080000000, 0x000000008aa00000, 0x00000000d5580000)
  object space 174080K, 99% used [0x0000000080000000,0x000000008a9d4178,0x000000008aa00000)
 Metaspace       used 77621K, committed 79168K, reserved 1179648K
  class space    used 8680K, committed 9344K, reserved 1048576K
}
Event: 15.355 GC heap after
{Heap after GC invocations=141 (full 3):
 PSYoungGen      total 8192K, used 1722K [0x00000000d5580000, 0x00000000d5f80000, 0x0000000100000000)
  eden space 6144K, 0% used [0x00000000d5580000,0x00000000d5580000,0x00000000d5b80000)
  from space 2048K, 84% used [0x00000000d5d80000,0x00000000d5f2e958,0x00000000d5f80000)
  to   space 2048K, 0% used [0x00000000d5b80000,0x00000000d5b80000,0x00000000d5d80000)
 ParOldGen       total 175616K, used 175349K [0x0000000080000000, 0x000000008ab80000, 0x00000000d5580000)
  object space 175616K, 99% used [0x0000000080000000,0x000000008ab3d6c0,0x000000008ab80000)
 Metaspace       used 77621K, committed 79168K, reserved 1179648K
  class space    used 8680K, committed 9344K, reserved 1048576K
}
Event: 15.401 GC heap before
{Heap before GC invocations=142 (full 3):
 PSYoungGen      total 8192K, used 7866K [0x00000000d5580000, 0x00000000d5f80000, 0x0000000100000000)
  eden space 6144K, 100% used [0x00000000d5580000,0x00000000d5b80000,0x00000000d5b80000)
  from space 2048K, 84% used [0x00000000d5d80000,0x00000000d5f2e958,0x00000000d5f80000)
  to   space 2048K, 0% used [0x00000000d5b80000,0x00000000d5b80000,0x00000000d5d80000)
 ParOldGen       total 175616K, used 175349K [0x0000000080000000, 0x000000008ab80000, 0x00000000d5580000)
  object space 175616K, 99% used [0x0000000080000000,0x000000008ab3d6c0,0x000000008ab80000)
 Metaspace       used 77690K, committed 79232K, reserved 1179648K
  class space    used 8683K, committed 9344K, reserved 1048576K
}
Event: 15.403 GC heap after
{Heap after GC invocations=142 (full 3):
 PSYoungGen      total 8192K, used 1720K [0x00000000d5580000, 0x00000000d5f80000, 0x0000000100000000)
  eden space 6144K, 0% used [0x00000000d5580000,0x00000000d5580000,0x00000000d5b80000)
  from space 2048K, 83% used [0x00000000d5b80000,0x00000000d5d2e0a8,0x00000000d5d80000)
  to   space 2048K, 0% used [0x00000000d5d80000,0x00000000d5d80000,0x00000000d5f80000)
 ParOldGen       total 177152K, used 176916K [0x0000000080000000, 0x000000008ad00000, 0x00000000d5580000)
  object space 177152K, 99% used [0x0000000080000000,0x000000008acc5068,0x000000008ad00000)
 Metaspace       used 77690K, committed 79232K, reserved 1179648K
  class space    used 8683K, committed 9344K, reserved 1048576K
}
Event: 15.432 GC heap before
{Heap before GC invocations=143 (full 3):
 PSYoungGen      total 8192K, used 7864K [0x00000000d5580000, 0x00000000d5f80000, 0x0000000100000000)
  eden space 6144K, 100% used [0x00000000d5580000,0x00000000d5b80000,0x00000000d5b80000)
  from space 2048K, 83% used [0x00000000d5b80000,0x00000000d5d2e0a8,0x00000000d5d80000)
  to   space 2048K, 0% used [0x00000000d5d80000,0x00000000d5d80000,0x00000000d5f80000)
 ParOldGen       total 177152K, used 176916K [0x0000000080000000, 0x000000008ad00000, 0x00000000d5580000)
  object space 177152K, 99% used [0x0000000080000000,0x000000008acc5068,0x000000008ad00000)
 Metaspace       used 77703K, committed 79232K, reserved 1179648K
  class space    used 8683K, committed 9344K, reserved 1048576K
}
Event: 15.433 GC heap after
{Heap after GC invocations=143 (full 3):
 PSYoungGen      total 8192K, used 1632K [0x00000000d5580000, 0x00000000d5f80000, 0x0000000100000000)
  eden space 6144K, 0% used [0x00000000d5580000,0x00000000d5580000,0x00000000d5b80000)
  from space 2048K, 79% used [0x00000000d5d80000,0x00000000d5f18040,0x00000000d5f80000)
  to   space 2048K, 0% used [0x00000000d5b80000,0x00000000d5b80000,0x00000000d5d80000)
 ParOldGen       total 178688K, used 178422K [0x0000000080000000, 0x000000008ae80000, 0x00000000d5580000)
  object space 178688K, 99% used [0x0000000080000000,0x000000008ae3da78,0x000000008ae80000)
 Metaspace       used 77703K, committed 79232K, reserved 1179648K
  class space    used 8683K, committed 9344K, reserved 1048576K
}
Event: 15.463 GC heap before
{Heap before GC invocations=144 (full 3):
 PSYoungGen      total 8192K, used 7776K [0x00000000d5580000, 0x00000000d5f80000, 0x0000000100000000)
  eden space 6144K, 100% used [0x00000000d5580000,0x00000000d5b80000,0x00000000d5b80000)
  from space 2048K, 79% used [0x00000000d5d80000,0x00000000d5f18040,0x00000000d5f80000)
  to   space 2048K, 0% used [0x00000000d5b80000,0x00000000d5b80000,0x00000000d5d80000)
 ParOldGen       total 178688K, used 178422K [0x0000000080000000, 0x000000008ae80000, 0x00000000d5580000)
  object space 178688K, 99% used [0x0000000080000000,0x000000008ae3da78,0x000000008ae80000)
 Metaspace       used 77770K, committed 79296K, reserved 1179648K
  class space    used 8683K, committed 9344K, reserved 1048576K
}
Event: 15.464 GC heap after
{Heap after GC invocations=144 (full 3):
 PSYoungGen      total 7680K, used 1440K [0x00000000d5580000, 0x00000000d5e80000, 0x0000000100000000)
  eden space 6144K, 0% used [0x00000000d5580000,0x00000000d5580000,0x00000000d5b80000)
  from space 1536K, 93% used [0x00000000d5b80000,0x00000000d5ce8000,0x00000000d5d00000)
  to   space 1536K, 0% used [0x00000000d5d00000,0x00000000d5d00000,0x00000000d5e80000)
 ParOldGen       total 180224K, used 179827K [0x0000000080000000, 0x000000008b000000, 0x00000000d5580000)
  object space 180224K, 99% used [0x0000000080000000,0x000000008af9cf00,0x000000008b000000)
 Metaspace       used 77770K, committed 79296K, reserved 1179648K
  class space    used 8683K, committed 9344K, reserved 1048576K
}
Event: 15.476 GC heap before
{Heap before GC invocations=145 (full 3):
 PSYoungGen      total 7680K, used 7584K [0x00000000d5580000, 0x00000000d5e80000, 0x0000000100000000)
  eden space 6144K, 100% used [0x00000000d5580000,0x00000000d5b80000,0x00000000d5b80000)
  from space 1536K, 93% used [0x00000000d5b80000,0x00000000d5ce8000,0x00000000d5d00000)
  to   space 1536K, 0% used [0x00000000d5d00000,0x00000000d5d00000,0x00000000d5e80000)
 ParOldGen       total 180224K, used 179827K [0x0000000080000000, 0x000000008b000000, 0x00000000d5580000)
  object space 180224K, 99% used [0x0000000080000000,0x000000008af9cf00,0x000000008b000000)
 Metaspace       used 77783K, committed 79296K, reserved 1179648K
  class space    used 8683K, committed 9344K, reserved 1048576K
}

