# JRE version: OpenJDK Runtime Environment Temurin-21.0.10+7 (21.0.10+7) (build 21.0.10+7-LTS)
# Java VM: OpenJDK 64-Bit Server VM Temurin-21.0.10+7 (21.0.10+7-LTS, mixed mode, sharing, tiered, compressed oops, compressed class ptrs, parallel gc, windows-amd64)
GC Precious Log:
 CardTable entry size: 512
 CPUs: 20 total, 20 available
 Memory: 7911M
 Large Page Support: Disabled
 NUMA Support: Disabled
 Compressed Oops: Enabled (32-bit)
 Alignments: Space 512K, Generation 512K, Heap 2M
 Heap Min Capacity: 100M
 Heap Initial Capacity: 100M
 Heap Max Capacity: 2G
 Pre-touch: Disabled
 Parallel Workers: 15
Heap:
 PSYoungGen      total 14336K, used 11815K [0x00000000d5580000, 0x00000000d6780000, 0x0000000100000000)
  eden space 11264K, 98% used [0x00000000d5580000,0x00000000d605cf90,0x00000000d6080000)
  from space 3072K, 22% used [0x00000000d6280000,0x00000000d632cf38,0x00000000d6580000)
  to   space 1536K, 0% used [0x00000000d6600000,0x00000000d6600000,0x00000000d6780000)
 ParOldGen       total 68608K, used 27349K [0x0000000080000000, 0x0000000084300000, 0x00000000d5580000)
  object space 68608K, 39% used [0x0000000080000000,0x0000000081ab55e8,0x0000000084300000)
 Metaspace       used 25881K, committed 26752K, reserved 1114112K
  class space    used 2560K, committed 2944K, reserved 1048576K
GC Heap History (20 events):
Event: 4.038 GC heap before
{Heap before GC invocations=5 (full 0):
 PSYoungGen      total 29696K, used 29680K [0x00000000d5580000, 0x00000000d7680000, 0x0000000100000000)
  eden space 25600K, 100% used [0x00000000d5580000,0x00000000d6e80000,0x00000000d6e80000)
  from space 4096K, 99% used [0x00000000d7280000,0x00000000d767c040,0x00000000d7680000)
  to   space 4096K, 0% used [0x00000000d6e80000,0x00000000d6e80000,0x00000000d7280000)
 ParOldGen       total 68608K, used 6731K [0x0000000080000000, 0x0000000084300000, 0x00000000d5580000)
  object space 68608K, 9% used [0x0000000080000000,0x0000000080692c60,0x0000000084300000)
 Metaspace       used 15196K, committed 15808K, reserved 1114112K
  class space    used 1563K, committed 1792K, reserved 1048576K
}
Event: 4.044 GC heap after
{Heap after GC invocations=5 (full 0):
 PSYoungGen      total 29184K, used 4093K [0x00000000d5580000, 0x00000000d7a00000, 0x0000000100000000)
  eden space 25088K, 0% used [0x00000000d5580000,0x00000000d5580000,0x00000000d6e00000)
  from space 4096K, 99% used [0x00000000d6e80000,0x00000000d727f748,0x00000000d7280000)
  to   space 6144K, 0% used [0x00000000d7400000,0x00000000d7400000,0x00000000d7a00000)
 ParOldGen       total 68608K, used 7751K [0x0000000080000000, 0x0000000084300000, 0x00000000d5580000)
  object space 68608K, 11% used [0x0000000080000000,0x0000000080791c58,0x0000000084300000)
 Metaspace       used 15196K, committed 15808K, reserved 1114112K
  class space    used 1563K, committed 1792K, reserved 1048576K
}
Event: 4.213 GC heap before
{Heap before GC invocations=6 (full 0):
 PSYoungGen      total 29184K, used 29181K [0x00000000d5580000, 0x00000000d7a00000, 0x0000000100000000)
  eden space 25088K, 100% used [0x00000000d5580000,0x00000000d6e00000,0x00000000d6e00000)
  from space 4096K, 99% used [0x00000000d6e80000,0x00000000d727f748,0x00000000d7280000)
  to   space 6144K, 0% used [0x00000000d7400000,0x00000000d7400000,0x00000000d7a00000)
 ParOldGen       total 68608K, used 7751K [0x0000000080000000, 0x0000000084300000, 0x00000000d5580000)
  object space 68608K, 11% used [0x0000000080000000,0x0000000080791c58,0x0000000084300000)
 Metaspace       used 15837K, committed 16448K, reserved 1114112K
  class space    used 1628K, committed 1920K, reserved 1048576K
}
Event: 5.225 GC heap after
{Heap after GC invocations=6 (full 0):
 PSYoungGen      total 17408K, used 6115K [0x00000000d5580000, 0x00000000d9480000, 0x0000000100000000)
  eden space 11264K, 0% used [0x00000000d5580000,0x00000000d5580000,0x00000000d6080000)
  from space 6144K, 99% used [0x00000000d7400000,0x00000000d79f8fb0,0x00000000d7a00000)
  to   space 19968K, 0% used [0x00000000d6080000,0x00000000d6080000,0x00000000d7400000)
 ParOldGen       total 68608K, used 19139K [0x0000000080000000, 0x0000000084300000, 0x00000000d5580000)
  object space 68608K, 27% used [0x0000000080000000,0x00000000812b0c88,0x0000000084300000)
 Metaspace       used 15837K, committed 16448K, reserved 1114112K
  class space    used 1628K, committed 1920K, reserved 1048576K
}
Event: 5.583 GC heap before
{Heap before GC invocations=7 (full 0):
 PSYoungGen      total 17408K, used 17379K [0x00000000d5580000, 0x00000000d9480000, 0x0000000100000000)
  eden space 11264K, 100% used [0x00000000d5580000,0x00000000d6080000,0x00000000d6080000)
  from space 6144K, 99% used [0x00000000d7400000,0x00000000d79f8fb0,0x00000000d7a00000)
  to   space 19968K, 0% used [0x00000000d6080000,0x00000000d6080000,0x00000000d7400000)
 ParOldGen       total 68608K, used 19139K [0x0000000080000000, 0x0000000084300000, 0x00000000d5580000)
  object space 68608K, 27% used [0x0000000080000000,0x00000000812b0c88,0x0000000084300000)
 Metaspace       used 17477K, committed 18176K, reserved 1114112K
  class space    used 1799K, committed 2112K, reserved 1048576K
}
Event: 5.589 GC heap after
{Heap after GC invocations=7 (full 0):
 PSYoungGen      total 16896K, used 5302K [0x00000000d5580000, 0x00000000d7480000, 0x0000000100000000)
  eden space 11264K, 0% used [0x00000000d5580000,0x00000000d5580000,0x00000000d6080000)
  from space 5632K, 94% used [0x00000000d6080000,0x00000000d65ad878,0x00000000d6600000)
  to   space 9728K, 0% used [0x00000000d6b00000,0x00000000d6b00000,0x00000000d7480000)
 ParOldGen       total 68608K, used 20699K [0x0000000080000000, 0x0000000084300000, 0x00000000d5580000)
  object space 68608K, 30% used [0x0000000080000000,0x0000000081436f80,0x0000000084300000)
 Metaspace       used 17477K, committed 18176K, reserved 1114112K
  class space    used 1799K, committed 2112K, reserved 1048576K
}
Event: 5.853 GC heap before
{Heap before GC invocations=8 (full 0):
 PSYoungGen      total 16896K, used 16566K [0x00000000d5580000, 0x00000000d7480000, 0x0000000100000000)
  eden space 11264K, 100% used [0x00000000d5580000,0x00000000d6080000,0x00000000d6080000)
  from space 5632K, 94% used [0x00000000d6080000,0x00000000d65ad878,0x00000000d6600000)
  to   space 9728K, 0% used [0x00000000d6b00000,0x00000000d6b00000,0x00000000d7480000)
 ParOldGen       total 68608K, used 20699K [0x0000000080000000, 0x0000000084300000, 0x00000000d5580000)
  object space 68608K, 30% used [0x0000000080000000,0x0000000081436f80,0x0000000084300000)
 Metaspace       used 18733K, committed 19456K, reserved 1114112K
  class space    used 1935K, committed 2240K, reserved 1048576K
}
Event: 5.858 GC heap after
{Heap after GC invocations=8 (full 0):
 PSYoungGen      total 15872K, used 4172K [0x00000000d5580000, 0x00000000d6f80000, 0x0000000100000000)
  eden space 11264K, 0% used [0x00000000d5580000,0x00000000d5580000,0x00000000d6080000)
  from space 4608K, 90% used [0x00000000d6b00000,0x00000000d6f13010,0x00000000d6f80000)
  to   space 5632K, 0% used [0x00000000d6480000,0x00000000d6480000,0x00000000d6a00000)
 ParOldGen       total 68608K, used 22296K [0x0000000080000000, 0x0000000084300000, 0x00000000d5580000)
  object space 68608K, 32% used [0x0000000080000000,0x00000000815c6398,0x0000000084300000)
 Metaspace       used 18733K, committed 19456K, reserved 1114112K
  class space    used 1935K, committed 2240K, reserved 1048576K
}
Event: 6.023 GC heap before
{Heap before GC invocations=9 (full 0):
 PSYoungGen      total 15872K, used 15436K [0x00000000d5580000, 0x00000000d6f80000, 0x0000000100000000)
  eden space 11264K, 100% used [0x00000000d5580000,0x00000000d6080000,0x00000000d6080000)
  from space 4608K, 90% used [0x00000000d6b00000,0x00000000d6f13010,0x00000000d6f80000)
  to   space 5632K, 0% used [0x00000000d6480000,0x00000000d6480000,0x00000000d6a00000)
 ParOldGen       total 68608K, used 22296K [0x0000000080000000, 0x0000000084300000, 0x00000000d5580000)
  object space 68608K, 32% used [0x0000000080000000,0x00000000815c6398,0x0000000084300000)
 Metaspace       used 19499K, committed 20288K, reserved 1114112K
  class space    used 2019K, committed 2368K, reserved 1048576K
}
Event: 6.027 GC heap after
{Heap after GC invocations=9 (full 0):
 PSYoungGen      total 13824K, used 2335K [0x00000000d5580000, 0x00000000d6b80000, 0x0000000100000000)
  eden space 11264K, 0% used [0x00000000d5580000,0x00000000d5580000,0x00000000d6080000)
  from space 2560K, 91% used [0x00000000d6480000,0x00000000d66c7ec8,0x00000000d6700000)
  to   space 3584K, 0% used [0x00000000d6800000,0x00000000d6800000,0x00000000d6b80000)
 ParOldGen       total 68608K, used 25277K [0x0000000080000000, 0x0000000084300000, 0x00000000d5580000)
  object space 68608K, 36% used [0x0000000080000000,0x00000000818af788,0x0000000084300000)
 Metaspace       used 19499K, committed 20288K, reserved 1114112K
  class space    used 2019K, committed 2368K, reserved 1048576K
}
Event: 6.167 GC heap before
{Heap before GC invocations=10 (full 0):
 PSYoungGen      total 13824K, used 12187K [0x00000000d5580000, 0x00000000d6b80000, 0x0000000100000000)
  eden space 11264K, 87% used [0x00000000d5580000,0x00000000d5f1edb8,0x00000000d6080000)
  from space 2560K, 91% used [0x00000000d6480000,0x00000000d66c7ec8,0x00000000d6700000)
  to   space 3584K, 0% used [0x00000000d6800000,0x00000000d6800000,0x00000000d6b80000)
 ParOldGen       total 68608K, used 25277K [0x0000000080000000, 0x0000000084300000, 0x00000000d5580000)
  object space 68608K, 36% used [0x0000000080000000,0x00000000818af788,0x0000000084300000)
 Metaspace       used 20726K, committed 21504K, reserved 1114112K
  class space    used 2168K, committed 2560K, reserved 1048576K
}
Event: 6.169 GC heap after
{Heap after GC invocations=10 (full 0):
 PSYoungGen      total 13312K, used 1693K [0x00000000d5580000, 0x00000000d6a00000, 0x0000000100000000)
  eden space 11264K, 0% used [0x00000000d5580000,0x00000000d5580000,0x00000000d6080000)
  from space 2048K, 82% used [0x00000000d6800000,0x00000000d69a76e8,0x00000000d6a00000)
  to   space 2560K, 0% used [0x00000000d6500000,0x00000000d6500000,0x00000000d6780000)
 ParOldGen       total 68608K, used 26222K [0x0000000080000000, 0x0000000084300000, 0x00000000d5580000)
  object space 68608K, 38% used [0x0000000080000000,0x000000008199b8b8,0x0000000084300000)
 Metaspace       used 20726K, committed 21504K, reserved 1114112K
  class space    used 2168K, committed 2560K, reserved 1048576K
}
Event: 6.169 GC heap before
{Heap before GC invocations=11 (full 1):
 PSYoungGen      total 13312K, used 1693K [0x00000000d5580000, 0x00000000d6a00000, 0x0000000100000000)
  eden space 11264K, 0% used [0x00000000d5580000,0x00000000d5580000,0x00000000d6080000)
  from space 2048K, 82% used [0x00000000d6800000,0x00000000d69a76e8,0x00000000d6a00000)
  to   space 2560K, 0% used [0x00000000d6500000,0x00000000d6500000,0x00000000d6780000)
 ParOldGen       total 68608K, used 26222K [0x0000000080000000, 0x0000000084300000, 0x00000000d5580000)
  object space 68608K, 38% used [0x0000000080000000,0x000000008199b8b8,0x0000000084300000)
 Metaspace       used 20726K, committed 21504K, reserved 1114112K
  class space    used 2168K, committed 2560K, reserved 1048576K
}
Event: 6.202 GC heap after
{Heap after GC invocations=11 (full 1):
 PSYoungGen      total 13312K, used 0K [0x00000000d5580000, 0x00000000d6a00000, 0x0000000100000000)
  eden space 11264K, 0% used [0x00000000d5580000,0x00000000d5580000,0x00000000d6080000)
  from space 2048K, 0% used [0x00000000d6800000,0x00000000d6800000,0x00000000d6a00000)
  to   space 2560K, 0% used [0x00000000d6500000,0x00000000d6500000,0x00000000d6780000)
 ParOldGen       total 68608K, used 26123K [0x0000000080000000, 0x0000000084300000, 0x00000000d5580000)
  object space 68608K, 38% used [0x0000000080000000,0x0000000081982d40,0x0000000084300000)
 Metaspace       used 20713K, committed 21504K, reserved 1114112K
  class space    used 2165K, committed 2560K, reserved 1048576K
}
Event: 6.322 GC heap before
{Heap before GC invocations=12 (full 1):
 PSYoungGen      total 13312K, used 11056K [0x00000000d5580000, 0x00000000d6a00000, 0x0000000100000000)
  eden space 11264K, 98% used [0x00000000d5580000,0x00000000d604c1e8,0x00000000d6080000)
  from space 2048K, 0% used [0x00000000d6800000,0x00000000d6800000,0x00000000d6a00000)
  to   space 2560K, 0% used [0x00000000d6500000,0x00000000d6500000,0x00000000d6780000)
 ParOldGen       total 68608K, used 26123K [0x0000000080000000, 0x0000000084300000, 0x00000000d5580000)
  object space 68608K, 38% used [0x0000000080000000,0x0000000081982d40,0x0000000084300000)
 Metaspace       used 22250K, committed 23168K, reserved 1114112K
  class space    used 2296K, committed 2688K, reserved 1048576K
}
Event: 6.323 GC heap after
{Heap after GC invocations=12 (full 1):
 PSYoungGen      total 12288K, used 802K [0x00000000d5580000, 0x00000000d6880000, 0x0000000100000000)
  eden space 11264K, 0% used [0x00000000d5580000,0x00000000d5580000,0x00000000d6080000)
  from space 1024K, 78% used [0x00000000d6500000,0x00000000d65c8b30,0x00000000d6600000)
  to   space 1536K, 0% used [0x00000000d6700000,0x00000000d6700000,0x00000000d6880000)
 ParOldGen       total 68608K, used 26131K [0x0000000080000000, 0x0000000084300000, 0x00000000d5580000)
  object space 68608K, 38% used [0x0000000080000000,0x0000000081984d40,0x0000000084300000)
 Metaspace       used 22250K, committed 23168K, reserved 1114112K
  class space    used 2296K, committed 2688K, reserved 1048576K
}
Event: 6.344 GC heap before
{Heap before GC invocations=13 (full 1):
 PSYoungGen      total 12288K, used 11964K [0x00000000d5580000, 0x00000000d6880000, 0x0000000100000000)
  eden space 11264K, 99% used [0x00000000d5580000,0x00000000d60666e0,0x00000000d6080000)
  from space 1024K, 78% used [0x00000000d6500000,0x00000000d65c8b30,0x00000000d6600000)
  to   space 1536K, 0% used [0x00000000d6700000,0x00000000d6700000,0x00000000d6880000)
 ParOldGen       total 68608K, used 26131K [0x0000000080000000, 0x0000000084300000, 0x00000000d5580000)
  object space 68608K, 38% used [0x0000000080000000,0x0000000081984d40,0x0000000084300000)
 Metaspace       used 22310K, committed 23168K, reserved 1114112K
  class space    used 2296K, committed 2688K, reserved 1048576K
}
Event: 6.345 GC heap after
{Heap after GC invocations=13 (full 1):
 PSYoungGen      total 12800K, used 1514K [0x00000000d5580000, 0x00000000d6880000, 0x0000000100000000)
  eden space 11264K, 0% used [0x00000000d5580000,0x00000000d5580000,0x00000000d6080000)
  from space 1536K, 98% used [0x00000000d6700000,0x00000000d687a890,0x00000000d6880000)
  to   space 3072K, 0% used [0x00000000d6280000,0x00000000d6280000,0x00000000d6580000)
 ParOldGen       total 68608K, used 27189K [0x0000000080000000, 0x0000000084300000, 0x00000000d5580000)
  object space 68608K, 39% used [0x0000000080000000,0x0000000081a8d5e8,0x0000000084300000)
 Metaspace       used 22310K, committed 23168K, reserved 1114112K
  class space    used 2296K, committed 2688K, reserved 1048576K
}
Event: 6.451 GC heap before
{Heap before GC invocations=14 (full 1):
 PSYoungGen      total 12800K, used 12778K [0x00000000d5580000, 0x00000000d6880000, 0x0000000100000000)
  eden space 11264K, 100% used [0x00000000d5580000,0x00000000d6080000,0x00000000d6080000)
  from space 1536K, 98% used [0x00000000d6700000,0x00000000d687a890,0x00000000d6880000)
  to   space 3072K, 0% used [0x00000000d6280000,0x00000000d6280000,0x00000000d6580000)
 ParOldGen       total 68608K, used 27189K [0x0000000080000000, 0x0000000084300000, 0x00000000d5580000)
  object space 68608K, 39% used [0x0000000080000000,0x0000000081a8d5e8,0x0000000084300000)
 Metaspace       used 24376K, committed 25216K, reserved 1114112K
  class space    used 2409K, committed 2816K, reserved 1048576K
}
Event: 6.452 GC heap after
{Heap after GC invocations=14 (full 1):
 PSYoungGen      total 14336K, used 691K [0x00000000d5580000, 0x00000000d6780000, 0x0000000100000000)
  eden space 11264K, 0% used [0x00000000d5580000,0x00000000d5580000,0x00000000d6080000)
  from space 3072K, 22% used [0x00000000d6280000,0x00000000d632cf38,0x00000000d6580000)
  to   space 1536K, 0% used [0x00000000d6600000,0x00000000d6600000,0x00000000d6780000)
 ParOldGen       total 68608K, used 27349K [0x0000000080000000, 0x0000000084300000, 0x00000000d5580000)
  object space 68608K, 39% used [0x0000000080000000,0x0000000081ab55e8,0x0000000084300000)
 Metaspace       used 24376K, committed 25216K, reserved 1114112K
  class space    used 2409K, committed 2816K, reserved 1048576K
}

