# JRE version: OpenJDK Runtime Environment Temurin-21.0.9+10 (21.0.9+10) (build 21.0.9+10-LTS)
# Java VM: OpenJDK 64-Bit Server VM Temurin-21.0.9+10 (21.0.9+10-LTS, mixed mode, sharing, tiered, compressed oops, compressed class ptrs, parallel gc, windows-amd64)
GC Precious Log:
 CardTable entry size: 512
 CPUs: 20 total, 20 available
 Memory: 7911M
 Large Page Support: Disabled
 NUMA Support: Disabled
 Compressed Oops: Enabled (32-bit)
 Alignments: Space 512K, Generation 512K, Heap 2M
 Heap Min Capacity: 100M
 Heap Initial Capacity: 100M
 Heap Max Capacity: 2G
 Pre-touch: Disabled
 Parallel Workers: 15
Heap:
 PSYoungGen      total 22016K, used 18573K [0x00000000d5580000, 0x00000000d7d80000, 0x0000000100000000)
  eden space 20480K, 83% used [0x00000000d5580000,0x00000000d6625188,0x00000000d6980000)
  from space 1536K, 99% used [0x00000000d6980000,0x00000000d6afe510,0x00000000d6b00000)
  to   space 10240K, 0% used [0x00000000d7380000,0x00000000d7380000,0x00000000d7d80000)
 ParOldGen       total 68608K, used 59087K [0x0000000080000000, 0x0000000084300000, 0x00000000d5580000)
  object space 68608K, 86% used [0x0000000080000000,0x00000000839b3d10,0x0000000084300000)
 Metaspace       used 56113K, committed 57344K, reserved 1114112K
  class space    used 6304K, committed 6848K, reserved 1048576K
GC Heap History (20 events):
Event: 7.034 GC heap before
{Heap before GC invocations=36 (full 2):
 PSYoungGen      total 23040K, used 22520K [0x00000000d5580000, 0x00000000d6e80000, 0x0000000100000000)
  eden space 20480K, 100% used [0x00000000d5580000,0x00000000d6980000,0x00000000d6980000)
  from space 2560K, 79% used [0x00000000d6980000,0x00000000d6b7e200,0x00000000d6c00000)
  to   space 2560K, 0% used [0x00000000d6c00000,0x00000000d6c00000,0x00000000d6e80000)
 ParOldGen       total 68608K, used 42752K [0x0000000080000000, 0x0000000084300000, 0x00000000d5580000)
  object space 68608K, 62% used [0x0000000080000000,0x00000000829c01d0,0x0000000084300000)
 Metaspace       used 44975K, committed 46144K, reserved 1114112K
  class space    used 4755K, committed 5248K, reserved 1048576K
}
Event: 7.037 GC heap after
{Heap after GC invocations=36 (full 2):
 PSYoungGen      total 22528K, used 1997K [0x00000000d5580000, 0x00000000d6e00000, 0x0000000100000000)
  eden space 20480K, 0% used [0x00000000d5580000,0x00000000d5580000,0x00000000d6980000)
  from space 2048K, 97% used [0x00000000d6c00000,0x00000000d6df3510,0x00000000d6e00000)
  to   space 2048K, 0% used [0x00000000d6a00000,0x00000000d6a00000,0x00000000d6c00000)
 ParOldGen       total 68608K, used 44600K [0x0000000080000000, 0x0000000084300000, 0x00000000d5580000)
  object space 68608K, 65% used [0x0000000080000000,0x0000000082b8e0d0,0x0000000084300000)
 Metaspace       used 44975K, committed 46144K, reserved 1114112K
  class space    used 4755K, committed 5248K, reserved 1048576K
}
Event: 7.356 GC heap before
{Heap before GC invocations=37 (full 2):
 PSYoungGen      total 22528K, used 22477K [0x00000000d5580000, 0x00000000d6e00000, 0x0000000100000000)
  eden space 20480K, 100% used [0x00000000d5580000,0x00000000d6980000,0x00000000d6980000)
  from space 2048K, 97% used [0x00000000d6c00000,0x00000000d6df3510,0x00000000d6e00000)
  to   space 2048K, 0% used [0x00000000d6a00000,0x00000000d6a00000,0x00000000d6c00000)
 ParOldGen       total 68608K, used 44600K [0x0000000080000000, 0x0000000084300000, 0x00000000d5580000)
  object space 68608K, 65% used [0x0000000080000000,0x0000000082b8e0d0,0x0000000084300000)
 Metaspace       used 46686K, committed 47872K, reserved 1114112K
  class space    used 4988K, committed 5504K, reserved 1048576K
}
Event: 7.359 GC heap after
{Heap after GC invocations=37 (full 2):
 PSYoungGen      total 22016K, used 1504K [0x00000000d5580000, 0x00000000d6d80000, 0x0000000100000000)
  eden space 20480K, 0% used [0x00000000d5580000,0x00000000d5580000,0x00000000d6980000)
  from space 1536K, 97% used [0x00000000d6a00000,0x00000000d6b78000,0x00000000d6b80000)
  to   space 2048K, 0% used [0x00000000d6b80000,0x00000000d6b80000,0x00000000d6d80000)
 ParOldGen       total 68608K, used 46342K [0x0000000080000000, 0x0000000084300000, 0x00000000d5580000)
  object space 68608K, 67% used [0x0000000080000000,0x0000000082d41948,0x0000000084300000)
 Metaspace       used 46686K, committed 47872K, reserved 1114112K
  class space    used 4988K, committed 5504K, reserved 1048576K
}
Event: 7.789 GC heap before
{Heap before GC invocations=38 (full 2):
 PSYoungGen      total 22016K, used 21984K [0x00000000d5580000, 0x00000000d6d80000, 0x0000000100000000)
  eden space 20480K, 100% used [0x00000000d5580000,0x00000000d6980000,0x00000000d6980000)
  from space 1536K, 97% used [0x00000000d6a00000,0x00000000d6b78000,0x00000000d6b80000)
  to   space 2048K, 0% used [0x00000000d6b80000,0x00000000d6b80000,0x00000000d6d80000)
 ParOldGen       total 68608K, used 46342K [0x0000000080000000, 0x0000000084300000, 0x00000000d5580000)
  object space 68608K, 67% used [0x0000000080000000,0x0000000082d41948,0x0000000084300000)
 Metaspace       used 47380K, committed 48576K, reserved 1114112K
  class space    used 5068K, committed 5568K, reserved 1048576K
}
Event: 7.791 GC heap after
{Heap after GC invocations=38 (full 2):
 PSYoungGen      total 22016K, used 1081K [0x00000000d5580000, 0x00000000d6d00000, 0x0000000100000000)
  eden space 20480K, 0% used [0x00000000d5580000,0x00000000d5580000,0x00000000d6980000)
  from space 1536K, 70% used [0x00000000d6b80000,0x00000000d6c8e5e0,0x00000000d6d00000)
  to   space 1536K, 0% used [0x00000000d6a00000,0x00000000d6a00000,0x00000000d6b80000)
 ParOldGen       total 68608K, used 47502K [0x0000000080000000, 0x0000000084300000, 0x00000000d5580000)
  object space 68608K, 69% used [0x0000000080000000,0x0000000082e63968,0x0000000084300000)
 Metaspace       used 47380K, committed 48576K, reserved 1114112K
  class space    used 5068K, committed 5568K, reserved 1048576K
}
Event: 8.085 GC heap before
{Heap before GC invocations=39 (full 2):
 PSYoungGen      total 22016K, used 21561K [0x00000000d5580000, 0x00000000d6d00000, 0x0000000100000000)
  eden space 20480K, 100% used [0x00000000d5580000,0x00000000d6980000,0x00000000d6980000)
  from space 1536K, 70% used [0x00000000d6b80000,0x00000000d6c8e5e0,0x00000000d6d00000)
  to   space 1536K, 0% used [0x00000000d6a00000,0x00000000d6a00000,0x00000000d6b80000)
 ParOldGen       total 68608K, used 47502K [0x0000000080000000, 0x0000000084300000, 0x00000000d5580000)
  object space 68608K, 69% used [0x0000000080000000,0x0000000082e63968,0x0000000084300000)
 Metaspace       used 47921K, committed 49088K, reserved 1114112K
  class space    used 5110K, committed 5632K, reserved 1048576K
}
Event: 8.086 GC heap after
{Heap after GC invocations=39 (full 2):
 PSYoungGen      total 22016K, used 1248K [0x00000000d5580000, 0x00000000d6c80000, 0x0000000100000000)
  eden space 20480K, 0% used [0x00000000d5580000,0x00000000d5580000,0x00000000d6980000)
  from space 1536K, 81% used [0x00000000d6a00000,0x00000000d6b38000,0x00000000d6b80000)
  to   space 1024K, 0% used [0x00000000d6b80000,0x00000000d6b80000,0x00000000d6c80000)
 ParOldGen       total 68608K, used 48265K [0x0000000080000000, 0x0000000084300000, 0x00000000d5580000)
  object space 68608K, 70% used [0x0000000080000000,0x0000000082f225e8,0x0000000084300000)
 Metaspace       used 47921K, committed 49088K, reserved 1114112K
  class space    used 5110K, committed 5632K, reserved 1048576K
}
Event: 8.306 GC heap before
{Heap before GC invocations=40 (full 2):
 PSYoungGen      total 22016K, used 21728K [0x00000000d5580000, 0x00000000d6c80000, 0x0000000100000000)
  eden space 20480K, 100% used [0x00000000d5580000,0x00000000d6980000,0x00000000d6980000)
  from space 1536K, 81% used [0x00000000d6a00000,0x00000000d6b38000,0x00000000d6b80000)
  to   space 1024K, 0% used [0x00000000d6b80000,0x00000000d6b80000,0x00000000d6c80000)
 ParOldGen       total 68608K, used 48265K [0x0000000080000000, 0x0000000084300000, 0x00000000d5580000)
  object space 68608K, 70% used [0x0000000080000000,0x0000000082f225e8,0x0000000084300000)
 Metaspace       used 48283K, committed 49472K, reserved 1114112K
  class space    used 5147K, committed 5632K, reserved 1048576K
}
Event: 8.307 GC heap after
{Heap after GC invocations=40 (full 2):
 PSYoungGen      total 21504K, used 736K [0x00000000d5580000, 0x00000000d6c80000, 0x0000000100000000)
  eden space 20480K, 0% used [0x00000000d5580000,0x00000000d5580000,0x00000000d6980000)
  from space 1024K, 71% used [0x00000000d6b80000,0x00000000d6c38000,0x00000000d6c80000)
  to   space 1024K, 0% used [0x00000000d6a80000,0x00000000d6a80000,0x00000000d6b80000)
 ParOldGen       total 68608K, used 49287K [0x0000000080000000, 0x0000000084300000, 0x00000000d5580000)
  object space 68608K, 71% used [0x0000000080000000,0x0000000083021d70,0x0000000084300000)
 Metaspace       used 48283K, committed 49472K, reserved 1114112K
  class space    used 5147K, committed 5632K, reserved 1048576K
}
Event: 8.718 GC heap before
{Heap before GC invocations=41 (full 2):
 PSYoungGen      total 21504K, used 21216K [0x00000000d5580000, 0x00000000d6c80000, 0x0000000100000000)
  eden space 20480K, 100% used [0x00000000d5580000,0x00000000d6980000,0x00000000d6980000)
  from space 1024K, 71% used [0x00000000d6b80000,0x00000000d6c38000,0x00000000d6c80000)
  to   space 1024K, 0% used [0x00000000d6a80000,0x00000000d6a80000,0x00000000d6b80000)
 ParOldGen       total 68608K, used 49287K [0x0000000080000000, 0x0000000084300000, 0x00000000d5580000)
  object space 68608K, 71% used [0x0000000080000000,0x0000000083021d70,0x0000000084300000)
 Metaspace       used 50140K, committed 51328K, reserved 1114112K
  class space    used 5369K, committed 5888K, reserved 1048576K
}
Event: 8.720 GC heap after
{Heap after GC invocations=41 (full 2):
 PSYoungGen      total 21504K, used 1012K [0x00000000d5580000, 0x00000000d6d80000, 0x0000000100000000)
  eden space 20480K, 0% used [0x00000000d5580000,0x00000000d5580000,0x00000000d6980000)
  from space 1024K, 98% used [0x00000000d6a80000,0x00000000d6b7d3e8,0x00000000d6b80000)
  to   space 2048K, 0% used [0x00000000d6b80000,0x00000000d6b80000,0x00000000d6d80000)
 ParOldGen       total 68608K, used 49967K [0x0000000080000000, 0x0000000084300000, 0x00000000d5580000)
  object space 68608K, 72% used [0x0000000080000000,0x00000000830cbd80,0x0000000084300000)
 Metaspace       used 50140K, committed 51328K, reserved 1114112K
  class space    used 5369K, committed 5888K, reserved 1048576K
}
Event: 9.092 GC heap before
{Heap before GC invocations=42 (full 2):
 PSYoungGen      total 21504K, used 21492K [0x00000000d5580000, 0x00000000d6d80000, 0x0000000100000000)
  eden space 20480K, 100% used [0x00000000d5580000,0x00000000d6980000,0x00000000d6980000)
  from space 1024K, 98% used [0x00000000d6a80000,0x00000000d6b7d3e8,0x00000000d6b80000)
  to   space 2048K, 0% used [0x00000000d6b80000,0x00000000d6b80000,0x00000000d6d80000)
 ParOldGen       total 68608K, used 49967K [0x0000000080000000, 0x0000000084300000, 0x00000000d5580000)
  object space 68608K, 72% used [0x0000000080000000,0x00000000830cbd80,0x0000000084300000)
 Metaspace       used 51096K, committed 52288K, reserved 1114112K
  class space    used 5517K, committed 6016K, reserved 1048576K
}
Event: 9.093 GC heap after
{Heap after GC invocations=42 (full 2):
 PSYoungGen      total 21504K, used 608K [0x00000000d5580000, 0x00000000d6c80000, 0x0000000100000000)
  eden space 20480K, 0% used [0x00000000d5580000,0x00000000d5580000,0x00000000d6980000)
  from space 1024K, 59% used [0x00000000d6b80000,0x00000000d6c18010,0x00000000d6c80000)
  to   space 1024K, 0% used [0x00000000d6a80000,0x00000000d6a80000,0x00000000d6b80000)
 ParOldGen       total 68608K, used 50960K [0x0000000080000000, 0x0000000084300000, 0x00000000d5580000)
  object space 68608K, 74% used [0x0000000080000000,0x00000000831c40f8,0x0000000084300000)
 Metaspace       used 51096K, committed 52288K, reserved 1114112K
  class space    used 5517K, committed 6016K, reserved 1048576K
}
Event: 9.467 GC heap before
{Heap before GC invocations=43 (full 2):
 PSYoungGen      total 21504K, used 21088K [0x00000000d5580000, 0x00000000d6c80000, 0x0000000100000000)
  eden space 20480K, 100% used [0x00000000d5580000,0x00000000d6980000,0x00000000d6980000)
  from space 1024K, 59% used [0x00000000d6b80000,0x00000000d6c18010,0x00000000d6c80000)
  to   space 1024K, 0% used [0x00000000d6a80000,0x00000000d6a80000,0x00000000d6b80000)
 ParOldGen       total 68608K, used 50960K [0x0000000080000000, 0x0000000084300000, 0x00000000d5580000)
  object space 68608K, 74% used [0x0000000080000000,0x00000000831c40f8,0x0000000084300000)
 Metaspace       used 52089K, committed 53376K, reserved 1114112K
  class space    used 5621K, committed 6208K, reserved 1048576K
}
Event: 9.468 GC heap after
{Heap after GC invocations=43 (full 2):
 PSYoungGen      total 21504K, used 704K [0x00000000d5580000, 0x00000000d6c00000, 0x0000000100000000)
  eden space 20480K, 0% used [0x00000000d5580000,0x00000000d5580000,0x00000000d6980000)
  from space 1024K, 68% used [0x00000000d6a80000,0x00000000d6b30000,0x00000000d6b80000)
  to   space 512K, 0% used [0x00000000d6b80000,0x00000000d6b80000,0x00000000d6c00000)
 ParOldGen       total 68608K, used 51224K [0x0000000080000000, 0x0000000084300000, 0x00000000d5580000)
  object space 68608K, 74% used [0x0000000080000000,0x00000000832060f8,0x0000000084300000)
 Metaspace       used 52089K, committed 53376K, reserved 1114112K
  class space    used 5621K, committed 6208K, reserved 1048576K
}
Event: 9.770 GC heap before
{Heap before GC invocations=44 (full 2):
 PSYoungGen      total 21504K, used 21184K [0x00000000d5580000, 0x00000000d6c00000, 0x0000000100000000)
  eden space 20480K, 100% used [0x00000000d5580000,0x00000000d6980000,0x00000000d6980000)
  from space 1024K, 68% used [0x00000000d6a80000,0x00000000d6b30000,0x00000000d6b80000)
  to   space 512K, 0% used [0x00000000d6b80000,0x00000000d6b80000,0x00000000d6c00000)
 ParOldGen       total 68608K, used 51224K [0x0000000080000000, 0x0000000084300000, 0x00000000d5580000)
  object space 68608K, 74% used [0x0000000080000000,0x00000000832060f8,0x0000000084300000)
 Metaspace       used 53849K, committed 55104K, reserved 1114112K
  class space    used 5907K, committed 6464K, reserved 1048576K
}
Event: 9.772 GC heap after
{Heap after GC invocations=44 (full 2):
 PSYoungGen      total 20992K, used 511K [0x00000000d5580000, 0x00000000d6c80000, 0x0000000100000000)
  eden space 20480K, 0% used [0x00000000d5580000,0x00000000d5580000,0x00000000d6980000)
  from space 512K, 99% used [0x00000000d6b80000,0x00000000d6bffc10,0x00000000d6c00000)
  to   space 1536K, 0% used [0x00000000d6980000,0x00000000d6980000,0x00000000d6b00000)
 ParOldGen       total 68608K, used 51832K [0x0000000080000000, 0x0000000084300000, 0x00000000d5580000)
  object space 68608K, 75% used [0x0000000080000000,0x000000008329e0f8,0x0000000084300000)
 Metaspace       used 53849K, committed 55104K, reserved 1114112K
  class space    used 5907K, committed 6464K, reserved 1048576K
}
Event: 10.347 GC heap before
{Heap before GC invocations=45 (full 2):
 PSYoungGen      total 20992K, used 20991K [0x00000000d5580000, 0x00000000d6c80000, 0x0000000100000000)
  eden space 20480K, 100% used [0x00000000d5580000,0x00000000d6980000,0x00000000d6980000)
  from space 512K, 99% used [0x00000000d6b80000,0x00000000d6bffc10,0x00000000d6c00000)
  to   space 1536K, 0% used [0x00000000d6980000,0x00000000d6980000,0x00000000d6b00000)
 ParOldGen       total 68608K, used 51832K [0x0000000080000000, 0x0000000084300000, 0x00000000d5580000)
  object space 68608K, 75% used [0x0000000080000000,0x000000008329e0f8,0x0000000084300000)
 Metaspace       used 54885K, committed 56128K, reserved 1114112K
  class space    used 6088K, committed 6656K, reserved 1048576K
}
Event: 10.350 GC heap after
{Heap after GC invocations=45 (full 2):
 PSYoungGen      total 22016K, used 1529K [0x00000000d5580000, 0x00000000d7d80000, 0x0000000100000000)
  eden space 20480K, 0% used [0x00000000d5580000,0x00000000d5580000,0x00000000d6980000)
  from space 1536K, 99% used [0x00000000d6980000,0x00000000d6afe510,0x00000000d6b00000)
  to   space 10240K, 0% used [0x00000000d7380000,0x00000000d7380000,0x00000000d7d80000)
 ParOldGen       total 68608K, used 59087K [0x0000000080000000, 0x0000000084300000, 0x00000000d5580000)
  object space 68608K, 86% used [0x0000000080000000,0x00000000839b3d10,0x0000000084300000)
 Metaspace       used 54885K, committed 56128K, reserved 1114112K
  class space    used 6088K, committed 6656K, reserved 1048576K
}

