# JRE version: OpenJDK Runtime Environment Temurin-21.0.10+7 (21.0.10+7) (build 21.0.10+7-LTS)
# Java VM: OpenJDK 64-Bit Server VM Temurin-21.0.10+7 (21.0.10+7-LTS, mixed mode, sharing, tiered, compressed oops, compressed class ptrs, g1 gc, windows-amd64)
GC Precious Log:
 CardTable entry size: 512
 Card Set container configuration: InlinePtr #cards 5 size 8 Array Of Cards #cards 12 size 40 Howl #buckets 4 coarsen threshold 1843 Howl Bitmap #cards 512 size 80 coarsen threshold 460 Card regions per heap region 1 cards per card region 2048
 CPUs: 20 total, 20 available
 Memory: 7911M
 Large Page Support: Disabled
 NUMA Support: Disabled
 Compressed Oops: Enabled (32-bit)
 Heap Region Size: 1M
 Heap Min Capacity: 8M
 Heap Initial Capacity: 124M
 Heap Max Capacity: 2G
 Pre-touch: Disabled
 Parallel Workers: 15
 Concurrent Workers: 4
 Concurrent Refinement Workers: 15
 Periodic GC: Disabled
Heap:
 garbage-first heap   total 121856K, used 100175K [0x0000000080000000, 0x0000000100000000)
  region size 1024K, 44 young (45056K), 4 survivors (4096K)
 Metaspace       used 67740K, committed 69952K, reserved 491520K
  class space    used 10008K, committed 11072K, reserved 425984K
GC Heap History (20 events):
Event: 8.018 GC heap before
{Heap before GC invocations=12 (full 0):
 garbage-first heap   total 86016K, used 73615K [0x0000000080000000, 0x0000000100000000)
  region size 1024K, 43 young (44032K), 5 survivors (5120K)
 Metaspace       used 44908K, committed 46656K, reserved 491520K
  class space    used 6680K, committed 7488K, reserved 425984K
}
Event: 8.022 GC heap after
{Heap after GC invocations=13 (full 0):
 garbage-first heap   total 86016K, used 36492K [0x0000000080000000, 0x0000000100000000)
  region size 1024K, 4 young (4096K), 4 survivors (4096K)
 Metaspace       used 44908K, committed 46656K, reserved 491520K
  class space    used 6680K, committed 7488K, reserved 425984K
}
Event: 8.700 GC heap before
{Heap before GC invocations=13 (full 0):
 garbage-first heap   total 86016K, used 74380K [0x0000000080000000, 0x0000000100000000)
  region size 1024K, 41 young (41984K), 4 survivors (4096K)
 Metaspace       used 49092K, committed 50944K, reserved 491520K
  class space    used 7255K, committed 8128K, reserved 425984K
}
Event: 8.704 GC heap after
{Heap after GC invocations=14 (full 0):
 garbage-first heap   total 86016K, used 38919K [0x0000000080000000, 0x0000000100000000)
  region size 1024K, 6 young (6144K), 6 survivors (6144K)
 Metaspace       used 49092K, committed 50944K, reserved 491520K
  class space    used 7255K, committed 8128K, reserved 425984K
}
Event: 9.401 GC heap before
{Heap before GC invocations=14 (full 0):
 garbage-first heap   total 86016K, used 75783K [0x0000000080000000, 0x0000000100000000)
  region size 1024K, 42 young (43008K), 6 survivors (6144K)
 Metaspace       used 53249K, committed 55168K, reserved 491520K
  class space    used 7924K, committed 8832K, reserved 425984K
}
Event: 9.405 GC heap after
{Heap after GC invocations=15 (full 0):
 garbage-first heap   total 86016K, used 41596K [0x0000000080000000, 0x0000000100000000)
  region size 1024K, 6 young (6144K), 6 survivors (6144K)
 Metaspace       used 53249K, committed 55168K, reserved 491520K
  class space    used 7924K, committed 8832K, reserved 425984K
}
Event: 10.050 GC heap before
{Heap before GC invocations=15 (full 0):
 garbage-first heap   total 86016K, used 75388K [0x0000000080000000, 0x0000000100000000)
  region size 1024K, 40 young (40960K), 6 survivors (6144K)
 Metaspace       used 54632K, committed 56512K, reserved 491520K
  class space    used 8061K, committed 8960K, reserved 425984K
}
Event: 10.057 GC heap after
{Heap after GC invocations=16 (full 0):
 garbage-first heap   total 88064K, used 46140K [0x0000000080000000, 0x0000000100000000)
  region size 1024K, 5 young (5120K), 5 survivors (5120K)
 Metaspace       used 54632K, committed 56512K, reserved 491520K
  class space    used 8061K, committed 8960K, reserved 425984K
}
Event: 10.276 GC heap before
{Heap before GC invocations=16 (full 0):
 garbage-first heap   total 88064K, used 59452K [0x0000000080000000, 0x0000000100000000)
  region size 1024K, 19 young (19456K), 5 survivors (5120K)
 Metaspace       used 55067K, committed 56960K, reserved 491520K
  class space    used 8113K, committed 9024K, reserved 425984K
}
Event: 10.279 GC heap after
{Heap after GC invocations=17 (full 0):
 garbage-first heap   total 88064K, used 49115K [0x0000000080000000, 0x0000000100000000)
  region size 1024K, 4 young (4096K), 4 survivors (4096K)
 Metaspace       used 55067K, committed 56960K, reserved 491520K
  class space    used 8113K, committed 9024K, reserved 425984K
}
Event: 10.870 GC heap before
{Heap before GC invocations=18 (full 0):
 garbage-first heap   total 89088K, used 80859K [0x0000000080000000, 0x0000000100000000)
  region size 1024K, 30 young (30720K), 4 survivors (4096K)
 Metaspace       used 56845K, committed 58816K, reserved 491520K
  class space    used 8365K, committed 9280K, reserved 425984K
}
Event: 10.873 GC heap after
{Heap after GC invocations=19 (full 0):
 garbage-first heap   total 89088K, used 57888K [0x0000000080000000, 0x0000000100000000)
  region size 1024K, 4 young (4096K), 4 survivors (4096K)
 Metaspace       used 56845K, committed 58816K, reserved 491520K
  class space    used 8365K, committed 9280K, reserved 425984K
}
Event: 11.280 GC heap before
{Heap before GC invocations=19 (full 0):
 garbage-first heap   total 89088K, used 79392K [0x0000000080000000, 0x0000000100000000)
  region size 1024K, 25 young (25600K), 4 survivors (4096K)
 Metaspace       used 59390K, committed 61440K, reserved 491520K
  class space    used 8714K, committed 9728K, reserved 425984K
}
Event: 11.285 GC heap after
{Heap after GC invocations=20 (full 0):
 garbage-first heap   total 89088K, used 57766K [0x0000000080000000, 0x0000000100000000)
  region size 1024K, 2 young (2048K), 2 survivors (2048K)
 Metaspace       used 59390K, committed 61440K, reserved 491520K
  class space    used 8714K, committed 9728K, reserved 425984K
}
Event: 11.610 GC heap before
{Heap before GC invocations=20 (full 0):
 garbage-first heap   total 89088K, used 79270K [0x0000000080000000, 0x0000000100000000)
  region size 1024K, 23 young (23552K), 2 survivors (2048K)
 Metaspace       used 60806K, committed 62912K, reserved 491520K
  class space    used 8899K, committed 9920K, reserved 425984K
}
Event: 11.613 GC heap after
{Heap after GC invocations=21 (full 0):
 garbage-first heap   total 89088K, used 59004K [0x0000000080000000, 0x0000000100000000)
  region size 1024K, 3 young (3072K), 3 survivors (3072K)
 Metaspace       used 60806K, committed 62912K, reserved 491520K
  class space    used 8899K, committed 9920K, reserved 425984K
}
Event: 11.918 GC heap before
{Heap before GC invocations=22 (full 0):
 garbage-first heap   total 101376K, used 80508K [0x0000000080000000, 0x0000000100000000)
  region size 1024K, 24 young (24576K), 3 survivors (3072K)
 Metaspace       used 62458K, committed 64448K, reserved 491520K
  class space    used 9155K, committed 10112K, reserved 425984K
}
Event: 11.921 GC heap after
{Heap after GC invocations=23 (full 0):
 garbage-first heap   total 121856K, used 59614K [0x0000000080000000, 0x0000000100000000)
  region size 1024K, 3 young (3072K), 3 survivors (3072K)
 Metaspace       used 62458K, committed 64448K, reserved 491520K
  class space    used 9155K, committed 10112K, reserved 425984K
}
Event: 12.649 GC heap before
{Heap before GC invocations=23 (full 0):
 garbage-first heap   total 121856K, used 101598K [0x0000000080000000, 0x0000000100000000)
  region size 1024K, 44 young (45056K), 3 survivors (3072K)
 Metaspace       used 65394K, committed 67520K, reserved 491520K
  class space    used 9645K, committed 10688K, reserved 425984K
}
Event: 12.654 GC heap after
{Heap after GC invocations=24 (full 0):
 garbage-first heap   total 121856K, used 60239K [0x0000000080000000, 0x0000000100000000)
  region size 1024K, 4 young (4096K), 4 survivors (4096K)
 Metaspace       used 65394K, committed 67520K, reserved 491520K
  class space    used 9645K, committed 10688K, reserved 425984K
}

