# JRE version: OpenJDK Runtime Environment Temurin-21.0.10+7 (21.0.10+7) (build 21.0.10+7-LTS)
# Java VM: OpenJDK 64-Bit Server VM Temurin-21.0.10+7 (21.0.10+7-LTS, mixed mode, sharing, tiered, compressed oops, compressed class ptrs, g1 gc, windows-amd64)
GC Precious Log:
 CardTable entry size: 512
 Card Set container configuration: InlinePtr #cards 5 size 8 Array Of Cards #cards 12 size 40 Howl #buckets 4 coarsen threshold 1843 Howl Bitmap #cards 512 size 80 coarsen threshold 460 Card regions per heap region 1 cards per card region 2048
 CPUs: 20 total, 20 available
 Memory: 7911M
 Large Page Support: Disabled
 NUMA Support: Disabled
 Compressed Oops: Enabled (32-bit)
 Heap Region Size: 1M
 Heap Min Capacity: 8M
 Heap Initial Capacity: 124M
 Heap Max Capacity: 2G
 Pre-touch: Disabled
 Parallel Workers: 15
 Concurrent Workers: 4
 Concurrent Refinement Workers: 15
 Periodic GC: Disabled
Heap:
 garbage-first heap   total 91136K, used 68869K [0x0000000080000000, 0x0000000100000000)
  region size 1024K, 43 young (44032K), 4 survivors (4096K)
 Metaspace       used 39506K, committed 41152K, reserved 491520K
  class space    used 5772K, committed 6592K, reserved 425984K
GC Heap History (16 events):
Event: 0.290 GC heap before
{Heap before GC invocations=0 (full 0):
 garbage-first heap   total 126976K, used 22528K [0x0000000080000000, 0x0000000100000000)
  region size 1024K, 23 young (23552K), 0 survivors (0K)
 Metaspace       used 895K, committed 1024K, reserved 491520K
  class space    used 71K, committed 128K, reserved 425984K
}
Event: 0.292 GC heap after
{Heap after GC invocations=1 (full 0):
 garbage-first heap   total 126976K, used 1504K [0x0000000080000000, 0x0000000100000000)
  region size 1024K, 2 young (2048K), 2 survivors (2048K)
 Metaspace       used 895K, committed 1024K, reserved 491520K
  class space    used 71K, committed 128K, reserved 425984K
}
Event: 0.884 GC heap before
{Heap before GC invocations=1 (full 0):
 garbage-first heap   total 126976K, used 40416K [0x0000000080000000, 0x0000000100000000)
  region size 1024K, 38 young (38912K), 2 survivors (2048K)
 Metaspace       used 4606K, committed 4800K, reserved 491520K
  class space    used 584K, committed 704K, reserved 425984K
}
Event: 0.890 GC heap after
{Heap after GC invocations=2 (full 0):
 garbage-first heap   total 126976K, used 10465K [0x0000000080000000, 0x0000000100000000)
  region size 1024K, 5 young (5120K), 5 survivors (5120K)
 Metaspace       used 4606K, committed 4800K, reserved 491520K
  class space    used 584K, committed 704K, reserved 425984K
}
Event: 1.716 GC heap before
{Heap before GC invocations=2 (full 0):
 garbage-first heap   total 126976K, used 74977K [0x0000000080000000, 0x0000000100000000)
  region size 1024K, 66 young (67584K), 5 survivors (5120K)
 Metaspace       used 8661K, committed 9024K, reserved 491520K
  class space    used 1182K, committed 1344K, reserved 425984K
}
Event: 1.722 GC heap after
{Heap after GC invocations=3 (full 0):
 garbage-first heap   total 126976K, used 17650K [0x0000000080000000, 0x0000000100000000)
  region size 1024K, 9 young (9216K), 9 survivors (9216K)
 Metaspace       used 8661K, committed 9024K, reserved 491520K
  class space    used 1182K, committed 1344K, reserved 425984K
}
Event: 2.677 GC heap before
{Heap before GC invocations=3 (full 0):
 garbage-first heap   total 126976K, used 85234K [0x0000000080000000, 0x0000000100000000)
  region size 1024K, 74 young (75776K), 9 survivors (9216K)
 Metaspace       used 20060K, committed 20672K, reserved 491520K
  class space    used 2770K, committed 3072K, reserved 425984K
}
Event: 2.683 GC heap after
{Heap after GC invocations=4 (full 0):
 garbage-first heap   total 126976K, used 22690K [0x0000000080000000, 0x0000000100000000)
  region size 1024K, 10 young (10240K), 10 survivors (10240K)
 Metaspace       used 20060K, committed 20672K, reserved 491520K
  class space    used 2770K, committed 3072K, reserved 425984K
}
Event: 2.739 GC heap before
{Heap before GC invocations=4 (full 0):
 garbage-first heap   total 126976K, used 28834K [0x0000000080000000, 0x0000000100000000)
  region size 1024K, 17 young (17408K), 10 survivors (10240K)
 Metaspace       used 20897K, committed 21504K, reserved 491520K
  class space    used 2912K, committed 3200K, reserved 425984K
}
Event: 2.744 GC heap after
{Heap after GC invocations=5 (full 0):
 garbage-first heap   total 126976K, used 23275K [0x0000000080000000, 0x0000000100000000)
  region size 1024K, 6 young (6144K), 6 survivors (6144K)
 Metaspace       used 20897K, committed 21504K, reserved 491520K
  class space    used 2912K, committed 3200K, reserved 425984K
}
Event: 3.662 GC heap before
{Heap before GC invocations=6 (full 0):
 garbage-first heap   total 81920K, used 80619K [0x0000000080000000, 0x0000000100000000)
  region size 1024K, 62 young (63488K), 6 survivors (6144K)
 Metaspace       used 28106K, committed 29184K, reserved 491520K
  class space    used 4071K, committed 4608K, reserved 425984K
}
Event: 3.671 GC heap after
{Heap after GC invocations=7 (full 0):
 garbage-first heap   total 91136K, used 26576K [0x0000000080000000, 0x0000000100000000)
  region size 1024K, 9 young (9216K), 9 survivors (9216K)
 Metaspace       used 28106K, committed 29184K, reserved 491520K
  class space    used 4071K, committed 4608K, reserved 425984K
}
Event: 4.558 GC heap before
{Heap before GC invocations=7 (full 0):
 garbage-first heap   total 91136K, used 70608K [0x0000000080000000, 0x0000000100000000)
  region size 1024K, 53 young (54272K), 9 survivors (9216K)
 Metaspace       used 34320K, committed 35712K, reserved 491520K
  class space    used 4918K, committed 5568K, reserved 425984K
}
Event: 4.562 GC heap after
{Heap after GC invocations=8 (full 0):
 garbage-first heap   total 91136K, used 29155K [0x0000000080000000, 0x0000000100000000)
  region size 1024K, 7 young (7168K), 7 survivors (7168K)
 Metaspace       used 34320K, committed 35712K, reserved 491520K
  class space    used 4918K, committed 5568K, reserved 425984K
}
Event: 4.595 GC heap before
{Heap before GC invocations=8 (full 0):
 garbage-first heap   total 91136K, used 30179K [0x0000000080000000, 0x0000000100000000)
  region size 1024K, 9 young (9216K), 7 survivors (7168K)
 Metaspace       used 34609K, committed 35968K, reserved 491520K
  class space    used 4955K, committed 5632K, reserved 425984K
}
Event: 4.598 GC heap after
{Heap after GC invocations=9 (full 0):
 garbage-first heap   total 91136K, used 29957K [0x0000000080000000, 0x0000000100000000)
  region size 1024K, 4 young (4096K), 4 survivors (4096K)
 Metaspace       used 34609K, committed 35968K, reserved 491520K
  class space    used 4955K, committed 5632K, reserved 425984K
}

