# JRE version: OpenJDK Runtime Environment Temurin-21.0.10+7 (21.0.10+7) (build 21.0.10+7-LTS)
# Java VM: OpenJDK 64-Bit Server VM Temurin-21.0.10+7 (21.0.10+7-LTS, mixed mode, sharing, tiered, compressed oops, compressed class ptrs, parallel gc, windows-amd64)
GC Precious Log:
 CardTable entry size: 512
 CPUs: 20 total, 20 available
 Memory: 7911M
 Large Page Support: Disabled
 NUMA Support: Disabled
 Compressed Oops: Enabled (32-bit)
 Alignments: Space 512K, Generation 512K, Heap 2M
 Heap Min Capacity: 100M
 Heap Initial Capacity: 100M
 Heap Max Capacity: 2G
 Pre-touch: Disabled
 Parallel Workers: 15
Heap:
 PSYoungGen      total 20992K, used 20878K [0x00000000d5580000, 0x00000000d6d80000, 0x0000000100000000)
  eden space 17408K, 100% used [0x00000000d5580000,0x00000000d6680000,0x00000000d6680000)
  from space 3584K, 96% used [0x00000000d6880000,0x00000000d6be3980,0x00000000d6c00000)
  to   space 1536K, 98% used [0x00000000d6c00000,0x00000000d6d7c040,0x00000000d6d80000)
 ParOldGen       total 140800K, used 140798K [0x0000000080000000, 0x0000000088980000, 0x00000000d5580000)
  object space 140800K, 99% used [0x0000000080000000,0x000000008897faa0,0x0000000088980000)
 Metaspace       used 77628K, committed 79104K, reserved 1179648K
  class space    used 8680K, committed 9344K, reserved 1048576K
GC Heap History (20 events):
Event: 13.567 GC heap after
{Heap after GC invocations=99 (full 3):
 PSYoungGen      total 25088K, used 5066K [0x00000000d5580000, 0x00000000d7800000, 0x0000000100000000)
  eden space 19968K, 0% used [0x00000000d5580000,0x00000000d5580000,0x00000000d6900000)
  from space 5120K, 98% used [0x00000000d7300000,0x00000000d77f2900,0x00000000d7800000)
  to   space 6656K, 0% used [0x00000000d6b00000,0x00000000d6b00000,0x00000000d7180000)
 ParOldGen       total 102400K, used 102163K [0x0000000080000000, 0x0000000086400000, 0x00000000d5580000)
  object space 102400K, 99% used [0x0000000080000000,0x00000000863c4cc0,0x0000000086400000)
 Metaspace       used 74405K, committed 75840K, reserved 1179648K
  class space    used 8543K, committed 9152K, reserved 1048576K
}
Event: 13.746 GC heap before
{Heap before GC invocations=100 (full 3):
 PSYoungGen      total 25088K, used 24943K [0x00000000d5580000, 0x00000000d7800000, 0x0000000100000000)
  eden space 19968K, 99% used [0x00000000d5580000,0x00000000d68e96b0,0x00000000d6900000)
  from space 5120K, 98% used [0x00000000d7300000,0x00000000d77f2900,0x00000000d7800000)
  to   space 6656K, 0% used [0x00000000d6b00000,0x00000000d6b00000,0x00000000d7180000)
 ParOldGen       total 102400K, used 102163K [0x0000000080000000, 0x0000000086400000, 0x00000000d5580000)
  object space 102400K, 99% used [0x0000000080000000,0x00000000863c4cc0,0x0000000086400000)
 Metaspace       used 75506K, committed 76992K, reserved 1179648K
  class space    used 8614K, committed 9280K, reserved 1048576K
}
Event: 13.749 GC heap after
{Heap after GC invocations=100 (full 3):
 PSYoungGen      total 24576K, used 4597K [0x00000000d5580000, 0x00000000d7380000, 0x0000000100000000)
  eden space 19968K, 0% used [0x00000000d5580000,0x00000000d5580000,0x00000000d6900000)
  from space 4608K, 99% used [0x00000000d6b00000,0x00000000d6f7d470,0x00000000d6f80000)
  to   space 4096K, 0% used [0x00000000d6f80000,0x00000000d6f80000,0x00000000d7380000)
 ParOldGen       total 107008K, used 106984K [0x0000000080000000, 0x0000000086880000, 0x00000000d5580000)
  object space 107008K, 99% used [0x0000000080000000,0x000000008687a3a8,0x0000000086880000)
 Metaspace       used 75506K, committed 76992K, reserved 1179648K
  class space    used 8614K, committed 9280K, reserved 1048576K
}
Event: 13.874 GC heap before
{Heap before GC invocations=101 (full 3):
 PSYoungGen      total 24576K, used 24565K [0x00000000d5580000, 0x00000000d7380000, 0x0000000100000000)
  eden space 19968K, 100% used [0x00000000d5580000,0x00000000d6900000,0x00000000d6900000)
  from space 4608K, 99% used [0x00000000d6b00000,0x00000000d6f7d470,0x00000000d6f80000)
  to   space 4096K, 0% used [0x00000000d6f80000,0x00000000d6f80000,0x00000000d7380000)
 ParOldGen       total 107008K, used 106984K [0x0000000080000000, 0x0000000086880000, 0x00000000d5580000)
  object space 107008K, 99% used [0x0000000080000000,0x000000008687a3a8,0x0000000086880000)
 Metaspace       used 76143K, committed 77568K, reserved 1179648K
  class space    used 8628K, committed 9280K, reserved 1048576K
}
Event: 13.878 GC heap after
{Heap after GC invocations=101 (full 3):
 PSYoungGen      total 21504K, used 4087K [0x00000000d5580000, 0x00000000d7b00000, 0x0000000100000000)
  eden space 17408K, 0% used [0x00000000d5580000,0x00000000d5580000,0x00000000d6680000)
  from space 4096K, 99% used [0x00000000d6f80000,0x00000000d737de00,0x00000000d7380000)
  to   space 9216K, 0% used [0x00000000d6680000,0x00000000d6680000,0x00000000d6f80000)
 ParOldGen       total 111616K, used 111363K [0x0000000080000000, 0x0000000086d00000, 0x00000000d5580000)
  object space 111616K, 99% used [0x0000000080000000,0x0000000086cc0c18,0x0000000086d00000)
 Metaspace       used 76143K, committed 77568K, reserved 1179648K
  class space    used 8628K, committed 9280K, reserved 1048576K
}
Event: 13.936 GC heap before
{Heap before GC invocations=102 (full 3):
 PSYoungGen      total 21504K, used 21495K [0x00000000d5580000, 0x00000000d7b00000, 0x0000000100000000)
  eden space 17408K, 100% used [0x00000000d5580000,0x00000000d6680000,0x00000000d6680000)
  from space 4096K, 99% used [0x00000000d6f80000,0x00000000d737de00,0x00000000d7380000)
  to   space 9216K, 0% used [0x00000000d6680000,0x00000000d6680000,0x00000000d6f80000)
 ParOldGen       total 111616K, used 111363K [0x0000000080000000, 0x0000000086d00000, 0x00000000d5580000)
  object space 111616K, 99% used [0x0000000080000000,0x0000000086cc0c18,0x0000000086d00000)
 Metaspace       used 76460K, committed 77952K, reserved 1179648K
  class space    used 8647K, committed 9344K, reserved 1048576K
}
Event: 13.940 GC heap after
{Heap after GC invocations=102 (full 3):
 PSYoungGen      total 21504K, used 3808K [0x00000000d5580000, 0x00000000d7180000, 0x0000000100000000)
  eden space 17408K, 0% used [0x00000000d5580000,0x00000000d5580000,0x00000000d6680000)
  from space 4096K, 92% used [0x00000000d6680000,0x00000000d6a38000,0x00000000d6a80000)
  to   space 5632K, 0% used [0x00000000d6c00000,0x00000000d6c00000,0x00000000d7180000)
 ParOldGen       total 115712K, used 115432K [0x0000000080000000, 0x0000000087100000, 0x00000000d5580000)
  object space 115712K, 99% used [0x0000000080000000,0x00000000870ba318,0x0000000087100000)
 Metaspace       used 76460K, committed 77952K, reserved 1179648K
  class space    used 8647K, committed 9344K, reserved 1048576K
}
Event: 13.992 GC heap before
{Heap before GC invocations=103 (full 3):
 PSYoungGen      total 21504K, used 21216K [0x00000000d5580000, 0x00000000d7180000, 0x0000000100000000)
  eden space 17408K, 100% used [0x00000000d5580000,0x00000000d6680000,0x00000000d6680000)
  from space 4096K, 92% used [0x00000000d6680000,0x00000000d6a38000,0x00000000d6a80000)
  to   space 5632K, 0% used [0x00000000d6c00000,0x00000000d6c00000,0x00000000d7180000)
 ParOldGen       total 115712K, used 115432K [0x0000000080000000, 0x0000000087100000, 0x00000000d5580000)
  object space 115712K, 99% used [0x0000000080000000,0x00000000870ba318,0x0000000087100000)
 Metaspace       used 76626K, committed 78144K, reserved 1179648K
  class space    used 8659K, committed 9344K, reserved 1048576K
}
Event: 13.994 GC heap after
{Heap after GC invocations=103 (full 3):
 PSYoungGen      total 21504K, used 3984K [0x00000000d5580000, 0x00000000d7000000, 0x0000000100000000)
  eden space 17408K, 0% used [0x00000000d5580000,0x00000000d5580000,0x00000000d6680000)
  from space 4096K, 97% used [0x00000000d6c00000,0x00000000d6fe4120,0x00000000d7000000)
  to   space 4608K, 0% used [0x00000000d6700000,0x00000000d6700000,0x00000000d6b80000)
 ParOldGen       total 119296K, used 118922K [0x0000000080000000, 0x0000000087480000, 0x00000000d5580000)
  object space 119296K, 99% used [0x0000000080000000,0x0000000087422af0,0x0000000087480000)
 Metaspace       used 76626K, committed 78144K, reserved 1179648K
  class space    used 8659K, committed 9344K, reserved 1048576K
}
Event: 17.084 GC heap before
{Heap before GC invocations=104 (full 3):
 PSYoungGen      total 21504K, used 21392K [0x00000000d5580000, 0x00000000d7000000, 0x0000000100000000)
  eden space 17408K, 100% used [0x00000000d5580000,0x00000000d6680000,0x00000000d6680000)
  from space 4096K, 97% used [0x00000000d6c00000,0x00000000d6fe4120,0x00000000d7000000)
  to   space 4608K, 0% used [0x00000000d6700000,0x00000000d6700000,0x00000000d6b80000)
 ParOldGen       total 119296K, used 118922K [0x0000000080000000, 0x0000000087480000, 0x00000000d5580000)
  object space 119296K, 99% used [0x0000000080000000,0x0000000087422af0,0x0000000087480000)
 Metaspace       used 76711K, committed 78208K, reserved 1179648K
  class space    used 8660K, committed 9344K, reserved 1048576K
}
Event: 17.089 GC heap after
{Heap after GC invocations=104 (full 3):
 PSYoungGen      total 22016K, used 4582K [0x00000000d5580000, 0x00000000d7980000, 0x0000000100000000)
  eden space 17408K, 0% used [0x00000000d5580000,0x00000000d5580000,0x00000000d6680000)
  from space 4608K, 99% used [0x00000000d6700000,0x00000000d6b79880,0x00000000d6b80000)
  to   space 9728K, 0% used [0x00000000d7000000,0x00000000d7000000,0x00000000d7980000)
 ParOldGen       total 122880K, used 122828K [0x0000000080000000, 0x0000000087800000, 0x00000000d5580000)
  object space 122880K, 99% used [0x0000000080000000,0x00000000877f3348,0x0000000087800000)
 Metaspace       used 76711K, committed 78208K, reserved 1179648K
  class space    used 8660K, committed 9344K, reserved 1048576K
}
Event: 17.176 GC heap before
{Heap before GC invocations=105 (full 3):
 PSYoungGen      total 22016K, used 21990K [0x00000000d5580000, 0x00000000d7980000, 0x0000000100000000)
  eden space 17408K, 100% used [0x00000000d5580000,0x00000000d6680000,0x00000000d6680000)
  from space 4608K, 99% used [0x00000000d6700000,0x00000000d6b79880,0x00000000d6b80000)
  to   space 9728K, 0% used [0x00000000d7000000,0x00000000d7000000,0x00000000d7980000)
 ParOldGen       total 122880K, used 122828K [0x0000000080000000, 0x0000000087800000, 0x00000000d5580000)
  object space 122880K, 99% used [0x0000000080000000,0x00000000877f3348,0x0000000087800000)
 Metaspace       used 76945K, committed 78464K, reserved 1179648K
  class space    used 8675K, committed 9344K, reserved 1048576K
}
Event: 17.180 GC heap after
{Heap after GC invocations=105 (full 3):
 PSYoungGen      total 21504K, used 3712K [0x00000000d5580000, 0x00000000d7400000, 0x0000000100000000)
  eden space 17408K, 0% used [0x00000000d5580000,0x00000000d5580000,0x00000000d6680000)
  from space 4096K, 90% used [0x00000000d7000000,0x00000000d73a0118,0x00000000d7400000)
  to   space 5632K, 0% used [0x00000000d6900000,0x00000000d6900000,0x00000000d6e80000)
 ParOldGen       total 126976K, used 126648K [0x0000000080000000, 0x0000000087c00000, 0x00000000d5580000)
  object space 126976K, 99% used [0x0000000080000000,0x0000000087bae190,0x0000000087c00000)
 Metaspace       used 76945K, committed 78464K, reserved 1179648K
  class space    used 8675K, committed 9344K, reserved 1048576K
}
Event: 17.246 GC heap before
{Heap before GC invocations=106 (full 3):
 PSYoungGen      total 21504K, used 21120K [0x00000000d5580000, 0x00000000d7400000, 0x0000000100000000)
  eden space 17408K, 100% used [0x00000000d5580000,0x00000000d6680000,0x00000000d6680000)
  from space 4096K, 90% used [0x00000000d7000000,0x00000000d73a0118,0x00000000d7400000)
  to   space 5632K, 0% used [0x00000000d6900000,0x00000000d6900000,0x00000000d6e80000)
 ParOldGen       total 126976K, used 126648K [0x0000000080000000, 0x0000000087c00000, 0x00000000d5580000)
  object space 126976K, 99% used [0x0000000080000000,0x0000000087bae190,0x0000000087c00000)
 Metaspace       used 77035K, committed 78528K, reserved 1179648K
  class space    used 8677K, committed 9344K, reserved 1048576K
}
Event: 17.249 GC heap after
{Heap after GC invocations=106 (full 3):
 PSYoungGen      total 20992K, used 3143K [0x00000000d5580000, 0x00000000d7080000, 0x0000000100000000)
  eden space 17408K, 0% used [0x00000000d5580000,0x00000000d5580000,0x00000000d6680000)
  from space 3584K, 87% used [0x00000000d6900000,0x00000000d6c11e88,0x00000000d6c80000)
  to   space 4096K, 0% used [0x00000000d6c80000,0x00000000d6c80000,0x00000000d7080000)
 ParOldGen       total 130560K, used 130152K [0x0000000080000000, 0x0000000087f80000, 0x00000000d5580000)
  object space 130560K, 99% used [0x0000000080000000,0x0000000087f1a2b0,0x0000000087f80000)
 Metaspace       used 77035K, committed 78528K, reserved 1179648K
  class space    used 8677K, committed 9344K, reserved 1048576K
}
Event: 17.333 GC heap before
{Heap before GC invocations=107 (full 3):
 PSYoungGen      total 20992K, used 20551K [0x00000000d5580000, 0x00000000d7080000, 0x0000000100000000)
  eden space 17408K, 100% used [0x00000000d5580000,0x00000000d6680000,0x00000000d6680000)
  from space 3584K, 87% used [0x00000000d6900000,0x00000000d6c11e88,0x00000000d6c80000)
  to   space 4096K, 0% used [0x00000000d6c80000,0x00000000d6c80000,0x00000000d7080000)
 ParOldGen       total 130560K, used 130152K [0x0000000080000000, 0x0000000087f80000, 0x00000000d5580000)
  object space 130560K, 99% used [0x0000000080000000,0x0000000087f1a2b0,0x0000000087f80000)
 Metaspace       used 77307K, committed 78784K, reserved 1179648K
  class space    used 8679K, committed 9344K, reserved 1048576K
}
Event: 17.335 GC heap after
{Heap after GC invocations=107 (full 3):
 PSYoungGen      total 20480K, used 3030K [0x00000000d5580000, 0x00000000d6f80000, 0x0000000100000000)
  eden space 17408K, 0% used [0x00000000d5580000,0x00000000d5580000,0x00000000d6680000)
  from space 3072K, 98% used [0x00000000d6c80000,0x00000000d6f75828,0x00000000d6f80000)
  to   space 3584K, 0% used [0x00000000d6880000,0x00000000d6880000,0x00000000d6c00000)
 ParOldGen       total 133120K, used 132993K [0x0000000080000000, 0x0000000088200000, 0x00000000d5580000)
  object space 133120K, 99% used [0x0000000080000000,0x00000000881e04a0,0x0000000088200000)
 Metaspace       used 77307K, committed 78784K, reserved 1179648K
  class space    used 8679K, committed 9344K, reserved 1048576K
}
Event: 17.411 GC heap before
{Heap before GC invocations=108 (full 3):
 PSYoungGen      total 20480K, used 20438K [0x00000000d5580000, 0x00000000d6f80000, 0x0000000100000000)
  eden space 17408K, 100% used [0x00000000d5580000,0x00000000d6680000,0x00000000d6680000)
  from space 3072K, 98% used [0x00000000d6c80000,0x00000000d6f75828,0x00000000d6f80000)
  to   space 3584K, 0% used [0x00000000d6880000,0x00000000d6880000,0x00000000d6c00000)
 ParOldGen       total 133120K, used 132993K [0x0000000080000000, 0x0000000088200000, 0x00000000d5580000)
  object space 133120K, 99% used [0x0000000080000000,0x00000000881e04a0,0x0000000088200000)
 Metaspace       used 77471K, committed 78976K, reserved 1179648K
  class space    used 8679K, committed 9344K, reserved 1048576K
}
Event: 17.415 GC heap after
{Heap after GC invocations=108 (full 3):
 PSYoungGen      total 20992K, used 3470K [0x00000000d5580000, 0x00000000d6d80000, 0x0000000100000000)
  eden space 17408K, 0% used [0x00000000d5580000,0x00000000d5580000,0x00000000d6680000)
  from space 3584K, 96% used [0x00000000d6880000,0x00000000d6be3980,0x00000000d6c00000)
  to   space 1536K, 0% used [0x00000000d6c00000,0x00000000d6c00000,0x00000000d6d80000)
 ParOldGen       total 136192K, used 135749K [0x0000000080000000, 0x0000000088500000, 0x00000000d5580000)
  object space 136192K, 99% used [0x0000000080000000,0x00000000884914a8,0x0000000088500000)
 Metaspace       used 77471K, committed 78976K, reserved 1179648K
  class space    used 8679K, committed 9344K, reserved 1048576K
}
Event: 17.485 GC heap before
{Heap before GC invocations=109 (full 3):
 PSYoungGen      total 20992K, used 20878K [0x00000000d5580000, 0x00000000d6d80000, 0x0000000100000000)
  eden space 17408K, 100% used [0x00000000d5580000,0x00000000d6680000,0x00000000d6680000)
  from space 3584K, 96% used [0x00000000d6880000,0x00000000d6be3980,0x00000000d6c00000)
  to   space 1536K, 0% used [0x00000000d6c00000,0x00000000d6c00000,0x00000000d6d80000)
 ParOldGen       total 136192K, used 135749K [0x0000000080000000, 0x0000000088500000, 0x00000000d5580000)
  object space 136192K, 99% used [0x0000000080000000,0x00000000884914a8,0x0000000088500000)
 Metaspace       used 77628K, committed 79104K, reserved 1179648K
  class space    used 8680K, committed 9344K, reserved 1048576K
}

