# JRE version: OpenJDK Runtime Environment Temurin-21.0.10+7 (21.0.10+7) (build 21.0.10+7-LTS)
# Java VM: OpenJDK 64-Bit Server VM Temurin-21.0.10+7 (21.0.10+7-LTS, mixed mode, sharing, tiered, compressed oops, compressed class ptrs, g1 gc, windows-amd64)
GC Precious Log:
 CardTable entry size: 512
 Card Set container configuration: InlinePtr #cards 5 size 8 Array Of Cards #cards 12 size 40 Howl #buckets 4 coarsen threshold 1843 Howl Bitmap #cards 512 size 80 coarsen threshold 460 Card regions per heap region 1 cards per card region 2048
 CPUs: 20 total, 20 available
 Memory: 7911M
 Large Page Support: Disabled
 NUMA Support: Disabled
 Compressed Oops: Enabled (32-bit)
 Heap Region Size: 1M
 Heap Min Capacity: 8M
 Heap Initial Capacity: 124M
 Heap Max Capacity: 2G
 Pre-touch: Disabled
 Parallel Workers: 15
 Concurrent Workers: 4
 Concurrent Refinement Workers: 15
 Periodic GC: Disabled
Heap:
 garbage-first heap   total 126976K, used 25073K [0x0000000080000000, 0x0000000100000000)
  region size 1024K, 13 young (13312K), 10 survivors (10240K)
 Metaspace       used 20444K, committed 21056K, reserved 491520K
  class space    used 2837K, committed 3136K, reserved 425984K
GC Heap History (8 events):
Event: 0.448 GC heap before
{Heap before GC invocations=0 (full 0):
 garbage-first heap   total 126976K, used 22528K [0x0000000080000000, 0x0000000100000000)
  region size 1024K, 23 young (23552K), 0 survivors (0K)
 Metaspace       used 892K, committed 1024K, reserved 491520K
  class space    used 71K, committed 128K, reserved 425984K
}
Event: 0.450 GC heap after
{Heap after GC invocations=1 (full 0):
 garbage-first heap   total 126976K, used 1744K [0x0000000080000000, 0x0000000100000000)
  region size 1024K, 2 young (2048K), 2 survivors (2048K)
 Metaspace       used 892K, committed 1024K, reserved 491520K
  class space    used 71K, committed 128K, reserved 425984K
}
Event: 1.288 GC heap before
{Heap before GC invocations=1 (full 0):
 garbage-first heap   total 126976K, used 40656K [0x0000000080000000, 0x0000000100000000)
  region size 1024K, 38 young (38912K), 2 survivors (2048K)
 Metaspace       used 4592K, committed 4800K, reserved 491520K
  class space    used 581K, committed 704K, reserved 425984K
}
Event: 1.297 GC heap after
{Heap after GC invocations=2 (full 0):
 garbage-first heap   total 126976K, used 10336K [0x0000000080000000, 0x0000000100000000)
  region size 1024K, 5 young (5120K), 5 survivors (5120K)
 Metaspace       used 4592K, committed 4800K, reserved 491520K
  class space    used 581K, committed 704K, reserved 425984K
}
Event: 2.244 GC heap before
{Heap before GC invocations=2 (full 0):
 garbage-first heap   total 126976K, used 74848K [0x0000000080000000, 0x0000000100000000)
  region size 1024K, 67 young (68608K), 5 survivors (5120K)
 Metaspace       used 8846K, committed 9216K, reserved 491520K
  class space    used 1205K, committed 1344K, reserved 425984K
}
Event: 2.250 GC heap after
{Heap after GC invocations=3 (full 0):
 garbage-first heap   total 126976K, used 17843K [0x0000000080000000, 0x0000000100000000)
  region size 1024K, 9 young (9216K), 9 survivors (9216K)
 Metaspace       used 8846K, committed 9216K, reserved 491520K
  class space    used 1205K, committed 1344K, reserved 425984K
}
Event: 3.810 GC heap before
{Heap before GC invocations=3 (full 0):
 garbage-first heap   total 126976K, used 85427K [0x0000000080000000, 0x0000000100000000)
  region size 1024K, 74 young (75776K), 9 survivors (9216K)
 Metaspace       used 20112K, committed 20736K, reserved 491520K
  class space    used 2779K, committed 3072K, reserved 425984K
}
Event: 3.819 GC heap after
{Heap after GC invocations=4 (full 0):
 garbage-first heap   total 126976K, used 23025K [0x0000000080000000, 0x0000000100000000)
  region size 1024K, 10 young (10240K), 10 survivors (10240K)
 Metaspace       used 20112K, committed 20736K, reserved 491520K
  class space    used 2779K, committed 3072K, reserved 425984K
}

