# JRE version: OpenJDK Runtime Environment Temurin-21.0.10+7 (21.0.10+7) (build 21.0.10+7-LTS)
# Java VM: OpenJDK 64-Bit Server VM Temurin-21.0.10+7 (21.0.10+7-LTS, mixed mode, sharing, tiered, compressed oops, compressed class ptrs, parallel gc, windows-amd64)
GC Precious Log:
 CardTable entry size: 512
 CPUs: 20 total, 20 available
 Memory: 7911M
 Large Page Support: Disabled
 NUMA Support: Disabled
 Compressed Oops: Enabled (32-bit)
 Alignments: Space 512K, Generation 512K, Heap 2M
 Heap Min Capacity: 100M
 Heap Initial Capacity: 100M
 Heap Max Capacity: 2G
 Pre-touch: Disabled
 Parallel Workers: 15
Heap:
 PSYoungGen      total 10240K, used 7964K [0x00000000d5580000, 0x00000000d6180000, 0x0000000100000000)
  eden space 9728K, 77% used [0x00000000d5580000,0x00000000d5ce73a0,0x00000000d5f00000)
  from space 512K, 75% used [0x00000000d6100000,0x00000000d6160000,0x00000000d6180000)
  to   space 512K, 0% used [0x00000000d5f00000,0x00000000d5f00000,0x00000000d5f80000)
 ParOldGen       total 1097728K, used 1094658K [0x0000000080000000, 0x00000000c3000000, 0x00000000d5580000)
  object space 1097728K, 99% used [0x0000000080000000,0x00000000c2d008c0,0x00000000c3000000)
 Metaspace       used 88558K, committed 90752K, reserved 1179648K
  class space    used 11166K, committed 12096K, reserved 1048576K
GC Heap History (20 events):
Event: 2118.154 GC heap before
{Heap before GC invocations=458 (full 4):
 PSYoungGen      total 10240K, used 10087K [0x00000000d5580000, 0x00000000d6180000, 0x0000000100000000)
  eden space 9728K, 99% used [0x00000000d5580000,0x00000000d5ef1f38,0x00000000d5f00000)
  from space 512K, 81% used [0x00000000d6100000,0x00000000d6168000,0x00000000d6180000)
  to   space 512K, 0% used [0x00000000d5f00000,0x00000000d5f00000,0x00000000d5f80000)
 ParOldGen       total 876544K, used 876170K [0x0000000080000000, 0x00000000b5800000, 0x00000000d5580000)
  object space 876544K, 99% used [0x0000000080000000,0x00000000b57a2800,0x00000000b5800000)
 Metaspace       used 88558K, committed 90752K, reserved 1179648K
  class space    used 11166K, committed 12096K, reserved 1048576K
}
Event: 2118.155 GC heap after
{Heap after GC invocations=458 (full 4):
 PSYoungGen      total 10240K, used 384K [0x00000000d5580000, 0x00000000d6180000, 0x0000000100000000)
  eden space 9728K, 0% used [0x00000000d5580000,0x00000000d5580000,0x00000000d5f00000)
  from space 512K, 75% used [0x00000000d5f00000,0x00000000d5f60000,0x00000000d5f80000)
  to   space 512K, 0% used [0x00000000d6100000,0x00000000d6100000,0x00000000d6180000)
 ParOldGen       total 876544K, used 876234K [0x0000000080000000, 0x00000000b5800000, 0x00000000d5580000)
  object space 876544K, 99% used [0x0000000080000000,0x00000000b57b2800,0x00000000b5800000)
 Metaspace       used 88558K, committed 90752K, reserved 1179648K
  class space    used 11166K, committed 12096K, reserved 1048576K
}
Event: 2118.189 GC heap before
{Heap before GC invocations=459 (full 4):
 PSYoungGen      total 10240K, used 10055K [0x00000000d5580000, 0x00000000d6180000, 0x0000000100000000)
  eden space 9728K, 99% used [0x00000000d5580000,0x00000000d5ef1f18,0x00000000d5f00000)
  from space 512K, 75% used [0x00000000d5f00000,0x00000000d5f60000,0x00000000d5f80000)
  to   space 512K, 0% used [0x00000000d6100000,0x00000000d6100000,0x00000000d6180000)
 ParOldGen       total 901120K, used 900452K [0x0000000080000000, 0x00000000b7000000, 0x00000000d5580000)
  object space 901120K, 99% used [0x0000000080000000,0x00000000b6f592c0,0x00000000b7000000)
 Metaspace       used 88558K, committed 90752K, reserved 1179648K
  class space    used 11166K, committed 12096K, reserved 1048576K
}
Event: 2118.190 GC heap after
{Heap after GC invocations=459 (full 4):
 PSYoungGen      total 10240K, used 416K [0x00000000d5580000, 0x00000000d6180000, 0x0000000100000000)
  eden space 9728K, 0% used [0x00000000d5580000,0x00000000d5580000,0x00000000d5f00000)
  from space 512K, 81% used [0x00000000d6100000,0x00000000d6168000,0x00000000d6180000)
  to   space 512K, 0% used [0x00000000d5f00000,0x00000000d5f00000,0x00000000d5f80000)
 ParOldGen       total 901120K, used 900508K [0x0000000080000000, 0x00000000b7000000, 0x00000000d5580000)
  object space 901120K, 99% used [0x0000000080000000,0x00000000b6f672c0,0x00000000b7000000)
 Metaspace       used 88558K, committed 90752K, reserved 1179648K
  class space    used 11166K, committed 12096K, reserved 1048576K
}
Event: 2118.232 GC heap before
{Heap before GC invocations=460 (full 4):
 PSYoungGen      total 10240K, used 10103K [0x00000000d5580000, 0x00000000d6180000, 0x0000000100000000)
  eden space 9728K, 99% used [0x00000000d5580000,0x00000000d5ef5f60,0x00000000d5f00000)
  from space 512K, 81% used [0x00000000d6100000,0x00000000d6168000,0x00000000d6180000)
  to   space 512K, 0% used [0x00000000d5f00000,0x00000000d5f00000,0x00000000d5f80000)
 ParOldGen       total 925696K, used 924727K [0x0000000080000000, 0x00000000b8800000, 0x00000000d5580000)
  object space 925696K, 99% used [0x0000000080000000,0x00000000b870dd80,0x00000000b8800000)
 Metaspace       used 88558K, committed 90752K, reserved 1179648K
  class space    used 11166K, committed 12096K, reserved 1048576K
}
Event: 2118.234 GC heap after
{Heap after GC invocations=460 (full 4):
 PSYoungGen      total 10240K, used 352K [0x00000000d5580000, 0x00000000d6180000, 0x0000000100000000)
  eden space 9728K, 0% used [0x00000000d5580000,0x00000000d5580000,0x00000000d5f00000)
  from space 512K, 68% used [0x00000000d5f00000,0x00000000d5f58000,0x00000000d5f80000)
  to   space 512K, 0% used [0x00000000d6100000,0x00000000d6100000,0x00000000d6180000)
 ParOldGen       total 925696K, used 924783K [0x0000000080000000, 0x00000000b8800000, 0x00000000d5580000)
  object space 925696K, 99% used [0x0000000080000000,0x00000000b871bd80,0x00000000b8800000)
 Metaspace       used 88558K, committed 90752K, reserved 1179648K
  class space    used 11166K, committed 12096K, reserved 1048576K
}
Event: 2118.267 GC heap before
{Heap before GC invocations=461 (full 4):
 PSYoungGen      total 10240K, used 10023K [0x00000000d5580000, 0x00000000d6180000, 0x0000000100000000)
  eden space 9728K, 99% used [0x00000000d5580000,0x00000000d5ef1fe0,0x00000000d5f00000)
  from space 512K, 68% used [0x00000000d5f00000,0x00000000d5f58000,0x00000000d5f80000)
  to   space 512K, 0% used [0x00000000d6100000,0x00000000d6100000,0x00000000d6180000)
 ParOldGen       total 950272K, used 949002K [0x0000000080000000, 0x00000000ba000000, 0x00000000d5580000)
  object space 950272K, 99% used [0x0000000080000000,0x00000000b9ec2840,0x00000000ba000000)
 Metaspace       used 88558K, committed 90752K, reserved 1179648K
  class space    used 11166K, committed 12096K, reserved 1048576K
}
Event: 2118.268 GC heap after
{Heap after GC invocations=461 (full 4):
 PSYoungGen      total 10240K, used 416K [0x00000000d5580000, 0x00000000d6180000, 0x0000000100000000)
  eden space 9728K, 0% used [0x00000000d5580000,0x00000000d5580000,0x00000000d5f00000)
  from space 512K, 81% used [0x00000000d6100000,0x00000000d6168000,0x00000000d6180000)
  to   space 512K, 0% used [0x00000000d5f00000,0x00000000d5f00000,0x00000000d5f80000)
 ParOldGen       total 950272K, used 949058K [0x0000000080000000, 0x00000000ba000000, 0x00000000d5580000)
  object space 950272K, 99% used [0x0000000080000000,0x00000000b9ed0840,0x00000000ba000000)
 Metaspace       used 88558K, committed 90752K, reserved 1179648K
  class space    used 11166K, committed 12096K, reserved 1048576K
}
Event: 2118.304 GC heap before
{Heap before GC invocations=462 (full 4):
 PSYoungGen      total 10240K, used 10087K [0x00000000d5580000, 0x00000000d6180000, 0x0000000100000000)
  eden space 9728K, 99% used [0x00000000d5580000,0x00000000d5ef1f10,0x00000000d5f00000)
  from space 512K, 81% used [0x00000000d6100000,0x00000000d6168000,0x00000000d6180000)
  to   space 512K, 0% used [0x00000000d5f00000,0x00000000d5f00000,0x00000000d5f80000)
 ParOldGen       total 974848K, used 973276K [0x0000000080000000, 0x00000000bb800000, 0x00000000d5580000)
  object space 974848K, 99% used [0x0000000080000000,0x00000000bb677300,0x00000000bb800000)
 Metaspace       used 88558K, committed 90752K, reserved 1179648K
  class space    used 11166K, committed 12096K, reserved 1048576K
}
Event: 2118.305 GC heap after
{Heap after GC invocations=462 (full 4):
 PSYoungGen      total 10240K, used 384K [0x00000000d5580000, 0x00000000d6180000, 0x0000000100000000)
  eden space 9728K, 0% used [0x00000000d5580000,0x00000000d5580000,0x00000000d5f00000)
  from space 512K, 75% used [0x00000000d5f00000,0x00000000d5f60000,0x00000000d5f80000)
  to   space 512K, 0% used [0x00000000d6100000,0x00000000d6100000,0x00000000d6180000)
 ParOldGen       total 974848K, used 973340K [0x0000000080000000, 0x00000000bb800000, 0x00000000d5580000)
  object space 974848K, 99% used [0x0000000080000000,0x00000000bb687300,0x00000000bb800000)
 Metaspace       used 88558K, committed 90752K, reserved 1179648K
  class space    used 11166K, committed 12096K, reserved 1048576K
}
Event: 2118.336 GC heap before
{Heap before GC invocations=463 (full 4):
 PSYoungGen      total 10240K, used 10056K [0x00000000d5580000, 0x00000000d6180000, 0x0000000100000000)
  eden space 9728K, 99% used [0x00000000d5580000,0x00000000d5ef2170,0x00000000d5f00000)
  from space 512K, 75% used [0x00000000d5f00000,0x00000000d5f60000,0x00000000d5f80000)
  to   space 512K, 0% used [0x00000000d6100000,0x00000000d6100000,0x00000000d6180000)
 ParOldGen       total 999424K, used 997559K [0x0000000080000000, 0x00000000bd000000, 0x00000000d5580000)
  object space 999424K, 99% used [0x0000000080000000,0x00000000bce2ddc0,0x00000000bd000000)
 Metaspace       used 88558K, committed 90752K, reserved 1179648K
  class space    used 11166K, committed 12096K, reserved 1048576K
}
Event: 2118.337 GC heap after
{Heap after GC invocations=463 (full 4):
 PSYoungGen      total 10240K, used 416K [0x00000000d5580000, 0x00000000d6180000, 0x0000000100000000)
  eden space 9728K, 0% used [0x00000000d5580000,0x00000000d5580000,0x00000000d5f00000)
  from space 512K, 81% used [0x00000000d6100000,0x00000000d6168000,0x00000000d6180000)
  to   space 512K, 0% used [0x00000000d5f00000,0x00000000d5f00000,0x00000000d5f80000)
 ParOldGen       total 999424K, used 997599K [0x0000000080000000, 0x00000000bd000000, 0x00000000d5580000)
  object space 999424K, 99% used [0x0000000080000000,0x00000000bce37dc0,0x00000000bd000000)
 Metaspace       used 88558K, committed 90752K, reserved 1179648K
  class space    used 11166K, committed 12096K, reserved 1048576K
}
Event: 2118.375 GC heap before
{Heap before GC invocations=464 (full 4):
 PSYoungGen      total 10240K, used 10104K [0x00000000d5580000, 0x00000000d6180000, 0x0000000100000000)
  eden space 9728K, 99% used [0x00000000d5580000,0x00000000d5ef6038,0x00000000d5f00000)
  from space 512K, 81% used [0x00000000d6100000,0x00000000d6168000,0x00000000d6180000)
  to   space 512K, 0% used [0x00000000d5f00000,0x00000000d5f00000,0x00000000d5f80000)
 ParOldGen       total 1024000K, used 1021818K [0x0000000080000000, 0x00000000be800000, 0x00000000d5580000)
  object space 1024000K, 99% used [0x0000000080000000,0x00000000be5de880,0x00000000be800000)
 Metaspace       used 88558K, committed 90752K, reserved 1179648K
  class space    used 11166K, committed 12096K, reserved 1048576K
}
Event: 2118.377 GC heap after
{Heap after GC invocations=464 (full 4):
 PSYoungGen      total 10240K, used 288K [0x00000000d5580000, 0x00000000d6180000, 0x0000000100000000)
  eden space 9728K, 0% used [0x00000000d5580000,0x00000000d5580000,0x00000000d5f00000)
  from space 512K, 56% used [0x00000000d5f00000,0x00000000d5f48000,0x00000000d5f80000)
  to   space 512K, 0% used [0x00000000d6100000,0x00000000d6100000,0x00000000d6180000)
 ParOldGen       total 1024000K, used 1021842K [0x0000000080000000, 0x00000000be800000, 0x00000000d5580000)
  object space 1024000K, 99% used [0x0000000080000000,0x00000000be5e4880,0x00000000be800000)
 Metaspace       used 88558K, committed 90752K, reserved 1179648K
  class space    used 11166K, committed 12096K, reserved 1048576K
}
Event: 2118.410 GC heap before
{Heap before GC invocations=465 (full 4):
 PSYoungGen      total 10240K, used 9959K [0x00000000d5580000, 0x00000000d6180000, 0x0000000100000000)
  eden space 9728K, 99% used [0x00000000d5580000,0x00000000d5ef1fe8,0x00000000d5f00000)
  from space 512K, 56% used [0x00000000d5f00000,0x00000000d5f48000,0x00000000d5f80000)
  to   space 512K, 0% used [0x00000000d6100000,0x00000000d6100000,0x00000000d6180000)
 ParOldGen       total 1048576K, used 1046060K [0x0000000080000000, 0x00000000c0000000, 0x00000000d5580000)
  object space 1048576K, 99% used [0x0000000080000000,0x00000000bfd8b340,0x00000000c0000000)
 Metaspace       used 88558K, committed 90752K, reserved 1179648K
  class space    used 11166K, committed 12096K, reserved 1048576K
}
Event: 2118.413 GC heap after
{Heap after GC invocations=465 (full 4):
 PSYoungGen      total 10240K, used 320K [0x00000000d5580000, 0x00000000d6180000, 0x0000000100000000)
  eden space 9728K, 0% used [0x00000000d5580000,0x00000000d5580000,0x00000000d5f00000)
  from space 512K, 62% used [0x00000000d6100000,0x00000000d6150000,0x00000000d6180000)
  to   space 512K, 0% used [0x00000000d5f00000,0x00000000d5f00000,0x00000000d5f80000)
 ParOldGen       total 1048576K, used 1046100K [0x0000000080000000, 0x00000000c0000000, 0x00000000d5580000)
  object space 1048576K, 99% used [0x0000000080000000,0x00000000bfd95340,0x00000000c0000000)
 Metaspace       used 88558K, committed 90752K, reserved 1179648K
  class space    used 11166K, committed 12096K, reserved 1048576K
}
Event: 2118.449 GC heap before
{Heap before GC invocations=466 (full 4):
 PSYoungGen      total 10240K, used 9991K [0x00000000d5580000, 0x00000000d6180000, 0x0000000100000000)
  eden space 9728K, 99% used [0x00000000d5580000,0x00000000d5ef1ef8,0x00000000d5f00000)
  from space 512K, 62% used [0x00000000d6100000,0x00000000d6150000,0x00000000d6180000)
  to   space 512K, 0% used [0x00000000d5f00000,0x00000000d5f00000,0x00000000d5f80000)
 ParOldGen       total 1073152K, used 1070319K [0x0000000080000000, 0x00000000c1800000, 0x00000000d5580000)
  object space 1073152K, 99% used [0x0000000080000000,0x00000000c153be00,0x00000000c1800000)
 Metaspace       used 88558K, committed 90752K, reserved 1179648K
  class space    used 11166K, committed 12096K, reserved 1048576K
}
Event: 2118.452 GC heap after
{Heap after GC invocations=466 (full 4):
 PSYoungGen      total 10240K, used 352K [0x00000000d5580000, 0x00000000d6180000, 0x0000000100000000)
  eden space 9728K, 0% used [0x00000000d5580000,0x00000000d5580000,0x00000000d5f00000)
  from space 512K, 68% used [0x00000000d5f00000,0x00000000d5f58000,0x00000000d5f80000)
  to   space 512K, 0% used [0x00000000d6100000,0x00000000d6100000,0x00000000d6180000)
 ParOldGen       total 1073152K, used 1070391K [0x0000000080000000, 0x00000000c1800000, 0x00000000d5580000)
  object space 1073152K, 99% used [0x0000000080000000,0x00000000c154de00,0x00000000c1800000)
 Metaspace       used 88558K, committed 90752K, reserved 1179648K
  class space    used 11166K, committed 12096K, reserved 1048576K
}
Event: 2118.486 GC heap before
{Heap before GC invocations=467 (full 4):
 PSYoungGen      total 10240K, used 10023K [0x00000000d5580000, 0x00000000d6180000, 0x0000000100000000)
  eden space 9728K, 99% used [0x00000000d5580000,0x00000000d5ef1f50,0x00000000d5f00000)
  from space 512K, 68% used [0x00000000d5f00000,0x00000000d5f58000,0x00000000d5f80000)
  to   space 512K, 0% used [0x00000000d6100000,0x00000000d6100000,0x00000000d6180000)
 ParOldGen       total 1097728K, used 1094610K [0x0000000080000000, 0x00000000c3000000, 0x00000000d5580000)
  object space 1097728K, 99% used [0x0000000080000000,0x00000000c2cf48c0,0x00000000c3000000)
 Metaspace       used 88558K, committed 90752K, reserved 1179648K
  class space    used 11166K, committed 12096K, reserved 1048576K
}
Event: 2118.488 GC heap after
{Heap after GC invocations=467 (full 4):
 PSYoungGen      total 10240K, used 384K [0x00000000d5580000, 0x00000000d6180000, 0x0000000100000000)
  eden space 9728K, 0% used [0x00000000d5580000,0x00000000d5580000,0x00000000d5f00000)
  from space 512K, 75% used [0x00000000d6100000,0x00000000d6160000,0x00000000d6180000)
  to   space 512K, 0% used [0x00000000d5f00000,0x00000000d5f00000,0x00000000d5f80000)
 ParOldGen       total 1097728K, used 1094658K [0x0000000080000000, 0x00000000c3000000, 0x00000000d5580000)
  object space 1097728K, 99% used [0x0000000080000000,0x00000000c2d008c0,0x00000000c3000000)
 Metaspace       used 88558K, committed 90752K, reserved 1179648K
  class space    used 11166K, committed 12096K, reserved 1048576K
}

