# JRE version: OpenJDK Runtime Environment Temurin-21.0.10+7 (21.0.10+7) (build 21.0.10+7-LTS)
# Java VM: OpenJDK 64-Bit Server VM Temurin-21.0.10+7 (21.0.10+7-LTS, mixed mode, sharing, tiered, compressed oops, compressed class ptrs, parallel gc, windows-amd64)
GC Precious Log:
 CardTable entry size: 512
 CPUs: 20 total, 20 available
 Memory: 7911M
 Large Page Support: Disabled
 NUMA Support: Disabled
 Compressed Oops: Enabled (32-bit)
 Alignments: Space 512K, Generation 512K, Heap 2M
 Heap Min Capacity: 100M
 Heap Initial Capacity: 100M
 Heap Max Capacity: 2G
 Pre-touch: Disabled
 Parallel Workers: 15
Heap:
 PSYoungGen      total 11264K, used 10432K [0x00000000d5580000, 0x00000000d6200000, 0x0000000100000000)
  eden space 10752K, 92% used [0x00000000d5580000,0x00000000d5f38290,0x00000000d6000000)
  from space 512K, 93% used [0x00000000d6180000,0x00000000d61f8000,0x00000000d6200000)
  to   space 512K, 0% used [0x00000000d6100000,0x00000000d6100000,0x00000000d6180000)
 ParOldGen       total 79872K, used 79447K [0x0000000080000000, 0x0000000084e00000, 0x00000000d5580000)
  object space 79872K, 99% used [0x0000000080000000,0x0000000084d95d78,0x0000000084e00000)
 Metaspace       used 66838K, committed 68288K, reserved 1114112K
  class space    used 7873K, committed 8448K, reserved 1048576K
GC Heap History (20 events):
Event: 76.940 GC heap before
{Heap before GC invocations=62 (full 3):
 PSYoungGen      total 12800K, used 12386K [0x00000000d5580000, 0x00000000d6400000, 0x0000000100000000)
  eden space 10752K, 100% used [0x00000000d5580000,0x00000000d6000000,0x00000000d6000000)
  from space 2048K, 79% used [0x00000000d6200000,0x00000000d6398800,0x00000000d6400000)
  to   space 2048K, 0% used [0x00000000d6000000,0x00000000d6000000,0x00000000d6200000)
 ParOldGen       total 70656K, used 70543K [0x0000000080000000, 0x0000000084500000, 0x00000000d5580000)
  object space 70656K, 99% used [0x0000000080000000,0x00000000844e3e40,0x0000000084500000)
 Metaspace       used 65661K, committed 67136K, reserved 1114112K
  class space    used 7769K, committed 8384K, reserved 1048576K
}
Event: 76.942 GC heap after
{Heap after GC invocations=62 (full 3):
 PSYoungGen      total 12288K, used 1412K [0x00000000d5580000, 0x00000000d6300000, 0x0000000100000000)
  eden space 10752K, 0% used [0x00000000d5580000,0x00000000d5580000,0x00000000d6000000)
  from space 1536K, 91% used [0x00000000d6000000,0x00000000d6161000,0x00000000d6180000)
  to   space 1536K, 0% used [0x00000000d6180000,0x00000000d6180000,0x00000000d6300000)
 ParOldGen       total 72192K, used 71900K [0x0000000080000000, 0x0000000084680000, 0x00000000d5580000)
  object space 72192K, 99% used [0x0000000080000000,0x00000000846371a0,0x0000000084680000)
 Metaspace       used 65661K, committed 67136K, reserved 1114112K
  class space    used 7769K, committed 8384K, reserved 1048576K
}
Event: 76.955 GC heap before
{Heap before GC invocations=63 (full 3):
 PSYoungGen      total 12288K, used 12164K [0x00000000d5580000, 0x00000000d6300000, 0x0000000100000000)
  eden space 10752K, 100% used [0x00000000d5580000,0x00000000d6000000,0x00000000d6000000)
  from space 1536K, 91% used [0x00000000d6000000,0x00000000d6161000,0x00000000d6180000)
  to   space 1536K, 0% used [0x00000000d6180000,0x00000000d6180000,0x00000000d6300000)
 ParOldGen       total 72192K, used 71900K [0x0000000080000000, 0x0000000084680000, 0x00000000d5580000)
  object space 72192K, 99% used [0x0000000080000000,0x00000000846371a0,0x0000000084680000)
 Metaspace       used 65671K, committed 67136K, reserved 1114112K
  class space    used 7769K, committed 8384K, reserved 1048576K
}
Event: 76.957 GC heap after
{Heap after GC invocations=63 (full 3):
 PSYoungGen      total 12288K, used 1344K [0x00000000d5580000, 0x00000000d6300000, 0x0000000100000000)
  eden space 10752K, 0% used [0x00000000d5580000,0x00000000d5580000,0x00000000d6000000)
  from space 1536K, 87% used [0x00000000d6180000,0x00000000d62d0000,0x00000000d6300000)
  to   space 1536K, 0% used [0x00000000d6000000,0x00000000d6000000,0x00000000d6180000)
 ParOldGen       total 73216K, used 73111K [0x0000000080000000, 0x0000000084780000, 0x00000000d5580000)
  object space 73216K, 99% used [0x0000000080000000,0x0000000084765cf0,0x0000000084780000)
 Metaspace       used 65671K, committed 67136K, reserved 1114112K
  class space    used 7769K, committed 8384K, reserved 1048576K
}
Event: 76.970 GC heap before
{Heap before GC invocations=64 (full 3):
 PSYoungGen      total 12288K, used 12095K [0x00000000d5580000, 0x00000000d6300000, 0x0000000100000000)
  eden space 10752K, 99% used [0x00000000d5580000,0x00000000d5ffffb0,0x00000000d6000000)
  from space 1536K, 87% used [0x00000000d6180000,0x00000000d62d0000,0x00000000d6300000)
  to   space 1536K, 0% used [0x00000000d6000000,0x00000000d6000000,0x00000000d6180000)
 ParOldGen       total 73216K, used 73111K [0x0000000080000000, 0x0000000084780000, 0x00000000d5580000)
  object space 73216K, 99% used [0x0000000080000000,0x0000000084765cf0,0x0000000084780000)
 Metaspace       used 65675K, committed 67136K, reserved 1114112K
  class space    used 7769K, committed 8384K, reserved 1048576K
}
Event: 76.972 GC heap after
{Heap after GC invocations=64 (full 3):
 PSYoungGen      total 12288K, used 1312K [0x00000000d5580000, 0x00000000d6300000, 0x0000000100000000)
  eden space 10752K, 0% used [0x00000000d5580000,0x00000000d5580000,0x00000000d6000000)
  from space 1536K, 85% used [0x00000000d6000000,0x00000000d6148000,0x00000000d6180000)
  to   space 1536K, 0% used [0x00000000d6180000,0x00000000d6180000,0x00000000d6300000)
 ParOldGen       total 74240K, used 74215K [0x0000000080000000, 0x0000000084880000, 0x00000000d5580000)
  object space 74240K, 99% used [0x0000000080000000,0x0000000084879cf0,0x0000000084880000)
 Metaspace       used 65675K, committed 67136K, reserved 1114112K
  class space    used 7769K, committed 8384K, reserved 1048576K
}
Event: 76.993 GC heap before
{Heap before GC invocations=65 (full 3):
 PSYoungGen      total 12288K, used 12064K [0x00000000d5580000, 0x00000000d6300000, 0x0000000100000000)
  eden space 10752K, 100% used [0x00000000d5580000,0x00000000d6000000,0x00000000d6000000)
  from space 1536K, 85% used [0x00000000d6000000,0x00000000d6148000,0x00000000d6180000)
  to   space 1536K, 0% used [0x00000000d6180000,0x00000000d6180000,0x00000000d6300000)
 ParOldGen       total 74240K, used 74215K [0x0000000080000000, 0x0000000084880000, 0x00000000d5580000)
  object space 74240K, 99% used [0x0000000080000000,0x0000000084879cf0,0x0000000084880000)
 Metaspace       used 65714K, committed 67200K, reserved 1114112K
  class space    used 7769K, committed 8384K, reserved 1048576K
}
Event: 76.994 GC heap after
{Heap after GC invocations=65 (full 3):
 PSYoungGen      total 12288K, used 1472K [0x00000000d5580000, 0x00000000d6300000, 0x0000000100000000)
  eden space 10752K, 0% used [0x00000000d5580000,0x00000000d5580000,0x00000000d6000000)
  from space 1536K, 95% used [0x00000000d6180000,0x00000000d62f0010,0x00000000d6300000)
  to   space 1536K, 0% used [0x00000000d6000000,0x00000000d6000000,0x00000000d6180000)
 ParOldGen       total 75776K, used 75343K [0x0000000080000000, 0x0000000084a00000, 0x00000000d5580000)
  object space 75776K, 99% used [0x0000000080000000,0x0000000084993cf0,0x0000000084a00000)
 Metaspace       used 65714K, committed 67200K, reserved 1114112K
  class space    used 7769K, committed 8384K, reserved 1048576K
}
Event: 77.012 GC heap before
{Heap before GC invocations=66 (full 3):
 PSYoungGen      total 12288K, used 12224K [0x00000000d5580000, 0x00000000d6300000, 0x0000000100000000)
  eden space 10752K, 100% used [0x00000000d5580000,0x00000000d6000000,0x00000000d6000000)
  from space 1536K, 95% used [0x00000000d6180000,0x00000000d62f0010,0x00000000d6300000)
  to   space 1536K, 0% used [0x00000000d6000000,0x00000000d6000000,0x00000000d6180000)
 ParOldGen       total 75776K, used 75343K [0x0000000080000000, 0x0000000084a00000, 0x00000000d5580000)
  object space 75776K, 99% used [0x0000000080000000,0x0000000084993cf0,0x0000000084a00000)
 Metaspace       used 65751K, committed 67200K, reserved 1114112K
  class space    used 7769K, committed 8384K, reserved 1048576K
}
Event: 77.014 GC heap after
{Heap after GC invocations=66 (full 3):
 PSYoungGen      total 12288K, used 1304K [0x00000000d5580000, 0x00000000d6300000, 0x0000000100000000)
  eden space 10752K, 0% used [0x00000000d5580000,0x00000000d5580000,0x00000000d6000000)
  from space 1536K, 84% used [0x00000000d6000000,0x00000000d6146200,0x00000000d6180000)
  to   space 1536K, 0% used [0x00000000d6180000,0x00000000d6180000,0x00000000d6300000)
 ParOldGen       total 76800K, used 76591K [0x0000000080000000, 0x0000000084b00000, 0x00000000d5580000)
  object space 76800K, 99% used [0x0000000080000000,0x0000000084acbd00,0x0000000084b00000)
 Metaspace       used 65751K, committed 67200K, reserved 1114112K
  class space    used 7769K, committed 8384K, reserved 1048576K
}
Event: 77.039 GC heap before
{Heap before GC invocations=67 (full 3):
 PSYoungGen      total 12288K, used 12056K [0x00000000d5580000, 0x00000000d6300000, 0x0000000100000000)
  eden space 10752K, 100% used [0x00000000d5580000,0x00000000d6000000,0x00000000d6000000)
  from space 1536K, 84% used [0x00000000d6000000,0x00000000d6146200,0x00000000d6180000)
  to   space 1536K, 0% used [0x00000000d6180000,0x00000000d6180000,0x00000000d6300000)
 ParOldGen       total 76800K, used 76591K [0x0000000080000000, 0x0000000084b00000, 0x00000000d5580000)
  object space 76800K, 99% used [0x0000000080000000,0x0000000084acbd00,0x0000000084b00000)
 Metaspace       used 65800K, committed 67200K, reserved 1114112K
  class space    used 7771K, committed 8384K, reserved 1048576K
}
Event: 77.040 GC heap after
{Heap after GC invocations=67 (full 3):
 PSYoungGen      total 12288K, used 1168K [0x00000000d5580000, 0x00000000d6300000, 0x0000000100000000)
  eden space 10752K, 0% used [0x00000000d5580000,0x00000000d5580000,0x00000000d6000000)
  from space 1536K, 76% used [0x00000000d6180000,0x00000000d62a41a8,0x00000000d6300000)
  to   space 1536K, 0% used [0x00000000d6000000,0x00000000d6000000,0x00000000d6180000)
 ParOldGen       total 77824K, used 77695K [0x0000000080000000, 0x0000000084c00000, 0x00000000d5580000)
  object space 77824K, 99% used [0x0000000080000000,0x0000000084bdff00,0x0000000084c00000)
 Metaspace       used 65800K, committed 67200K, reserved 1114112K
  class space    used 7771K, committed 8384K, reserved 1048576K
}
Event: 4807.152 GC heap before
{Heap before GC invocations=68 (full 3):
 PSYoungGen      total 12288K, used 11920K [0x00000000d5580000, 0x00000000d6300000, 0x0000000100000000)
  eden space 10752K, 99% used [0x00000000d5580000,0x00000000d5fffff8,0x00000000d6000000)
  from space 1536K, 76% used [0x00000000d6180000,0x00000000d62a41a8,0x00000000d6300000)
  to   space 1536K, 0% used [0x00000000d6000000,0x00000000d6000000,0x00000000d6180000)
 ParOldGen       total 77824K, used 77695K [0x0000000080000000, 0x0000000084c00000, 0x00000000d5580000)
  object space 77824K, 99% used [0x0000000080000000,0x0000000084bdff00,0x0000000084c00000)
 Metaspace       used 66648K, committed 68032K, reserved 1114112K
  class space    used 7867K, committed 8448K, reserved 1048576K
}
Event: 4807.197 GC heap after
{Heap after GC invocations=68 (full 3):
 PSYoungGen      total 12288K, used 1232K [0x00000000d5580000, 0x00000000d6300000, 0x0000000100000000)
  eden space 10752K, 0% used [0x00000000d5580000,0x00000000d5580000,0x00000000d6000000)
  from space 1536K, 80% used [0x00000000d6000000,0x00000000d6134060,0x00000000d6180000)
  to   space 1536K, 0% used [0x00000000d6180000,0x00000000d6180000,0x00000000d6300000)
 ParOldGen       total 78848K, used 78692K [0x0000000080000000, 0x0000000084d00000, 0x00000000d5580000)
  object space 78848K, 99% used [0x0000000080000000,0x0000000084cd9258,0x0000000084d00000)
 Metaspace       used 66648K, committed 68032K, reserved 1114112K
  class space    used 7867K, committed 8448K, reserved 1048576K
}
Event: 12120.508 GC heap before
{Heap before GC invocations=69 (full 3):
 PSYoungGen      total 12288K, used 11984K [0x00000000d5580000, 0x00000000d6300000, 0x0000000100000000)
  eden space 10752K, 99% used [0x00000000d5580000,0x00000000d5fffff8,0x00000000d6000000)
  from space 1536K, 80% used [0x00000000d6000000,0x00000000d6134060,0x00000000d6180000)
  to   space 1536K, 0% used [0x00000000d6180000,0x00000000d6180000,0x00000000d6300000)
 ParOldGen       total 78848K, used 78692K [0x0000000080000000, 0x0000000084d00000, 0x00000000d5580000)
  object space 78848K, 99% used [0x0000000080000000,0x0000000084cd9258,0x0000000084d00000)
 Metaspace       used 66764K, committed 68160K, reserved 1114112K
  class space    used 7870K, committed 8448K, reserved 1048576K
}
Event: 12120.544 GC heap after
{Heap after GC invocations=69 (full 3):
 PSYoungGen      total 11264K, used 480K [0x00000000d5580000, 0x00000000d6200000, 0x0000000100000000)
  eden space 10752K, 0% used [0x00000000d5580000,0x00000000d5580000,0x00000000d6000000)
  from space 512K, 93% used [0x00000000d6180000,0x00000000d61f8000,0x00000000d6200000)
  to   space 1024K, 0% used [0x00000000d6000000,0x00000000d6000000,0x00000000d6100000)
 ParOldGen       total 79360K, used 79319K [0x0000000080000000, 0x0000000084d80000, 0x00000000d5580000)
  object space 79360K, 99% used [0x0000000080000000,0x0000000084d75d78,0x0000000084d80000)
 Metaspace       used 66764K, committed 68160K, reserved 1114112K
  class space    used 7870K, committed 8448K, reserved 1048576K
}
Event: 19208.581 GC heap before
{Heap before GC invocations=70 (full 3):
 PSYoungGen      total 11264K, used 11232K [0x00000000d5580000, 0x00000000d6200000, 0x0000000100000000)
  eden space 10752K, 100% used [0x00000000d5580000,0x00000000d6000000,0x00000000d6000000)
  from space 512K, 93% used [0x00000000d6180000,0x00000000d61f8000,0x00000000d6200000)
  to   space 1024K, 0% used [0x00000000d6000000,0x00000000d6000000,0x00000000d6100000)
 ParOldGen       total 79360K, used 79319K [0x0000000080000000, 0x0000000084d80000, 0x00000000d5580000)
  object space 79360K, 99% used [0x0000000080000000,0x0000000084d75d78,0x0000000084d80000)
 Metaspace       used 66796K, committed 68288K, reserved 1114112K
  class space    used 7870K, committed 8448K, reserved 1048576K
}
Event: 19208.628 GC heap after
{Heap after GC invocations=70 (full 3):
 PSYoungGen      total 11776K, used 448K [0x00000000d5580000, 0x00000000d6200000, 0x0000000100000000)
  eden space 10752K, 0% used [0x00000000d5580000,0x00000000d5580000,0x00000000d6000000)
  from space 1024K, 43% used [0x00000000d6000000,0x00000000d6070020,0x00000000d6100000)
  to   space 512K, 0% used [0x00000000d6180000,0x00000000d6180000,0x00000000d6200000)
 ParOldGen       total 79872K, used 79407K [0x0000000080000000, 0x0000000084e00000, 0x00000000d5580000)
  object space 79872K, 99% used [0x0000000080000000,0x0000000084d8bd78,0x0000000084e00000)
 Metaspace       used 66796K, committed 68288K, reserved 1114112K
  class space    used 7870K, committed 8448K, reserved 1048576K
}
Event: 21940.250 GC heap before
{Heap before GC invocations=71 (full 3):
 PSYoungGen      total 11776K, used 11200K [0x00000000d5580000, 0x00000000d6200000, 0x0000000100000000)
  eden space 10752K, 100% used [0x00000000d5580000,0x00000000d6000000,0x00000000d6000000)
  from space 1024K, 43% used [0x00000000d6000000,0x00000000d6070020,0x00000000d6100000)
  to   space 512K, 0% used [0x00000000d6180000,0x00000000d6180000,0x00000000d6200000)
 ParOldGen       total 79872K, used 79407K [0x0000000080000000, 0x0000000084e00000, 0x00000000d5580000)
  object space 79872K, 99% used [0x0000000080000000,0x0000000084d8bd78,0x0000000084e00000)
 Metaspace       used 66832K, committed 68288K, reserved 1114112K
  class space    used 7873K, committed 8448K, reserved 1048576K
}
Event: 21940.278 GC heap after
{Heap after GC invocations=71 (full 3):
 PSYoungGen      total 11264K, used 480K [0x00000000d5580000, 0x00000000d6200000, 0x0000000100000000)
  eden space 10752K, 0% used [0x00000000d5580000,0x00000000d5580000,0x00000000d6000000)
  from space 512K, 93% used [0x00000000d6180000,0x00000000d61f8000,0x00000000d6200000)
  to   space 512K, 0% used [0x00000000d6100000,0x00000000d6100000,0x00000000d6180000)
 ParOldGen       total 79872K, used 79447K [0x0000000080000000, 0x0000000084e00000, 0x00000000d5580000)
  object space 79872K, 99% used [0x0000000080000000,0x0000000084d95d78,0x0000000084e00000)
 Metaspace       used 66832K, committed 68288K, reserved 1114112K
  class space    used 7873K, committed 8448K, reserved 1048576K
}

