# JRE version: OpenJDK Runtime Environment Temurin-21.0.10+7 (21.0.10+7) (build 21.0.10+7-LTS)
# Java VM: OpenJDK 64-Bit Server VM Temurin-21.0.10+7 (21.0.10+7-LTS, mixed mode, sharing, tiered, compressed oops, compressed class ptrs, parallel gc, windows-amd64)
GC Precious Log:
 CardTable entry size: 512
 CPUs: 20 total, 20 available
 Memory: 7911M
 Large Page Support: Disabled
 NUMA Support: Disabled
 Compressed Oops: Enabled (32-bit)
 Alignments: Space 512K, Generation 512K, Heap 2M
 Heap Min Capacity: 100M
 Heap Initial Capacity: 100M
 Heap Max Capacity: 2G
 Pre-touch: Disabled
 Parallel Workers: 15
Heap:
 PSYoungGen      total 33792K, used 8250K [0x00000000d5580000, 0x00000000d7f80000, 0x0000000100000000)
  eden space 23552K, 7% used [0x00000000d5580000,0x00000000d5745528,0x00000000d6c80000)
  from space 10240K, 62% used [0x00000000d7580000,0x00000000d7bc9438,0x00000000d7f80000)
  to   space 9216K, 0% used [0x00000000d6c80000,0x00000000d6c80000,0x00000000d7580000)
 ParOldGen       total 68608K, used 56585K [0x0000000080000000, 0x0000000084300000, 0x00000000d5580000)
  object space 68608K, 82% used [0x0000000080000000,0x0000000083742750,0x0000000084300000)
 Metaspace       used 48553K, committed 49728K, reserved 1114112K
  class space    used 5167K, committed 5696K, reserved 1048576K
GC Heap History (20 events):
Event: 7.366 GC heap before
{Heap before GC invocations=24 (full 2):
 PSYoungGen      total 23552K, used 23414K [0x00000000d5580000, 0x00000000d6f00000, 0x0000000100000000)
  eden space 20992K, 100% used [0x00000000d5580000,0x00000000d6a00000,0x00000000d6a00000)
  from space 2560K, 94% used [0x00000000d6a00000,0x00000000d6c5dab0,0x00000000d6c80000)
  to   space 2560K, 0% used [0x00000000d6c80000,0x00000000d6c80000,0x00000000d6f00000)
 ParOldGen       total 68608K, used 28842K [0x0000000080000000, 0x0000000084300000, 0x00000000d5580000)
  object space 68608K, 42% used [0x0000000080000000,0x0000000081c2a950,0x0000000084300000)
 Metaspace       used 42588K, committed 43840K, reserved 1114112K
  class space    used 4464K, committed 5056K, reserved 1048576K
}
Event: 7.369 GC heap after
{Heap after GC invocations=24 (full 2):
 PSYoungGen      total 20992K, used 2530K [0x00000000d5580000, 0x00000000d7400000, 0x0000000100000000)
  eden space 18432K, 0% used [0x00000000d5580000,0x00000000d5580000,0x00000000d6780000)
  from space 2560K, 98% used [0x00000000d6c80000,0x00000000d6ef8810,0x00000000d6f00000)
  to   space 5120K, 0% used [0x00000000d6780000,0x00000000d6780000,0x00000000d6c80000)
 ParOldGen       total 68608K, used 30909K [0x0000000080000000, 0x0000000084300000, 0x00000000d5580000)
  object space 68608K, 45% used [0x0000000080000000,0x0000000081e2f728,0x0000000084300000)
 Metaspace       used 42588K, committed 43840K, reserved 1114112K
  class space    used 4464K, committed 5056K, reserved 1048576K
}
Event: 7.424 GC heap before
{Heap before GC invocations=25 (full 2):
 PSYoungGen      total 20992K, used 20962K [0x00000000d5580000, 0x00000000d7400000, 0x0000000100000000)
  eden space 18432K, 100% used [0x00000000d5580000,0x00000000d6780000,0x00000000d6780000)
  from space 2560K, 98% used [0x00000000d6c80000,0x00000000d6ef8810,0x00000000d6f00000)
  to   space 5120K, 0% used [0x00000000d6780000,0x00000000d6780000,0x00000000d6c80000)
 ParOldGen       total 68608K, used 30909K [0x0000000080000000, 0x0000000084300000, 0x00000000d5580000)
  object space 68608K, 45% used [0x0000000080000000,0x0000000081e2f728,0x0000000084300000)
 Metaspace       used 42803K, committed 44032K, reserved 1114112K
  class space    used 4490K, committed 5056K, reserved 1048576K
}
Event: 7.428 GC heap after
{Heap after GC invocations=25 (full 2):
 PSYoungGen      total 20480K, used 1988K [0x00000000d5580000, 0x00000000d6d80000, 0x0000000100000000)
  eden space 18432K, 0% used [0x00000000d5580000,0x00000000d5580000,0x00000000d6780000)
  from space 2048K, 97% used [0x00000000d6780000,0x00000000d6971000,0x00000000d6980000)
  to   space 3072K, 0% used [0x00000000d6a80000,0x00000000d6a80000,0x00000000d6d80000)
 ParOldGen       total 68608K, used 33164K [0x0000000080000000, 0x0000000084300000, 0x00000000d5580000)
  object space 68608K, 48% used [0x0000000080000000,0x00000000820630e8,0x0000000084300000)
 Metaspace       used 42803K, committed 44032K, reserved 1114112K
  class space    used 4490K, committed 5056K, reserved 1048576K
}
Event: 7.478 GC heap before
{Heap before GC invocations=26 (full 2):
 PSYoungGen      total 20480K, used 20420K [0x00000000d5580000, 0x00000000d6d80000, 0x0000000100000000)
  eden space 18432K, 100% used [0x00000000d5580000,0x00000000d6780000,0x00000000d6780000)
  from space 2048K, 97% used [0x00000000d6780000,0x00000000d6971000,0x00000000d6980000)
  to   space 3072K, 0% used [0x00000000d6a80000,0x00000000d6a80000,0x00000000d6d80000)
 ParOldGen       total 68608K, used 33164K [0x0000000080000000, 0x0000000084300000, 0x00000000d5580000)
  object space 68608K, 48% used [0x0000000080000000,0x00000000820630e8,0x0000000084300000)
 Metaspace       used 43080K, committed 44352K, reserved 1114112K
  class space    used 4524K, committed 5120K, reserved 1048576K
}
Event: 7.481 GC heap after
{Heap after GC invocations=26 (full 2):
 PSYoungGen      total 20480K, used 1888K [0x00000000d5580000, 0x00000000d6c80000, 0x0000000100000000)
  eden space 18432K, 0% used [0x00000000d5580000,0x00000000d5580000,0x00000000d6780000)
  from space 2048K, 92% used [0x00000000d6a80000,0x00000000d6c58000,0x00000000d6c80000)
  to   space 2560K, 0% used [0x00000000d6780000,0x00000000d6780000,0x00000000d6a00000)
 ParOldGen       total 68608K, used 34956K [0x0000000080000000, 0x0000000084300000, 0x00000000d5580000)
  object space 68608K, 50% used [0x0000000080000000,0x00000000822231e8,0x0000000084300000)
 Metaspace       used 43080K, committed 44352K, reserved 1114112K
  class space    used 4524K, committed 5120K, reserved 1048576K
}
Event: 7.545 GC heap before
{Heap before GC invocations=27 (full 2):
 PSYoungGen      total 20480K, used 20320K [0x00000000d5580000, 0x00000000d6c80000, 0x0000000100000000)
  eden space 18432K, 100% used [0x00000000d5580000,0x00000000d6780000,0x00000000d6780000)
  from space 2048K, 92% used [0x00000000d6a80000,0x00000000d6c58000,0x00000000d6c80000)
  to   space 2560K, 0% used [0x00000000d6780000,0x00000000d6780000,0x00000000d6a00000)
 ParOldGen       total 68608K, used 34956K [0x0000000080000000, 0x0000000084300000, 0x00000000d5580000)
  object space 68608K, 50% used [0x0000000080000000,0x00000000822231e8,0x0000000084300000)
 Metaspace       used 43453K, committed 44672K, reserved 1114112K
  class space    used 4570K, committed 5120K, reserved 1048576K
}
Event: 7.547 GC heap after
{Heap after GC invocations=27 (full 2):
 PSYoungGen      total 20480K, used 1984K [0x00000000d5580000, 0x00000000d6b80000, 0x0000000100000000)
  eden space 18432K, 0% used [0x00000000d5580000,0x00000000d5580000,0x00000000d6780000)
  from space 2048K, 96% used [0x00000000d6780000,0x00000000d6970010,0x00000000d6980000)
  to   space 2048K, 0% used [0x00000000d6980000,0x00000000d6980000,0x00000000d6b80000)
 ParOldGen       total 68608K, used 36668K [0x0000000080000000, 0x0000000084300000, 0x00000000d5580000)
  object space 68608K, 53% used [0x0000000080000000,0x00000000823cf1e8,0x0000000084300000)
 Metaspace       used 43453K, committed 44672K, reserved 1114112K
  class space    used 4570K, committed 5120K, reserved 1048576K
}
Event: 7.597 GC heap before
{Heap before GC invocations=28 (full 2):
 PSYoungGen      total 20480K, used 20416K [0x00000000d5580000, 0x00000000d6b80000, 0x0000000100000000)
  eden space 18432K, 100% used [0x00000000d5580000,0x00000000d6780000,0x00000000d6780000)
  from space 2048K, 96% used [0x00000000d6780000,0x00000000d6970010,0x00000000d6980000)
  to   space 2048K, 0% used [0x00000000d6980000,0x00000000d6980000,0x00000000d6b80000)
 ParOldGen       total 68608K, used 36668K [0x0000000080000000, 0x0000000084300000, 0x00000000d5580000)
  object space 68608K, 53% used [0x0000000080000000,0x00000000823cf1e8,0x0000000084300000)
 Metaspace       used 43796K, committed 45056K, reserved 1114112K
  class space    used 4607K, committed 5184K, reserved 1048576K
}
Event: 7.600 GC heap after
{Heap after GC invocations=28 (full 2):
 PSYoungGen      total 20480K, used 1888K [0x00000000d5580000, 0x00000000d6b80000, 0x0000000100000000)
  eden space 18432K, 0% used [0x00000000d5580000,0x00000000d5580000,0x00000000d6780000)
  from space 2048K, 92% used [0x00000000d6980000,0x00000000d6b58000,0x00000000d6b80000)
  to   space 2048K, 0% used [0x00000000d6780000,0x00000000d6780000,0x00000000d6980000)
 ParOldGen       total 68608K, used 38452K [0x0000000080000000, 0x0000000084300000, 0x00000000d5580000)
  object space 68608K, 56% used [0x0000000080000000,0x000000008258d1f8,0x0000000084300000)
 Metaspace       used 43796K, committed 45056K, reserved 1114112K
  class space    used 4607K, committed 5184K, reserved 1048576K
}
Event: 7.807 GC heap before
{Heap before GC invocations=29 (full 2):
 PSYoungGen      total 20480K, used 20314K [0x00000000d5580000, 0x00000000d6b80000, 0x0000000100000000)
  eden space 18432K, 99% used [0x00000000d5580000,0x00000000d677ea30,0x00000000d6780000)
  from space 2048K, 92% used [0x00000000d6980000,0x00000000d6b58000,0x00000000d6b80000)
  to   space 2048K, 0% used [0x00000000d6780000,0x00000000d6780000,0x00000000d6980000)
 ParOldGen       total 68608K, used 38452K [0x0000000080000000, 0x0000000084300000, 0x00000000d5580000)
  object space 68608K, 56% used [0x0000000080000000,0x000000008258d1f8,0x0000000084300000)
 Metaspace       used 44748K, committed 46016K, reserved 1114112K
  class space    used 4716K, committed 5248K, reserved 1048576K
}
Event: 7.810 GC heap after
{Heap after GC invocations=29 (full 2):
 PSYoungGen      total 20480K, used 1805K [0x00000000d5580000, 0x00000000d6b80000, 0x0000000100000000)
  eden space 18432K, 0% used [0x00000000d5580000,0x00000000d5580000,0x00000000d6780000)
  from space 2048K, 88% used [0x00000000d6780000,0x00000000d6943510,0x00000000d6980000)
  to   space 2048K, 0% used [0x00000000d6980000,0x00000000d6980000,0x00000000d6b80000)
 ParOldGen       total 68608K, used 40089K [0x0000000080000000, 0x0000000084300000, 0x00000000d5580000)
  object space 68608K, 58% used [0x0000000080000000,0x0000000082726750,0x0000000084300000)
 Metaspace       used 44748K, committed 46016K, reserved 1114112K
  class space    used 4716K, committed 5248K, reserved 1048576K
}
Event: 8.136 GC heap before
{Heap before GC invocations=30 (full 2):
 PSYoungGen      total 20480K, used 20237K [0x00000000d5580000, 0x00000000d6b80000, 0x0000000100000000)
  eden space 18432K, 100% used [0x00000000d5580000,0x00000000d6780000,0x00000000d6780000)
  from space 2048K, 88% used [0x00000000d6780000,0x00000000d6943510,0x00000000d6980000)
  to   space 2048K, 0% used [0x00000000d6980000,0x00000000d6980000,0x00000000d6b80000)
 ParOldGen       total 68608K, used 40089K [0x0000000080000000, 0x0000000084300000, 0x00000000d5580000)
  object space 68608K, 58% used [0x0000000080000000,0x0000000082726750,0x0000000084300000)
 Metaspace       used 46293K, committed 47552K, reserved 1114112K
  class space    used 4921K, committed 5504K, reserved 1048576K
}
Event: 8.138 GC heap after
{Heap after GC invocations=30 (full 2):
 PSYoungGen      total 20480K, used 1965K [0x00000000d5580000, 0x00000000d6b80000, 0x0000000100000000)
  eden space 18432K, 0% used [0x00000000d5580000,0x00000000d5580000,0x00000000d6780000)
  from space 2048K, 95% used [0x00000000d6980000,0x00000000d6b6b510,0x00000000d6b80000)
  to   space 2048K, 0% used [0x00000000d6780000,0x00000000d6780000,0x00000000d6980000)
 ParOldGen       total 68608K, used 40969K [0x0000000080000000, 0x0000000084300000, 0x00000000d5580000)
  object space 68608K, 59% used [0x0000000080000000,0x0000000082802450,0x0000000084300000)
 Metaspace       used 46293K, committed 47552K, reserved 1114112K
  class space    used 4921K, committed 5504K, reserved 1048576K
}
Event: 8.515 GC heap before
{Heap before GC invocations=31 (full 2):
 PSYoungGen      total 20480K, used 20389K [0x00000000d5580000, 0x00000000d6b80000, 0x0000000100000000)
  eden space 18432K, 99% used [0x00000000d5580000,0x00000000d677e268,0x00000000d6780000)
  from space 2048K, 95% used [0x00000000d6980000,0x00000000d6b6b510,0x00000000d6b80000)
  to   space 2048K, 0% used [0x00000000d6780000,0x00000000d6780000,0x00000000d6980000)
 ParOldGen       total 68608K, used 40969K [0x0000000080000000, 0x0000000084300000, 0x00000000d5580000)
  object space 68608K, 59% used [0x0000000080000000,0x0000000082802450,0x0000000084300000)
 Metaspace       used 47771K, committed 48960K, reserved 1114112K
  class space    used 5102K, committed 5632K, reserved 1048576K
}
Event: 8.518 GC heap after
{Heap after GC invocations=31 (full 2):
 PSYoungGen      total 19456K, used 928K [0x00000000d5580000, 0x00000000d6a80000, 0x0000000100000000)
  eden space 18432K, 0% used [0x00000000d5580000,0x00000000d5580000,0x00000000d6780000)
  from space 1024K, 90% used [0x00000000d6780000,0x00000000d6868000,0x00000000d6880000)
  to   space 1536K, 0% used [0x00000000d6900000,0x00000000d6900000,0x00000000d6a80000)
 ParOldGen       total 68608K, used 42706K [0x0000000080000000, 0x0000000084300000, 0x00000000d5580000)
  object space 68608K, 62% used [0x0000000080000000,0x00000000829b4970,0x0000000084300000)
 Metaspace       used 47771K, committed 48960K, reserved 1114112K
  class space    used 5102K, committed 5632K, reserved 1048576K
}
Event: 9.519 GC heap before
{Heap before GC invocations=32 (full 2):
 PSYoungGen      total 19456K, used 19360K [0x00000000d5580000, 0x00000000d6a80000, 0x0000000100000000)
  eden space 18432K, 100% used [0x00000000d5580000,0x00000000d6780000,0x00000000d6780000)
  from space 1024K, 90% used [0x00000000d6780000,0x00000000d6868000,0x00000000d6880000)
  to   space 1536K, 0% used [0x00000000d6900000,0x00000000d6900000,0x00000000d6a80000)
 ParOldGen       total 68608K, used 42706K [0x0000000080000000, 0x0000000084300000, 0x00000000d5580000)
  object space 68608K, 62% used [0x0000000080000000,0x00000000829b4970,0x0000000084300000)
 Metaspace       used 48339K, committed 49600K, reserved 1114112K
  class space    used 5144K, committed 5696K, reserved 1048576K
}
Event: 9.520 GC heap after
{Heap after GC invocations=32 (full 2):
 PSYoungGen      total 18944K, used 1536K [0x00000000d5580000, 0x00000000d6c80000, 0x0000000100000000)
  eden space 17408K, 0% used [0x00000000d5580000,0x00000000d5580000,0x00000000d6680000)
  from space 1536K, 100% used [0x00000000d6900000,0x00000000d6a80000,0x00000000d6a80000)
  to   space 2560K, 0% used [0x00000000d6680000,0x00000000d6680000,0x00000000d6900000)
 ParOldGen       total 68608K, used 43483K [0x0000000080000000, 0x0000000084300000, 0x00000000d5580000)
  object space 68608K, 63% used [0x0000000080000000,0x0000000082a76eb8,0x0000000084300000)
 Metaspace       used 48339K, committed 49600K, reserved 1114112K
  class space    used 5144K, committed 5696K, reserved 1048576K
}
Event: 9.889 GC heap before
{Heap before GC invocations=33 (full 2):
 PSYoungGen      total 18944K, used 18944K [0x00000000d5580000, 0x00000000d6c80000, 0x0000000100000000)
  eden space 17408K, 100% used [0x00000000d5580000,0x00000000d6680000,0x00000000d6680000)
  from space 1536K, 100% used [0x00000000d6900000,0x00000000d6a80000,0x00000000d6a80000)
  to   space 2560K, 0% used [0x00000000d6680000,0x00000000d6680000,0x00000000d6900000)
 ParOldGen       total 68608K, used 43483K [0x0000000080000000, 0x0000000084300000, 0x00000000d5580000)
  object space 68608K, 63% used [0x0000000080000000,0x0000000082a76eb8,0x0000000084300000)
 Metaspace       used 48381K, committed 49600K, reserved 1114112K
  class space    used 5148K, committed 5696K, reserved 1048576K
}
Event: 9.898 GC heap after
{Heap after GC invocations=33 (full 2):
 PSYoungGen      total 19968K, used 2537K [0x00000000d5580000, 0x00000000d8480000, 0x0000000100000000)
  eden space 17408K, 0% used [0x00000000d5580000,0x00000000d5580000,0x00000000d6680000)
  from space 2560K, 99% used [0x00000000d6680000,0x00000000d68fa7a0,0x00000000d6900000)
  to   space 15360K, 0% used [0x00000000d7580000,0x00000000d7580000,0x00000000d8480000)
 ParOldGen       total 68608K, used 54294K [0x0000000080000000, 0x0000000084300000, 0x00000000d5580000)
  object space 68608K, 79% used [0x0000000080000000,0x0000000083505ba8,0x0000000084300000)
 Metaspace       used 48381K, committed 49600K, reserved 1114112K
  class space    used 5148K, committed 5696K, reserved 1048576K
}

