# JRE version: OpenJDK Runtime Environment Temurin-21.0.10+7 (21.0.10+7) (build 21.0.10+7-LTS)
# Java VM: OpenJDK 64-Bit Server VM Temurin-21.0.10+7 (21.0.10+7-LTS, mixed mode, sharing, tiered, compressed oops, compressed class ptrs, parallel gc, windows-amd64)
GC Precious Log:
 CardTable entry size: 512
 CPUs: 15 total, 15 available
 Memory: 7911M
 Large Page Support: Disabled
 NUMA Support: Disabled
 Compressed Oops: Enabled (32-bit)
 Alignments: Space 512K, Generation 512K, Heap 2M
 Heap Min Capacity: 100M
 Heap Initial Capacity: 100M
 Heap Max Capacity: 2G
 Pre-touch: Disabled
 Parallel Workers: 12
Heap:
 PSYoungGen      total 11264K, used 5662K [0x00000000d5580000, 0x00000000d6280000, 0x0000000100000000)
  eden space 10240K, 50% used [0x00000000d5580000,0x00000000d5a97b90,0x00000000d5f80000)
  from space 1024K, 43% used [0x00000000d5f80000,0x00000000d5ff0000,0x00000000d6080000)
  to   space 512K, 0% used [0x00000000d6200000,0x00000000d6200000,0x00000000d6280000)
 ParOldGen       total 192000K, used 191839K [0x0000000080000000, 0x000000008bb80000, 0x00000000d5580000)
  object space 192000K, 99% used [0x0000000080000000,0x000000008bb57f98,0x000000008bb80000)
 Metaspace       used 68628K, committed 70080K, reserved 1114112K
  class space    used 8146K, committed 8768K, reserved 1048576K
GC Heap History (20 events):
Event: 38.685 GC heap after
{Heap after GC invocations=211 (full 3):
 PSYoungGen      total 10752K, used 448K [0x00000000d5580000, 0x00000000d6100000, 0x0000000100000000)
  eden space 10240K, 0% used [0x00000000d5580000,0x00000000d5580000,0x00000000d5f80000)
  from space 512K, 87% used [0x00000000d6080000,0x00000000d60f0000,0x00000000d6100000)
  to   space 512K, 0% used [0x00000000d6000000,0x00000000d6000000,0x00000000d6080000)
 ParOldGen       total 182784K, used 182454K [0x0000000080000000, 0x000000008b280000, 0x00000000d5580000)
  object space 182784K, 99% used [0x0000000080000000,0x000000008b22d960,0x000000008b280000)
 Metaspace       used 68568K, committed 70016K, reserved 1114112K
  class space    used 8145K, committed 8768K, reserved 1048576K
}
Event: 38.734 GC heap before
{Heap before GC invocations=212 (full 3):
 PSYoungGen      total 10752K, used 10688K [0x00000000d5580000, 0x00000000d6100000, 0x0000000100000000)
  eden space 10240K, 100% used [0x00000000d5580000,0x00000000d5f80000,0x00000000d5f80000)
  from space 512K, 87% used [0x00000000d6080000,0x00000000d60f0000,0x00000000d6100000)
  to   space 512K, 0% used [0x00000000d6000000,0x00000000d6000000,0x00000000d6080000)
 ParOldGen       total 182784K, used 182454K [0x0000000080000000, 0x000000008b280000, 0x00000000d5580000)
  object space 182784K, 99% used [0x0000000080000000,0x000000008b22d960,0x000000008b280000)
 Metaspace       used 68577K, committed 70016K, reserved 1114112K
  class space    used 8145K, committed 8768K, reserved 1048576K
}
Event: 38.734 GC heap after
{Heap after GC invocations=212 (full 3):
 PSYoungGen      total 10752K, used 320K [0x00000000d5580000, 0x00000000d6100000, 0x0000000100000000)
  eden space 10240K, 0% used [0x00000000d5580000,0x00000000d5580000,0x00000000d5f80000)
  from space 512K, 62% used [0x00000000d6000000,0x00000000d6050000,0x00000000d6080000)
  to   space 512K, 0% used [0x00000000d6080000,0x00000000d6080000,0x00000000d6100000)
 ParOldGen       total 182784K, used 182574K [0x0000000080000000, 0x000000008b280000, 0x00000000d5580000)
  object space 182784K, 99% used [0x0000000080000000,0x000000008b24b960,0x000000008b280000)
 Metaspace       used 68577K, committed 70016K, reserved 1114112K
  class space    used 8145K, committed 8768K, reserved 1048576K
}
Event: 38.774 GC heap before
{Heap before GC invocations=213 (full 3):
 PSYoungGen      total 10752K, used 10560K [0x00000000d5580000, 0x00000000d6100000, 0x0000000100000000)
  eden space 10240K, 100% used [0x00000000d5580000,0x00000000d5f80000,0x00000000d5f80000)
  from space 512K, 62% used [0x00000000d6000000,0x00000000d6050000,0x00000000d6080000)
  to   space 512K, 0% used [0x00000000d6080000,0x00000000d6080000,0x00000000d6100000)
 ParOldGen       total 182784K, used 182574K [0x0000000080000000, 0x000000008b280000, 0x00000000d5580000)
  object space 182784K, 99% used [0x0000000080000000,0x000000008b24b960,0x000000008b280000)
 Metaspace       used 68590K, committed 70016K, reserved 1114112K
  class space    used 8145K, committed 8768K, reserved 1048576K
}
Event: 38.775 GC heap after
{Heap after GC invocations=213 (full 3):
 PSYoungGen      total 10752K, used 506K [0x00000000d5580000, 0x00000000d6180000, 0x0000000100000000)
  eden space 10240K, 0% used [0x00000000d5580000,0x00000000d5580000,0x00000000d5f80000)
  from space 512K, 98% used [0x00000000d6080000,0x00000000d60feb20,0x00000000d6100000)
  to   space 1024K, 0% used [0x00000000d5f80000,0x00000000d5f80000,0x00000000d6080000)
 ParOldGen       total 183296K, used 182824K [0x0000000080000000, 0x000000008b300000, 0x00000000d5580000)
  object space 183296K, 99% used [0x0000000080000000,0x000000008b28a308,0x000000008b300000)
 Metaspace       used 68590K, committed 70016K, reserved 1114112K
  class space    used 8145K, committed 8768K, reserved 1048576K
}
Event: 38.786 GC heap before
{Heap before GC invocations=214 (full 3):
 PSYoungGen      total 10752K, used 10746K [0x00000000d5580000, 0x00000000d6180000, 0x0000000100000000)
  eden space 10240K, 100% used [0x00000000d5580000,0x00000000d5f80000,0x00000000d5f80000)
  from space 512K, 98% used [0x00000000d6080000,0x00000000d60feb20,0x00000000d6100000)
  to   space 1024K, 0% used [0x00000000d5f80000,0x00000000d5f80000,0x00000000d6080000)
 ParOldGen       total 183296K, used 182824K [0x0000000080000000, 0x000000008b300000, 0x00000000d5580000)
  object space 183296K, 99% used [0x0000000080000000,0x000000008b28a308,0x000000008b300000)
 Metaspace       used 68590K, committed 70016K, reserved 1114112K
  class space    used 8145K, committed 8768K, reserved 1048576K
}
Event: 38.787 GC heap after
{Heap after GC invocations=214 (full 3):
 PSYoungGen      total 11264K, used 288K [0x00000000d5580000, 0x00000000d6100000, 0x0000000100000000)
  eden space 10240K, 0% used [0x00000000d5580000,0x00000000d5580000,0x00000000d5f80000)
  from space 1024K, 28% used [0x00000000d5f80000,0x00000000d5fc8000,0x00000000d6080000)
  to   space 512K, 0% used [0x00000000d6080000,0x00000000d6080000,0x00000000d6100000)
 ParOldGen       total 183808K, used 183339K [0x0000000080000000, 0x000000008b380000, 0x00000000d5580000)
  object space 183808K, 99% used [0x0000000080000000,0x000000008b30ae28,0x000000008b380000)
 Metaspace       used 68590K, committed 70016K, reserved 1114112K
  class space    used 8145K, committed 8768K, reserved 1048576K
}
Event: 38.796 GC heap before
{Heap before GC invocations=215 (full 3):
 PSYoungGen      total 11264K, used 10528K [0x00000000d5580000, 0x00000000d6100000, 0x0000000100000000)
  eden space 10240K, 100% used [0x00000000d5580000,0x00000000d5f80000,0x00000000d5f80000)
  from space 1024K, 28% used [0x00000000d5f80000,0x00000000d5fc8000,0x00000000d6080000)
  to   space 512K, 0% used [0x00000000d6080000,0x00000000d6080000,0x00000000d6100000)
 ParOldGen       total 183808K, used 183339K [0x0000000080000000, 0x000000008b380000, 0x00000000d5580000)
  object space 183808K, 99% used [0x0000000080000000,0x000000008b30ae28,0x000000008b380000)
 Metaspace       used 68593K, committed 70016K, reserved 1114112K
  class space    used 8145K, committed 8768K, reserved 1048576K
}
Event: 38.799 GC heap after
{Heap after GC invocations=215 (full 3):
 PSYoungGen      total 10752K, used 384K [0x00000000d5580000, 0x00000000d6100000, 0x0000000100000000)
  eden space 10240K, 0% used [0x00000000d5580000,0x00000000d5580000,0x00000000d5f80000)
  from space 512K, 75% used [0x00000000d6080000,0x00000000d60e0000,0x00000000d6100000)
  to   space 512K, 0% used [0x00000000d6000000,0x00000000d6000000,0x00000000d6080000)
 ParOldGen       total 189952K, used 189618K [0x0000000080000000, 0x000000008b980000, 0x00000000d5580000)
  object space 189952K, 99% used [0x0000000080000000,0x000000008b92c8d8,0x000000008b980000)
 Metaspace       used 68593K, committed 70016K, reserved 1114112K
  class space    used 8145K, committed 8768K, reserved 1048576K
}
Event: 38.828 GC heap before
{Heap before GC invocations=216 (full 3):
 PSYoungGen      total 10752K, used 10624K [0x00000000d5580000, 0x00000000d6100000, 0x0000000100000000)
  eden space 10240K, 100% used [0x00000000d5580000,0x00000000d5f80000,0x00000000d5f80000)
  from space 512K, 75% used [0x00000000d6080000,0x00000000d60e0000,0x00000000d6100000)
  to   space 512K, 0% used [0x00000000d6000000,0x00000000d6000000,0x00000000d6080000)
 ParOldGen       total 189952K, used 189618K [0x0000000080000000, 0x000000008b980000, 0x00000000d5580000)
  object space 189952K, 99% used [0x0000000080000000,0x000000008b92c8d8,0x000000008b980000)
 Metaspace       used 68593K, committed 70016K, reserved 1114112K
  class space    used 8145K, committed 8768K, reserved 1048576K
}
Event: 38.829 GC heap after
{Heap after GC invocations=216 (full 3):
 PSYoungGen      total 10752K, used 352K [0x00000000d5580000, 0x00000000d6100000, 0x0000000100000000)
  eden space 10240K, 0% used [0x00000000d5580000,0x00000000d5580000,0x00000000d5f80000)
  from space 512K, 68% used [0x00000000d6000000,0x00000000d6058000,0x00000000d6080000)
  to   space 512K, 0% used [0x00000000d6080000,0x00000000d6080000,0x00000000d6100000)
 ParOldGen       total 189952K, used 189746K [0x0000000080000000, 0x000000008b980000, 0x00000000d5580000)
  object space 189952K, 99% used [0x0000000080000000,0x000000008b94c8d8,0x000000008b980000)
 Metaspace       used 68593K, committed 70016K, reserved 1114112K
  class space    used 8145K, committed 8768K, reserved 1048576K
}
Event: 38.844 GC heap before
{Heap before GC invocations=217 (full 3):
 PSYoungGen      total 10752K, used 10592K [0x00000000d5580000, 0x00000000d6100000, 0x0000000100000000)
  eden space 10240K, 100% used [0x00000000d5580000,0x00000000d5f80000,0x00000000d5f80000)
  from space 512K, 68% used [0x00000000d6000000,0x00000000d6058000,0x00000000d6080000)
  to   space 512K, 0% used [0x00000000d6080000,0x00000000d6080000,0x00000000d6100000)
 ParOldGen       total 189952K, used 189746K [0x0000000080000000, 0x000000008b980000, 0x00000000d5580000)
  object space 189952K, 99% used [0x0000000080000000,0x000000008b94c8d8,0x000000008b980000)
 Metaspace       used 68593K, committed 70016K, reserved 1114112K
  class space    used 8145K, committed 8768K, reserved 1048576K
}
Event: 38.845 GC heap after
{Heap after GC invocations=217 (full 3):
 PSYoungGen      total 10752K, used 384K [0x00000000d5580000, 0x00000000d6100000, 0x0000000100000000)
  eden space 10240K, 0% used [0x00000000d5580000,0x00000000d5580000,0x00000000d5f80000)
  from space 512K, 75% used [0x00000000d6080000,0x00000000d60e0000,0x00000000d6100000)
  to   space 512K, 0% used [0x00000000d6000000,0x00000000d6000000,0x00000000d6080000)
 ParOldGen       total 189952K, used 189914K [0x0000000080000000, 0x000000008b980000, 0x00000000d5580000)
  object space 189952K, 99% used [0x0000000080000000,0x000000008b9768d8,0x000000008b980000)
 Metaspace       used 68593K, committed 70016K, reserved 1114112K
  class space    used 8145K, committed 8768K, reserved 1048576K
}
Event: 38.900 GC heap before
{Heap before GC invocations=218 (full 3):
 PSYoungGen      total 10752K, used 10624K [0x00000000d5580000, 0x00000000d6100000, 0x0000000100000000)
  eden space 10240K, 100% used [0x00000000d5580000,0x00000000d5f80000,0x00000000d5f80000)
  from space 512K, 75% used [0x00000000d6080000,0x00000000d60e0000,0x00000000d6100000)
  to   space 512K, 0% used [0x00000000d6000000,0x00000000d6000000,0x00000000d6080000)
 ParOldGen       total 189952K, used 189914K [0x0000000080000000, 0x000000008b980000, 0x00000000d5580000)
  object space 189952K, 99% used [0x0000000080000000,0x000000008b9768d8,0x000000008b980000)
 Metaspace       used 68606K, committed 70080K, reserved 1114112K
  class space    used 8145K, committed 8768K, reserved 1048576K
}
Event: 38.901 GC heap after
{Heap after GC invocations=218 (full 3):
 PSYoungGen      total 10752K, used 512K [0x00000000d5580000, 0x00000000d6280000, 0x0000000100000000)
  eden space 10240K, 0% used [0x00000000d5580000,0x00000000d5580000,0x00000000d5f80000)
  from space 512K, 100% used [0x00000000d6000000,0x00000000d6080000,0x00000000d6080000)
  to   space 1536K, 0% used [0x00000000d6100000,0x00000000d6100000,0x00000000d6280000)
 ParOldGen       total 190464K, used 190406K [0x0000000080000000, 0x000000008ba00000, 0x00000000d5580000)
  object space 190464K, 99% used [0x0000000080000000,0x000000008b9f1b50,0x000000008ba00000)
 Metaspace       used 68606K, committed 70080K, reserved 1114112K
  class space    used 8145K, committed 8768K, reserved 1048576K
}
Event: 38.915 GC heap before
{Heap before GC invocations=219 (full 3):
 PSYoungGen      total 10752K, used 10752K [0x00000000d5580000, 0x00000000d6280000, 0x0000000100000000)
  eden space 10240K, 100% used [0x00000000d5580000,0x00000000d5f80000,0x00000000d5f80000)
  from space 512K, 100% used [0x00000000d6000000,0x00000000d6080000,0x00000000d6080000)
  to   space 1536K, 0% used [0x00000000d6100000,0x00000000d6100000,0x00000000d6280000)
 ParOldGen       total 190464K, used 190406K [0x0000000080000000, 0x000000008ba00000, 0x00000000d5580000)
  object space 190464K, 99% used [0x0000000080000000,0x000000008b9f1b50,0x000000008ba00000)
 Metaspace       used 68606K, committed 70080K, reserved 1114112K
  class space    used 8145K, committed 8768K, reserved 1048576K
}
Event: 38.916 GC heap after
{Heap after GC invocations=219 (full 3):
 PSYoungGen      total 10752K, used 288K [0x00000000d5580000, 0x00000000d6180000, 0x0000000100000000)
  eden space 10240K, 0% used [0x00000000d5580000,0x00000000d5580000,0x00000000d5f80000)
  from space 512K, 56% used [0x00000000d6100000,0x00000000d6148000,0x00000000d6180000)
  to   space 1024K, 0% used [0x00000000d5f80000,0x00000000d5f80000,0x00000000d6080000)
 ParOldGen       total 190976K, used 190860K [0x0000000080000000, 0x000000008ba80000, 0x00000000d5580000)
  object space 190976K, 99% used [0x0000000080000000,0x000000008ba632f8,0x000000008ba80000)
 Metaspace       used 68606K, committed 70080K, reserved 1114112K
  class space    used 8145K, committed 8768K, reserved 1048576K
}
Event: 38.955 GC heap before
{Heap before GC invocations=220 (full 3):
 PSYoungGen      total 10752K, used 10528K [0x00000000d5580000, 0x00000000d6180000, 0x0000000100000000)
  eden space 10240K, 100% used [0x00000000d5580000,0x00000000d5f80000,0x00000000d5f80000)
  from space 512K, 56% used [0x00000000d6100000,0x00000000d6148000,0x00000000d6180000)
  to   space 1024K, 0% used [0x00000000d5f80000,0x00000000d5f80000,0x00000000d6080000)
 ParOldGen       total 190976K, used 190860K [0x0000000080000000, 0x000000008ba80000, 0x00000000d5580000)
  object space 190976K, 99% used [0x0000000080000000,0x000000008ba632f8,0x000000008ba80000)
 Metaspace       used 68614K, committed 70080K, reserved 1114112K
  class space    used 8145K, committed 8768K, reserved 1048576K
}
Event: 38.956 GC heap after
{Heap after GC invocations=220 (full 3):
 PSYoungGen      total 11264K, used 752K [0x00000000d5580000, 0x00000000d6180000, 0x0000000100000000)
  eden space 10240K, 0% used [0x00000000d5580000,0x00000000d5580000,0x00000000d5f80000)
  from space 1024K, 73% used [0x00000000d5f80000,0x00000000d603c1f8,0x00000000d6080000)
  to   space 1024K, 0% used [0x00000000d6080000,0x00000000d6080000,0x00000000d6180000)
 ParOldGen       total 191488K, used 191052K [0x0000000080000000, 0x000000008bb00000, 0x00000000d5580000)
  object space 191488K, 99% used [0x0000000080000000,0x000000008ba932f8,0x000000008bb00000)
 Metaspace       used 68614K, committed 70080K, reserved 1114112K
  class space    used 8145K, committed 8768K, reserved 1048576K
}
Event: 38.969 GC heap before
{Heap before GC invocations=221 (full 3):
 PSYoungGen      total 11264K, used 10992K [0x00000000d5580000, 0x00000000d6180000, 0x0000000100000000)
  eden space 10240K, 100% used [0x00000000d5580000,0x00000000d5f80000,0x00000000d5f80000)
  from space 1024K, 73% used [0x00000000d5f80000,0x00000000d603c1f8,0x00000000d6080000)
  to   space 1024K, 0% used [0x00000000d6080000,0x00000000d6080000,0x00000000d6180000)
 ParOldGen       total 191488K, used 191052K [0x0000000080000000, 0x000000008bb00000, 0x00000000d5580000)
  object space 191488K, 99% used [0x0000000080000000,0x000000008ba932f8,0x000000008bb00000)
 Metaspace       used 68614K, committed 70080K, reserved 1114112K
  class space    used 8145K, committed 8768K, reserved 1048576K
}

