# JRE version: OpenJDK Runtime Environment Temurin-21.0.10+7 (21.0.10+7) (build 21.0.10+7-LTS)
# Java VM: OpenJDK 64-Bit Server VM Temurin-21.0.10+7 (21.0.10+7-LTS, mixed mode, sharing, tiered, compressed oops, compressed class ptrs, parallel gc, windows-amd64)
GC Precious Log:
 CardTable entry size: 512
 CPUs: 15 total, 15 available
 Memory: 7911M
 Large Page Support: Disabled
 NUMA Support: Disabled
 Compressed Oops: Enabled (32-bit)
 Alignments: Space 512K, Generation 512K, Heap 2M
 Heap Min Capacity: 100M
 Heap Initial Capacity: 100M
 Heap Max Capacity: 2G
 Pre-touch: Disabled
 Parallel Workers: 12
Heap:
 PSYoungGen      total 13824K, used 13344K [0x00000000d5580000, 0x00000000d6480000, 0x0000000100000000)
  eden space 12800K, 100% used [0x00000000d5580000,0x00000000d6200000,0x00000000d6200000)
  from space 1024K, 53% used [0x00000000d6380000,0x00000000d6408000,0x00000000d6480000)
  to   space 1024K, 62% used [0x00000000d6280000,0x00000000d6320000,0x00000000d6380000)
 ParOldGen       total 114176K, used 114171K [0x0000000080000000, 0x0000000086f80000, 0x00000000d5580000)
  object space 114176K, 99% used [0x0000000080000000,0x0000000086f7ed80,0x0000000086f80000)
 Metaspace       used 66030K, committed 67456K, reserved 1114112K
  class space    used 7754K, committed 8384K, reserved 1048576K
GC Heap History (20 events):
Event: 20.698 GC heap before
{Heap before GC invocations=122 (full 3):
 PSYoungGen      total 13312K, used 13310K [0x00000000d5580000, 0x00000000d6500000, 0x0000000100000000)
  eden space 12800K, 100% used [0x00000000d5580000,0x00000000d6200000,0x00000000d6200000)
  from space 512K, 99% used [0x00000000d6480000,0x00000000d64ffb58,0x00000000d6500000)
  to   space 1024K, 0% used [0x00000000d6300000,0x00000000d6300000,0x00000000d6400000)
 ParOldGen       total 110592K, used 110515K [0x0000000080000000, 0x0000000086c00000, 0x00000000d5580000)
  object space 110592K, 99% used [0x0000000080000000,0x0000000086becf80,0x0000000086c00000)
 Metaspace       used 64713K, committed 66176K, reserved 1114112K
  class space    used 7558K, committed 8192K, reserved 1048576K
}
Event: 20.699 GC heap after
{Heap after GC invocations=122 (full 3):
 PSYoungGen      total 13824K, used 448K [0x00000000d5580000, 0x00000000d6500000, 0x0000000100000000)
  eden space 12800K, 0% used [0x00000000d5580000,0x00000000d5580000,0x00000000d6200000)
  from space 1024K, 43% used [0x00000000d6300000,0x00000000d6370000,0x00000000d6400000)
  to   space 512K, 0% used [0x00000000d6480000,0x00000000d6480000,0x00000000d6500000)
 ParOldGen       total 111104K, used 110675K [0x0000000080000000, 0x0000000086c80000, 0x00000000d5580000)
  object space 111104K, 99% used [0x0000000080000000,0x0000000086c14f80,0x0000000086c80000)
 Metaspace       used 64713K, committed 66176K, reserved 1114112K
  class space    used 7558K, committed 8192K, reserved 1048576K
}
Event: 23.753 GC heap before
{Heap before GC invocations=123 (full 3):
 PSYoungGen      total 13824K, used 13248K [0x00000000d5580000, 0x00000000d6500000, 0x0000000100000000)
  eden space 12800K, 100% used [0x00000000d5580000,0x00000000d6200000,0x00000000d6200000)
  from space 1024K, 43% used [0x00000000d6300000,0x00000000d6370000,0x00000000d6400000)
  to   space 512K, 0% used [0x00000000d6480000,0x00000000d6480000,0x00000000d6500000)
 ParOldGen       total 111104K, used 110675K [0x0000000080000000, 0x0000000086c80000, 0x00000000d5580000)
  object space 111104K, 99% used [0x0000000080000000,0x0000000086c14f80,0x0000000086c80000)
 Metaspace       used 64838K, committed 66304K, reserved 1114112K
  class space    used 7569K, committed 8192K, reserved 1048576K
}
Event: 23.754 GC heap after
{Heap after GC invocations=123 (full 3):
 PSYoungGen      total 13312K, used 486K [0x00000000d5580000, 0x00000000d6500000, 0x0000000100000000)
  eden space 12800K, 0% used [0x00000000d5580000,0x00000000d5580000,0x00000000d6200000)
  from space 512K, 95% used [0x00000000d6480000,0x00000000d64f9b90,0x00000000d6500000)
  to   space 1536K, 0% used [0x00000000d6200000,0x00000000d6200000,0x00000000d6380000)
 ParOldGen       total 111616K, used 111242K [0x0000000080000000, 0x0000000086d00000, 0x00000000d5580000)
  object space 111616K, 99% used [0x0000000080000000,0x0000000086ca2810,0x0000000086d00000)
 Metaspace       used 64838K, committed 66304K, reserved 1114112K
  class space    used 7569K, committed 8192K, reserved 1048576K
}
Event: 23.766 GC heap before
{Heap before GC invocations=124 (full 3):
 PSYoungGen      total 13312K, used 13286K [0x00000000d5580000, 0x00000000d6500000, 0x0000000100000000)
  eden space 12800K, 100% used [0x00000000d5580000,0x00000000d6200000,0x00000000d6200000)
  from space 512K, 95% used [0x00000000d6480000,0x00000000d64f9b90,0x00000000d6500000)
  to   space 1536K, 0% used [0x00000000d6200000,0x00000000d6200000,0x00000000d6380000)
 ParOldGen       total 111616K, used 111242K [0x0000000080000000, 0x0000000086d00000, 0x00000000d5580000)
  object space 111616K, 99% used [0x0000000080000000,0x0000000086ca2810,0x0000000086d00000)
 Metaspace       used 64953K, committed 66368K, reserved 1114112K
  class space    used 7587K, committed 8192K, reserved 1048576K
}
Event: 23.767 GC heap after
{Heap after GC invocations=124 (full 3):
 PSYoungGen      total 14336K, used 384K [0x00000000d5580000, 0x00000000d6500000, 0x0000000100000000)
  eden space 12800K, 0% used [0x00000000d5580000,0x00000000d5580000,0x00000000d6200000)
  from space 1536K, 25% used [0x00000000d6200000,0x00000000d6260000,0x00000000d6380000)
  to   space 1024K, 0% used [0x00000000d6400000,0x00000000d6400000,0x00000000d6500000)
 ParOldGen       total 111616K, used 111440K [0x0000000080000000, 0x0000000086d00000, 0x00000000d5580000)
  object space 111616K, 99% used [0x0000000080000000,0x0000000086cd4258,0x0000000086d00000)
 Metaspace       used 64953K, committed 66368K, reserved 1114112K
  class space    used 7587K, committed 8192K, reserved 1048576K
}
Event: 23.801 GC heap before
{Heap before GC invocations=125 (full 3):
 PSYoungGen      total 14336K, used 13184K [0x00000000d5580000, 0x00000000d6500000, 0x0000000100000000)
  eden space 12800K, 100% used [0x00000000d5580000,0x00000000d6200000,0x00000000d6200000)
  from space 1536K, 25% used [0x00000000d6200000,0x00000000d6260000,0x00000000d6380000)
  to   space 1024K, 0% used [0x00000000d6400000,0x00000000d6400000,0x00000000d6500000)
 ParOldGen       total 111616K, used 111440K [0x0000000080000000, 0x0000000086d00000, 0x00000000d5580000)
  object space 111616K, 99% used [0x0000000080000000,0x0000000086cd4258,0x0000000086d00000)
 Metaspace       used 65165K, committed 66624K, reserved 1114112K
  class space    used 7621K, committed 8256K, reserved 1048576K
}
Event: 23.804 GC heap after
{Heap after GC invocations=125 (full 3):
 PSYoungGen      total 13824K, used 602K [0x00000000d5580000, 0x00000000d6500000, 0x0000000100000000)
  eden space 12800K, 0% used [0x00000000d5580000,0x00000000d5580000,0x00000000d6200000)
  from space 1024K, 58% used [0x00000000d6400000,0x00000000d64969c8,0x00000000d6500000)
  to   space 1024K, 0% used [0x00000000d6300000,0x00000000d6300000,0x00000000d6400000)
 ParOldGen       total 112128K, used 111640K [0x0000000080000000, 0x0000000086d80000, 0x00000000d5580000)
  object space 112128K, 99% used [0x0000000080000000,0x0000000086d06258,0x0000000086d80000)
 Metaspace       used 65165K, committed 66624K, reserved 1114112K
  class space    used 7621K, committed 8256K, reserved 1048576K
}
Event: 23.825 GC heap before
{Heap before GC invocations=126 (full 3):
 PSYoungGen      total 13824K, used 13402K [0x00000000d5580000, 0x00000000d6500000, 0x0000000100000000)
  eden space 12800K, 100% used [0x00000000d5580000,0x00000000d6200000,0x00000000d6200000)
  from space 1024K, 58% used [0x00000000d6400000,0x00000000d64969c8,0x00000000d6500000)
  to   space 1024K, 0% used [0x00000000d6300000,0x00000000d6300000,0x00000000d6400000)
 ParOldGen       total 112128K, used 111640K [0x0000000080000000, 0x0000000086d80000, 0x00000000d5580000)
  object space 112128K, 99% used [0x0000000080000000,0x0000000086d06258,0x0000000086d80000)
 Metaspace       used 65353K, committed 66752K, reserved 1114112K
  class space    used 7656K, committed 8256K, reserved 1048576K
}
Event: 23.826 GC heap after
{Heap after GC invocations=126 (full 3):
 PSYoungGen      total 13824K, used 384K [0x00000000d5580000, 0x00000000d6480000, 0x0000000100000000)
  eden space 12800K, 0% used [0x00000000d5580000,0x00000000d5580000,0x00000000d6200000)
  from space 1024K, 37% used [0x00000000d6300000,0x00000000d6360000,0x00000000d6400000)
  to   space 512K, 0% used [0x00000000d6400000,0x00000000d6400000,0x00000000d6480000)
 ParOldGen       total 112128K, used 111941K [0x0000000080000000, 0x0000000086d80000, 0x00000000d5580000)
  object space 112128K, 99% used [0x0000000080000000,0x0000000086d516f0,0x0000000086d80000)
 Metaspace       used 65353K, committed 66752K, reserved 1114112K
  class space    used 7656K, committed 8256K, reserved 1048576K
}
Event: 23.862 GC heap before
{Heap before GC invocations=127 (full 3):
 PSYoungGen      total 13824K, used 13184K [0x00000000d5580000, 0x00000000d6480000, 0x0000000100000000)
  eden space 12800K, 100% used [0x00000000d5580000,0x00000000d6200000,0x00000000d6200000)
  from space 1024K, 37% used [0x00000000d6300000,0x00000000d6360000,0x00000000d6400000)
  to   space 512K, 0% used [0x00000000d6400000,0x00000000d6400000,0x00000000d6480000)
 ParOldGen       total 112128K, used 111941K [0x0000000080000000, 0x0000000086d80000, 0x00000000d5580000)
  object space 112128K, 99% used [0x0000000080000000,0x0000000086d516f0,0x0000000086d80000)
 Metaspace       used 65502K, committed 66944K, reserved 1114112K
  class space    used 7686K, committed 8320K, reserved 1048576K
}
Event: 23.865 GC heap after
{Heap after GC invocations=127 (full 3):
 PSYoungGen      total 13312K, used 448K [0x00000000d5580000, 0x00000000d6480000, 0x0000000100000000)
  eden space 12800K, 0% used [0x00000000d5580000,0x00000000d5580000,0x00000000d6200000)
  from space 512K, 87% used [0x00000000d6400000,0x00000000d6470278,0x00000000d6480000)
  to   space 512K, 0% used [0x00000000d6380000,0x00000000d6380000,0x00000000d6400000)
 ParOldGen       total 112128K, used 112029K [0x0000000080000000, 0x0000000086d80000, 0x00000000d5580000)
  object space 112128K, 99% used [0x0000000080000000,0x0000000086d676f0,0x0000000086d80000)
 Metaspace       used 65502K, committed 66944K, reserved 1114112K
  class space    used 7686K, committed 8320K, reserved 1048576K
}
Event: 23.889 GC heap before
{Heap before GC invocations=128 (full 3):
 PSYoungGen      total 13312K, used 12662K [0x00000000d5580000, 0x00000000d6480000, 0x0000000100000000)
  eden space 12800K, 95% used [0x00000000d5580000,0x00000000d616d690,0x00000000d6200000)
  from space 512K, 87% used [0x00000000d6400000,0x00000000d6470278,0x00000000d6480000)
  to   space 512K, 0% used [0x00000000d6380000,0x00000000d6380000,0x00000000d6400000)
 ParOldGen       total 112128K, used 112029K [0x0000000080000000, 0x0000000086d80000, 0x00000000d5580000)
  object space 112128K, 99% used [0x0000000080000000,0x0000000086d676f0,0x0000000086d80000)
 Metaspace       used 65641K, committed 67072K, reserved 1114112K
  class space    used 7709K, committed 8320K, reserved 1048576K
}
Event: 23.890 GC heap after
{Heap after GC invocations=128 (full 3):
 PSYoungGen      total 13312K, used 384K [0x00000000d5580000, 0x00000000d6480000, 0x0000000100000000)
  eden space 12800K, 0% used [0x00000000d5580000,0x00000000d5580000,0x00000000d6200000)
  from space 512K, 75% used [0x00000000d6380000,0x00000000d63e0000,0x00000000d6400000)
  to   space 512K, 0% used [0x00000000d6400000,0x00000000d6400000,0x00000000d6480000)
 ParOldGen       total 112640K, used 112213K [0x0000000080000000, 0x0000000086e00000, 0x00000000d5580000)
  object space 112640K, 99% used [0x0000000080000000,0x0000000086d95700,0x0000000086e00000)
 Metaspace       used 65641K, committed 67072K, reserved 1114112K
  class space    used 7709K, committed 8320K, reserved 1048576K
}
Event: 23.905 GC heap before
{Heap before GC invocations=129 (full 3):
 PSYoungGen      total 13312K, used 13184K [0x00000000d5580000, 0x00000000d6480000, 0x0000000100000000)
  eden space 12800K, 100% used [0x00000000d5580000,0x00000000d6200000,0x00000000d6200000)
  from space 512K, 75% used [0x00000000d6380000,0x00000000d63e0000,0x00000000d6400000)
  to   space 512K, 0% used [0x00000000d6400000,0x00000000d6400000,0x00000000d6480000)
 ParOldGen       total 112640K, used 112213K [0x0000000080000000, 0x0000000086e00000, 0x00000000d5580000)
  object space 112640K, 99% used [0x0000000080000000,0x0000000086d95700,0x0000000086e00000)
 Metaspace       used 65767K, committed 67136K, reserved 1114112K
  class space    used 7730K, committed 8320K, reserved 1048576K
}
Event: 23.906 GC heap after
{Heap after GC invocations=129 (full 3):
 PSYoungGen      total 13312K, used 485K [0x00000000d5580000, 0x00000000d6500000, 0x0000000100000000)
  eden space 12800K, 0% used [0x00000000d5580000,0x00000000d5580000,0x00000000d6200000)
  from space 512K, 94% used [0x00000000d6400000,0x00000000d6479620,0x00000000d6480000)
  to   space 1536K, 0% used [0x00000000d6200000,0x00000000d6200000,0x00000000d6380000)
 ParOldGen       total 113664K, used 113007K [0x0000000080000000, 0x0000000086f00000, 0x00000000d5580000)
  object space 113664K, 99% used [0x0000000080000000,0x0000000086e5bc10,0x0000000086f00000)
 Metaspace       used 65767K, committed 67136K, reserved 1114112K
  class space    used 7730K, committed 8320K, reserved 1048576K
}
Event: 23.920 GC heap before
{Heap before GC invocations=130 (full 3):
 PSYoungGen      total 13312K, used 13285K [0x00000000d5580000, 0x00000000d6500000, 0x0000000100000000)
  eden space 12800K, 100% used [0x00000000d5580000,0x00000000d6200000,0x00000000d6200000)
  from space 512K, 94% used [0x00000000d6400000,0x00000000d6479620,0x00000000d6480000)
  to   space 1536K, 0% used [0x00000000d6200000,0x00000000d6200000,0x00000000d6380000)
 ParOldGen       total 113664K, used 113007K [0x0000000080000000, 0x0000000086f00000, 0x00000000d5580000)
  object space 113664K, 99% used [0x0000000080000000,0x0000000086e5bc10,0x0000000086f00000)
 Metaspace       used 65821K, committed 67264K, reserved 1114112K
  class space    used 7738K, committed 8384K, reserved 1048576K
}
Event: 23.924 GC heap after
{Heap after GC invocations=130 (full 3):
 PSYoungGen      total 14336K, used 416K [0x00000000d5580000, 0x00000000d6480000, 0x0000000100000000)
  eden space 12800K, 0% used [0x00000000d5580000,0x00000000d5580000,0x00000000d6200000)
  from space 1536K, 27% used [0x00000000d6200000,0x00000000d6268000,0x00000000d6380000)
  to   space 1024K, 0% used [0x00000000d6380000,0x00000000d6380000,0x00000000d6480000)
 ParOldGen       total 113664K, used 113520K [0x0000000080000000, 0x0000000086f00000, 0x00000000d5580000)
  object space 113664K, 99% used [0x0000000080000000,0x0000000086edc0b0,0x0000000086f00000)
 Metaspace       used 65821K, committed 67264K, reserved 1114112K
  class space    used 7738K, committed 8384K, reserved 1048576K
}
Event: 23.941 GC heap before
{Heap before GC invocations=131 (full 3):
 PSYoungGen      total 14336K, used 13216K [0x00000000d5580000, 0x00000000d6480000, 0x0000000100000000)
  eden space 12800K, 100% used [0x00000000d5580000,0x00000000d6200000,0x00000000d6200000)
  from space 1536K, 27% used [0x00000000d6200000,0x00000000d6268000,0x00000000d6380000)
  to   space 1024K, 0% used [0x00000000d6380000,0x00000000d6380000,0x00000000d6480000)
 ParOldGen       total 113664K, used 113520K [0x0000000080000000, 0x0000000086f00000, 0x00000000d5580000)
  object space 113664K, 99% used [0x0000000080000000,0x0000000086edc0b0,0x0000000086f00000)
 Metaspace       used 65957K, committed 67456K, reserved 1114112K
  class space    used 7750K, committed 8384K, reserved 1048576K
}
Event: 23.942 GC heap after
{Heap after GC invocations=131 (full 3):
 PSYoungGen      total 13824K, used 544K [0x00000000d5580000, 0x00000000d6480000, 0x0000000100000000)
  eden space 12800K, 0% used [0x00000000d5580000,0x00000000d5580000,0x00000000d6200000)
  from space 1024K, 53% used [0x00000000d6380000,0x00000000d6408000,0x00000000d6480000)
  to   space 1024K, 0% used [0x00000000d6280000,0x00000000d6280000,0x00000000d6380000)
 ParOldGen       total 114176K, used 113760K [0x0000000080000000, 0x0000000086f80000, 0x00000000d5580000)
  object space 114176K, 99% used [0x0000000080000000,0x0000000086f180b0,0x0000000086f80000)
 Metaspace       used 65957K, committed 67456K, reserved 1114112K
  class space    used 7750K, committed 8384K, reserved 1048576K
}

