# JRE version: OpenJDK Runtime Environment Temurin-21.0.10+7 (21.0.10+7) (build 21.0.10+7-LTS)
# Java VM: OpenJDK 64-Bit Server VM Temurin-21.0.10+7 (21.0.10+7-LTS, mixed mode, sharing, tiered, compressed oops, compressed class ptrs, parallel gc, windows-amd64)
GC Precious Log:
 CardTable entry size: 512
 CPUs: 20 total, 20 available
 Memory: 7911M
 Large Page Support: Disabled
 NUMA Support: Disabled
 Compressed Oops: Enabled (32-bit)
 Alignments: Space 512K, Generation 512K, Heap 2M
 Heap Min Capacity: 100M
 Heap Initial Capacity: 100M
 Heap Max Capacity: 2G
 Pre-touch: Disabled
 Parallel Workers: 15
Heap:
 PSYoungGen      total 16384K, used 501K [0x00000000d5580000, 0x00000000d6800000, 0x0000000100000000)
  eden space 15872K, 0% used [0x00000000d5580000,0x00000000d5580000,0x00000000d6500000)
  from space 512K, 97% used [0x00000000d6780000,0x00000000d67fd618,0x00000000d6800000)
  to   space 1024K, 0% used [0x00000000d6600000,0x00000000d6600000,0x00000000d6700000)
 ParOldGen       total 102400K, used 77665K [0x0000000080000000, 0x0000000086400000, 0x00000000d5580000)
  object space 102400K, 75% used [0x0000000080000000,0x0000000084bd8428,0x0000000086400000)
 Metaspace       used 72444K, committed 73920K, reserved 1179648K
  class space    used 8410K, committed 9088K, reserved 1048576K
GC Heap History (20 events):
Event: 23.372 GC heap before
{Heap before GC invocations=124 (full 3):
 PSYoungGen      total 16384K, used 16352K [0x00000000d5580000, 0x00000000d6800000, 0x0000000100000000)
  eden space 15872K, 100% used [0x00000000d5580000,0x00000000d6500000,0x00000000d6500000)
  from space 512K, 93% used [0x00000000d6780000,0x00000000d67f8000,0x00000000d6800000)
  to   space 1536K, 0% used [0x00000000d6500000,0x00000000d6500000,0x00000000d6680000)
 ParOldGen       total 75776K, used 75378K [0x0000000080000000, 0x0000000084a00000, 0x00000000d5580000)
  object space 75776K, 99% used [0x0000000080000000,0x000000008499c830,0x0000000084a00000)
 Metaspace       used 66465K, committed 67840K, reserved 1114112K
  class space    used 7867K, committed 8512K, reserved 1048576K
}
Event: 23.373 GC heap after
{Heap after GC invocations=124 (full 3):
 PSYoungGen      total 17408K, used 416K [0x00000000d5580000, 0x00000000d6800000, 0x0000000100000000)
  eden space 15872K, 0% used [0x00000000d5580000,0x00000000d5580000,0x00000000d6500000)
  from space 1536K, 27% used [0x00000000d6500000,0x00000000d6568000,0x00000000d6680000)
  to   space 1024K, 0% used [0x00000000d6700000,0x00000000d6700000,0x00000000d6800000)
 ParOldGen       total 75776K, used 75522K [0x0000000080000000, 0x0000000084a00000, 0x00000000d5580000)
  object space 75776K, 99% used [0x0000000080000000,0x00000000849c0830,0x0000000084a00000)
 Metaspace       used 66465K, committed 67840K, reserved 1114112K
  class space    used 7867K, committed 8512K, reserved 1048576K
}
Event: 24.289 GC heap before
{Heap before GC invocations=125 (full 3):
 PSYoungGen      total 17408K, used 16288K [0x00000000d5580000, 0x00000000d6800000, 0x0000000100000000)
  eden space 15872K, 100% used [0x00000000d5580000,0x00000000d6500000,0x00000000d6500000)
  from space 1536K, 27% used [0x00000000d6500000,0x00000000d6568000,0x00000000d6680000)
  to   space 1024K, 0% used [0x00000000d6700000,0x00000000d6700000,0x00000000d6800000)
 ParOldGen       total 75776K, used 75522K [0x0000000080000000, 0x0000000084a00000, 0x00000000d5580000)
  object space 75776K, 99% used [0x0000000080000000,0x00000000849c0830,0x0000000084a00000)
 Metaspace       used 66465K, committed 67840K, reserved 1114112K
  class space    used 7867K, committed 8512K, reserved 1048576K
}
Event: 24.290 GC heap after
{Heap after GC invocations=125 (full 3):
 PSYoungGen      total 16384K, used 288K [0x00000000d5580000, 0x00000000d6780000, 0x0000000100000000)
  eden space 15872K, 0% used [0x00000000d5580000,0x00000000d5580000,0x00000000d6500000)
  from space 512K, 56% used [0x00000000d6700000,0x00000000d6748000,0x00000000d6780000)
  to   space 512K, 0% used [0x00000000d6680000,0x00000000d6680000,0x00000000d6700000)
 ParOldGen       total 75776K, used 75642K [0x0000000080000000, 0x0000000084a00000, 0x00000000d5580000)
  object space 75776K, 99% used [0x0000000080000000,0x00000000849de830,0x0000000084a00000)
 Metaspace       used 66465K, committed 67840K, reserved 1114112K
  class space    used 7867K, committed 8512K, reserved 1048576K
}
Event: 24.546 GC heap before
{Heap before GC invocations=126 (full 3):
 PSYoungGen      total 16384K, used 16160K [0x00000000d5580000, 0x00000000d6780000, 0x0000000100000000)
  eden space 15872K, 100% used [0x00000000d5580000,0x00000000d6500000,0x00000000d6500000)
  from space 512K, 56% used [0x00000000d6700000,0x00000000d6748000,0x00000000d6780000)
  to   space 512K, 0% used [0x00000000d6680000,0x00000000d6680000,0x00000000d6700000)
 ParOldGen       total 75776K, used 75642K [0x0000000080000000, 0x0000000084a00000, 0x00000000d5580000)
  object space 75776K, 99% used [0x0000000080000000,0x00000000849de830,0x0000000084a00000)
 Metaspace       used 66471K, committed 67840K, reserved 1114112K
  class space    used 7867K, committed 8512K, reserved 1048576K
}
Event: 25.551 GC heap after
{Heap after GC invocations=126 (full 3):
 PSYoungGen      total 16384K, used 512K [0x00000000d5580000, 0x00000000d6d00000, 0x0000000100000000)
  eden space 15872K, 0% used [0x00000000d5580000,0x00000000d5580000,0x00000000d6500000)
  from space 512K, 100% used [0x00000000d6680000,0x00000000d6700000,0x00000000d6700000)
  to   space 4096K, 0% used [0x00000000d6900000,0x00000000d6900000,0x00000000d6d00000)
 ParOldGen       total 78336K, used 78314K [0x0000000080000000, 0x0000000084c80000, 0x00000000d5580000)
  object space 78336K, 99% used [0x0000000080000000,0x0000000084c7a830,0x0000000084c80000)
 Metaspace       used 66471K, committed 67840K, reserved 1114112K
  class space    used 7867K, committed 8512K, reserved 1048576K
}
Event: 28.835 GC heap before
{Heap before GC invocations=127 (full 3):
 PSYoungGen      total 16384K, used 16384K [0x00000000d5580000, 0x00000000d6d00000, 0x0000000100000000)
  eden space 15872K, 100% used [0x00000000d5580000,0x00000000d6500000,0x00000000d6500000)
  from space 512K, 100% used [0x00000000d6680000,0x00000000d6700000,0x00000000d6700000)
  to   space 4096K, 0% used [0x00000000d6900000,0x00000000d6900000,0x00000000d6d00000)
 ParOldGen       total 78336K, used 78314K [0x0000000080000000, 0x0000000084c80000, 0x00000000d5580000)
  object space 78336K, 99% used [0x0000000080000000,0x0000000084c7a830,0x0000000084c80000)
 Metaspace       used 67700K, committed 69120K, reserved 1114112K
  class space    used 7966K, committed 8640K, reserved 1048576K
}
Event: 33.878 GC heap after
{Heap after GC invocations=127 (full 3):
 PSYoungGen      total 16384K, used 16384K [0x00000000d5580000, 0x00000000d6d00000, 0x0000000100000000)
  eden space 15872K, 100% used [0x00000000d5580000,0x00000000d6500000,0x00000000d6500000)
  from space 512K, 100% used [0x00000000d6680000,0x00000000d6700000,0x00000000d6700000)
  to   space 4096K, 94% used [0x00000000d6900000,0x00000000d6cc5d98,0x00000000d6d00000)
 ParOldGen       total 78848K, used 78442K [0x0000000080000000, 0x0000000084d00000, 0x00000000d5580000)
  object space 78848K, 99% used [0x0000000080000000,0x0000000084c9a830,0x0000000084d00000)
 Metaspace       used 67700K, committed 69120K, reserved 1114112K
  class space    used 7966K, committed 8640K, reserved 1048576K
}
Event: 33.879 GC heap before
{Heap before GC invocations=128 (full 4):
 PSYoungGen      total 16384K, used 16384K [0x00000000d5580000, 0x00000000d6d00000, 0x0000000100000000)
  eden space 15872K, 100% used [0x00000000d5580000,0x00000000d6500000,0x00000000d6500000)
  from space 512K, 100% used [0x00000000d6680000,0x00000000d6700000,0x00000000d6700000)
  to   space 4096K, 94% used [0x00000000d6900000,0x00000000d6cc5d98,0x00000000d6d00000)
 ParOldGen       total 78848K, used 78442K [0x0000000080000000, 0x0000000084d00000, 0x00000000d5580000)
  object space 78848K, 99% used [0x0000000080000000,0x0000000084c9a830,0x0000000084d00000)
 Metaspace       used 67700K, committed 69120K, reserved 1114112K
  class space    used 7966K, committed 8640K, reserved 1048576K
}
Event: 35.125 GC heap after
{Heap after GC invocations=128 (full 4):
 PSYoungGen      total 19968K, used 0K [0x00000000d5580000, 0x00000000d6d00000, 0x0000000100000000)
  eden space 15872K, 0% used [0x00000000d5580000,0x00000000d5580000,0x00000000d6500000)
  from space 4096K, 0% used [0x00000000d6900000,0x00000000d6900000,0x00000000d6d00000)
  to   space 4096K, 0% used [0x00000000d6500000,0x00000000d6500000,0x00000000d6900000)
 ParOldGen       total 102400K, used 73818K [0x0000000080000000, 0x0000000086400000, 0x00000000d5580000)
  object space 102400K, 72% used [0x0000000080000000,0x0000000084816918,0x0000000086400000)
 Metaspace       used 67700K, committed 69120K, reserved 1114112K
  class space    used 7966K, committed 8640K, reserved 1048576K
}
Event: 35.772 GC heap before
{Heap before GC invocations=129 (full 4):
 PSYoungGen      total 19968K, used 15859K [0x00000000d5580000, 0x00000000d6d00000, 0x0000000100000000)
  eden space 15872K, 99% used [0x00000000d5580000,0x00000000d64fcfa8,0x00000000d6500000)
  from space 4096K, 0% used [0x00000000d6900000,0x00000000d6900000,0x00000000d6d00000)
  to   space 4096K, 0% used [0x00000000d6500000,0x00000000d6500000,0x00000000d6900000)
 ParOldGen       total 102400K, used 73818K [0x0000000080000000, 0x0000000086400000, 0x00000000d5580000)
  object space 102400K, 72% used [0x0000000080000000,0x0000000084816918,0x0000000086400000)
 Metaspace       used 68829K, committed 70208K, reserved 1114112K
  class space    used 8051K, committed 8704K, reserved 1048576K
}
Event: 35.774 GC heap after
{Heap after GC invocations=129 (full 4):
 PSYoungGen      total 16896K, used 1024K [0x00000000d5580000, 0x00000000d6980000, 0x0000000100000000)
  eden space 15872K, 0% used [0x00000000d5580000,0x00000000d5580000,0x00000000d6500000)
  from space 1024K, 100% used [0x00000000d6500000,0x00000000d6600000,0x00000000d6600000)
  to   space 2048K, 0% used [0x00000000d6780000,0x00000000d6780000,0x00000000d6980000)
 ParOldGen       total 102400K, used 73826K [0x0000000080000000, 0x0000000086400000, 0x00000000d5580000)
  object space 102400K, 72% used [0x0000000080000000,0x0000000084818918,0x0000000086400000)
 Metaspace       used 68829K, committed 70208K, reserved 1114112K
  class space    used 8051K, committed 8704K, reserved 1048576K
}
Event: 36.217 GC heap before
{Heap before GC invocations=130 (full 4):
 PSYoungGen      total 16896K, used 16896K [0x00000000d5580000, 0x00000000d6980000, 0x0000000100000000)
  eden space 15872K, 100% used [0x00000000d5580000,0x00000000d6500000,0x00000000d6500000)
  from space 1024K, 100% used [0x00000000d6500000,0x00000000d6600000,0x00000000d6600000)
  to   space 2048K, 0% used [0x00000000d6780000,0x00000000d6780000,0x00000000d6980000)
 ParOldGen       total 102400K, used 73826K [0x0000000080000000, 0x0000000086400000, 0x00000000d5580000)
  object space 102400K, 72% used [0x0000000080000000,0x0000000084818918,0x0000000086400000)
 Metaspace       used 69510K, committed 70912K, reserved 1114112K
  class space    used 8138K, committed 8768K, reserved 1048576K
}
Event: 36.219 GC heap after
{Heap after GC invocations=130 (full 4):
 PSYoungGen      total 16384K, used 512K [0x00000000d5580000, 0x00000000d6800000, 0x0000000100000000)
  eden space 15872K, 0% used [0x00000000d5580000,0x00000000d5580000,0x00000000d6500000)
  from space 512K, 100% used [0x00000000d6780000,0x00000000d6800000,0x00000000d6800000)
  to   space 1024K, 0% used [0x00000000d6600000,0x00000000d6600000,0x00000000d6700000)
 ParOldGen       total 102400K, used 74718K [0x0000000080000000, 0x0000000086400000, 0x00000000d5580000)
  object space 102400K, 72% used [0x0000000080000000,0x00000000848f7948,0x0000000086400000)
 Metaspace       used 69510K, committed 70912K, reserved 1114112K
  class space    used 8138K, committed 8768K, reserved 1048576K
}
Event: 36.493 GC heap before
{Heap before GC invocations=131 (full 4):
 PSYoungGen      total 16384K, used 16384K [0x00000000d5580000, 0x00000000d6800000, 0x0000000100000000)
  eden space 15872K, 100% used [0x00000000d5580000,0x00000000d6500000,0x00000000d6500000)
  from space 512K, 100% used [0x00000000d6780000,0x00000000d6800000,0x00000000d6800000)
  to   space 1024K, 0% used [0x00000000d6600000,0x00000000d6600000,0x00000000d6700000)
 ParOldGen       total 102400K, used 74718K [0x0000000080000000, 0x0000000086400000, 0x00000000d5580000)
  object space 102400K, 72% used [0x0000000080000000,0x00000000848f7948,0x0000000086400000)
 Metaspace       used 70280K, committed 71616K, reserved 1114112K
  class space    used 8217K, committed 8832K, reserved 1048576K
}
Event: 38.511 GC heap after
{Heap after GC invocations=131 (full 4):
 PSYoungGen      total 16896K, used 1020K [0x00000000d5580000, 0x00000000d6800000, 0x0000000100000000)
  eden space 15872K, 0% used [0x00000000d5580000,0x00000000d5580000,0x00000000d6500000)
  from space 1024K, 99% used [0x00000000d6600000,0x00000000d66ff168,0x00000000d6700000)
  to   space 512K, 0% used [0x00000000d6780000,0x00000000d6780000,0x00000000d6800000)
 ParOldGen       total 102400K, used 75371K [0x0000000080000000, 0x0000000086400000, 0x00000000d5580000)
  object space 102400K, 73% used [0x0000000080000000,0x000000008499af98,0x0000000086400000)
 Metaspace       used 70280K, committed 71616K, reserved 1114112K
  class space    used 8217K, committed 8832K, reserved 1048576K
}
Event: 38.706 GC heap before
{Heap before GC invocations=132 (full 4):
 PSYoungGen      total 16896K, used 16868K [0x00000000d5580000, 0x00000000d6800000, 0x0000000100000000)
  eden space 15872K, 99% used [0x00000000d5580000,0x00000000d64fa1f0,0x00000000d6500000)
  from space 1024K, 99% used [0x00000000d6600000,0x00000000d66ff168,0x00000000d6700000)
  to   space 512K, 0% used [0x00000000d6780000,0x00000000d6780000,0x00000000d6800000)
 ParOldGen       total 102400K, used 75371K [0x0000000080000000, 0x0000000086400000, 0x00000000d5580000)
  object space 102400K, 73% used [0x0000000080000000,0x000000008499af98,0x0000000086400000)
 Metaspace       used 70292K, committed 71616K, reserved 1114112K
  class space    used 8217K, committed 8832K, reserved 1048576K
}
Event: 38.707 GC heap after
{Heap after GC invocations=132 (full 4):
 PSYoungGen      total 16384K, used 480K [0x00000000d5580000, 0x00000000d6800000, 0x0000000100000000)
  eden space 15872K, 0% used [0x00000000d5580000,0x00000000d5580000,0x00000000d6500000)
  from space 512K, 93% used [0x00000000d6780000,0x00000000d67f8360,0x00000000d6800000)
  to   space 1024K, 0% used [0x00000000d6600000,0x00000000d6600000,0x00000000d6700000)
 ParOldGen       total 102400K, used 75762K [0x0000000080000000, 0x0000000086400000, 0x00000000d5580000)
  object space 102400K, 73% used [0x0000000080000000,0x00000000849fcac0,0x0000000086400000)
 Metaspace       used 70292K, committed 71616K, reserved 1114112K
  class space    used 8217K, committed 8832K, reserved 1048576K
}
Event: 38.778 GC heap before
{Heap before GC invocations=133 (full 4):
 PSYoungGen      total 16384K, used 16352K [0x00000000d5580000, 0x00000000d6800000, 0x0000000100000000)
  eden space 15872K, 100% used [0x00000000d5580000,0x00000000d6500000,0x00000000d6500000)
  from space 512K, 93% used [0x00000000d6780000,0x00000000d67f8360,0x00000000d6800000)
  to   space 1024K, 0% used [0x00000000d6600000,0x00000000d6600000,0x00000000d6700000)
 ParOldGen       total 102400K, used 75762K [0x0000000080000000, 0x0000000086400000, 0x00000000d5580000)
  object space 102400K, 73% used [0x0000000080000000,0x00000000849fcac0,0x0000000086400000)
 Metaspace       used 70507K, committed 71936K, reserved 1114112K
  class space    used 8224K, committed 8896K, reserved 1048576K
}
Event: 38.779 GC heap after
{Heap after GC invocations=133 (full 4):
 PSYoungGen      total 16896K, used 256K [0x00000000d5580000, 0x00000000d6800000, 0x0000000100000000)
  eden space 15872K, 0% used [0x00000000d5580000,0x00000000d5580000,0x00000000d6500000)
  from space 1024K, 25% used [0x00000000d6600000,0x00000000d6640000,0x00000000d6700000)
  to   space 512K, 0% used [0x00000000d6780000,0x00000000d6780000,0x00000000d6800000)
 ParOldGen       total 102400K, used 75866K [0x0000000080000000, 0x0000000086400000, 0x00000000d5580000)
  object space 102400K, 74% used [0x0000000080000000,0x0000000084a16ac0,0x0000000086400000)
 Metaspace       used 70507K, committed 71936K, reserved 1114112K
  class space    used 8224K, committed 8896K, reserved 1048576K
}

